---------------------------------------------------------------
[ 2020-10-06T22:14:42+08:00 ] 106.12.223.201 GET www.58hongtu.com/
[运行时间：0.027440s] [吞吐率：36.44req/s] [内存消耗：2,992.59kb] [文件加载：126]
[ info ] [ BEHAVIOR ] Run Closure @app_init [ RunTime:0.000022s ]
[ info ] [ CACHE ] INIT File
[ info ] [ BEHAVIOR ] Run \addons\epay\Epay @app_init [ RunTime:0.001952s ]
[ info ] [ BEHAVIOR ] Run Closure @app_init [ RunTime:0.001970s ]
[ info ] [ LANG ] /www/wwwroot/www.58hongtu.com/htmove/thinkphp/lang/zh-cn.php
[ info ] [ BEHAVIOR ] Run app\common\behavior\Common @app_dispatch [ RunTime:0.000172s ]
[ info ] [ ROUTE ] array (
  'type' => 'module',
  'module' => 
  array (
    0 => '',
    1 => NULL,
    2 => NULL,
  ),
)
[ info ] [ HEADER ] array (
  'user-agent' => 'Mozilla/5.0 (Macintosh; Intel Mac OS X 10.14; rv:67.0) Gecko/20100101 Firefox/67.0',
  'accept' => '*/*',
  'accept-encoding' => 'gzip, deflate',
  'connection' => 'close',
  'host' => 'www.58hongtu.com',
  'content-length' => '',
  'content-type' => '',
)
[ info ] [ PARAM ] array (
)
[ info ] [ LANG ] /www/wwwroot/www.58hongtu.com/htmove/public/../application/index/lang/zh-cn.php
[ info ] [ BEHAVIOR ] Run app\common\behavior\Common @module_init [ RunTime:0.001161s ]
[ info ] [ LANG ] /www/wwwroot/www.58hongtu.com/htmove/public/../application/index/lang/zh-cn/index.php
[ info ] [ RUN ] app\index\controller\Index->index[ /www/wwwroot/www.58hongtu.com/htmove/application/index/controller/Index.php ]
[ info ] [ VIEW ] /www/wwwroot/www.58hongtu.com/htmove/public/../application/index/view/index/index.html [ array (
  0 => 'user',
  1 => 'site',
  2 => 'config',
) ]
[ info ] [ LOG ] INIT File
---------------------------------------------------------------
[ 2020-10-06T22:17:29+08:00 ] 106.12.223.203 GET www.58hongtu.com/
[运行时间：0.028946s] [吞吐率：34.55req/s] [内存消耗：2,992.72kb] [文件加载：126]
[ info ] [ BEHAVIOR ] Run Closure @app_init [ RunTime:0.000022s ]
[ info ] [ CACHE ] INIT File
[ info ] [ BEHAVIOR ] Run \addons\epay\Epay @app_init [ RunTime:0.001963s ]
[ info ] [ BEHAVIOR ] Run Closure @app_init [ RunTime:0.001983s ]
[ info ] [ LANG ] /www/wwwroot/www.58hongtu.com/htmove/thinkphp/lang/zh-cn.php
[ info ] [ BEHAVIOR ] Run app\common\behavior\Common @app_dispatch [ RunTime:0.000202s ]
[ info ] [ ROUTE ] array (
  'type' => 'module',
  'module' => 
  array (
    0 => '',
    1 => NULL,
    2 => NULL,
  ),
)
[ info ] [ HEADER ] array (
  'user-agent' => 'Mozilla/5.0 (Macintosh; Intel Mac OS X 10.14; rv:67.0) Gecko/20100101 Firefox/67.0',
  'accept' => '*/*',
  'accept-encoding' => 'gzip, deflate',
  'connection' => 'close',
  'host' => 'www.58hongtu.com',
  'content-length' => '',
  'content-type' => '',
)
[ info ] [ PARAM ] array (
)
[ info ] [ LANG ] /www/wwwroot/www.58hongtu.com/htmove/public/../application/index/lang/zh-cn.php
[ info ] [ BEHAVIOR ] Run app\common\behavior\Common @module_init [ RunTime:0.001201s ]
[ info ] [ LANG ] /www/wwwroot/www.58hongtu.com/htmove/public/../application/index/lang/zh-cn/index.php
[ info ] [ RUN ] app\index\controller\Index->index[ /www/wwwroot/www.58hongtu.com/htmove/application/index/controller/Index.php ]
[ info ] [ VIEW ] /www/wwwroot/www.58hongtu.com/htmove/public/../application/index/view/index/index.html [ array (
  0 => 'user',
  1 => 'site',
  2 => 'config',
) ]
[ info ] [ LOG ] INIT File
---------------------------------------------------------------
[ 2020-10-06T22:17:30+08:00 ] 106.12.223.202 GET www.58hongtu.com/
[运行时间：0.027828s] [吞吐率：35.94req/s] [内存消耗：2,992.72kb] [文件加载：126]
[ info ] [ BEHAVIOR ] Run Closure @app_init [ RunTime:0.000023s ]
[ info ] [ CACHE ] INIT File
[ info ] [ BEHAVIOR ] Run \addons\epay\Epay @app_init [ RunTime:0.001958s ]
[ info ] [ BEHAVIOR ] Run Closure @app_init [ RunTime:0.001977s ]
[ info ] [ LANG ] /www/wwwroot/www.58hongtu.com/htmove/thinkphp/lang/zh-cn.php
[ info ] [ BEHAVIOR ] Run app\common\behavior\Common @app_dispatch [ RunTime:0.000175s ]
[ info ] [ ROUTE ] array (
  'type' => 'module',
  'module' => 
  array (
    0 => '',
    1 => NULL,
    2 => NULL,
  ),
)
[ info ] [ HEADER ] array (
  'user-agent' => 'Mozilla/5.0 (Macintosh; Intel Mac OS X 10.14; rv:67.0) Gecko/20100101 Firefox/67.0',
  'accept' => '*/*',
  'accept-encoding' => 'gzip, deflate',
  'connection' => 'close',
  'host' => 'www.58hongtu.com',
  'content-length' => '',
  'content-type' => '',
)
[ info ] [ PARAM ] array (
)
[ info ] [ LANG ] /www/wwwroot/www.58hongtu.com/htmove/public/../application/index/lang/zh-cn.php
[ info ] [ BEHAVIOR ] Run app\common\behavior\Common @module_init [ RunTime:0.001151s ]
[ info ] [ LANG ] /www/wwwroot/www.58hongtu.com/htmove/public/../application/index/lang/zh-cn/index.php
[ info ] [ RUN ] app\index\controller\Index->index[ /www/wwwroot/www.58hongtu.com/htmove/application/index/controller/Index.php ]
[ info ] [ VIEW ] /www/wwwroot/www.58hongtu.com/htmove/public/../application/index/view/index/index.html [ array (
  0 => 'user',
  1 => 'site',
  2 => 'config',
) ]
[ info ] [ LOG ] INIT File
---------------------------------------------------------------
[ 2020-10-06T22:29:45+08:00 ] 106.12.223.202 GET www.58hongtu.com/
[运行时间：0.029192s] [吞吐率：34.26req/s] [内存消耗：2,992.66kb] [文件加载：126]
[ info ] [ BEHAVIOR ] Run Closure @app_init [ RunTime:0.000022s ]
[ info ] [ CACHE ] INIT File
[ info ] [ BEHAVIOR ] Run \addons\epay\Epay @app_init [ RunTime:0.002065s ]
[ info ] [ BEHAVIOR ] Run Closure @app_init [ RunTime:0.002083s ]
[ info ] [ LANG ] /www/wwwroot/www.58hongtu.com/htmove/thinkphp/lang/zh-cn.php
[ info ] [ BEHAVIOR ] Run app\common\behavior\Common @app_dispatch [ RunTime:0.000186s ]
[ info ] [ ROUTE ] array (
  'type' => 'module',
  'module' => 
  array (
    0 => '',
    1 => NULL,
    2 => NULL,
  ),
)
[ info ] [ HEADER ] array (
  'user-agent' => 'Mozilla/5.0 (Macintosh; Intel Mac OS X 10.14; rv:67.0) Gecko/20100101 Firefox/67.0',
  'accept' => '*/*',
  'accept-encoding' => 'gzip, deflate',
  'connection' => 'close',
  'host' => 'www.58hongtu.com',
  'content-length' => '',
  'content-type' => '',
)
[ info ] [ PARAM ] array (
)
[ info ] [ LANG ] /www/wwwroot/www.58hongtu.com/htmove/public/../application/index/lang/zh-cn.php
[ info ] [ BEHAVIOR ] Run app\common\behavior\Common @module_init [ RunTime:0.001713s ]
[ info ] [ LANG ] /www/wwwroot/www.58hongtu.com/htmove/public/../application/index/lang/zh-cn/index.php
[ info ] [ RUN ] app\index\controller\Index->index[ /www/wwwroot/www.58hongtu.com/htmove/application/index/controller/Index.php ]
[ info ] [ VIEW ] /www/wwwroot/www.58hongtu.com/htmove/public/../application/index/view/index/index.html [ array (
  0 => 'user',
  1 => 'site',
  2 => 'config',
) ]
[ info ] [ LOG ] INIT File
---------------------------------------------------------------
[ 2020-10-06T22:29:46+08:00 ] 106.12.223.204 GET www.58hongtu.com/
[运行时间：0.027251s] [吞吐率：36.70req/s] [内存消耗：2,992.66kb] [文件加载：126]
[ info ] [ BEHAVIOR ] Run Closure @app_init [ RunTime:0.000022s ]
[ info ] [ CACHE ] INIT File
[ info ] [ BEHAVIOR ] Run \addons\epay\Epay @app_init [ RunTime:0.001957s ]
[ info ] [ BEHAVIOR ] Run Closure @app_init [ RunTime:0.001976s ]
[ info ] [ LANG ] /www/wwwroot/www.58hongtu.com/htmove/thinkphp/lang/zh-cn.php
[ info ] [ BEHAVIOR ] Run app\common\behavior\Common @app_dispatch [ RunTime:0.000174s ]
[ info ] [ ROUTE ] array (
  'type' => 'module',
  'module' => 
  array (
    0 => '',
    1 => NULL,
    2 => NULL,
  ),
)
[ info ] [ HEADER ] array (
  'user-agent' => 'Mozilla/5.0 (Macintosh; Intel Mac OS X 10.14; rv:67.0) Gecko/20100101 Firefox/67.0',
  'accept' => '*/*',
  'accept-encoding' => 'gzip, deflate',
  'connection' => 'close',
  'host' => 'www.58hongtu.com',
  'content-length' => '',
  'content-type' => '',
)
[ info ] [ PARAM ] array (
)
[ info ] [ LANG ] /www/wwwroot/www.58hongtu.com/htmove/public/../application/index/lang/zh-cn.php
[ info ] [ BEHAVIOR ] Run app\common\behavior\Common @module_init [ RunTime:0.001204s ]
[ info ] [ LANG ] /www/wwwroot/www.58hongtu.com/htmove/public/../application/index/lang/zh-cn/index.php
[ info ] [ RUN ] app\index\controller\Index->index[ /www/wwwroot/www.58hongtu.com/htmove/application/index/controller/Index.php ]
[ info ] [ VIEW ] /www/wwwroot/www.58hongtu.com/htmove/public/../application/index/view/index/index.html [ array (
  0 => 'user',
  1 => 'site',
  2 => 'config',
) ]
[ info ] [ LOG ] INIT File
---------------------------------------------------------------
[ 2020-10-06T22:32:37+08:00 ] 106.12.223.200 GET www.58hongtu.com/
[运行时间：0.027369s] [吞吐率：36.54req/s] [内存消耗：2,992.72kb] [文件加载：126]
[ info ] [ BEHAVIOR ] Run Closure @app_init [ RunTime:0.000022s ]
[ info ] [ CACHE ] INIT File
[ info ] [ BEHAVIOR ] Run \addons\epay\Epay @app_init [ RunTime:0.001967s ]
[ info ] [ BEHAVIOR ] Run Closure @app_init [ RunTime:0.001983s ]
[ info ] [ LANG ] /www/wwwroot/www.58hongtu.com/htmove/thinkphp/lang/zh-cn.php
[ info ] [ BEHAVIOR ] Run app\common\behavior\Common @app_dispatch [ RunTime:0.000181s ]
[ info ] [ ROUTE ] array (
  'type' => 'module',
  'module' => 
  array (
    0 => '',
    1 => NULL,
    2 => NULL,
  ),
)
[ info ] [ HEADER ] array (
  'user-agent' => 'Mozilla/5.0 (Macintosh; Intel Mac OS X 10.14; rv:67.0) Gecko/20100101 Firefox/67.0',
  'accept' => '*/*',
  'accept-encoding' => 'gzip, deflate',
  'connection' => 'close',
  'host' => 'www.58hongtu.com',
  'content-length' => '',
  'content-type' => '',
)
[ info ] [ PARAM ] array (
)
[ info ] [ LANG ] /www/wwwroot/www.58hongtu.com/htmove/public/../application/index/lang/zh-cn.php
[ info ] [ BEHAVIOR ] Run app\common\behavior\Common @module_init [ RunTime:0.001163s ]
[ info ] [ LANG ] /www/wwwroot/www.58hongtu.com/htmove/public/../application/index/lang/zh-cn/index.php
[ info ] [ RUN ] app\index\controller\Index->index[ /www/wwwroot/www.58hongtu.com/htmove/application/index/controller/Index.php ]
[ info ] [ VIEW ] /www/wwwroot/www.58hongtu.com/htmove/public/../application/index/view/index/index.html [ array (
  0 => 'user',
  1 => 'site',
  2 => 'config',
) ]
[ info ] [ LOG ] INIT File
---------------------------------------------------------------
[ 2020-10-06T22:32:39+08:00 ] 106.12.223.200 GET www.58hongtu.com/
[运行时间：0.027517s] [吞吐率：36.34req/s] [内存消耗：2,992.72kb] [文件加载：126]
[ info ] [ BEHAVIOR ] Run Closure @app_init [ RunTime:0.000022s ]
[ info ] [ CACHE ] INIT File
[ info ] [ BEHAVIOR ] Run \addons\epay\Epay @app_init [ RunTime:0.001918s ]
[ info ] [ BEHAVIOR ] Run Closure @app_init [ RunTime:0.001950s ]
[ info ] [ LANG ] /www/wwwroot/www.58hongtu.com/htmove/thinkphp/lang/zh-cn.php
[ info ] [ BEHAVIOR ] Run app\common\behavior\Common @app_dispatch [ RunTime:0.000171s ]
[ info ] [ ROUTE ] array (
  'type' => 'module',
  'module' => 
  array (
    0 => '',
    1 => NULL,
    2 => NULL,
  ),
)
[ info ] [ HEADER ] array (
  'user-agent' => 'Mozilla/5.0 (Macintosh; Intel Mac OS X 10.14; rv:67.0) Gecko/20100101 Firefox/67.0',
  'accept' => '*/*',
  'accept-encoding' => 'gzip, deflate',
  'connection' => 'close',
  'host' => 'www.58hongtu.com',
  'content-length' => '',
  'content-type' => '',
)
[ info ] [ PARAM ] array (
)
[ info ] [ LANG ] /www/wwwroot/www.58hongtu.com/htmove/public/../application/index/lang/zh-cn.php
[ info ] [ BEHAVIOR ] Run app\common\behavior\Common @module_init [ RunTime:0.001350s ]
[ info ] [ LANG ] /www/wwwroot/www.58hongtu.com/htmove/public/../application/index/lang/zh-cn/index.php
[ info ] [ RUN ] app\index\controller\Index->index[ /www/wwwroot/www.58hongtu.com/htmove/application/index/controller/Index.php ]
[ info ] [ VIEW ] /www/wwwroot/www.58hongtu.com/htmove/public/../application/index/view/index/index.html [ array (
  0 => 'user',
  1 => 'site',
  2 => 'config',
) ]
[ info ] [ LOG ] INIT File
---------------------------------------------------------------
[ 2020-10-06T22:45:54+08:00 ] 106.12.223.203 GET www.58hongtu.com/
[运行时间：0.027799s] [吞吐率：35.97req/s] [内存消耗：2,992.66kb] [文件加载：126]
[ info ] [ BEHAVIOR ] Run Closure @app_init [ RunTime:0.000024s ]
[ info ] [ CACHE ] INIT File
[ info ] [ BEHAVIOR ] Run \addons\epay\Epay @app_init [ RunTime:0.002001s ]
[ info ] [ BEHAVIOR ] Run Closure @app_init [ RunTime:0.002024s ]
[ info ] [ LANG ] /www/wwwroot/www.58hongtu.com/htmove/thinkphp/lang/zh-cn.php
[ info ] [ BEHAVIOR ] Run app\common\behavior\Common @app_dispatch [ RunTime:0.000194s ]
[ info ] [ ROUTE ] array (
  'type' => 'module',
  'module' => 
  array (
    0 => '',
    1 => NULL,
    2 => NULL,
  ),
)
[ info ] [ HEADER ] array (
  'user-agent' => 'Mozilla/5.0 (Macintosh; Intel Mac OS X 10.14; rv:67.0) Gecko/20100101 Firefox/67.0',
  'accept' => '*/*',
  'accept-encoding' => 'gzip, deflate',
  'connection' => 'close',
  'host' => 'www.58hongtu.com',
  'content-length' => '',
  'content-type' => '',
)
[ info ] [ PARAM ] array (
)
[ info ] [ LANG ] /www/wwwroot/www.58hongtu.com/htmove/public/../application/index/lang/zh-cn.php
[ info ] [ BEHAVIOR ] Run app\common\behavior\Common @module_init [ RunTime:0.001190s ]
[ info ] [ LANG ] /www/wwwroot/www.58hongtu.com/htmove/public/../application/index/lang/zh-cn/index.php
[ info ] [ RUN ] app\index\controller\Index->index[ /www/wwwroot/www.58hongtu.com/htmove/application/index/controller/Index.php ]
[ info ] [ VIEW ] /www/wwwroot/www.58hongtu.com/htmove/public/../application/index/view/index/index.html [ array (
  0 => 'user',
  1 => 'site',
  2 => 'config',
) ]
[ info ] [ LOG ] INIT File
---------------------------------------------------------------
[ 2020-10-06T22:45:56+08:00 ] 106.12.223.202 GET www.58hongtu.com/
[运行时间：0.031030s] [吞吐率：32.23req/s] [内存消耗：2,992.66kb] [文件加载：126]
[ info ] [ BEHAVIOR ] Run Closure @app_init [ RunTime:0.000026s ]
[ info ] [ CACHE ] INIT File
[ info ] [ BEHAVIOR ] Run \addons\epay\Epay @app_init [ RunTime:0.002011s ]
[ info ] [ BEHAVIOR ] Run Closure @app_init [ RunTime:0.002029s ]
[ info ] [ LANG ] /www/wwwroot/www.58hongtu.com/htmove/thinkphp/lang/zh-cn.php
[ info ] [ BEHAVIOR ] Run app\common\behavior\Common @app_dispatch [ RunTime:0.000182s ]
[ info ] [ ROUTE ] array (
  'type' => 'module',
  'module' => 
  array (
    0 => '',
    1 => NULL,
    2 => NULL,
  ),
)
[ info ] [ HEADER ] array (
  'user-agent' => 'Mozilla/5.0 (Macintosh; Intel Mac OS X 10.14; rv:67.0) Gecko/20100101 Firefox/67.0',
  'accept' => '*/*',
  'accept-encoding' => 'gzip, deflate',
  'connection' => 'close',
  'host' => 'www.58hongtu.com',
  'content-length' => '',
  'content-type' => '',
)
[ info ] [ PARAM ] array (
)
[ info ] [ LANG ] /www/wwwroot/www.58hongtu.com/htmove/public/../application/index/lang/zh-cn.php
[ info ] [ BEHAVIOR ] Run app\common\behavior\Common @module_init [ RunTime:0.001176s ]
[ info ] [ LANG ] /www/wwwroot/www.58hongtu.com/htmove/public/../application/index/lang/zh-cn/index.php
[ info ] [ RUN ] app\index\controller\Index->index[ /www/wwwroot/www.58hongtu.com/htmove/application/index/controller/Index.php ]
[ info ] [ VIEW ] /www/wwwroot/www.58hongtu.com/htmove/public/../application/index/view/index/index.html [ array (
  0 => 'user',
  1 => 'site',
  2 => 'config',
) ]
[ info ] [ LOG ] INIT File
---------------------------------------------------------------
[ 2020-10-06T22:48:44+08:00 ] 106.12.223.201 GET www.58hongtu.com/
[运行时间：0.030253s] [吞吐率：33.05req/s] [内存消耗：2,992.72kb] [文件加载：126]
[ info ] [ BEHAVIOR ] Run Closure @app_init [ RunTime:0.000022s ]
[ info ] [ CACHE ] INIT File
[ info ] [ BEHAVIOR ] Run \addons\epay\Epay @app_init [ RunTime:0.002669s ]
[ info ] [ BEHAVIOR ] Run Closure @app_init [ RunTime:0.002694s ]
[ info ] [ LANG ] /www/wwwroot/www.58hongtu.com/htmove/thinkphp/lang/zh-cn.php
[ info ] [ BEHAVIOR ] Run app\common\behavior\Common @app_dispatch [ RunTime:0.000263s ]
[ info ] [ ROUTE ] array (
  'type' => 'module',
  'module' => 
  array (
    0 => '',
    1 => NULL,
    2 => NULL,
  ),
)
[ info ] [ HEADER ] array (
  'user-agent' => 'Mozilla/5.0 (Macintosh; Intel Mac OS X 10.14; rv:67.0) Gecko/20100101 Firefox/67.0',
  'accept' => '*/*',
  'accept-encoding' => 'gzip, deflate',
  'connection' => 'close',
  'host' => 'www.58hongtu.com',
  'content-length' => '',
  'content-type' => '',
)
[ info ] [ PARAM ] array (
)
[ info ] [ LANG ] /www/wwwroot/www.58hongtu.com/htmove/public/../application/index/lang/zh-cn.php
[ info ] [ BEHAVIOR ] Run app\common\behavior\Common @module_init [ RunTime:0.001609s ]
[ info ] [ LANG ] /www/wwwroot/www.58hongtu.com/htmove/public/../application/index/lang/zh-cn/index.php
[ info ] [ RUN ] app\index\controller\Index->index[ /www/wwwroot/www.58hongtu.com/htmove/application/index/controller/Index.php ]
[ info ] [ VIEW ] /www/wwwroot/www.58hongtu.com/htmove/public/../application/index/view/index/index.html [ array (
  0 => 'user',
  1 => 'site',
  2 => 'config',
) ]
[ info ] [ LOG ] INIT File
---------------------------------------------------------------
[ 2020-10-06T22:48:46+08:00 ] 106.12.223.202 GET www.58hongtu.com/
[运行时间：0.027273s] [吞吐率：36.67req/s] [内存消耗：2,992.72kb] [文件加载：126]
[ info ] [ BEHAVIOR ] Run Closure @app_init [ RunTime:0.000022s ]
[ info ] [ CACHE ] INIT File
[ info ] [ BEHAVIOR ] Run \addons\epay\Epay @app_init [ RunTime:0.001951s ]
[ info ] [ BEHAVIOR ] Run Closure @app_init [ RunTime:0.001969s ]
[ info ] [ LANG ] /www/wwwroot/www.58hongtu.com/htmove/thinkphp/lang/zh-cn.php
[ info ] [ BEHAVIOR ] Run app\common\behavior\Common @app_dispatch [ RunTime:0.000170s ]
[ info ] [ ROUTE ] array (
  'type' => 'module',
  'module' => 
  array (
    0 => '',
    1 => NULL,
    2 => NULL,
  ),
)
[ info ] [ HEADER ] array (
  'user-agent' => 'Mozilla/5.0 (Macintosh; Intel Mac OS X 10.14; rv:67.0) Gecko/20100101 Firefox/67.0',
  'accept' => '*/*',
  'accept-encoding' => 'gzip, deflate',
  'connection' => 'close',
  'host' => 'www.58hongtu.com',
  'content-length' => '',
  'content-type' => '',
)
[ info ] [ PARAM ] array (
)
[ info ] [ LANG ] /www/wwwroot/www.58hongtu.com/htmove/public/../application/index/lang/zh-cn.php
[ info ] [ BEHAVIOR ] Run app\common\behavior\Common @module_init [ RunTime:0.001232s ]
[ info ] [ LANG ] /www/wwwroot/www.58hongtu.com/htmove/public/../application/index/lang/zh-cn/index.php
[ info ] [ RUN ] app\index\controller\Index->index[ /www/wwwroot/www.58hongtu.com/htmove/application/index/controller/Index.php ]
[ info ] [ VIEW ] /www/wwwroot/www.58hongtu.com/htmove/public/../application/index/view/index/index.html [ array (
  0 => 'user',
  1 => 'site',
  2 => 'config',
) ]
[ info ] [ LOG ] INIT File
---------------------------------------------------------------
[ 2020-10-06T23:00:23+08:00 ] 106.12.223.200 GET www.58hongtu.com/
[运行时间：0.027158s] [吞吐率：36.82req/s] [内存消耗：2,992.66kb] [文件加载：126]
[ info ] [ BEHAVIOR ] Run Closure @app_init [ RunTime:0.000021s ]
[ info ] [ CACHE ] INIT File
[ info ] [ BEHAVIOR ] Run \addons\epay\Epay @app_init [ RunTime:0.001960s ]
[ info ] [ BEHAVIOR ] Run Closure @app_init [ RunTime:0.001979s ]
[ info ] [ LANG ] /www/wwwroot/www.58hongtu.com/htmove/thinkphp/lang/zh-cn.php
[ info ] [ BEHAVIOR ] Run app\common\behavior\Common @app_dispatch [ RunTime:0.000191s ]
[ info ] [ ROUTE ] array (
  'type' => 'module',
  'module' => 
  array (
    0 => '',
    1 => NULL,
    2 => NULL,
  ),
)
[ info ] [ HEADER ] array (
  'user-agent' => 'Mozilla/5.0 (Macintosh; Intel Mac OS X 10.14; rv:67.0) Gecko/20100101 Firefox/67.0',
  'accept' => '*/*',
  'accept-encoding' => 'gzip, deflate',
  'connection' => 'close',
  'host' => 'www.58hongtu.com',
  'content-length' => '',
  'content-type' => '',
)
[ info ] [ PARAM ] array (
)
[ info ] [ LANG ] /www/wwwroot/www.58hongtu.com/htmove/public/../application/index/lang/zh-cn.php
[ info ] [ BEHAVIOR ] Run app\common\behavior\Common @module_init [ RunTime:0.001147s ]
[ info ] [ LANG ] /www/wwwroot/www.58hongtu.com/htmove/public/../application/index/lang/zh-cn/index.php
[ info ] [ RUN ] app\index\controller\Index->index[ /www/wwwroot/www.58hongtu.com/htmove/application/index/controller/Index.php ]
[ info ] [ VIEW ] /www/wwwroot/www.58hongtu.com/htmove/public/../application/index/view/index/index.html [ array (
  0 => 'user',
  1 => 'site',
  2 => 'config',
) ]
[ info ] [ LOG ] INIT File
---------------------------------------------------------------
[ 2020-10-06T23:00:24+08:00 ] 106.12.223.203 GET www.58hongtu.com/
[运行时间：0.035438s] [吞吐率：28.22req/s] [内存消耗：2,992.66kb] [文件加载：126]
[ info ] [ BEHAVIOR ] Run Closure @app_init [ RunTime:0.000021s ]
[ info ] [ CACHE ] INIT File
[ info ] [ BEHAVIOR ] Run \addons\epay\Epay @app_init [ RunTime:0.001971s ]
[ info ] [ BEHAVIOR ] Run Closure @app_init [ RunTime:0.001989s ]
[ info ] [ LANG ] /www/wwwroot/www.58hongtu.com/htmove/thinkphp/lang/zh-cn.php
[ info ] [ BEHAVIOR ] Run app\common\behavior\Common @app_dispatch [ RunTime:0.000177s ]
[ info ] [ ROUTE ] array (
  'type' => 'module',
  'module' => 
  array (
    0 => '',
    1 => NULL,
    2 => NULL,
  ),
)
[ info ] [ HEADER ] array (
  'user-agent' => 'Mozilla/5.0 (Macintosh; Intel Mac OS X 10.14; rv:67.0) Gecko/20100101 Firefox/67.0',
  'accept' => '*/*',
  'accept-encoding' => 'gzip, deflate',
  'connection' => 'close',
  'host' => 'www.58hongtu.com',
  'content-length' => '',
  'content-type' => '',
)
[ info ] [ PARAM ] array (
)
[ info ] [ LANG ] /www/wwwroot/www.58hongtu.com/htmove/public/../application/index/lang/zh-cn.php
[ info ] [ BEHAVIOR ] Run app\common\behavior\Common @module_init [ RunTime:0.001145s ]
[ info ] [ LANG ] /www/wwwroot/www.58hongtu.com/htmove/public/../application/index/lang/zh-cn/index.php
[ info ] [ RUN ] app\index\controller\Index->index[ /www/wwwroot/www.58hongtu.com/htmove/application/index/controller/Index.php ]
[ info ] [ VIEW ] /www/wwwroot/www.58hongtu.com/htmove/public/../application/index/view/index/index.html [ array (
  0 => 'user',
  1 => 'site',
  2 => 'config',
) ]
[ info ] [ LOG ] INIT File
---------------------------------------------------------------
[ 2020-10-06T23:03:08+08:00 ] 106.12.223.201 GET www.58hongtu.com/
[运行时间：0.027465s] [吞吐率：36.41req/s] [内存消耗：2,992.72kb] [文件加载：126]
[ info ] [ BEHAVIOR ] Run Closure @app_init [ RunTime:0.000021s ]
[ info ] [ CACHE ] INIT File
[ info ] [ BEHAVIOR ] Run \addons\epay\Epay @app_init [ RunTime:0.001952s ]
[ info ] [ BEHAVIOR ] Run Closure @app_init [ RunTime:0.001968s ]
[ info ] [ LANG ] /www/wwwroot/www.58hongtu.com/htmove/thinkphp/lang/zh-cn.php
[ info ] [ BEHAVIOR ] Run app\common\behavior\Common @app_dispatch [ RunTime:0.000175s ]
[ info ] [ ROUTE ] array (
  'type' => 'module',
  'module' => 
  array (
    0 => '',
    1 => NULL,
    2 => NULL,
  ),
)
[ info ] [ HEADER ] array (
  'user-agent' => 'Mozilla/5.0 (Macintosh; Intel Mac OS X 10.14; rv:67.0) Gecko/20100101 Firefox/67.0',
  'accept' => '*/*',
  'accept-encoding' => 'gzip, deflate',
  'connection' => 'close',
  'host' => 'www.58hongtu.com',
  'content-length' => '',
  'content-type' => '',
)
[ info ] [ PARAM ] array (
)
[ info ] [ LANG ] /www/wwwroot/www.58hongtu.com/htmove/public/../application/index/lang/zh-cn.php
[ info ] [ BEHAVIOR ] Run app\common\behavior\Common @module_init [ RunTime:0.001155s ]
[ info ] [ LANG ] /www/wwwroot/www.58hongtu.com/htmove/public/../application/index/lang/zh-cn/index.php
[ info ] [ RUN ] app\index\controller\Index->index[ /www/wwwroot/www.58hongtu.com/htmove/application/index/controller/Index.php ]
[ info ] [ VIEW ] /www/wwwroot/www.58hongtu.com/htmove/public/../application/index/view/index/index.html [ array (
  0 => 'user',
  1 => 'site',
  2 => 'config',
) ]
[ info ] [ LOG ] INIT File
---------------------------------------------------------------
[ 2020-10-06T23:03:09+08:00 ] 106.12.223.203 GET www.58hongtu.com/
[运行时间：0.027558s] [吞吐率：36.29req/s] [内存消耗：2,992.72kb] [文件加载：126]
[ info ] [ BEHAVIOR ] Run Closure @app_init [ RunTime:0.000022s ]
[ info ] [ CACHE ] INIT File
[ info ] [ BEHAVIOR ] Run \addons\epay\Epay @app_init [ RunTime:0.001971s ]
[ info ] [ BEHAVIOR ] Run Closure @app_init [ RunTime:0.001992s ]
[ info ] [ LANG ] /www/wwwroot/www.58hongtu.com/htmove/thinkphp/lang/zh-cn.php
[ info ] [ BEHAVIOR ] Run app\common\behavior\Common @app_dispatch [ RunTime:0.000179s ]
[ info ] [ ROUTE ] array (
  'type' => 'module',
  'module' => 
  array (
    0 => '',
    1 => NULL,
    2 => NULL,
  ),
)
[ info ] [ HEADER ] array (
  'user-agent' => 'Mozilla/5.0 (Macintosh; Intel Mac OS X 10.14; rv:67.0) Gecko/20100101 Firefox/67.0',
  'accept' => '*/*',
  'accept-encoding' => 'gzip, deflate',
  'connection' => 'close',
  'host' => 'www.58hongtu.com',
  'content-length' => '',
  'content-type' => '',
)
[ info ] [ PARAM ] array (
)
[ info ] [ LANG ] /www/wwwroot/www.58hongtu.com/htmove/public/../application/index/lang/zh-cn.php
[ info ] [ BEHAVIOR ] Run app\common\behavior\Common @module_init [ RunTime:0.001158s ]
[ info ] [ LANG ] /www/wwwroot/www.58hongtu.com/htmove/public/../application/index/lang/zh-cn/index.php
[ info ] [ RUN ] app\index\controller\Index->index[ /www/wwwroot/www.58hongtu.com/htmove/application/index/controller/Index.php ]
[ info ] [ VIEW ] /www/wwwroot/www.58hongtu.com/htmove/public/../application/index/view/index/index.html [ array (
  0 => 'user',
  1 => 'site',
  2 => 'config',
) ]
[ info ] [ LOG ] INIT File
---------------------------------------------------------------
[ 2020-10-06T23:17:29+08:00 ] 106.12.223.202 GET www.58hongtu.com/
[运行时间：0.028066s] [吞吐率：35.63req/s] [内存消耗：2,992.72kb] [文件加载：126]
[ info ] [ BEHAVIOR ] Run Closure @app_init [ RunTime:0.000022s ]
[ info ] [ CACHE ] INIT File
[ info ] [ BEHAVIOR ] Run \addons\epay\Epay @app_init [ RunTime:0.001964s ]
[ info ] [ BEHAVIOR ] Run Closure @app_init [ RunTime:0.001984s ]
[ info ] [ LANG ] /www/wwwroot/www.58hongtu.com/htmove/thinkphp/lang/zh-cn.php
[ info ] [ BEHAVIOR ] Run app\common\behavior\Common @app_dispatch [ RunTime:0.000176s ]
[ info ] [ ROUTE ] array (
  'type' => 'module',
  'module' => 
  array (
    0 => '',
    1 => NULL,
    2 => NULL,
  ),
)
[ info ] [ HEADER ] array (
  'user-agent' => 'Mozilla/5.0 (Macintosh; Intel Mac OS X 10.14; rv:67.0) Gecko/20100101 Firefox/67.0',
  'accept' => '*/*',
  'accept-encoding' => 'gzip, deflate',
  'connection' => 'close',
  'host' => 'www.58hongtu.com',
  'content-length' => '',
  'content-type' => '',
)
[ info ] [ PARAM ] array (
)
[ info ] [ LANG ] /www/wwwroot/www.58hongtu.com/htmove/public/../application/index/lang/zh-cn.php
[ info ] [ BEHAVIOR ] Run app\common\behavior\Common @module_init [ RunTime:0.001187s ]
[ info ] [ LANG ] /www/wwwroot/www.58hongtu.com/htmove/public/../application/index/lang/zh-cn/index.php
[ info ] [ RUN ] app\index\controller\Index->index[ /www/wwwroot/www.58hongtu.com/htmove/application/index/controller/Index.php ]
[ info ] [ VIEW ] /www/wwwroot/www.58hongtu.com/htmove/public/../application/index/view/index/index.html [ array (
  0 => 'user',
  1 => 'site',
  2 => 'config',
) ]
[ info ] [ LOG ] INIT File
---------------------------------------------------------------
[ 2020-10-06T23:17:30+08:00 ] 106.12.223.202 GET www.58hongtu.com/
[运行时间：0.033686s] [吞吐率：29.69req/s] [内存消耗：2,992.72kb] [文件加载：126]
[ info ] [ BEHAVIOR ] Run Closure @app_init [ RunTime:0.000040s ]
[ info ] [ CACHE ] INIT File
[ info ] [ BEHAVIOR ] Run \addons\epay\Epay @app_init [ RunTime:0.002632s ]
[ info ] [ BEHAVIOR ] Run Closure @app_init [ RunTime:0.002655s ]
[ info ] [ LANG ] /www/wwwroot/www.58hongtu.com/htmove/thinkphp/lang/zh-cn.php
[ info ] [ BEHAVIOR ] Run app\common\behavior\Common @app_dispatch [ RunTime:0.000190s ]
[ info ] [ ROUTE ] array (
  'type' => 'module',
  'module' => 
  array (
    0 => '',
    1 => NULL,
    2 => NULL,
  ),
)
[ info ] [ HEADER ] array (
  'user-agent' => 'Mozilla/5.0 (Macintosh; Intel Mac OS X 10.14; rv:67.0) Gecko/20100101 Firefox/67.0',
  'accept' => '*/*',
  'accept-encoding' => 'gzip, deflate',
  'connection' => 'close',
  'host' => 'www.58hongtu.com',
  'content-length' => '',
  'content-type' => '',
)
[ info ] [ PARAM ] array (
)
[ info ] [ LANG ] /www/wwwroot/www.58hongtu.com/htmove/public/../application/index/lang/zh-cn.php
[ info ] [ BEHAVIOR ] Run app\common\behavior\Common @module_init [ RunTime:0.001242s ]
[ info ] [ LANG ] /www/wwwroot/www.58hongtu.com/htmove/public/../application/index/lang/zh-cn/index.php
[ info ] [ RUN ] app\index\controller\Index->index[ /www/wwwroot/www.58hongtu.com/htmove/application/index/controller/Index.php ]
[ info ] [ VIEW ] /www/wwwroot/www.58hongtu.com/htmove/public/../application/index/view/index/index.html [ array (
  0 => 'user',
  1 => 'site',
  2 => 'config',
) ]
[ info ] [ LOG ] INIT File
---------------------------------------------------------------
[ 2020-10-06T23:22:25+08:00 ] 106.12.223.200 GET www.58hongtu.com/
[运行时间：0.027201s] [吞吐率：36.76req/s] [内存消耗：2,992.66kb] [文件加载：126]
[ info ] [ BEHAVIOR ] Run Closure @app_init [ RunTime:0.000021s ]
[ info ] [ CACHE ] INIT File
[ info ] [ BEHAVIOR ] Run \addons\epay\Epay @app_init [ RunTime:0.001948s ]
[ info ] [ BEHAVIOR ] Run Closure @app_init [ RunTime:0.001965s ]
[ info ] [ LANG ] /www/wwwroot/www.58hongtu.com/htmove/thinkphp/lang/zh-cn.php
[ info ] [ BEHAVIOR ] Run app\common\behavior\Common @app_dispatch [ RunTime:0.000175s ]
[ info ] [ ROUTE ] array (
  'type' => 'module',
  'module' => 
  array (
    0 => '',
    1 => NULL,
    2 => NULL,
  ),
)
[ info ] [ HEADER ] array (
  'user-agent' => 'Mozilla/5.0 (Macintosh; Intel Mac OS X 10.14; rv:67.0) Gecko/20100101 Firefox/67.0',
  'accept' => '*/*',
  'accept-encoding' => 'gzip, deflate',
  'connection' => 'close',
  'host' => 'www.58hongtu.com',
  'content-length' => '',
  'content-type' => '',
)
[ info ] [ PARAM ] array (
)
[ info ] [ LANG ] /www/wwwroot/www.58hongtu.com/htmove/public/../application/index/lang/zh-cn.php
[ info ] [ BEHAVIOR ] Run app\common\behavior\Common @module_init [ RunTime:0.001146s ]
[ info ] [ LANG ] /www/wwwroot/www.58hongtu.com/htmove/public/../application/index/lang/zh-cn/index.php
[ info ] [ RUN ] app\index\controller\Index->index[ /www/wwwroot/www.58hongtu.com/htmove/application/index/controller/Index.php ]
[ info ] [ VIEW ] /www/wwwroot/www.58hongtu.com/htmove/public/../application/index/view/index/index.html [ array (
  0 => 'user',
  1 => 'site',
  2 => 'config',
) ]
[ info ] [ LOG ] INIT File
---------------------------------------------------------------
[ 2020-10-06T23:22:26+08:00 ] 106.12.223.203 GET www.58hongtu.com/
[运行时间：0.027894s] [吞吐率：35.85req/s] [内存消耗：2,992.66kb] [文件加载：126]
[ info ] [ BEHAVIOR ] Run Closure @app_init [ RunTime:0.000023s ]
[ info ] [ CACHE ] INIT File
[ info ] [ BEHAVIOR ] Run \addons\epay\Epay @app_init [ RunTime:0.001948s ]
[ info ] [ BEHAVIOR ] Run Closure @app_init [ RunTime:0.001985s ]
[ info ] [ LANG ] /www/wwwroot/www.58hongtu.com/htmove/thinkphp/lang/zh-cn.php
[ info ] [ BEHAVIOR ] Run app\common\behavior\Common @app_dispatch [ RunTime:0.000179s ]
[ info ] [ ROUTE ] array (
  'type' => 'module',
  'module' => 
  array (
    0 => '',
    1 => NULL,
    2 => NULL,
  ),
)
[ info ] [ HEADER ] array (
  'user-agent' => 'Mozilla/5.0 (Macintosh; Intel Mac OS X 10.14; rv:67.0) Gecko/20100101 Firefox/67.0',
  'accept' => '*/*',
  'accept-encoding' => 'gzip, deflate',
  'connection' => 'close',
  'host' => 'www.58hongtu.com',
  'content-length' => '',
  'content-type' => '',
)
[ info ] [ PARAM ] array (
)
[ info ] [ LANG ] /www/wwwroot/www.58hongtu.com/htmove/public/../application/index/lang/zh-cn.php
[ info ] [ BEHAVIOR ] Run app\common\behavior\Common @module_init [ RunTime:0.001194s ]
[ info ] [ LANG ] /www/wwwroot/www.58hongtu.com/htmove/public/../application/index/lang/zh-cn/index.php
[ info ] [ RUN ] app\index\controller\Index->index[ /www/wwwroot/www.58hongtu.com/htmove/application/index/controller/Index.php ]
[ info ] [ VIEW ] /www/wwwroot/www.58hongtu.com/htmove/public/../application/index/view/index/index.html [ array (
  0 => 'user',
  1 => 'site',
  2 => 'config',
) ]
[ info ] [ LOG ] INIT File
---------------------------------------------------------------
[ 2020-10-06T23:28:33+08:00 ] 106.12.223.200 GET www.58hongtu.com/
[运行时间：0.027913s] [吞吐率：35.83req/s] [内存消耗：2,992.66kb] [文件加载：126]
[ info ] [ BEHAVIOR ] Run Closure @app_init [ RunTime:0.000024s ]
[ info ] [ CACHE ] INIT File
[ info ] [ BEHAVIOR ] Run \addons\epay\Epay @app_init [ RunTime:0.002046s ]
[ info ] [ BEHAVIOR ] Run Closure @app_init [ RunTime:0.002065s ]
[ info ] [ LANG ] /www/wwwroot/www.58hongtu.com/htmove/thinkphp/lang/zh-cn.php
[ info ] [ BEHAVIOR ] Run app\common\behavior\Common @app_dispatch [ RunTime:0.000173s ]
[ info ] [ ROUTE ] array (
  'type' => 'module',
  'module' => 
  array (
    0 => '',
    1 => NULL,
    2 => NULL,
  ),
)
[ info ] [ HEADER ] array (
  'user-agent' => 'Mozilla/5.0 (Macintosh; Intel Mac OS X 10.14; rv:67.0) Gecko/20100101 Firefox/67.0',
  'accept' => '*/*',
  'accept-encoding' => 'gzip, deflate',
  'connection' => 'close',
  'host' => 'www.58hongtu.com',
  'content-length' => '',
  'content-type' => '',
)
[ info ] [ PARAM ] array (
)
[ info ] [ LANG ] /www/wwwroot/www.58hongtu.com/htmove/public/../application/index/lang/zh-cn.php
[ info ] [ BEHAVIOR ] Run app\common\behavior\Common @module_init [ RunTime:0.001143s ]
[ info ] [ LANG ] /www/wwwroot/www.58hongtu.com/htmove/public/../application/index/lang/zh-cn/index.php
[ info ] [ RUN ] app\index\controller\Index->index[ /www/wwwroot/www.58hongtu.com/htmove/application/index/controller/Index.php ]
[ info ] [ VIEW ] /www/wwwroot/www.58hongtu.com/htmove/public/../application/index/view/index/index.html [ array (
  0 => 'user',
  1 => 'site',
  2 => 'config',
) ]
[ info ] [ LOG ] INIT File
---------------------------------------------------------------
[ 2020-10-06T23:28:34+08:00 ] 106.12.223.203 GET www.58hongtu.com/
[运行时间：0.027825s] [吞吐率：35.94req/s] [内存消耗：2,992.66kb] [文件加载：126]
[ info ] [ BEHAVIOR ] Run Closure @app_init [ RunTime:0.000022s ]
[ info ] [ CACHE ] INIT File
[ info ] [ BEHAVIOR ] Run \addons\epay\Epay @app_init [ RunTime:0.002010s ]
[ info ] [ BEHAVIOR ] Run Closure @app_init [ RunTime:0.002028s ]
[ info ] [ LANG ] /www/wwwroot/www.58hongtu.com/htmove/thinkphp/lang/zh-cn.php
[ info ] [ BEHAVIOR ] Run app\common\behavior\Common @app_dispatch [ RunTime:0.000174s ]
[ info ] [ ROUTE ] array (
  'type' => 'module',
  'module' => 
  array (
    0 => '',
    1 => NULL,
    2 => NULL,
  ),
)
[ info ] [ HEADER ] array (
  'user-agent' => 'Mozilla/5.0 (Macintosh; Intel Mac OS X 10.14; rv:67.0) Gecko/20100101 Firefox/67.0',
  'accept' => '*/*',
  'accept-encoding' => 'gzip, deflate',
  'connection' => 'close',
  'host' => 'www.58hongtu.com',
  'content-length' => '',
  'content-type' => '',
)
[ info ] [ PARAM ] array (
)
[ info ] [ LANG ] /www/wwwroot/www.58hongtu.com/htmove/public/../application/index/lang/zh-cn.php
[ info ] [ BEHAVIOR ] Run app\common\behavior\Common @module_init [ RunTime:0.001183s ]
[ info ] [ LANG ] /www/wwwroot/www.58hongtu.com/htmove/public/../application/index/lang/zh-cn/index.php
[ info ] [ RUN ] app\index\controller\Index->index[ /www/wwwroot/www.58hongtu.com/htmove/application/index/controller/Index.php ]
[ info ] [ VIEW ] /www/wwwroot/www.58hongtu.com/htmove/public/../application/index/view/index/index.html [ array (
  0 => 'user',
  1 => 'site',
  2 => 'config',
) ]
[ info ] [ LOG ] INIT File
---------------------------------------------------------------
[ 2020-10-06T23:31:18+08:00 ] 106.12.223.202 GET www.58hongtu.com/
[运行时间：0.027500s] [吞吐率：36.36req/s] [内存消耗：2,992.72kb] [文件加载：126]
[ info ] [ BEHAVIOR ] Run Closure @app_init [ RunTime:0.000020s ]
[ info ] [ CACHE ] INIT File
[ info ] [ BEHAVIOR ] Run \addons\epay\Epay @app_init [ RunTime:0.002065s ]
[ info ] [ BEHAVIOR ] Run Closure @app_init [ RunTime:0.002084s ]
[ info ] [ LANG ] /www/wwwroot/www.58hongtu.com/htmove/thinkphp/lang/zh-cn.php
[ info ] [ BEHAVIOR ] Run app\common\behavior\Common @app_dispatch [ RunTime:0.000174s ]
[ info ] [ ROUTE ] array (
  'type' => 'module',
  'module' => 
  array (
    0 => '',
    1 => NULL,
    2 => NULL,
  ),
)
[ info ] [ HEADER ] array (
  'user-agent' => 'Mozilla/5.0 (Macintosh; Intel Mac OS X 10.14; rv:67.0) Gecko/20100101 Firefox/67.0',
  'accept' => '*/*',
  'accept-encoding' => 'gzip, deflate',
  'connection' => 'close',
  'host' => 'www.58hongtu.com',
  'content-length' => '',
  'content-type' => '',
)
[ info ] [ PARAM ] array (
)
[ info ] [ LANG ] /www/wwwroot/www.58hongtu.com/htmove/public/../application/index/lang/zh-cn.php
[ info ] [ BEHAVIOR ] Run app\common\behavior\Common @module_init [ RunTime:0.001204s ]
[ info ] [ LANG ] /www/wwwroot/www.58hongtu.com/htmove/public/../application/index/lang/zh-cn/index.php
[ info ] [ RUN ] app\index\controller\Index->index[ /www/wwwroot/www.58hongtu.com/htmove/application/index/controller/Index.php ]
[ info ] [ VIEW ] /www/wwwroot/www.58hongtu.com/htmove/public/../application/index/view/index/index.html [ array (
  0 => 'user',
  1 => 'site',
  2 => 'config',
) ]
[ info ] [ LOG ] INIT File
---------------------------------------------------------------
[ 2020-10-06T23:31:19+08:00 ] 106.12.223.200 GET www.58hongtu.com/
[运行时间：0.027169s] [吞吐率：36.81req/s] [内存消耗：2,992.72kb] [文件加载：126]
[ info ] [ BEHAVIOR ] Run Closure @app_init [ RunTime:0.000022s ]
[ info ] [ CACHE ] INIT File
[ info ] [ BEHAVIOR ] Run \addons\epay\Epay @app_init [ RunTime:0.001935s ]
[ info ] [ BEHAVIOR ] Run Closure @app_init [ RunTime:0.001953s ]
[ info ] [ LANG ] /www/wwwroot/www.58hongtu.com/htmove/thinkphp/lang/zh-cn.php
[ info ] [ BEHAVIOR ] Run app\common\behavior\Common @app_dispatch [ RunTime:0.000187s ]
[ info ] [ ROUTE ] array (
  'type' => 'module',
  'module' => 
  array (
    0 => '',
    1 => NULL,
    2 => NULL,
  ),
)
[ info ] [ HEADER ] array (
  'user-agent' => 'Mozilla/5.0 (Macintosh; Intel Mac OS X 10.14; rv:67.0) Gecko/20100101 Firefox/67.0',
  'accept' => '*/*',
  'accept-encoding' => 'gzip, deflate',
  'connection' => 'close',
  'host' => 'www.58hongtu.com',
  'content-length' => '',
  'content-type' => '',
)
[ info ] [ PARAM ] array (
)
[ info ] [ LANG ] /www/wwwroot/www.58hongtu.com/htmove/public/../application/index/lang/zh-cn.php
[ info ] [ BEHAVIOR ] Run app\common\behavior\Common @module_init [ RunTime:0.001140s ]
[ info ] [ LANG ] /www/wwwroot/www.58hongtu.com/htmove/public/../application/index/lang/zh-cn/index.php
[ info ] [ RUN ] app\index\controller\Index->index[ /www/wwwroot/www.58hongtu.com/htmove/application/index/controller/Index.php ]
[ info ] [ VIEW ] /www/wwwroot/www.58hongtu.com/htmove/public/../application/index/view/index/index.html [ array (
  0 => 'user',
  1 => 'site',
  2 => 'config',
) ]
[ info ] [ LOG ] INIT File
---------------------------------------------------------------
[ 2020-10-06T23:42:34+08:00 ] 106.12.223.202 GET www.58hongtu.com/
[运行时间：0.027367s] [吞吐率：36.54req/s] [内存消耗：2,992.66kb] [文件加载：126]
[ info ] [ BEHAVIOR ] Run Closure @app_init [ RunTime:0.000021s ]
[ info ] [ CACHE ] INIT File
[ info ] [ BEHAVIOR ] Run \addons\epay\Epay @app_init [ RunTime:0.001922s ]
[ info ] [ BEHAVIOR ] Run Closure @app_init [ RunTime:0.001938s ]
[ info ] [ LANG ] /www/wwwroot/www.58hongtu.com/htmove/thinkphp/lang/zh-cn.php
[ info ] [ BEHAVIOR ] Run app\common\behavior\Common @app_dispatch [ RunTime:0.000174s ]
[ info ] [ ROUTE ] array (
  'type' => 'module',
  'module' => 
  array (
    0 => '',
    1 => NULL,
    2 => NULL,
  ),
)
[ info ] [ HEADER ] array (
  'user-agent' => 'Mozilla/5.0 (Macintosh; Intel Mac OS X 10.14; rv:67.0) Gecko/20100101 Firefox/67.0',
  'accept' => '*/*',
  'accept-encoding' => 'gzip, deflate',
  'connection' => 'close',
  'host' => 'www.58hongtu.com',
  'content-length' => '',
  'content-type' => '',
)
[ info ] [ PARAM ] array (
)
[ info ] [ LANG ] /www/wwwroot/www.58hongtu.com/htmove/public/../application/index/lang/zh-cn.php
[ info ] [ BEHAVIOR ] Run app\common\behavior\Common @module_init [ RunTime:0.001141s ]
[ info ] [ LANG ] /www/wwwroot/www.58hongtu.com/htmove/public/../application/index/lang/zh-cn/index.php
[ info ] [ RUN ] app\index\controller\Index->index[ /www/wwwroot/www.58hongtu.com/htmove/application/index/controller/Index.php ]
[ info ] [ VIEW ] /www/wwwroot/www.58hongtu.com/htmove/public/../application/index/view/index/index.html [ array (
  0 => 'user',
  1 => 'site',
  2 => 'config',
) ]
[ info ] [ LOG ] INIT File
---------------------------------------------------------------
[ 2020-10-06T23:42:35+08:00 ] 106.12.223.204 GET www.58hongtu.com/
[运行时间：0.026793s] [吞吐率：37.32req/s] [内存消耗：2,992.66kb] [文件加载：126]
[ info ] [ BEHAVIOR ] Run Closure @app_init [ RunTime:0.000021s ]
[ info ] [ CACHE ] INIT File
[ info ] [ BEHAVIOR ] Run \addons\epay\Epay @app_init [ RunTime:0.001919s ]
[ info ] [ BEHAVIOR ] Run Closure @app_init [ RunTime:0.001936s ]
[ info ] [ LANG ] /www/wwwroot/www.58hongtu.com/htmove/thinkphp/lang/zh-cn.php
[ info ] [ BEHAVIOR ] Run app\common\behavior\Common @app_dispatch [ RunTime:0.000169s ]
[ info ] [ ROUTE ] array (
  'type' => 'module',
  'module' => 
  array (
    0 => '',
    1 => NULL,
    2 => NULL,
  ),
)
[ info ] [ HEADER ] array (
  'user-agent' => 'Mozilla/5.0 (Macintosh; Intel Mac OS X 10.14; rv:67.0) Gecko/20100101 Firefox/67.0',
  'accept' => '*/*',
  'accept-encoding' => 'gzip, deflate',
  'connection' => 'close',
  'host' => 'www.58hongtu.com',
  'content-length' => '',
  'content-type' => '',
)
[ info ] [ PARAM ] array (
)
[ info ] [ LANG ] /www/wwwroot/www.58hongtu.com/htmove/public/../application/index/lang/zh-cn.php
[ info ] [ BEHAVIOR ] Run app\common\behavior\Common @module_init [ RunTime:0.001139s ]
[ info ] [ LANG ] /www/wwwroot/www.58hongtu.com/htmove/public/../application/index/lang/zh-cn/index.php
[ info ] [ RUN ] app\index\controller\Index->index[ /www/wwwroot/www.58hongtu.com/htmove/application/index/controller/Index.php ]
[ info ] [ VIEW ] /www/wwwroot/www.58hongtu.com/htmove/public/../application/index/view/index/index.html [ array (
  0 => 'user',
  1 => 'site',
  2 => 'config',
) ]
[ info ] [ LOG ] INIT File
---------------------------------------------------------------
[ 2020-10-06T23:45:11+08:00 ] 106.12.223.202 GET www.58hongtu.com/
[运行时间：0.027184s] [吞吐率：36.79req/s] [内存消耗：2,992.72kb] [文件加载：126]
[ info ] [ BEHAVIOR ] Run Closure @app_init [ RunTime:0.000020s ]
[ info ] [ CACHE ] INIT File
[ info ] [ BEHAVIOR ] Run \addons\epay\Epay @app_init [ RunTime:0.001917s ]
[ info ] [ BEHAVIOR ] Run Closure @app_init [ RunTime:0.001934s ]
[ info ] [ LANG ] /www/wwwroot/www.58hongtu.com/htmove/thinkphp/lang/zh-cn.php
[ info ] [ BEHAVIOR ] Run app\common\behavior\Common @app_dispatch [ RunTime:0.000175s ]
[ info ] [ ROUTE ] array (
  'type' => 'module',
  'module' => 
  array (
    0 => '',
    1 => NULL,
    2 => NULL,
  ),
)
[ info ] [ HEADER ] array (
  'user-agent' => 'Mozilla/5.0 (Macintosh; Intel Mac OS X 10.14; rv:67.0) Gecko/20100101 Firefox/67.0',
  'accept' => '*/*',
  'accept-encoding' => 'gzip, deflate',
  'connection' => 'close',
  'host' => 'www.58hongtu.com',
  'content-length' => '',
  'content-type' => '',
)
[ info ] [ PARAM ] array (
)
[ info ] [ LANG ] /www/wwwroot/www.58hongtu.com/htmove/public/../application/index/lang/zh-cn.php
[ info ] [ BEHAVIOR ] Run app\common\behavior\Common @module_init [ RunTime:0.001145s ]
[ info ] [ LANG ] /www/wwwroot/www.58hongtu.com/htmove/public/../application/index/lang/zh-cn/index.php
[ info ] [ RUN ] app\index\controller\Index->index[ /www/wwwroot/www.58hongtu.com/htmove/application/index/controller/Index.php ]
[ info ] [ VIEW ] /www/wwwroot/www.58hongtu.com/htmove/public/../application/index/view/index/index.html [ array (
  0 => 'user',
  1 => 'site',
  2 => 'config',
) ]
[ info ] [ LOG ] INIT File
---------------------------------------------------------------
[ 2020-10-06T23:45:12+08:00 ] 106.12.223.204 GET www.58hongtu.com/
[运行时间：0.026964s] [吞吐率：37.09req/s] [内存消耗：2,992.72kb] [文件加载：126]
[ info ] [ BEHAVIOR ] Run Closure @app_init [ RunTime:0.000021s ]
[ info ] [ CACHE ] INIT File
[ info ] [ BEHAVIOR ] Run \addons\epay\Epay @app_init [ RunTime:0.001912s ]
[ info ] [ BEHAVIOR ] Run Closure @app_init [ RunTime:0.001927s ]
[ info ] [ LANG ] /www/wwwroot/www.58hongtu.com/htmove/thinkphp/lang/zh-cn.php
[ info ] [ BEHAVIOR ] Run app\common\behavior\Common @app_dispatch [ RunTime:0.000172s ]
[ info ] [ ROUTE ] array (
  'type' => 'module',
  'module' => 
  array (
    0 => '',
    1 => NULL,
    2 => NULL,
  ),
)
[ info ] [ HEADER ] array (
  'user-agent' => 'Mozilla/5.0 (Macintosh; Intel Mac OS X 10.14; rv:67.0) Gecko/20100101 Firefox/67.0',
  'accept' => '*/*',
  'accept-encoding' => 'gzip, deflate',
  'connection' => 'close',
  'host' => 'www.58hongtu.com',
  'content-length' => '',
  'content-type' => '',
)
[ info ] [ PARAM ] array (
)
[ info ] [ LANG ] /www/wwwroot/www.58hongtu.com/htmove/public/../application/index/lang/zh-cn.php
[ info ] [ BEHAVIOR ] Run app\common\behavior\Common @module_init [ RunTime:0.001144s ]
[ info ] [ LANG ] /www/wwwroot/www.58hongtu.com/htmove/public/../application/index/lang/zh-cn/index.php
[ info ] [ RUN ] app\index\controller\Index->index[ /www/wwwroot/www.58hongtu.com/htmove/application/index/controller/Index.php ]
[ info ] [ VIEW ] /www/wwwroot/www.58hongtu.com/htmove/public/../application/index/view/index/index.html [ array (
  0 => 'user',
  1 => 'site',
  2 => 'config',
) ]
[ info ] [ LOG ] INIT File
---------------------------------------------------------------
[ 2020-10-06T23:57:39+08:00 ] 106.12.223.200 GET www.58hongtu.com/
[运行时间：0.027641s] [吞吐率：36.18req/s] [内存消耗：2,992.66kb] [文件加载：126]
[ info ] [ BEHAVIOR ] Run Closure @app_init [ RunTime:0.000024s ]
[ info ] [ CACHE ] INIT File
[ info ] [ BEHAVIOR ] Run \addons\epay\Epay @app_init [ RunTime:0.001952s ]
[ info ] [ BEHAVIOR ] Run Closure @app_init [ RunTime:0.001970s ]
[ info ] [ LANG ] /www/wwwroot/www.58hongtu.com/htmove/thinkphp/lang/zh-cn.php
[ info ] [ BEHAVIOR ] Run app\common\behavior\Common @app_dispatch [ RunTime:0.000179s ]
[ info ] [ ROUTE ] array (
  'type' => 'module',
  'module' => 
  array (
    0 => '',
    1 => NULL,
    2 => NULL,
  ),
)
[ info ] [ HEADER ] array (
  'user-agent' => 'Mozilla/5.0 (Macintosh; Intel Mac OS X 10.14; rv:67.0) Gecko/20100101 Firefox/67.0',
  'accept' => '*/*',
  'accept-encoding' => 'gzip, deflate',
  'connection' => 'close',
  'host' => 'www.58hongtu.com',
  'content-length' => '',
  'content-type' => '',
)
[ info ] [ PARAM ] array (
)
[ info ] [ LANG ] /www/wwwroot/www.58hongtu.com/htmove/public/../application/index/lang/zh-cn.php
[ info ] [ BEHAVIOR ] Run app\common\behavior\Common @module_init [ RunTime:0.001156s ]
[ info ] [ LANG ] /www/wwwroot/www.58hongtu.com/htmove/public/../application/index/lang/zh-cn/index.php
[ info ] [ RUN ] app\index\controller\Index->index[ /www/wwwroot/www.58hongtu.com/htmove/application/index/controller/Index.php ]
[ info ] [ VIEW ] /www/wwwroot/www.58hongtu.com/htmove/public/../application/index/view/index/index.html [ array (
  0 => 'user',
  1 => 'site',
  2 => 'config',
) ]
[ info ] [ LOG ] INIT File
---------------------------------------------------------------
[ 2020-10-06T23:57:40+08:00 ] 106.12.223.201 GET www.58hongtu.com/
[运行时间：0.028993s] [吞吐率：34.49req/s] [内存消耗：2,992.66kb] [文件加载：126]
[ info ] [ BEHAVIOR ] Run Closure @app_init [ RunTime:0.000023s ]
[ info ] [ CACHE ] INIT File
[ info ] [ BEHAVIOR ] Run \addons\epay\Epay @app_init [ RunTime:0.002038s ]
[ info ] [ BEHAVIOR ] Run Closure @app_init [ RunTime:0.002056s ]
[ info ] [ LANG ] /www/wwwroot/www.58hongtu.com/htmove/thinkphp/lang/zh-cn.php
[ info ] [ BEHAVIOR ] Run app\common\behavior\Common @app_dispatch [ RunTime:0.000204s ]
[ info ] [ ROUTE ] array (
  'type' => 'module',
  'module' => 
  array (
    0 => '',
    1 => NULL,
    2 => NULL,
  ),
)
[ info ] [ HEADER ] array (
  'user-agent' => 'Mozilla/5.0 (Macintosh; Intel Mac OS X 10.14; rv:67.0) Gecko/20100101 Firefox/67.0',
  'accept' => '*/*',
  'accept-encoding' => 'gzip, deflate',
  'connection' => 'close',
  'host' => 'www.58hongtu.com',
  'content-length' => '',
  'content-type' => '',
)
[ info ] [ PARAM ] array (
)
[ info ] [ LANG ] /www/wwwroot/www.58hongtu.com/htmove/public/../application/index/lang/zh-cn.php
[ info ] [ BEHAVIOR ] Run app\common\behavior\Common @module_init [ RunTime:0.001253s ]
[ info ] [ LANG ] /www/wwwroot/www.58hongtu.com/htmove/public/../application/index/lang/zh-cn/index.php
[ info ] [ RUN ] app\index\controller\Index->index[ /www/wwwroot/www.58hongtu.com/htmove/application/index/controller/Index.php ]
[ info ] [ VIEW ] /www/wwwroot/www.58hongtu.com/htmove/public/../application/index/view/index/index.html [ array (
  0 => 'user',
  1 => 'site',
  2 => 'config',
) ]
[ info ] [ LOG ] INIT File
