---------------------------------------------------------------
[ 2020-10-10T04:22:16+08:00 ] 36.106.167.88 GET www.58hongtu.com/
[运行时间：0.027560s] [吞吐率：36.28req/s] [内存消耗：2,992.41kb] [文件加载：126]
[ info ] [ BEHAVIOR ] Run Closure @app_init [ RunTime:0.000023s ]
[ info ] [ CACHE ] INIT File
[ info ] [ BEHAVIOR ] Run \addons\epay\Epay @app_init [ RunTime:0.001965s ]
[ info ] [ BEHAVIOR ] Run Closure @app_init [ RunTime:0.001983s ]
[ info ] [ LANG ] /www/wwwroot/www.58hongtu.com/htmove/thinkphp/lang/zh-cn.php
[ info ] [ BEHAVIOR ] Run app\common\behavior\Common @app_dispatch [ RunTime:0.000194s ]
[ info ] [ ROUTE ] array (
  'type' => 'module',
  'module' => 
  array (
    0 => '',
    1 => NULL,
    2 => NULL,
  ),
)
[ info ] [ HEADER ] array (
  'accept-encoding' => 'deflate, gzip',
  'accept' => '*/*',
  'host' => 'www.58hongtu.com',
  'user-agent' => 'Mozilla/5.0 (Windows NT 6.1; WOW64; rv:7.0.1) Gecko/20100101 Firefox/7.0.1',
  'content-length' => '',
  'content-type' => '',
)
[ info ] [ PARAM ] array (
)
[ info ] [ LANG ] /www/wwwroot/www.58hongtu.com/htmove/public/../application/index/lang/zh-cn.php
[ info ] [ BEHAVIOR ] Run app\common\behavior\Common @module_init [ RunTime:0.001201s ]
[ info ] [ LANG ] /www/wwwroot/www.58hongtu.com/htmove/public/../application/index/lang/zh-cn/index.php
[ info ] [ RUN ] app\index\controller\Index->index[ /www/wwwroot/www.58hongtu.com/htmove/application/index/controller/Index.php ]
[ info ] [ VIEW ] /www/wwwroot/www.58hongtu.com/htmove/public/../application/index/view/index/index.html [ array (
  0 => 'user',
  1 => 'site',
  2 => 'config',
) ]
[ info ] [ LOG ] INIT File
---------------------------------------------------------------
[ 2020-10-10T07:20:53+08:00 ] 173.255.246.21 GET www.58hongtu.com/
[运行时间：0.027752s] [吞吐率：36.03req/s] [内存消耗：2,958.88kb] [文件加载：123]
[ info ] [ BEHAVIOR ] Run Closure @app_init [ RunTime:0.000023s ]
[ info ] [ CACHE ] INIT File
[ info ] [ BEHAVIOR ] Run \addons\epay\Epay @app_init [ RunTime:0.001941s ]
[ info ] [ BEHAVIOR ] Run Closure @app_init [ RunTime:0.001976s ]
[ info ] [ BEHAVIOR ] Run app\common\behavior\Common @app_dispatch [ RunTime:0.000174s ]
[ info ] [ ROUTE ] array (
  'type' => 'module',
  'module' => 
  array (
    0 => '',
    1 => NULL,
    2 => NULL,
  ),
)
[ info ] [ HEADER ] array (
  'accept-language' => 'en-US,en;q=0.9',
  'connection' => 'keep-alive',
  'accept' => '*/*',
  'accept-encoding' => 'gzip, deflate',
  'user-agent' => 'Mozilla/5.0 (Windows NT 10.0; Win64; x64) AppleWebKit/537.36 (KHTML, like Gecko) Chrome/52.0.2743.116 Safari/537.36 Edge/15.15063',
  'host' => 'www.58hongtu.com',
  'content-length' => '',
  'content-type' => '',
)
[ info ] [ PARAM ] array (
)
[ info ] [ BEHAVIOR ] Run app\common\behavior\Common @module_init [ RunTime:0.001149s ]
[ info ] [ RUN ] app\index\controller\Index->index[ /www/wwwroot/www.58hongtu.com/htmove/application/index/controller/Index.php ]
[ info ] [ VIEW ] /www/wwwroot/www.58hongtu.com/htmove/public/../application/index/view/index/index.html [ array (
  0 => 'user',
  1 => 'site',
  2 => 'config',
) ]
[ info ] [ LOG ] INIT File
---------------------------------------------------------------
[ 2020-10-10T09:09:40+08:00 ] 116.179.32.157 GET www.58hongtu.com/
[运行时间：0.027478s] [吞吐率：36.39req/s] [内存消耗：2,995.03kb] [文件加载：126]
[ info ] [ BEHAVIOR ] Run Closure @app_init [ RunTime:0.000022s ]
[ info ] [ CACHE ] INIT File
[ info ] [ BEHAVIOR ] Run \addons\epay\Epay @app_init [ RunTime:0.002004s ]
[ info ] [ BEHAVIOR ] Run Closure @app_init [ RunTime:0.002022s ]
[ info ] [ LANG ] /www/wwwroot/www.58hongtu.com/htmove/thinkphp/lang/zh-cn.php
[ info ] [ BEHAVIOR ] Run app\common\behavior\Common @app_dispatch [ RunTime:0.000176s ]
[ info ] [ ROUTE ] array (
  'type' => 'module',
  'module' => 
  array (
    0 => '',
    1 => NULL,
    2 => NULL,
  ),
)
[ info ] [ HEADER ] array (
  'accept' => '*/*',
  'accept-encoding' => 'gzip',
  'if-modified-since' => 'Thu, 18 Jun 2020 07:32:42 GMT',
  'accept-language' => 'zh-cn,zh-tw',
  'user-agent' => 'Mozilla/5.0 (compatible; Baiduspider/2.0; +http://www.baidu.com/search/spider.html)',
  'connection' => 'close',
  'host' => 'www.58hongtu.com',
  'content-length' => '',
  'content-type' => '',
)
[ info ] [ PARAM ] array (
)
[ info ] [ LANG ] /www/wwwroot/www.58hongtu.com/htmove/public/../application/index/lang/zh-cn.php
[ info ] [ BEHAVIOR ] Run app\common\behavior\Common @module_init [ RunTime:0.001134s ]
[ info ] [ LANG ] /www/wwwroot/www.58hongtu.com/htmove/public/../application/index/lang/zh-cn/index.php
[ info ] [ RUN ] app\index\controller\Index->index[ /www/wwwroot/www.58hongtu.com/htmove/application/index/controller/Index.php ]
[ info ] [ VIEW ] /www/wwwroot/www.58hongtu.com/htmove/public/../application/index/view/index/index.html [ array (
  0 => 'user',
  1 => 'site',
  2 => 'config',
) ]
[ info ] [ LOG ] INIT File
---------------------------------------------------------------
[ 2020-10-10T13:39:41+08:00 ] 39.98.63.147 GET www.58hongtu.com/
[运行时间：0.026858s] [吞吐率：37.23req/s] [内存消耗：2,993.13kb] [文件加载：126]
[ info ] [ BEHAVIOR ] Run Closure @app_init [ RunTime:0.000021s ]
[ info ] [ CACHE ] INIT File
[ info ] [ BEHAVIOR ] Run \addons\epay\Epay @app_init [ RunTime:0.001919s ]
[ info ] [ BEHAVIOR ] Run Closure @app_init [ RunTime:0.001936s ]
[ info ] [ LANG ] /www/wwwroot/www.58hongtu.com/htmove/thinkphp/lang/zh-cn.php
[ info ] [ BEHAVIOR ] Run app\common\behavior\Common @app_dispatch [ RunTime:0.000170s ]
[ info ] [ ROUTE ] array (
  'type' => 'module',
  'module' => 
  array (
    0 => '',
    1 => NULL,
    2 => NULL,
  ),
)
[ info ] [ HEADER ] array (
  'connection' => 'keep-alive',
  'accept' => '*/*',
  'accept-encoding' => 'gzip, deflate',
  'user-agent' => 'Mozilla/5.0 (Windows NT 10.0; Win64; x64) AppleWebKit/537.36 (KHTML, like Gecko) Chrome/75.0.3770.100 Safari/537.36',
  'host' => 'www.58hongtu.com',
  'content-length' => '',
  'content-type' => '',
)
[ info ] [ PARAM ] array (
)
[ info ] [ LANG ] /www/wwwroot/www.58hongtu.com/htmove/public/../application/index/lang/zh-cn.php
[ info ] [ BEHAVIOR ] Run app\common\behavior\Common @module_init [ RunTime:0.001129s ]
[ info ] [ LANG ] /www/wwwroot/www.58hongtu.com/htmove/public/../application/index/lang/zh-cn/index.php
[ info ] [ RUN ] app\index\controller\Index->index[ /www/wwwroot/www.58hongtu.com/htmove/application/index/controller/Index.php ]
[ info ] [ VIEW ] /www/wwwroot/www.58hongtu.com/htmove/public/../application/index/view/index/index.html [ array (
  0 => 'user',
  1 => 'site',
  2 => 'config',
) ]
[ info ] [ LOG ] INIT File
---------------------------------------------------------------
[ 2020-10-10T15:45:13+08:00 ] 183.42.31.98 GET www.58hongtu.com/index/index/home
[运行时间：0.053306s] [吞吐率：18.76req/s] [内存消耗：3,059.11kb] [文件加载：125]
[ info ] [ BEHAVIOR ] Run Closure @app_init [ RunTime:0.000024s ]
[ info ] [ CACHE ] INIT File
[ info ] [ BEHAVIOR ] Run \addons\epay\Epay @app_init [ RunTime:0.001945s ]
[ info ] [ BEHAVIOR ] Run Closure @app_init [ RunTime:0.001963s ]
[ info ] [ LANG ] /www/wwwroot/www.58hongtu.com/htmove/thinkphp/lang/zh-cn.php
[ info ] [ BEHAVIOR ] Run app\common\behavior\Common @app_dispatch [ RunTime:0.000183s ]
[ info ] [ ROUTE ] array (
  'type' => 'module',
  'module' => 
  array (
    0 => 'index',
    1 => 'index',
    2 => 'home',
  ),
)
[ info ] [ HEADER ] array (
  'accept-encoding' => 'gzip, deflate, br',
  'accept-language' => 'zh-cn',
  'accept' => 'text/html,application/xhtml+xml,application/xml;q=0.9,*/*;q=0.8',
  'user-agent' => 'Mozilla/5.0 (iPhone; CPU iPhone OS 13_6_1 like Mac OS X) AppleWebKit/605.1.15 (KHTML, like Gecko) Mobile/15E148 MicroMessenger/7.0.13(0x17000d2a) NetType/4G Language/zh_CN miniProgram',
  'host' => 'www.58hongtu.com',
  'content-length' => '',
  'content-type' => '',
)
[ info ] [ PARAM ] array (
)
[ info ] [ LANG ] /www/wwwroot/www.58hongtu.com/htmove/public/../application/index/lang/zh-cn.php
[ info ] [ BEHAVIOR ] Run app\common\behavior\Common @module_init [ RunTime:0.012281s ]
[ info ] [ LANG ] /www/wwwroot/www.58hongtu.com/htmove/public/../application/index/lang/zh-cn/index.php
[ info ] [ RUN ] app\index\controller\Index->home[ /www/wwwroot/www.58hongtu.com/htmove/application/index/controller/Index.php ]
[ info ] [ VIEW ] /www/wwwroot/www.58hongtu.com/htmove/public/../application/index/view/index/home.html [ array (
  0 => 'user',
  1 => 'site',
  2 => 'config',
) ]
[ info ] [ LOG ] INIT File
---------------------------------------------------------------
[ 2020-10-10T15:45:13+08:00 ] 183.42.31.98 GET www.58hongtu.com/api/index/openid?code=013ixK0w3uI47V2YUe1w39g7Pl3ixK06
[运行时间：0.311878s] [吞吐率：3.21req/s] [内存消耗：3,855.23kb] [文件加载：127]
[ info ] [ BEHAVIOR ] Run Closure @app_init [ RunTime:0.000020s ]
[ info ] [ CACHE ] INIT File
[ info ] [ BEHAVIOR ] Run \addons\epay\Epay @app_init [ RunTime:0.002006s ]
[ info ] [ BEHAVIOR ] Run Closure @app_init [ RunTime:0.002024s ]
[ info ] [ LANG ] /www/wwwroot/www.58hongtu.com/htmove/thinkphp/lang/zh-cn.php
[ info ] [ BEHAVIOR ] Run app\common\behavior\Common @app_dispatch [ RunTime:0.000177s ]
[ info ] [ ROUTE ] array (
  'type' => 'module',
  'module' => 
  array (
    0 => 'api',
    1 => 'index',
    2 => 'openid',
  ),
)
[ info ] [ HEADER ] array (
  'accept-language' => 'zh-cn',
  'referer' => 'https://servicewechat.com/wx3dd58f4332fd09ed/18/page-frame.html',
  'user-agent' => 'Mozilla/5.0 (iPhone; CPU iPhone OS 13_6_1 like Mac OS X) AppleWebKit/605.1.15 (KHTML, like Gecko) Mobile/15E148 MicroMessenger/7.0.13(0x17000d2a) NetType/4G Language/zh_CN',
  'accept-encoding' => 'gzip, deflate, br',
  'content-type' => 'application/json',
  'accept' => '*/*',
  'host' => 'www.58hongtu.com',
  'content-length' => '',
)
[ info ] [ PARAM ] array (
  'code' => '013ixK0w3uI47V2YUe1w39g7Pl3ixK06',
)
[ info ] [ LANG ] /www/wwwroot/www.58hongtu.com/htmove/public/../application/api/lang/zh-cn.php
[ info ] [ BEHAVIOR ] Run app\common\behavior\Common @module_init [ RunTime:0.001224s ]
[ info ] [ RUN ] app\api\controller\Index->openid[ /www/wwwroot/www.58hongtu.com/htmove/application/api/controller/Index.php ]
[ info ] [ DB ] INIT mysql
[ info ] [ LOG ] INIT File
---------------------------------------------------------------
[ 2020-10-10T15:45:13+08:00 ] 183.42.31.98 GET www.58hongtu.com/index/index/home?openid=oG2WP4ko4Tgny4KaaZ9ZtnIt8tK0
[运行时间：0.031771s] [吞吐率：31.48req/s] [内存消耗：3,059.30kb] [文件加载：125]
[ info ] [ BEHAVIOR ] Run Closure @app_init [ RunTime:0.000027s ]
[ info ] [ CACHE ] INIT File
[ info ] [ BEHAVIOR ] Run \addons\epay\Epay @app_init [ RunTime:0.002113s ]
[ info ] [ BEHAVIOR ] Run Closure @app_init [ RunTime:0.002134s ]
[ info ] [ LANG ] /www/wwwroot/www.58hongtu.com/htmove/thinkphp/lang/zh-cn.php
[ info ] [ BEHAVIOR ] Run app\common\behavior\Common @app_dispatch [ RunTime:0.000215s ]
[ info ] [ ROUTE ] array (
  'type' => 'module',
  'module' => 
  array (
    0 => 'index',
    1 => 'index',
    2 => 'home',
  ),
)
[ info ] [ HEADER ] array (
  'accept-encoding' => 'gzip, deflate, br',
  'accept-language' => 'zh-cn',
  'accept' => 'text/html,application/xhtml+xml,application/xml;q=0.9,*/*;q=0.8',
  'user-agent' => 'Mozilla/5.0 (iPhone; CPU iPhone OS 13_6_1 like Mac OS X) AppleWebKit/605.1.15 (KHTML, like Gecko) Mobile/15E148 MicroMessenger/7.0.13(0x17000d2a) NetType/4G Language/zh_CN miniProgram',
  'host' => 'www.58hongtu.com',
  'content-length' => '',
  'content-type' => '',
)
[ info ] [ PARAM ] array (
  'openid' => 'oG2WP4ko4Tgny4KaaZ9ZtnIt8tK0',
)
[ info ] [ LANG ] /www/wwwroot/www.58hongtu.com/htmove/public/../application/index/lang/zh-cn.php
[ info ] [ BEHAVIOR ] Run app\common\behavior\Common @module_init [ RunTime:0.001218s ]
[ info ] [ LANG ] /www/wwwroot/www.58hongtu.com/htmove/public/../application/index/lang/zh-cn/index.php
[ info ] [ RUN ] app\index\controller\Index->home[ /www/wwwroot/www.58hongtu.com/htmove/application/index/controller/Index.php ]
[ info ] [ VIEW ] /www/wwwroot/www.58hongtu.com/htmove/public/../application/index/view/index/home.html [ array (
  0 => 'user',
  1 => 'site',
  2 => 'config',
) ]
[ info ] [ LOG ] INIT File
---------------------------------------------------------------
[ 2020-10-10T15:45:15+08:00 ] 183.42.31.98 GET www.58hongtu.com/api/index/getlocation?openid=oG2WP4ko4Tgny4KaaZ9ZtnIt8tK0
[运行时间：0.028652s] [吞吐率：34.90req/s] [内存消耗：2,606.83kb] [文件加载：120]
[ info ] [ BEHAVIOR ] Run Closure @app_init [ RunTime:0.000023s ]
[ info ] [ CACHE ] INIT File
[ info ] [ BEHAVIOR ] Run \addons\epay\Epay @app_init [ RunTime:0.002361s ]
[ info ] [ BEHAVIOR ] Run Closure @app_init [ RunTime:0.002387s ]
[ info ] [ LANG ] /www/wwwroot/www.58hongtu.com/htmove/thinkphp/lang/zh-cn.php
[ info ] [ BEHAVIOR ] Run app\common\behavior\Common @app_dispatch [ RunTime:0.000211s ]
[ info ] [ ROUTE ] array (
  'type' => 'module',
  'module' => 
  array (
    0 => 'api',
    1 => 'index',
    2 => 'getlocation',
  ),
)
[ info ] [ HEADER ] array (
  'accept-encoding' => 'gzip, deflate, br',
  'referer' => 'https://www.58hongtu.com/index/index/home?openid=oG2WP4ko4Tgny4KaaZ9ZtnIt8tK0',
  'user-agent' => 'Mozilla/5.0 (iPhone; CPU iPhone OS 13_6_1 like Mac OS X) AppleWebKit/605.1.15 (KHTML, like Gecko) Mobile/15E148 MicroMessenger/7.0.13(0x17000d2a) NetType/4G Language/zh_CN miniProgram',
  'x-requested-with' => 'XMLHttpRequest',
  'accept-language' => 'zh-cn',
  'accept' => 'application/json, text/javascript, */*; q=0.01',
  'host' => 'www.58hongtu.com',
  'content-length' => '',
  'content-type' => '',
)
[ info ] [ PARAM ] array (
  'openid' => 'oG2WP4ko4Tgny4KaaZ9ZtnIt8tK0',
)
[ info ] [ LANG ] /www/wwwroot/www.58hongtu.com/htmove/public/../application/api/lang/zh-cn.php
[ info ] [ BEHAVIOR ] Run app\common\behavior\Common @module_init [ RunTime:0.001232s ]
[ info ] [ RUN ] app\api\controller\Index->getlocation[ /www/wwwroot/www.58hongtu.com/htmove/application/api/controller/Index.php ]
[ info ] [ LOG ] INIT File
---------------------------------------------------------------
[ 2020-10-10T15:45:16+08:00 ] 183.42.31.98 GET www.58hongtu.com/api/index/addcarinfo?openid=oG2WP4ko4Tgny4KaaZ9ZtnIt8tK0&bj=%E5%B0%8F%E6%90%AC&coin=150
[运行时间：0.026313s] [吞吐率：38.00req/s] [内存消耗：2,607.00kb] [文件加载：120]
[ info ] [ BEHAVIOR ] Run Closure @app_init [ RunTime:0.000027s ]
[ info ] [ CACHE ] INIT File
[ info ] [ BEHAVIOR ] Run \addons\epay\Epay @app_init [ RunTime:0.002075s ]
[ info ] [ BEHAVIOR ] Run Closure @app_init [ RunTime:0.002094s ]
[ info ] [ LANG ] /www/wwwroot/www.58hongtu.com/htmove/thinkphp/lang/zh-cn.php
[ info ] [ BEHAVIOR ] Run app\common\behavior\Common @app_dispatch [ RunTime:0.000197s ]
[ info ] [ ROUTE ] array (
  'type' => 'module',
  'module' => 
  array (
    0 => 'api',
    1 => 'index',
    2 => 'addcarinfo',
  ),
)
[ info ] [ HEADER ] array (
  'accept-encoding' => 'gzip, deflate, br',
  'referer' => 'https://www.58hongtu.com/index/index/home?openid=oG2WP4ko4Tgny4KaaZ9ZtnIt8tK0',
  'user-agent' => 'Mozilla/5.0 (iPhone; CPU iPhone OS 13_6_1 like Mac OS X) AppleWebKit/605.1.15 (KHTML, like Gecko) Mobile/15E148 MicroMessenger/7.0.13(0x17000d2a) NetType/4G Language/zh_CN miniProgram',
  'x-requested-with' => 'XMLHttpRequest',
  'accept-language' => 'zh-cn',
  'accept' => 'application/json, text/javascript, */*; q=0.01',
  'host' => 'www.58hongtu.com',
  'content-length' => '',
  'content-type' => '',
)
[ info ] [ PARAM ] array (
  'openid' => 'oG2WP4ko4Tgny4KaaZ9ZtnIt8tK0',
  'bj' => '小搬',
  'coin' => '150',
)
[ info ] [ LANG ] /www/wwwroot/www.58hongtu.com/htmove/public/../application/api/lang/zh-cn.php
[ info ] [ BEHAVIOR ] Run app\common\behavior\Common @module_init [ RunTime:0.001242s ]
[ info ] [ RUN ] app\api\controller\Index->addcarinfo[ /www/wwwroot/www.58hongtu.com/htmove/application/api/controller/Index.php ]
[ info ] [ LOG ] INIT File
---------------------------------------------------------------
[ 2020-10-10T15:45:22+08:00 ] 183.42.31.98 GET www.58hongtu.com/api/index/addcarinfo?openid=oG2WP4ko4Tgny4KaaZ9ZtnIt8tK0&bj=%E4%B8%AD%E6%90%AC&coin=280
[运行时间：0.024090s] [吞吐率：41.51req/s] [内存消耗：2,607.00kb] [文件加载：120]
[ info ] [ BEHAVIOR ] Run Closure @app_init [ RunTime:0.000022s ]
[ info ] [ CACHE ] INIT File
[ info ] [ BEHAVIOR ] Run \addons\epay\Epay @app_init [ RunTime:0.001943s ]
[ info ] [ BEHAVIOR ] Run Closure @app_init [ RunTime:0.001962s ]
[ info ] [ LANG ] /www/wwwroot/www.58hongtu.com/htmove/thinkphp/lang/zh-cn.php
[ info ] [ BEHAVIOR ] Run app\common\behavior\Common @app_dispatch [ RunTime:0.000178s ]
[ info ] [ ROUTE ] array (
  'type' => 'module',
  'module' => 
  array (
    0 => 'api',
    1 => 'index',
    2 => 'addcarinfo',
  ),
)
[ info ] [ HEADER ] array (
  'accept-encoding' => 'gzip, deflate, br',
  'referer' => 'https://www.58hongtu.com/index/index/home?openid=oG2WP4ko4Tgny4KaaZ9ZtnIt8tK0',
  'user-agent' => 'Mozilla/5.0 (iPhone; CPU iPhone OS 13_6_1 like Mac OS X) AppleWebKit/605.1.15 (KHTML, like Gecko) Mobile/15E148 MicroMessenger/7.0.13(0x17000d2a) NetType/4G Language/zh_CN miniProgram',
  'x-requested-with' => 'XMLHttpRequest',
  'accept-language' => 'zh-cn',
  'accept' => 'application/json, text/javascript, */*; q=0.01',
  'host' => 'www.58hongtu.com',
  'content-length' => '',
  'content-type' => '',
)
[ info ] [ PARAM ] array (
  'openid' => 'oG2WP4ko4Tgny4KaaZ9ZtnIt8tK0',
  'bj' => '中搬',
  'coin' => '280',
)
[ info ] [ LANG ] /www/wwwroot/www.58hongtu.com/htmove/public/../application/api/lang/zh-cn.php
[ info ] [ BEHAVIOR ] Run app\common\behavior\Common @module_init [ RunTime:0.001166s ]
[ info ] [ RUN ] app\api\controller\Index->addcarinfo[ /www/wwwroot/www.58hongtu.com/htmove/application/api/controller/Index.php ]
[ info ] [ LOG ] INIT File
---------------------------------------------------------------
[ 2020-10-10T15:45:24+08:00 ] 183.42.31.98 GET www.58hongtu.com/api/index/addcarinfo?openid=oG2WP4ko4Tgny4KaaZ9ZtnIt8tK0&bj=%E5%A4%A7%E6%90%AC&coin=458
[运行时间：0.023591s] [吞吐率：42.39req/s] [内存消耗：2,607.00kb] [文件加载：120]
[ info ] [ BEHAVIOR ] Run Closure @app_init [ RunTime:0.000021s ]
[ info ] [ CACHE ] INIT File
[ info ] [ BEHAVIOR ] Run \addons\epay\Epay @app_init [ RunTime:0.001912s ]
[ info ] [ BEHAVIOR ] Run Closure @app_init [ RunTime:0.001929s ]
[ info ] [ LANG ] /www/wwwroot/www.58hongtu.com/htmove/thinkphp/lang/zh-cn.php
[ info ] [ BEHAVIOR ] Run app\common\behavior\Common @app_dispatch [ RunTime:0.000171s ]
[ info ] [ ROUTE ] array (
  'type' => 'module',
  'module' => 
  array (
    0 => 'api',
    1 => 'index',
    2 => 'addcarinfo',
  ),
)
[ info ] [ HEADER ] array (
  'accept-encoding' => 'gzip, deflate, br',
  'referer' => 'https://www.58hongtu.com/index/index/home?openid=oG2WP4ko4Tgny4KaaZ9ZtnIt8tK0',
  'user-agent' => 'Mozilla/5.0 (iPhone; CPU iPhone OS 13_6_1 like Mac OS X) AppleWebKit/605.1.15 (KHTML, like Gecko) Mobile/15E148 MicroMessenger/7.0.13(0x17000d2a) NetType/4G Language/zh_CN miniProgram',
  'x-requested-with' => 'XMLHttpRequest',
  'accept-language' => 'zh-cn',
  'accept' => 'application/json, text/javascript, */*; q=0.01',
  'host' => 'www.58hongtu.com',
  'content-length' => '',
  'content-type' => '',
)
[ info ] [ PARAM ] array (
  'openid' => 'oG2WP4ko4Tgny4KaaZ9ZtnIt8tK0',
  'bj' => '大搬',
  'coin' => '458',
)
[ info ] [ LANG ] /www/wwwroot/www.58hongtu.com/htmove/public/../application/api/lang/zh-cn.php
[ info ] [ BEHAVIOR ] Run app\common\behavior\Common @module_init [ RunTime:0.001122s ]
[ info ] [ RUN ] app\api\controller\Index->addcarinfo[ /www/wwwroot/www.58hongtu.com/htmove/application/api/controller/Index.php ]
[ info ] [ LOG ] INIT File
---------------------------------------------------------------
[ 2020-10-10T15:45:35+08:00 ] 183.42.31.98 GET www.58hongtu.com/index/index/goods
[运行时间：0.037409s] [吞吐率：26.73req/s] [内存消耗：3,278.47kb] [文件加载：125]
[ info ] [ BEHAVIOR ] Run Closure @app_init [ RunTime:0.000023s ]
[ info ] [ CACHE ] INIT File
[ info ] [ BEHAVIOR ] Run \addons\epay\Epay @app_init [ RunTime:0.002774s ]
[ info ] [ BEHAVIOR ] Run Closure @app_init [ RunTime:0.002801s ]
[ info ] [ LANG ] /www/wwwroot/www.58hongtu.com/htmove/thinkphp/lang/zh-cn.php
[ info ] [ BEHAVIOR ] Run app\common\behavior\Common @app_dispatch [ RunTime:0.000277s ]
[ info ] [ ROUTE ] array (
  'type' => 'module',
  'module' => 
  array (
    0 => 'index',
    1 => 'index',
    2 => 'goods',
  ),
)
[ info ] [ HEADER ] array (
  'referer' => 'https://www.58hongtu.com/index/index/home?openid=oG2WP4ko4Tgny4KaaZ9ZtnIt8tK0',
  'accept-language' => 'zh-cn',
  'user-agent' => 'Mozilla/5.0 (iPhone; CPU iPhone OS 13_6_1 like Mac OS X) AppleWebKit/605.1.15 (KHTML, like Gecko) Mobile/15E148 MicroMessenger/7.0.13(0x17000d2a) NetType/4G Language/zh_CN miniProgram',
  'accept-encoding' => 'gzip, deflate, br',
  'accept' => 'text/html,application/xhtml+xml,application/xml;q=0.9,*/*;q=0.8',
  'host' => 'www.58hongtu.com',
  'content-length' => '',
  'content-type' => '',
)
[ info ] [ PARAM ] array (
)
[ info ] [ LANG ] /www/wwwroot/www.58hongtu.com/htmove/public/../application/index/lang/zh-cn.php
[ info ] [ BEHAVIOR ] Run app\common\behavior\Common @module_init [ RunTime:0.001605s ]
[ info ] [ LANG ] /www/wwwroot/www.58hongtu.com/htmove/public/../application/index/lang/zh-cn/index.php
[ info ] [ RUN ] app\index\controller\Index->goods[ /www/wwwroot/www.58hongtu.com/htmove/application/index/controller/Index.php ]
[ info ] [ VIEW ] /www/wwwroot/www.58hongtu.com/htmove/public/../application/index/view/index/goods.html [ array (
  0 => 'user',
  1 => 'site',
  2 => 'config',
) ]
[ info ] [ LOG ] INIT File
---------------------------------------------------------------
[ 2020-10-10T15:46:18+08:00 ] 183.42.31.98 GET www.58hongtu.com/api/index/addcarinfo?openid=oG2WP4ko4Tgny4KaaZ9ZtnIt8tK0&bj=%E4%B8%AD%E6%90%AC&coin=280
[运行时间：0.024092s] [吞吐率：41.51req/s] [内存消耗：2,607.00kb] [文件加载：120]
[ info ] [ BEHAVIOR ] Run Closure @app_init [ RunTime:0.000038s ]
[ info ] [ CACHE ] INIT File
[ info ] [ BEHAVIOR ] Run \addons\epay\Epay @app_init [ RunTime:0.001950s ]
[ info ] [ BEHAVIOR ] Run Closure @app_init [ RunTime:0.001968s ]
[ info ] [ LANG ] /www/wwwroot/www.58hongtu.com/htmove/thinkphp/lang/zh-cn.php
[ info ] [ BEHAVIOR ] Run app\common\behavior\Common @app_dispatch [ RunTime:0.000193s ]
[ info ] [ ROUTE ] array (
  'type' => 'module',
  'module' => 
  array (
    0 => 'api',
    1 => 'index',
    2 => 'addcarinfo',
  ),
)
[ info ] [ HEADER ] array (
  'accept-encoding' => 'gzip, deflate, br',
  'referer' => 'https://www.58hongtu.com/index/index/home?openid=oG2WP4ko4Tgny4KaaZ9ZtnIt8tK0',
  'user-agent' => 'Mozilla/5.0 (iPhone; CPU iPhone OS 13_6_1 like Mac OS X) AppleWebKit/605.1.15 (KHTML, like Gecko) Mobile/15E148 MicroMessenger/7.0.13(0x17000d2a) NetType/4G Language/zh_CN miniProgram',
  'x-requested-with' => 'XMLHttpRequest',
  'accept-language' => 'zh-cn',
  'accept' => 'application/json, text/javascript, */*; q=0.01',
  'host' => 'www.58hongtu.com',
  'content-length' => '',
  'content-type' => '',
)
[ info ] [ PARAM ] array (
  'openid' => 'oG2WP4ko4Tgny4KaaZ9ZtnIt8tK0',
  'bj' => '中搬',
  'coin' => '280',
)
[ info ] [ LANG ] /www/wwwroot/www.58hongtu.com/htmove/public/../application/api/lang/zh-cn.php
[ info ] [ BEHAVIOR ] Run app\common\behavior\Common @module_init [ RunTime:0.001149s ]
[ info ] [ RUN ] app\api\controller\Index->addcarinfo[ /www/wwwroot/www.58hongtu.com/htmove/application/api/controller/Index.php ]
[ info ] [ LOG ] INIT File
---------------------------------------------------------------
[ 2020-10-10T15:46:31+08:00 ] 183.42.31.98 GET www.58hongtu.com/api/index/addcarinfo?openid=oG2WP4ko4Tgny4KaaZ9ZtnIt8tK0&bj=%E5%A4%A7%E6%90%AC&coin=458
[运行时间：0.024705s] [吞吐率：40.48req/s] [内存消耗：2,607.00kb] [文件加载：120]
[ info ] [ BEHAVIOR ] Run Closure @app_init [ RunTime:0.000023s ]
[ info ] [ CACHE ] INIT File
[ info ] [ BEHAVIOR ] Run \addons\epay\Epay @app_init [ RunTime:0.001961s ]
[ info ] [ BEHAVIOR ] Run Closure @app_init [ RunTime:0.001981s ]
[ info ] [ LANG ] /www/wwwroot/www.58hongtu.com/htmove/thinkphp/lang/zh-cn.php
[ info ] [ BEHAVIOR ] Run app\common\behavior\Common @app_dispatch [ RunTime:0.000211s ]
[ info ] [ ROUTE ] array (
  'type' => 'module',
  'module' => 
  array (
    0 => 'api',
    1 => 'index',
    2 => 'addcarinfo',
  ),
)
[ info ] [ HEADER ] array (
  'accept-encoding' => 'gzip, deflate, br',
  'referer' => 'https://www.58hongtu.com/index/index/home?openid=oG2WP4ko4Tgny4KaaZ9ZtnIt8tK0',
  'user-agent' => 'Mozilla/5.0 (iPhone; CPU iPhone OS 13_6_1 like Mac OS X) AppleWebKit/605.1.15 (KHTML, like Gecko) Mobile/15E148 MicroMessenger/7.0.13(0x17000d2a) NetType/4G Language/zh_CN miniProgram',
  'x-requested-with' => 'XMLHttpRequest',
  'accept-language' => 'zh-cn',
  'accept' => 'application/json, text/javascript, */*; q=0.01',
  'host' => 'www.58hongtu.com',
  'content-length' => '',
  'content-type' => '',
)
[ info ] [ PARAM ] array (
  'openid' => 'oG2WP4ko4Tgny4KaaZ9ZtnIt8tK0',
  'bj' => '大搬',
  'coin' => '458',
)
[ info ] [ LANG ] /www/wwwroot/www.58hongtu.com/htmove/public/../application/api/lang/zh-cn.php
[ info ] [ BEHAVIOR ] Run app\common\behavior\Common @module_init [ RunTime:0.001173s ]
[ info ] [ RUN ] app\api\controller\Index->addcarinfo[ /www/wwwroot/www.58hongtu.com/htmove/application/api/controller/Index.php ]
[ info ] [ LOG ] INIT File
---------------------------------------------------------------
[ 2020-10-10T21:00:37+08:00 ] 110.167.215.117 GET www.58hongtu.com/
[运行时间：0.027802s] [吞吐率：35.97req/s] [内存消耗：2,992.42kb] [文件加载：126]
[ info ] [ BEHAVIOR ] Run Closure @app_init [ RunTime:0.000027s ]
[ info ] [ CACHE ] INIT File
[ info ] [ BEHAVIOR ] Run \addons\epay\Epay @app_init [ RunTime:0.001977s ]
[ info ] [ BEHAVIOR ] Run Closure @app_init [ RunTime:0.001995s ]
[ info ] [ LANG ] /www/wwwroot/www.58hongtu.com/htmove/thinkphp/lang/zh-cn.php
[ info ] [ BEHAVIOR ] Run app\common\behavior\Common @app_dispatch [ RunTime:0.000178s ]
[ info ] [ ROUTE ] array (
  'type' => 'module',
  'module' => 
  array (
    0 => '',
    1 => NULL,
    2 => NULL,
  ),
)
[ info ] [ HEADER ] array (
  'accept-encoding' => 'deflate, gzip',
  'accept' => '*/*',
  'host' => 'www.58hongtu.com',
  'user-agent' => 'Mozilla/5.0 (Windows NT 6.1; WOW64; rv:7.0.1) Gecko/20100101 Firefox/7.0.1',
  'content-length' => '',
  'content-type' => '',
)
[ info ] [ PARAM ] array (
)
[ info ] [ LANG ] /www/wwwroot/www.58hongtu.com/htmove/public/../application/index/lang/zh-cn.php
[ info ] [ BEHAVIOR ] Run app\common\behavior\Common @module_init [ RunTime:0.001334s ]
[ info ] [ LANG ] /www/wwwroot/www.58hongtu.com/htmove/public/../application/index/lang/zh-cn/index.php
[ info ] [ RUN ] app\index\controller\Index->index[ /www/wwwroot/www.58hongtu.com/htmove/application/index/controller/Index.php ]
[ info ] [ VIEW ] /www/wwwroot/www.58hongtu.com/htmove/public/../application/index/view/index/index.html [ array (
  0 => 'user',
  1 => 'site',
  2 => 'config',
) ]
[ info ] [ LOG ] INIT File
---------------------------------------------------------------
[ 2020-10-10T21:10:59+08:00 ] 124.235.138.32 GET www.58hongtu.com/pjsONbXFua.php/order?ref=addtabs
[运行时间：0.031339s] [吞吐率：31.91req/s] [内存消耗：2,925.26kb] [文件加载：127]
[ info ] [ BEHAVIOR ] Run Closure @app_init [ RunTime:0.000027s ]
[ info ] [ CACHE ] INIT File
[ info ] [ BEHAVIOR ] Run \addons\epay\Epay @app_init [ RunTime:0.002287s ]
[ info ] [ BEHAVIOR ] Run Closure @app_init [ RunTime:0.002307s ]
[ info ] [ LANG ] /www/wwwroot/www.58hongtu.com/htmove/thinkphp/lang/zh-cn.php
[ info ] [ BEHAVIOR ] Run app\common\behavior\Common @app_dispatch [ RunTime:0.000174s ]
[ info ] [ ROUTE ] array (
  'type' => 'module',
  'module' => 
  array (
    0 => 'admin',
    1 => 'order',
    2 => NULL,
  ),
)
[ info ] [ HEADER ] array (
  'accept-encoding' => 'deflate, gzip',
  'accept' => '*/*',
  'host' => 'www.58hongtu.com',
  'user-agent' => 'Mozilla/5.0 (Windows NT 6.1; WOW64; rv:7.0.1) Gecko/20100101 Firefox/7.0.1',
  'content-length' => '',
  'content-type' => '',
)
[ info ] [ PARAM ] array (
  'ref' => 'addtabs',
)
[ info ] [ LANG ] /www/wwwroot/www.58hongtu.com/htmove/public/../application/admin/lang/zh-cn.php
[ info ] [ BEHAVIOR ] Run app\common\behavior\Common @module_init [ RunTime:0.001381s ]
[ info ] [ SESSION ] INIT array (
  'id' => '',
  'var_session_id' => '',
  'prefix' => 'think',
  'type' => '',
  'auto_start' => true,
)
[ info ] [ VIEW ] /www/wwwroot/www.58hongtu.com/htmove/public/../application/common/view/tpl/dispatch_jump.tpl [ array (
  0 => 'code',
  1 => 'msg',
  2 => 'data',
  3 => 'url',
  4 => 'wait',
) ]
[ info ] [ BEHAVIOR ] Run app\admin\behavior\AdminLog @app_end [ RunTime:0.000095s ]
[ info ] [ LOG ] INIT File
---------------------------------------------------------------
[ 2020-10-10T21:11:00+08:00 ] 171.34.178.29 GET www.58hongtu.com/
[运行时间：0.027827s] [吞吐率：35.94req/s] [内存消耗：2,992.42kb] [文件加载：126]
[ info ] [ BEHAVIOR ] Run Closure @app_init [ RunTime:0.000028s ]
[ info ] [ CACHE ] INIT File
[ info ] [ BEHAVIOR ] Run \addons\epay\Epay @app_init [ RunTime:0.002104s ]
[ info ] [ BEHAVIOR ] Run Closure @app_init [ RunTime:0.002122s ]
[ info ] [ LANG ] /www/wwwroot/www.58hongtu.com/htmove/thinkphp/lang/zh-cn.php
[ info ] [ BEHAVIOR ] Run app\common\behavior\Common @app_dispatch [ RunTime:0.000172s ]
[ info ] [ ROUTE ] array (
  'type' => 'module',
  'module' => 
  array (
    0 => '',
    1 => NULL,
    2 => NULL,
  ),
)
[ info ] [ HEADER ] array (
  'accept-encoding' => 'deflate, gzip',
  'accept' => '*/*',
  'host' => 'www.58hongtu.com',
  'user-agent' => 'Mozilla/5.0 (Windows NT 6.1; WOW64; rv:7.0.1) Gecko/20100101 Firefox/7.0.1',
  'content-length' => '',
  'content-type' => '',
)
[ info ] [ PARAM ] array (
)
[ info ] [ LANG ] /www/wwwroot/www.58hongtu.com/htmove/public/../application/index/lang/zh-cn.php
[ info ] [ BEHAVIOR ] Run app\common\behavior\Common @module_init [ RunTime:0.001196s ]
[ info ] [ LANG ] /www/wwwroot/www.58hongtu.com/htmove/public/../application/index/lang/zh-cn/index.php
[ info ] [ RUN ] app\index\controller\Index->index[ /www/wwwroot/www.58hongtu.com/htmove/application/index/controller/Index.php ]
[ info ] [ VIEW ] /www/wwwroot/www.58hongtu.com/htmove/public/../application/index/view/index/index.html [ array (
  0 => 'user',
  1 => 'site',
  2 => 'config',
) ]
[ info ] [ LOG ] INIT File
---------------------------------------------------------------
[ 2020-10-10T21:36:21+08:00 ] 39.64.189.125 GET www.58hongtu.com/pjsONbXFua.php/index/login?url=%2FpjsONbXFua.php%2Forder%3Fref%3Daddtabs
[运行时间：0.029885s] [吞吐率：33.46req/s] [内存消耗：3,410.66kb] [文件加载：130]
[ info ] [ BEHAVIOR ] Run Closure @app_init [ RunTime:0.000025s ]
[ info ] [ CACHE ] INIT File
[ info ] [ BEHAVIOR ] Run \addons\epay\Epay @app_init [ RunTime:0.001922s ]
[ info ] [ BEHAVIOR ] Run Closure @app_init [ RunTime:0.001939s ]
[ info ] [ LANG ] /www/wwwroot/www.58hongtu.com/htmove/thinkphp/lang/zh-cn.php
[ info ] [ BEHAVIOR ] Run app\common\behavior\Common @app_dispatch [ RunTime:0.000171s ]
[ info ] [ ROUTE ] array (
  'type' => 'module',
  'module' => 
  array (
    0 => 'admin',
    1 => 'index',
    2 => 'login',
  ),
)
[ info ] [ HEADER ] array (
  'accept-encoding' => 'deflate, gzip',
  'accept' => '*/*',
  'host' => 'www.58hongtu.com',
  'user-agent' => 'Mozilla/5.0 (Windows NT 6.1; WOW64; rv:7.0.1) Gecko/20100101 Firefox/7.0.1',
  'content-length' => '',
  'content-type' => '',
)
[ info ] [ PARAM ] array (
  'url' => '/pjsONbXFua.php/order?ref=addtabs',
)
[ info ] [ LANG ] /www/wwwroot/www.58hongtu.com/htmove/public/../application/admin/lang/zh-cn.php
[ info ] [ BEHAVIOR ] Run app\common\behavior\Common @module_init [ RunTime:0.001165s ]
[ info ] [ SESSION ] INIT array (
  'id' => '',
  'var_session_id' => '',
  'prefix' => 'think',
  'type' => '',
  'auto_start' => true,
)
[ info ] [ LANG ] /www/wwwroot/www.58hongtu.com/htmove/public/../application/admin/lang/zh-cn/index.php
[ info ] [ RUN ] app\admin\controller\Index->login[ /www/wwwroot/www.58hongtu.com/htmove/application/admin/controller/Index.php ]
[ info ] [ VIEW ] /www/wwwroot/www.58hongtu.com/htmove/public/../application/admin/view/index/login.html [ array (
  0 => 'breadcrumb',
  1 => 'site',
  2 => 'config',
  3 => 'auth',
  4 => 'admin',
  5 => 'background',
  6 => 'title',
) ]
[ info ] [ BEHAVIOR ] Run app\admin\behavior\AdminLog @app_end [ RunTime:0.000089s ]
[ info ] [ LOG ] INIT File
---------------------------------------------------------------
[ 2020-10-10T21:41:50+08:00 ] 110.83.32.145 GET www.58hongtu.com/
[运行时间：0.027854s] [吞吐率：35.90req/s] [内存消耗：2,958.91kb] [文件加载：124]
[ info ] [ BEHAVIOR ] Run Closure @app_init [ RunTime:0.000027s ]
[ info ] [ CACHE ] INIT File
[ info ] [ BEHAVIOR ] Run \addons\epay\Epay @app_init [ RunTime:0.001934s ]
[ info ] [ BEHAVIOR ] Run Closure @app_init [ RunTime:0.001951s ]
[ info ] [ BEHAVIOR ] Run app\common\behavior\Common @app_dispatch [ RunTime:0.000172s ]
[ info ] [ ROUTE ] array (
  'type' => 'module',
  'module' => 
  array (
    0 => '',
    1 => NULL,
    2 => NULL,
  ),
)
[ info ] [ HEADER ] array (
  'user-agent' => 'Scrapy/1.7.3 (+https://scrapy.org)',
  'accept' => 'text/html,application/xhtml+xml,application/xml;q=0.9,*/*;q=0.8',
  'accept-encoding' => 'gzip,deflate',
  'accept-language' => 'en',
  'host' => 'www.58hongtu.com',
  'content-length' => '',
  'content-type' => '',
)
[ info ] [ PARAM ] array (
)
[ info ] [ BEHAVIOR ] Run app\common\behavior\Common @module_init [ RunTime:0.001142s ]
[ info ] [ LANG ] /www/wwwroot/www.58hongtu.com/htmove/public/../application/index/lang/en/index.php
[ info ] [ RUN ] app\index\controller\Index->index[ /www/wwwroot/www.58hongtu.com/htmove/application/index/controller/Index.php ]
[ info ] [ VIEW ] /www/wwwroot/www.58hongtu.com/htmove/public/../application/index/view/index/index.html [ array (
  0 => 'user',
  1 => 'site',
  2 => 'config',
) ]
[ info ] [ LOG ] INIT File
---------------------------------------------------------------
[ 2020-10-10T21:41:50+08:00 ] 110.83.32.145 GET www.58hongtu.com/pjsONbXFua.php/order?ref=addtabs
[运行时间：0.026351s] [吞吐率：37.95req/s] [内存消耗：2,878.29kb] [文件加载：125]
[ info ] [ BEHAVIOR ] Run Closure @app_init [ RunTime:0.000025s ]
[ info ] [ CACHE ] INIT File
[ info ] [ BEHAVIOR ] Run \addons\epay\Epay @app_init [ RunTime:0.001903s ]
[ info ] [ BEHAVIOR ] Run Closure @app_init [ RunTime:0.001920s ]
[ info ] [ BEHAVIOR ] Run app\common\behavior\Common @app_dispatch [ RunTime:0.000170s ]
[ info ] [ ROUTE ] array (
  'type' => 'module',
  'module' => 
  array (
    0 => 'admin',
    1 => 'order',
    2 => NULL,
  ),
)
[ info ] [ HEADER ] array (
  'referer' => 'http://www.58hongtu.com',
  'host' => 'www.58hongtu.com',
  'user-agent' => 'Scrapy/1.7.3 (+https://scrapy.org)',
  'accept' => 'text/html,application/xhtml+xml,application/xml;q=0.9,*/*;q=0.8',
  'accept-encoding' => 'gzip,deflate',
  'accept-language' => 'en',
  'content-length' => '',
  'content-type' => '',
)
[ info ] [ PARAM ] array (
  'ref' => 'addtabs',
)
[ info ] [ BEHAVIOR ] Run app\common\behavior\Common @module_init [ RunTime:0.001127s ]
[ info ] [ SESSION ] INIT array (
  'id' => '',
  'var_session_id' => '',
  'prefix' => 'think',
  'type' => '',
  'auto_start' => true,
)
[ info ] [ VIEW ] /www/wwwroot/www.58hongtu.com/htmove/public/../application/common/view/tpl/dispatch_jump.tpl [ array (
  0 => 'code',
  1 => 'msg',
  2 => 'data',
  3 => 'url',
  4 => 'wait',
) ]
[ info ] [ BEHAVIOR ] Run app\admin\behavior\AdminLog @app_end [ RunTime:0.000079s ]
[ info ] [ LOG ] INIT File
---------------------------------------------------------------
[ 2020-10-10T21:41:51+08:00 ] 110.83.32.145 GET www.58hongtu.com/pjsONbXFua.php/index/login?url=%2FpjsONbXFua.php%2Forder%3Fref%3Daddtabs
[运行时间：0.039315s] [吞吐率：25.44req/s] [内存消耗：3,350.79kb] [文件加载：127]
[ info ] [ BEHAVIOR ] Run Closure @app_init [ RunTime:0.000025s ]
[ info ] [ CACHE ] INIT File
[ info ] [ BEHAVIOR ] Run \addons\epay\Epay @app_init [ RunTime:0.002127s ]
[ info ] [ BEHAVIOR ] Run Closure @app_init [ RunTime:0.002143s ]
[ info ] [ BEHAVIOR ] Run app\common\behavior\Common @app_dispatch [ RunTime:0.000171s ]
[ info ] [ ROUTE ] array (
  'type' => 'module',
  'module' => 
  array (
    0 => 'admin',
    1 => 'index',
    2 => 'login',
  ),
)
[ info ] [ HEADER ] array (
  'referer' => 'http://www.58hongtu.com/pjsONbXFua.php/order?ref=addtabs',
  'cookie' => 'PHPSESSID=k00dp171mb8agdl5dnob1qi0d1',
  'host' => 'www.58hongtu.com',
  'user-agent' => 'Scrapy/1.7.3 (+https://scrapy.org)',
  'accept' => 'text/html,application/xhtml+xml,application/xml;q=0.9,*/*;q=0.8',
  'accept-encoding' => 'gzip,deflate',
  'accept-language' => 'en',
  'content-length' => '',
  'content-type' => '',
)
[ info ] [ PARAM ] array (
  'url' => '/pjsONbXFua.php/order?ref=addtabs',
)
[ info ] [ BEHAVIOR ] Run app\common\behavior\Common @module_init [ RunTime:0.001127s ]
[ info ] [ SESSION ] INIT array (
  'id' => '',
  'var_session_id' => '',
  'prefix' => 'think',
  'type' => '',
  'auto_start' => true,
)
[ info ] [ RUN ] app\admin\controller\Index->login[ /www/wwwroot/www.58hongtu.com/htmove/application/admin/controller/Index.php ]
[ info ] [ VIEW ] /www/wwwroot/www.58hongtu.com/htmove/public/../application/admin/view/index/login.html [ array (
  0 => 'breadcrumb',
  1 => 'site',
  2 => 'config',
  3 => 'auth',
  4 => 'admin',
  5 => 'background',
  6 => 'title',
) ]
[ info ] [ BEHAVIOR ] Run app\admin\behavior\AdminLog @app_end [ RunTime:0.000068s ]
[ info ] [ LOG ] INIT File
---------------------------------------------------------------
[ 2020-10-10T21:42:44+08:00 ] 110.83.32.145 GET www.58hongtu.com/index/user/index.html
[运行时间：0.033716s] [吞吐率：29.66req/s] [内存消耗：3,697.40kb] [文件加载：130]
[ info ] [ BEHAVIOR ] Run Closure @app_init [ RunTime:0.000025s ]
[ info ] [ CACHE ] INIT File
[ info ] [ BEHAVIOR ] Run \addons\epay\Epay @app_init [ RunTime:0.002065s ]
[ info ] [ BEHAVIOR ] Run Closure @app_init [ RunTime:0.002081s ]
[ info ] [ BEHAVIOR ] Run app\common\behavior\Common @app_dispatch [ RunTime:0.000174s ]
[ info ] [ ROUTE ] array (
  'type' => 'module',
  'module' => 
  array (
    0 => 'index',
    1 => 'user',
    2 => 'index',
  ),
)
[ info ] [ HEADER ] array (
  'referer' => 'http://www.58hongtu.com',
  'cookie' => 'PHPSESSID=k00dp171mb8agdl5dnob1qi0d1',
  'host' => 'www.58hongtu.com',
  'user-agent' => 'Scrapy/1.7.3 (+https://scrapy.org)',
  'accept' => 'text/html,application/xhtml+xml,application/xml;q=0.9,*/*;q=0.8',
  'accept-encoding' => 'gzip,deflate',
  'accept-language' => 'en',
  'content-length' => '',
  'content-type' => '',
)
[ info ] [ PARAM ] array (
)
[ info ] [ BEHAVIOR ] Run app\common\behavior\Common @module_init [ RunTime:0.001299s ]
[ info ] [ TOKEN ] INIT Mysql
[ info ] [ DB ] INIT mysql
[ info ] [ VIEW ] /www/wwwroot/www.58hongtu.com/htmove/public/../application/common/view/tpl/dispatch_jump.tpl [ array (
  0 => 'code',
  1 => 'msg',
  2 => 'data',
  3 => 'url',
  4 => 'wait',
) ]
[ info ] [ LOG ] INIT File
---------------------------------------------------------------
[ 2020-10-10T21:42:50+08:00 ] 110.83.32.145 GET www.58hongtu.com/index/user/login.html
[运行时间：0.030707s] [吞吐率：32.57req/s] [内存消耗：3,010.27kb] [文件加载：122]
[ info ] [ BEHAVIOR ] Run Closure @app_init [ RunTime:0.000035s ]
[ info ] [ CACHE ] INIT File
[ info ] [ BEHAVIOR ] Run \addons\epay\Epay @app_init [ RunTime:0.002339s ]
[ info ] [ BEHAVIOR ] Run Closure @app_init [ RunTime:0.002366s ]
[ info ] [ BEHAVIOR ] Run app\common\behavior\Common @app_dispatch [ RunTime:0.000304s ]
[ info ] [ ROUTE ] array (
  'type' => 'module',
  'module' => 
  array (
    0 => 'index',
    1 => 'user',
    2 => 'login',
  ),
)
[ info ] [ HEADER ] array (
  'referer' => 'http://www.58hongtu.com/index/user/index.html',
  'cookie' => 'PHPSESSID=k00dp171mb8agdl5dnob1qi0d1',
  'host' => 'www.58hongtu.com',
  'user-agent' => 'Scrapy/1.7.3 (+https://scrapy.org)',
  'accept' => 'text/html,application/xhtml+xml,application/xml;q=0.9,*/*;q=0.8',
  'accept-encoding' => 'gzip,deflate',
  'accept-language' => 'en',
  'content-length' => '',
  'content-type' => '',
)
[ info ] [ PARAM ] array (
)
[ info ] [ BEHAVIOR ] Run app\common\behavior\Common @module_init [ RunTime:0.001219s ]
[ info ] [ RUN ] app\index\controller\User->login[ /www/wwwroot/www.58hongtu.com/htmove/application/index/controller/User.php ]
[ info ] [ VIEW ] /www/wwwroot/www.58hongtu.com/htmove/public/../application/index/view/user/login.html [ array (
  0 => 'user',
  1 => 'site',
  2 => 'config',
  3 => 'url',
  4 => 'title',
) ]
[ info ] [ SESSION ] INIT array (
  'id' => '',
  'var_session_id' => '',
  'prefix' => 'think',
  'type' => '',
  'auto_start' => true,
)
[ info ] [ LOG ] INIT File
---------------------------------------------------------------
[ 2020-10-10T21:43:00+08:00 ] 110.83.32.145 GET www.58hongtu.com/index/user/register.html
[运行时间：0.028141s] [吞吐率：35.54req/s] [内存消耗：3,008.52kb] [文件加载：122]
[ info ] [ BEHAVIOR ] Run Closure @app_init [ RunTime:0.000026s ]
[ info ] [ CACHE ] INIT File
[ info ] [ BEHAVIOR ] Run \addons\epay\Epay @app_init [ RunTime:0.002077s ]
[ info ] [ BEHAVIOR ] Run Closure @app_init [ RunTime:0.002094s ]
[ info ] [ BEHAVIOR ] Run app\common\behavior\Common @app_dispatch [ RunTime:0.000174s ]
[ info ] [ ROUTE ] array (
  'type' => 'module',
  'module' => 
  array (
    0 => 'index',
    1 => 'user',
    2 => 'register',
  ),
)
[ info ] [ HEADER ] array (
  'referer' => 'http://www.58hongtu.com/index/user/login.html',
  'cookie' => 'PHPSESSID=k00dp171mb8agdl5dnob1qi0d1',
  'host' => 'www.58hongtu.com',
  'user-agent' => 'Scrapy/1.7.3 (+https://scrapy.org)',
  'accept' => 'text/html,application/xhtml+xml,application/xml;q=0.9,*/*;q=0.8',
  'accept-encoding' => 'gzip,deflate',
  'accept-language' => 'en',
  'content-length' => '',
  'content-type' => '',
)
[ info ] [ PARAM ] array (
)
[ info ] [ BEHAVIOR ] Run app\common\behavior\Common @module_init [ RunTime:0.001232s ]
[ info ] [ RUN ] app\index\controller\User->register[ /www/wwwroot/www.58hongtu.com/htmove/application/index/controller/User.php ]
[ info ] [ VIEW ] /www/wwwroot/www.58hongtu.com/htmove/public/../application/index/view/user/register.html [ array (
  0 => 'user',
  1 => 'site',
  2 => 'config',
  3 => 'captchaType',
  4 => 'url',
  5 => 'title',
) ]
[ info ] [ SESSION ] INIT array (
  'id' => '',
  'var_session_id' => '',
  'prefix' => 'think',
  'type' => '',
  'auto_start' => true,
)
[ info ] [ LOG ] INIT File
---------------------------------------------------------------
[ 2020-10-10T21:43:04+08:00 ] 110.83.32.145 GET www.58hongtu.com/index/user/register.html?url=http%3A%2F%2Fwww.58hongtu.com%2Findex%2Fuser%2Findex.html
[运行时间：0.027391s] [吞吐率：36.51req/s] [内存消耗：3,009.02kb] [文件加载：122]
[ info ] [ BEHAVIOR ] Run Closure @app_init [ RunTime:0.000022s ]
[ info ] [ CACHE ] INIT File
[ info ] [ BEHAVIOR ] Run \addons\epay\Epay @app_init [ RunTime:0.001937s ]
[ info ] [ BEHAVIOR ] Run Closure @app_init [ RunTime:0.001953s ]
[ info ] [ BEHAVIOR ] Run app\common\behavior\Common @app_dispatch [ RunTime:0.000191s ]
[ info ] [ ROUTE ] array (
  'type' => 'module',
  'module' => 
  array (
    0 => 'index',
    1 => 'user',
    2 => 'register',
  ),
)
[ info ] [ HEADER ] array (
  'referer' => 'http://www.58hongtu.com/index/user/login.html',
  'cookie' => 'PHPSESSID=k00dp171mb8agdl5dnob1qi0d1',
  'host' => 'www.58hongtu.com',
  'user-agent' => 'Scrapy/1.7.3 (+https://scrapy.org)',
  'accept' => 'text/html,application/xhtml+xml,application/xml;q=0.9,*/*;q=0.8',
  'accept-encoding' => 'gzip,deflate',
  'accept-language' => 'en',
  'content-length' => '',
  'content-type' => '',
)
[ info ] [ PARAM ] array (
  'url' => 'http://www.58hongtu.com/index/user/index.html',
)
[ info ] [ BEHAVIOR ] Run app\common\behavior\Common @module_init [ RunTime:0.001137s ]
[ info ] [ RUN ] app\index\controller\User->register[ /www/wwwroot/www.58hongtu.com/htmove/application/index/controller/User.php ]
[ info ] [ VIEW ] /www/wwwroot/www.58hongtu.com/htmove/public/../application/index/view/user/register.html [ array (
  0 => 'user',
  1 => 'site',
  2 => 'config',
  3 => 'captchaType',
  4 => 'url',
  5 => 'title',
) ]
[ info ] [ SESSION ] INIT array (
  'id' => '',
  'var_session_id' => '',
  'prefix' => 'think',
  'type' => '',
  'auto_start' => true,
)
[ info ] [ LOG ] INIT File
---------------------------------------------------------------
[ 2020-10-10T22:01:27+08:00 ] 183.160.251.33 GET www.58hongtu.com/
[运行时间：0.028932s] [吞吐率：34.56req/s] [内存消耗：2,992.42kb] [文件加载：126]
[ info ] [ BEHAVIOR ] Run Closure @app_init [ RunTime:0.000022s ]
[ info ] [ CACHE ] INIT File
[ info ] [ BEHAVIOR ] Run \addons\epay\Epay @app_init [ RunTime:0.002026s ]
[ info ] [ BEHAVIOR ] Run Closure @app_init [ RunTime:0.002047s ]
[ info ] [ LANG ] /www/wwwroot/www.58hongtu.com/htmove/thinkphp/lang/zh-cn.php
[ info ] [ BEHAVIOR ] Run app\common\behavior\Common @app_dispatch [ RunTime:0.000173s ]
[ info ] [ ROUTE ] array (
  'type' => 'module',
  'module' => 
  array (
    0 => '',
    1 => NULL,
    2 => NULL,
  ),
)
[ info ] [ HEADER ] array (
  'accept-encoding' => 'deflate, gzip',
  'accept' => '*/*',
  'host' => 'www.58hongtu.com',
  'user-agent' => 'Mozilla/5.0 (Windows NT 6.1; WOW64; rv:7.0.1) Gecko/20100101 Firefox/7.0.1',
  'content-length' => '',
  'content-type' => '',
)
[ info ] [ PARAM ] array (
)
[ info ] [ LANG ] /www/wwwroot/www.58hongtu.com/htmove/public/../application/index/lang/zh-cn.php
[ info ] [ BEHAVIOR ] Run app\common\behavior\Common @module_init [ RunTime:0.001189s ]
[ info ] [ LANG ] /www/wwwroot/www.58hongtu.com/htmove/public/../application/index/lang/zh-cn/index.php
[ info ] [ RUN ] app\index\controller\Index->index[ /www/wwwroot/www.58hongtu.com/htmove/application/index/controller/Index.php ]
[ info ] [ VIEW ] /www/wwwroot/www.58hongtu.com/htmove/public/../application/index/view/index/index.html [ array (
  0 => 'user',
  1 => 'site',
  2 => 'config',
) ]
[ info ] [ LOG ] INIT File
