---------------------------------------------------------------
[ 2020-10-16T03:09:10+08:00 ] 159.138.141.101 GET www.58hongtu.com/
[运行时间：0.040518s] [吞吐率：24.68req/s] [内存消耗：2,960.52kb] [文件加载：123]
[ info ] [ BEHAVIOR ] Run Closure @app_init [ RunTime:0.000030s ]
[ info ] [ CACHE ] INIT File
[ info ] [ BEHAVIOR ] Run \addons\epay\Epay @app_init [ RunTime:0.002962s ]
[ info ] [ BEHAVIOR ] Run Closure @app_init [ RunTime:0.002984s ]
[ info ] [ BEHAVIOR ] Run app\common\behavior\Common @app_dispatch [ RunTime:0.000267s ]
[ info ] [ ROUTE ] array (
  'type' => 'module',
  'module' => 
  array (
    0 => '',
    1 => NULL,
    2 => NULL,
  ),
)
[ info ] [ HEADER ] array (
  'host' => 'www.58hongtu.com',
  'accept-encoding' => 'x-gzip, gzip, deflate',
  'accept' => 'text/html,application/xml;q=0.9,application/xhtml+xml,text/xml;q=0.9,text/plain;q=0.8,image/png,*/*;q=0.5',
  'accept-charset' => 'utf-8,ISO-8859-1;q=0.7,*;q=0.7',
  'accept-language' => 'en-us,en-gb,en;q=0.7,*;q=0.3',
  'user-agent' => 'HuaweiWebCatBot/6.0) (To acquire the allowed html pages as reliable information of URL categorization in the automatic process for Huawei Web Categorization.; https://isecurity.huawei.com/; sec at huawei dot com)',
  'content-length' => '',
  'content-type' => '',
)
[ info ] [ PARAM ] array (
)
[ info ] [ BEHAVIOR ] Run app\common\behavior\Common @module_init [ RunTime:0.001767s ]
[ info ] [ RUN ] app\index\controller\Index->index[ /www/wwwroot/www.58hongtu.com/htmove/application/index/controller/Index.php ]
[ info ] [ VIEW ] /www/wwwroot/www.58hongtu.com/htmove/public/../application/index/view/index/index.html [ array (
  0 => 'user',
  1 => 'site',
  2 => 'config',
) ]
[ info ] [ LOG ] INIT File
---------------------------------------------------------------
[ 2020-10-16T11:26:19+08:00 ] 116.179.32.90 GET www.58hongtu.com/
[运行时间：0.027177s] [吞吐率：36.80req/s] [内存消耗：2,994.84kb] [文件加载：126]
[ info ] [ BEHAVIOR ] Run Closure @app_init [ RunTime:0.000022s ]
[ info ] [ CACHE ] INIT File
[ info ] [ BEHAVIOR ] Run \addons\epay\Epay @app_init [ RunTime:0.001955s ]
[ info ] [ BEHAVIOR ] Run Closure @app_init [ RunTime:0.001972s ]
[ info ] [ LANG ] /www/wwwroot/www.58hongtu.com/htmove/thinkphp/lang/zh-cn.php
[ info ] [ BEHAVIOR ] Run app\common\behavior\Common @app_dispatch [ RunTime:0.000186s ]
[ info ] [ ROUTE ] array (
  'type' => 'module',
  'module' => 
  array (
    0 => '',
    1 => NULL,
    2 => NULL,
  ),
)
[ info ] [ HEADER ] array (
  'accept' => '*/*',
  'accept-encoding' => 'gzip',
  'if-none-match' => '',
  'accept-language' => 'zh-cn,zh-tw',
  'user-agent' => 'Mozilla/5.0 (compatible; Baiduspider/2.0; +http://www.baidu.com/search/spider.html)',
  'connection' => 'close',
  'host' => 'www.58hongtu.com',
  'content-length' => '',
  'content-type' => '',
)
[ info ] [ PARAM ] array (
)
[ info ] [ LANG ] /www/wwwroot/www.58hongtu.com/htmove/public/../application/index/lang/zh-cn.php
[ info ] [ BEHAVIOR ] Run app\common\behavior\Common @module_init [ RunTime:0.001183s ]
[ info ] [ LANG ] /www/wwwroot/www.58hongtu.com/htmove/public/../application/index/lang/zh-cn/index.php
[ info ] [ RUN ] app\index\controller\Index->index[ /www/wwwroot/www.58hongtu.com/htmove/application/index/controller/Index.php ]
[ info ] [ VIEW ] /www/wwwroot/www.58hongtu.com/htmove/public/../application/index/view/index/index.html [ array (
  0 => 'user',
  1 => 'site',
  2 => 'config',
) ]
[ info ] [ LOG ] INIT File
---------------------------------------------------------------
[ 2020-10-16T14:32:34+08:00 ] 110.241.51.106 GET www.58hongtu.com/index/index/home
[运行时间：0.033611s] [吞吐率：29.75req/s] [内存消耗：3,059.11kb] [文件加载：125]
[ info ] [ BEHAVIOR ] Run Closure @app_init [ RunTime:0.000030s ]
[ info ] [ CACHE ] INIT File
[ info ] [ BEHAVIOR ] Run \addons\epay\Epay @app_init [ RunTime:0.002379s ]
[ info ] [ BEHAVIOR ] Run Closure @app_init [ RunTime:0.002727s ]
[ info ] [ LANG ] /www/wwwroot/www.58hongtu.com/htmove/thinkphp/lang/zh-cn.php
[ info ] [ BEHAVIOR ] Run app\common\behavior\Common @app_dispatch [ RunTime:0.000271s ]
[ info ] [ ROUTE ] array (
  'type' => 'module',
  'module' => 
  array (
    0 => 'index',
    1 => 'index',
    2 => 'home',
  ),
)
[ info ] [ HEADER ] array (
  'accept-encoding' => 'gzip, deflate, br',
  'accept-language' => 'zh-cn',
  'accept' => 'text/html,application/xhtml+xml,application/xml;q=0.9,*/*;q=0.8',
  'user-agent' => 'Mozilla/5.0 (iPhone; CPU iPhone OS 14_0_1 like Mac OS X) AppleWebKit/605.1.15 (KHTML, like Gecko) Mobile/15E148 MicroMessenger/7.0.17(0x17001126) NetType/WIFI Language/zh_CN miniProgram',
  'host' => 'www.58hongtu.com',
  'content-length' => '',
  'content-type' => '',
)
[ info ] [ PARAM ] array (
)
[ info ] [ LANG ] /www/wwwroot/www.58hongtu.com/htmove/public/../application/index/lang/zh-cn.php
[ info ] [ BEHAVIOR ] Run app\common\behavior\Common @module_init [ RunTime:0.001378s ]
[ info ] [ LANG ] /www/wwwroot/www.58hongtu.com/htmove/public/../application/index/lang/zh-cn/index.php
[ info ] [ RUN ] app\index\controller\Index->home[ /www/wwwroot/www.58hongtu.com/htmove/application/index/controller/Index.php ]
[ info ] [ VIEW ] /www/wwwroot/www.58hongtu.com/htmove/public/../application/index/view/index/home.html [ array (
  0 => 'user',
  1 => 'site',
  2 => 'config',
) ]
[ info ] [ LOG ] INIT File
---------------------------------------------------------------
[ 2020-10-16T14:32:34+08:00 ] 110.241.51.106 GET www.58hongtu.com/api/index/openid?code=011AAg100n9wuK1my6200gk4xB0AAg1Y
[运行时间：0.238783s] [吞吐率：4.19req/s] [内存消耗：3,855.23kb] [文件加载：127]
[ info ] [ BEHAVIOR ] Run Closure @app_init [ RunTime:0.000022s ]
[ info ] [ CACHE ] INIT File
[ info ] [ BEHAVIOR ] Run \addons\epay\Epay @app_init [ RunTime:0.001936s ]
[ info ] [ BEHAVIOR ] Run Closure @app_init [ RunTime:0.001956s ]
[ info ] [ LANG ] /www/wwwroot/www.58hongtu.com/htmove/thinkphp/lang/zh-cn.php
[ info ] [ BEHAVIOR ] Run app\common\behavior\Common @app_dispatch [ RunTime:0.000179s ]
[ info ] [ ROUTE ] array (
  'type' => 'module',
  'module' => 
  array (
    0 => 'api',
    1 => 'index',
    2 => 'openid',
  ),
)
[ info ] [ HEADER ] array (
  'accept-language' => 'zh-cn',
  'referer' => 'https://servicewechat.com/wx3dd58f4332fd09ed/18/page-frame.html',
  'user-agent' => 'Mozilla/5.0 (iPhone; CPU iPhone OS 14_0_1 like Mac OS X) AppleWebKit/605.1.15 (KHTML, like Gecko) Mobile/15E148 MicroMessenger/7.0.17(0x17001126) NetType/WIFI Language/zh_CN',
  'accept-encoding' => 'gzip, deflate, br',
  'content-type' => 'application/json',
  'accept' => '*/*',
  'host' => 'www.58hongtu.com',
  'content-length' => '',
)
[ info ] [ PARAM ] array (
  'code' => '011AAg100n9wuK1my6200gk4xB0AAg1Y',
)
[ info ] [ LANG ] /www/wwwroot/www.58hongtu.com/htmove/public/../application/api/lang/zh-cn.php
[ info ] [ BEHAVIOR ] Run app\common\behavior\Common @module_init [ RunTime:0.001158s ]
[ info ] [ RUN ] app\api\controller\Index->openid[ /www/wwwroot/www.58hongtu.com/htmove/application/api/controller/Index.php ]
[ info ] [ DB ] INIT mysql
[ info ] [ LOG ] INIT File
---------------------------------------------------------------
[ 2020-10-16T14:32:35+08:00 ] 110.241.51.106 GET www.58hongtu.com/index/index/home?openid=oG2WP4trkdZysnmSLTPP2cPcb-5E
[运行时间：0.031291s] [吞吐率：31.96req/s] [内存消耗：3,059.30kb] [文件加载：125]
[ info ] [ BEHAVIOR ] Run Closure @app_init [ RunTime:0.000024s ]
[ info ] [ CACHE ] INIT File
[ info ] [ BEHAVIOR ] Run \addons\epay\Epay @app_init [ RunTime:0.002215s ]
[ info ] [ BEHAVIOR ] Run Closure @app_init [ RunTime:0.002237s ]
[ info ] [ LANG ] /www/wwwroot/www.58hongtu.com/htmove/thinkphp/lang/zh-cn.php
[ info ] [ BEHAVIOR ] Run app\common\behavior\Common @app_dispatch [ RunTime:0.000213s ]
[ info ] [ ROUTE ] array (
  'type' => 'module',
  'module' => 
  array (
    0 => 'index',
    1 => 'index',
    2 => 'home',
  ),
)
[ info ] [ HEADER ] array (
  'accept-encoding' => 'gzip, deflate, br',
  'accept-language' => 'zh-cn',
  'accept' => 'text/html,application/xhtml+xml,application/xml;q=0.9,*/*;q=0.8',
  'user-agent' => 'Mozilla/5.0 (iPhone; CPU iPhone OS 14_0_1 like Mac OS X) AppleWebKit/605.1.15 (KHTML, like Gecko) Mobile/15E148 MicroMessenger/7.0.17(0x17001126) NetType/WIFI Language/zh_CN miniProgram',
  'host' => 'www.58hongtu.com',
  'content-length' => '',
  'content-type' => '',
)
[ info ] [ PARAM ] array (
  'openid' => 'oG2WP4trkdZysnmSLTPP2cPcb-5E',
)
[ info ] [ LANG ] /www/wwwroot/www.58hongtu.com/htmove/public/../application/index/lang/zh-cn.php
[ info ] [ BEHAVIOR ] Run app\common\behavior\Common @module_init [ RunTime:0.001409s ]
[ info ] [ LANG ] /www/wwwroot/www.58hongtu.com/htmove/public/../application/index/lang/zh-cn/index.php
[ info ] [ RUN ] app\index\controller\Index->home[ /www/wwwroot/www.58hongtu.com/htmove/application/index/controller/Index.php ]
[ info ] [ VIEW ] /www/wwwroot/www.58hongtu.com/htmove/public/../application/index/view/index/home.html [ array (
  0 => 'user',
  1 => 'site',
  2 => 'config',
) ]
[ info ] [ LOG ] INIT File
---------------------------------------------------------------
[ 2020-10-16T14:32:36+08:00 ] 110.241.51.106 GET www.58hongtu.com/api/index/getlocation?openid=oG2WP4trkdZysnmSLTPP2cPcb-5E
[运行时间：0.026942s] [吞吐率：37.12req/s] [内存消耗：2,606.83kb] [文件加载：120]
[ info ] [ BEHAVIOR ] Run Closure @app_init [ RunTime:0.000024s ]
[ info ] [ CACHE ] INIT File
[ info ] [ BEHAVIOR ] Run \addons\epay\Epay @app_init [ RunTime:0.002098s ]
[ info ] [ BEHAVIOR ] Run Closure @app_init [ RunTime:0.002120s ]
[ info ] [ LANG ] /www/wwwroot/www.58hongtu.com/htmove/thinkphp/lang/zh-cn.php
[ info ] [ BEHAVIOR ] Run app\common\behavior\Common @app_dispatch [ RunTime:0.000203s ]
[ info ] [ ROUTE ] array (
  'type' => 'module',
  'module' => 
  array (
    0 => 'api',
    1 => 'index',
    2 => 'getlocation',
  ),
)
[ info ] [ HEADER ] array (
  'accept-encoding' => 'gzip, deflate, br',
  'referer' => 'https://www.58hongtu.com/index/index/home?openid=oG2WP4trkdZysnmSLTPP2cPcb-5E',
  'user-agent' => 'Mozilla/5.0 (iPhone; CPU iPhone OS 14_0_1 like Mac OS X) AppleWebKit/605.1.15 (KHTML, like Gecko) Mobile/15E148 MicroMessenger/7.0.17(0x17001126) NetType/WIFI Language/zh_CN miniProgram',
  'x-requested-with' => 'XMLHttpRequest',
  'accept-language' => 'zh-cn',
  'accept' => 'application/json, text/javascript, */*; q=0.01',
  'host' => 'www.58hongtu.com',
  'content-length' => '',
  'content-type' => '',
)
[ info ] [ PARAM ] array (
  'openid' => 'oG2WP4trkdZysnmSLTPP2cPcb-5E',
)
[ info ] [ LANG ] /www/wwwroot/www.58hongtu.com/htmove/public/../application/api/lang/zh-cn.php
[ info ] [ BEHAVIOR ] Run app\common\behavior\Common @module_init [ RunTime:0.001351s ]
[ info ] [ RUN ] app\api\controller\Index->getlocation[ /www/wwwroot/www.58hongtu.com/htmove/application/api/controller/Index.php ]
[ info ] [ LOG ] INIT File
---------------------------------------------------------------
[ 2020-10-16T14:32:37+08:00 ] 110.241.51.106 GET www.58hongtu.com/api/index/addcarinfo?openid=oG2WP4trkdZysnmSLTPP2cPcb-5E&bj=%E5%B0%8F%E6%90%AC&coin=150
[运行时间：0.025898s] [吞吐率：38.61req/s] [内存消耗：2,607.00kb] [文件加载：120]
[ info ] [ BEHAVIOR ] Run Closure @app_init [ RunTime:0.000023s ]
[ info ] [ CACHE ] INIT File
[ info ] [ BEHAVIOR ] Run \addons\epay\Epay @app_init [ RunTime:0.002089s ]
[ info ] [ BEHAVIOR ] Run Closure @app_init [ RunTime:0.002111s ]
[ info ] [ LANG ] /www/wwwroot/www.58hongtu.com/htmove/thinkphp/lang/zh-cn.php
[ info ] [ BEHAVIOR ] Run app\common\behavior\Common @app_dispatch [ RunTime:0.000184s ]
[ info ] [ ROUTE ] array (
  'type' => 'module',
  'module' => 
  array (
    0 => 'api',
    1 => 'index',
    2 => 'addcarinfo',
  ),
)
[ info ] [ HEADER ] array (
  'accept-encoding' => 'gzip, deflate, br',
  'referer' => 'https://www.58hongtu.com/index/index/home?openid=oG2WP4trkdZysnmSLTPP2cPcb-5E',
  'user-agent' => 'Mozilla/5.0 (iPhone; CPU iPhone OS 14_0_1 like Mac OS X) AppleWebKit/605.1.15 (KHTML, like Gecko) Mobile/15E148 MicroMessenger/7.0.17(0x17001126) NetType/WIFI Language/zh_CN miniProgram',
  'x-requested-with' => 'XMLHttpRequest',
  'accept-language' => 'zh-cn',
  'accept' => 'application/json, text/javascript, */*; q=0.01',
  'host' => 'www.58hongtu.com',
  'content-length' => '',
  'content-type' => '',
)
[ info ] [ PARAM ] array (
  'openid' => 'oG2WP4trkdZysnmSLTPP2cPcb-5E',
  'bj' => '小搬',
  'coin' => '150',
)
[ info ] [ LANG ] /www/wwwroot/www.58hongtu.com/htmove/public/../application/api/lang/zh-cn.php
[ info ] [ BEHAVIOR ] Run app\common\behavior\Common @module_init [ RunTime:0.001294s ]
[ info ] [ RUN ] app\api\controller\Index->addcarinfo[ /www/wwwroot/www.58hongtu.com/htmove/application/api/controller/Index.php ]
[ info ] [ LOG ] INIT File
---------------------------------------------------------------
[ 2020-10-16T14:32:40+08:00 ] 110.241.51.106 GET www.58hongtu.com/api/index/addcarinfo?openid=oG2WP4trkdZysnmSLTPP2cPcb-5E&bj=%E4%B8%AD%E6%90%AC&coin=280
[运行时间：0.024954s] [吞吐率：40.07req/s] [内存消耗：2,607.00kb] [文件加载：120]
[ info ] [ BEHAVIOR ] Run Closure @app_init [ RunTime:0.000023s ]
[ info ] [ CACHE ] INIT File
[ info ] [ BEHAVIOR ] Run \addons\epay\Epay @app_init [ RunTime:0.002001s ]
[ info ] [ BEHAVIOR ] Run Closure @app_init [ RunTime:0.002020s ]
[ info ] [ LANG ] /www/wwwroot/www.58hongtu.com/htmove/thinkphp/lang/zh-cn.php
[ info ] [ BEHAVIOR ] Run app\common\behavior\Common @app_dispatch [ RunTime:0.000196s ]
[ info ] [ ROUTE ] array (
  'type' => 'module',
  'module' => 
  array (
    0 => 'api',
    1 => 'index',
    2 => 'addcarinfo',
  ),
)
[ info ] [ HEADER ] array (
  'accept-encoding' => 'gzip, deflate, br',
  'referer' => 'https://www.58hongtu.com/index/index/home?openid=oG2WP4trkdZysnmSLTPP2cPcb-5E',
  'user-agent' => 'Mozilla/5.0 (iPhone; CPU iPhone OS 14_0_1 like Mac OS X) AppleWebKit/605.1.15 (KHTML, like Gecko) Mobile/15E148 MicroMessenger/7.0.17(0x17001126) NetType/WIFI Language/zh_CN miniProgram',
  'x-requested-with' => 'XMLHttpRequest',
  'accept-language' => 'zh-cn',
  'accept' => 'application/json, text/javascript, */*; q=0.01',
  'host' => 'www.58hongtu.com',
  'content-length' => '',
  'content-type' => '',
)
[ info ] [ PARAM ] array (
  'openid' => 'oG2WP4trkdZysnmSLTPP2cPcb-5E',
  'bj' => '中搬',
  'coin' => '280',
)
[ info ] [ LANG ] /www/wwwroot/www.58hongtu.com/htmove/public/../application/api/lang/zh-cn.php
[ info ] [ BEHAVIOR ] Run app\common\behavior\Common @module_init [ RunTime:0.001392s ]
[ info ] [ RUN ] app\api\controller\Index->addcarinfo[ /www/wwwroot/www.58hongtu.com/htmove/application/api/controller/Index.php ]
[ info ] [ LOG ] INIT File
---------------------------------------------------------------
[ 2020-10-16T14:32:41+08:00 ] 110.241.51.106 GET www.58hongtu.com/api/index/addcarinfo?openid=oG2WP4trkdZysnmSLTPP2cPcb-5E&bj=%E5%A4%A7%E6%90%AC&coin=458
[运行时间：0.035343s] [吞吐率：28.29req/s] [内存消耗：2,607.00kb] [文件加载：120]
[ info ] [ BEHAVIOR ] Run Closure @app_init [ RunTime:0.000031s ]
[ info ] [ CACHE ] INIT File
[ info ] [ BEHAVIOR ] Run \addons\epay\Epay @app_init [ RunTime:0.003040s ]
[ info ] [ BEHAVIOR ] Run Closure @app_init [ RunTime:0.003070s ]
[ info ] [ LANG ] /www/wwwroot/www.58hongtu.com/htmove/thinkphp/lang/zh-cn.php
[ info ] [ BEHAVIOR ] Run app\common\behavior\Common @app_dispatch [ RunTime:0.000276s ]
[ info ] [ ROUTE ] array (
  'type' => 'module',
  'module' => 
  array (
    0 => 'api',
    1 => 'index',
    2 => 'addcarinfo',
  ),
)
[ info ] [ HEADER ] array (
  'accept-encoding' => 'gzip, deflate, br',
  'referer' => 'https://www.58hongtu.com/index/index/home?openid=oG2WP4trkdZysnmSLTPP2cPcb-5E',
  'user-agent' => 'Mozilla/5.0 (iPhone; CPU iPhone OS 14_0_1 like Mac OS X) AppleWebKit/605.1.15 (KHTML, like Gecko) Mobile/15E148 MicroMessenger/7.0.17(0x17001126) NetType/WIFI Language/zh_CN miniProgram',
  'x-requested-with' => 'XMLHttpRequest',
  'accept-language' => 'zh-cn',
  'accept' => 'application/json, text/javascript, */*; q=0.01',
  'host' => 'www.58hongtu.com',
  'content-length' => '',
  'content-type' => '',
)
[ info ] [ PARAM ] array (
  'openid' => 'oG2WP4trkdZysnmSLTPP2cPcb-5E',
  'bj' => '大搬',
  'coin' => '458',
)
[ info ] [ LANG ] /www/wwwroot/www.58hongtu.com/htmove/public/../application/api/lang/zh-cn.php
[ info ] [ BEHAVIOR ] Run app\common\behavior\Common @module_init [ RunTime:0.001909s ]
[ info ] [ RUN ] app\api\controller\Index->addcarinfo[ /www/wwwroot/www.58hongtu.com/htmove/application/api/controller/Index.php ]
[ info ] [ LOG ] INIT File
---------------------------------------------------------------
[ 2020-10-16T14:33:02+08:00 ] 110.241.51.106 GET www.58hongtu.com/api/index/addcarinfo?openid=oG2WP4trkdZysnmSLTPP2cPcb-5E&bj=%E4%B8%AD%E6%90%AC&coin=280
[运行时间：0.024532s] [吞吐率：40.76req/s] [内存消耗：2,607.00kb] [文件加载：120]
[ info ] [ BEHAVIOR ] Run Closure @app_init [ RunTime:0.000022s ]
[ info ] [ CACHE ] INIT File
[ info ] [ BEHAVIOR ] Run \addons\epay\Epay @app_init [ RunTime:0.001962s ]
[ info ] [ BEHAVIOR ] Run Closure @app_init [ RunTime:0.001980s ]
[ info ] [ LANG ] /www/wwwroot/www.58hongtu.com/htmove/thinkphp/lang/zh-cn.php
[ info ] [ BEHAVIOR ] Run app\common\behavior\Common @app_dispatch [ RunTime:0.000194s ]
[ info ] [ ROUTE ] array (
  'type' => 'module',
  'module' => 
  array (
    0 => 'api',
    1 => 'index',
    2 => 'addcarinfo',
  ),
)
[ info ] [ HEADER ] array (
  'accept-encoding' => 'gzip, deflate, br',
  'referer' => 'https://www.58hongtu.com/index/index/home?openid=oG2WP4trkdZysnmSLTPP2cPcb-5E',
  'user-agent' => 'Mozilla/5.0 (iPhone; CPU iPhone OS 14_0_1 like Mac OS X) AppleWebKit/605.1.15 (KHTML, like Gecko) Mobile/15E148 MicroMessenger/7.0.17(0x17001126) NetType/WIFI Language/zh_CN miniProgram',
  'x-requested-with' => 'XMLHttpRequest',
  'accept-language' => 'zh-cn',
  'accept' => 'application/json, text/javascript, */*; q=0.01',
  'host' => 'www.58hongtu.com',
  'content-length' => '',
  'content-type' => '',
)
[ info ] [ PARAM ] array (
  'openid' => 'oG2WP4trkdZysnmSLTPP2cPcb-5E',
  'bj' => '中搬',
  'coin' => '280',
)
[ info ] [ LANG ] /www/wwwroot/www.58hongtu.com/htmove/public/../application/api/lang/zh-cn.php
[ info ] [ BEHAVIOR ] Run app\common\behavior\Common @module_init [ RunTime:0.001169s ]
[ info ] [ RUN ] app\api\controller\Index->addcarinfo[ /www/wwwroot/www.58hongtu.com/htmove/application/api/controller/Index.php ]
[ info ] [ LOG ] INIT File
---------------------------------------------------------------
[ 2020-10-16T14:33:02+08:00 ] 110.241.51.106 GET www.58hongtu.com/api/index/addcarinfo?openid=oG2WP4trkdZysnmSLTPP2cPcb-5E&bj=%E5%B0%8F%E6%90%AC&coin=150
[运行时间：0.027956s] [吞吐率：35.77req/s] [内存消耗：2,607.00kb] [文件加载：120]
[ info ] [ BEHAVIOR ] Run Closure @app_init [ RunTime:0.000052s ]
[ info ] [ CACHE ] INIT File
[ info ] [ BEHAVIOR ] Run \addons\epay\Epay @app_init [ RunTime:0.002758s ]
[ info ] [ BEHAVIOR ] Run Closure @app_init [ RunTime:0.002780s ]
[ info ] [ LANG ] /www/wwwroot/www.58hongtu.com/htmove/thinkphp/lang/zh-cn.php
[ info ] [ BEHAVIOR ] Run app\common\behavior\Common @app_dispatch [ RunTime:0.000243s ]
[ info ] [ ROUTE ] array (
  'type' => 'module',
  'module' => 
  array (
    0 => 'api',
    1 => 'index',
    2 => 'addcarinfo',
  ),
)
[ info ] [ HEADER ] array (
  'accept-encoding' => 'gzip, deflate, br',
  'referer' => 'https://www.58hongtu.com/index/index/home?openid=oG2WP4trkdZysnmSLTPP2cPcb-5E',
  'user-agent' => 'Mozilla/5.0 (iPhone; CPU iPhone OS 14_0_1 like Mac OS X) AppleWebKit/605.1.15 (KHTML, like Gecko) Mobile/15E148 MicroMessenger/7.0.17(0x17001126) NetType/WIFI Language/zh_CN miniProgram',
  'x-requested-with' => 'XMLHttpRequest',
  'accept-language' => 'zh-cn',
  'accept' => 'application/json, text/javascript, */*; q=0.01',
  'host' => 'www.58hongtu.com',
  'content-length' => '',
  'content-type' => '',
)
[ info ] [ PARAM ] array (
  'openid' => 'oG2WP4trkdZysnmSLTPP2cPcb-5E',
  'bj' => '小搬',
  'coin' => '150',
)
[ info ] [ LANG ] /www/wwwroot/www.58hongtu.com/htmove/public/../application/api/lang/zh-cn.php
[ info ] [ BEHAVIOR ] Run app\common\behavior\Common @module_init [ RunTime:0.001290s ]
[ info ] [ RUN ] app\api\controller\Index->addcarinfo[ /www/wwwroot/www.58hongtu.com/htmove/application/api/controller/Index.php ]
[ info ] [ LOG ] INIT File
---------------------------------------------------------------
[ 2020-10-16T15:16:20+08:00 ] 123.149.2.235 GET www.58hongtu.com/api/index/openid?code=083sX80w3dOH8V2l542w3qybOU0sX807
[运行时间：0.334163s] [吞吐率：2.99req/s] [内存消耗：3,856.29kb] [文件加载：127]
[ info ] [ BEHAVIOR ] Run Closure @app_init [ RunTime:0.000023s ]
[ info ] [ CACHE ] INIT File
[ info ] [ BEHAVIOR ] Run \addons\epay\Epay @app_init [ RunTime:0.002052s ]
[ info ] [ BEHAVIOR ] Run Closure @app_init [ RunTime:0.002072s ]
[ info ] [ LANG ] /www/wwwroot/www.58hongtu.com/htmove/thinkphp/lang/zh-cn.php
[ info ] [ BEHAVIOR ] Run app\common\behavior\Common @app_dispatch [ RunTime:0.000228s ]
[ info ] [ ROUTE ] array (
  'type' => 'module',
  'module' => 
  array (
    0 => 'api',
    1 => 'index',
    2 => 'openid',
  ),
)
[ info ] [ HEADER ] array (
  'referer' => 'https://servicewechat.com/wx3dd58f4332fd09ed/18/page-frame.html',
  'accept-encoding' => 'gzip,compress,br,deflate',
  'content-type' => 'application/json',
  'user-agent' => 'Mozilla/5.0 (Linux; Android 10; vivo NEX A Build/QP1A.190711.020; wv) AppleWebKit/537.36 (KHTML, like Gecko) Version/4.0 Chrome/78.0.3904.62 XWEB/2691 MMWEBSDK/200801 Mobile Safari/537.36 MMWEBID/2998 MicroMessenger/7.0.18.1740(0x2700123B) Process/appbrand0 WeChat/arm64 NetType/WIFI Language/zh_CN ABI/arm64',
  'charset' => 'utf-8',
  'connection' => 'keep-alive',
  'host' => 'www.58hongtu.com',
  'content-length' => '',
)
[ info ] [ PARAM ] array (
  'code' => '083sX80w3dOH8V2l542w3qybOU0sX807',
)
[ info ] [ LANG ] /www/wwwroot/www.58hongtu.com/htmove/public/../application/api/lang/zh-cn.php
[ info ] [ BEHAVIOR ] Run app\common\behavior\Common @module_init [ RunTime:0.001431s ]
[ info ] [ RUN ] app\api\controller\Index->openid[ /www/wwwroot/www.58hongtu.com/htmove/application/api/controller/Index.php ]
[ info ] [ DB ] INIT mysql
[ info ] [ LOG ] INIT File
---------------------------------------------------------------
[ 2020-10-16T15:16:21+08:00 ] 123.149.2.235 GET www.58hongtu.com/index/index/home?openid=oG2WP4hV5QIReNoK-hij-WYyb_yc
[运行时间：0.059115s] [吞吐率：16.92req/s] [内存消耗：3,066.87kb] [文件加载：125]
[ info ] [ BEHAVIOR ] Run Closure @app_init [ RunTime:0.000025s ]
[ info ] [ CACHE ] INIT File
[ info ] [ BEHAVIOR ] Run \addons\epay\Epay @app_init [ RunTime:0.003017s ]
[ info ] [ BEHAVIOR ] Run Closure @app_init [ RunTime:0.003045s ]
[ info ] [ LANG ] /www/wwwroot/www.58hongtu.com/htmove/thinkphp/lang/zh-cn.php
[ info ] [ BEHAVIOR ] Run app\common\behavior\Common @app_dispatch [ RunTime:0.000256s ]
[ info ] [ ROUTE ] array (
  'type' => 'module',
  'module' => 
  array (
    0 => 'index',
    1 => 'index',
    2 => 'home',
  ),
)
[ info ] [ HEADER ] array (
  'accept-language' => 'zh-CN,zh;q=0.9,en-US;q=0.8,en;q=0.7',
  'accept-encoding' => 'gzip, deflate',
  'sec-fetch-mode' => 'navigate',
  'sec-fetch-site' => 'none',
  'x-requested-with' => 'com.tencent.mm',
  'accept' => 'text/html,application/xhtml+xml,application/xml;q=0.9,image/webp,image/wxpic,image/tpg,image/apng,*/*;q=0.8,application/signed-exchange;v=b3',
  'sec-fetch-user' => '?1',
  'user-agent' => 'Mozilla/5.0 (Linux; Android 10; vivo NEX A Build/QP1A.190711.020; wv) AppleWebKit/537.36 (KHTML, like Gecko) Version/4.0 Chrome/78.0.3904.62 XWEB/2691 MMWEBSDK/200801 Mobile Safari/537.36 MMWEBID/2998 MicroMessenger/7.0.18.1740(0x2700123B) Process/appbrand0 WeChat/arm64 NetType/WIFI Language/zh_CN ABI/arm64 miniProgram',
  'upgrade-insecure-requests' => '1',
  'host' => 'www.58hongtu.com',
  'content-length' => '',
  'content-type' => '',
)
[ info ] [ PARAM ] array (
  'openid' => 'oG2WP4hV5QIReNoK-hij-WYyb_yc',
)
[ info ] [ LANG ] /www/wwwroot/www.58hongtu.com/htmove/public/../application/index/lang/zh-cn.php
[ info ] [ BEHAVIOR ] Run app\common\behavior\Common @module_init [ RunTime:0.001791s ]
[ info ] [ LANG ] /www/wwwroot/www.58hongtu.com/htmove/public/../application/index/lang/zh-cn/index.php
[ info ] [ RUN ] app\index\controller\Index->home[ /www/wwwroot/www.58hongtu.com/htmove/application/index/controller/Index.php ]
[ info ] [ VIEW ] /www/wwwroot/www.58hongtu.com/htmove/public/../application/index/view/index/home.html [ array (
  0 => 'user',
  1 => 'site',
  2 => 'config',
) ]
[ info ] [ LOG ] INIT File
---------------------------------------------------------------
[ 2020-10-16T15:16:22+08:00 ] 123.149.2.235 GET www.58hongtu.com/api/index/getlocation?openid=oG2WP4hV5QIReNoK-hij-WYyb_yc
[运行时间：0.030453s] [吞吐率：32.84req/s] [内存消耗：2,608.50kb] [文件加载：120]
[ info ] [ BEHAVIOR ] Run Closure @app_init [ RunTime:0.000024s ]
[ info ] [ CACHE ] INIT File
[ info ] [ BEHAVIOR ] Run \addons\epay\Epay @app_init [ RunTime:0.001953s ]
[ info ] [ BEHAVIOR ] Run Closure @app_init [ RunTime:0.001974s ]
[ info ] [ LANG ] /www/wwwroot/www.58hongtu.com/htmove/thinkphp/lang/zh-cn.php
[ info ] [ BEHAVIOR ] Run app\common\behavior\Common @app_dispatch [ RunTime:0.000210s ]
[ info ] [ ROUTE ] array (
  'type' => 'module',
  'module' => 
  array (
    0 => 'api',
    1 => 'index',
    2 => 'getlocation',
  ),
)
[ info ] [ HEADER ] array (
  'accept-language' => 'zh-CN,zh;q=0.9,en-US;q=0.8,en;q=0.7',
  'accept-encoding' => 'gzip, deflate',
  'referer' => 'https://www.58hongtu.com/index/index/home?openid=oG2WP4hV5QIReNoK-hij-WYyb_yc',
  'sec-fetch-mode' => 'cors',
  'sec-fetch-site' => 'same-origin',
  'user-agent' => 'Mozilla/5.0 (Linux; Android 10; vivo NEX A Build/QP1A.190711.020; wv) AppleWebKit/537.36 (KHTML, like Gecko) Version/4.0 Chrome/78.0.3904.62 XWEB/2691 MMWEBSDK/200801 Mobile Safari/537.36 MMWEBID/2998 MicroMessenger/7.0.18.1740(0x2700123B) Process/appbrand0 WeChat/arm64 NetType/WIFI Language/zh_CN ABI/arm64 miniProgram',
  'x-requested-with' => 'XMLHttpRequest',
  'accept' => 'application/json, text/javascript, */*; q=0.01',
  'host' => 'www.58hongtu.com',
  'content-length' => '',
  'content-type' => '',
)
[ info ] [ PARAM ] array (
  'openid' => 'oG2WP4hV5QIReNoK-hij-WYyb_yc',
)
[ info ] [ LANG ] /www/wwwroot/www.58hongtu.com/htmove/public/../application/api/lang/zh-cn.php
[ info ] [ BEHAVIOR ] Run app\common\behavior\Common @module_init [ RunTime:0.001151s ]
[ info ] [ RUN ] app\api\controller\Index->getlocation[ /www/wwwroot/www.58hongtu.com/htmove/application/api/controller/Index.php ]
[ info ] [ LOG ] INIT File
---------------------------------------------------------------
[ 2020-10-16T15:16:23+08:00 ] 123.149.2.235 GET www.58hongtu.com/api/index/addcarinfo?openid=oG2WP4hV5QIReNoK-hij-WYyb_yc&bj=%E5%B0%8F%E6%90%AC&coin=150
[运行时间：0.023995s] [吞吐率：41.68req/s] [内存消耗：2,608.67kb] [文件加载：120]
[ info ] [ BEHAVIOR ] Run Closure @app_init [ RunTime:0.000020s ]
[ info ] [ CACHE ] INIT File
[ info ] [ BEHAVIOR ] Run \addons\epay\Epay @app_init [ RunTime:0.001934s ]
[ info ] [ BEHAVIOR ] Run Closure @app_init [ RunTime:0.001952s ]
[ info ] [ LANG ] /www/wwwroot/www.58hongtu.com/htmove/thinkphp/lang/zh-cn.php
[ info ] [ BEHAVIOR ] Run app\common\behavior\Common @app_dispatch [ RunTime:0.000171s ]
[ info ] [ ROUTE ] array (
  'type' => 'module',
  'module' => 
  array (
    0 => 'api',
    1 => 'index',
    2 => 'addcarinfo',
  ),
)
[ info ] [ HEADER ] array (
  'accept-language' => 'zh-CN,zh;q=0.9,en-US;q=0.8,en;q=0.7',
  'accept-encoding' => 'gzip, deflate',
  'referer' => 'https://www.58hongtu.com/index/index/home?openid=oG2WP4hV5QIReNoK-hij-WYyb_yc',
  'sec-fetch-mode' => 'cors',
  'sec-fetch-site' => 'same-origin',
  'user-agent' => 'Mozilla/5.0 (Linux; Android 10; vivo NEX A Build/QP1A.190711.020; wv) AppleWebKit/537.36 (KHTML, like Gecko) Version/4.0 Chrome/78.0.3904.62 XWEB/2691 MMWEBSDK/200801 Mobile Safari/537.36 MMWEBID/2998 MicroMessenger/7.0.18.1740(0x2700123B) Process/appbrand0 WeChat/arm64 NetType/WIFI Language/zh_CN ABI/arm64 miniProgram',
  'x-requested-with' => 'XMLHttpRequest',
  'accept' => 'application/json, text/javascript, */*; q=0.01',
  'host' => 'www.58hongtu.com',
  'content-length' => '',
  'content-type' => '',
)
[ info ] [ PARAM ] array (
  'openid' => 'oG2WP4hV5QIReNoK-hij-WYyb_yc',
  'bj' => '小搬',
  'coin' => '150',
)
[ info ] [ LANG ] /www/wwwroot/www.58hongtu.com/htmove/public/../application/api/lang/zh-cn.php
[ info ] [ BEHAVIOR ] Run app\common\behavior\Common @module_init [ RunTime:0.001132s ]
[ info ] [ RUN ] app\api\controller\Index->addcarinfo[ /www/wwwroot/www.58hongtu.com/htmove/application/api/controller/Index.php ]
[ info ] [ LOG ] INIT File
---------------------------------------------------------------
[ 2020-10-16T15:16:29+08:00 ] 123.149.2.235 GET www.58hongtu.com/api/index/addcarinfo?openid=oG2WP4hV5QIReNoK-hij-WYyb_yc&bj=%E4%B8%AD%E6%90%AC&coin=280
[运行时间：0.023597s] [吞吐率：42.38req/s] [内存消耗：2,608.67kb] [文件加载：120]
[ info ] [ BEHAVIOR ] Run Closure @app_init [ RunTime:0.000020s ]
[ info ] [ CACHE ] INIT File
[ info ] [ BEHAVIOR ] Run \addons\epay\Epay @app_init [ RunTime:0.001903s ]
[ info ] [ BEHAVIOR ] Run Closure @app_init [ RunTime:0.001917s ]
[ info ] [ LANG ] /www/wwwroot/www.58hongtu.com/htmove/thinkphp/lang/zh-cn.php
[ info ] [ BEHAVIOR ] Run app\common\behavior\Common @app_dispatch [ RunTime:0.000175s ]
[ info ] [ ROUTE ] array (
  'type' => 'module',
  'module' => 
  array (
    0 => 'api',
    1 => 'index',
    2 => 'addcarinfo',
  ),
)
[ info ] [ HEADER ] array (
  'accept-language' => 'zh-CN,zh;q=0.9,en-US;q=0.8,en;q=0.7',
  'accept-encoding' => 'gzip, deflate',
  'referer' => 'https://www.58hongtu.com/index/index/home?openid=oG2WP4hV5QIReNoK-hij-WYyb_yc',
  'sec-fetch-mode' => 'cors',
  'sec-fetch-site' => 'same-origin',
  'user-agent' => 'Mozilla/5.0 (Linux; Android 10; vivo NEX A Build/QP1A.190711.020; wv) AppleWebKit/537.36 (KHTML, like Gecko) Version/4.0 Chrome/78.0.3904.62 XWEB/2691 MMWEBSDK/200801 Mobile Safari/537.36 MMWEBID/2998 MicroMessenger/7.0.18.1740(0x2700123B) Process/appbrand0 WeChat/arm64 NetType/WIFI Language/zh_CN ABI/arm64 miniProgram',
  'x-requested-with' => 'XMLHttpRequest',
  'accept' => 'application/json, text/javascript, */*; q=0.01',
  'host' => 'www.58hongtu.com',
  'content-length' => '',
  'content-type' => '',
)
[ info ] [ PARAM ] array (
  'openid' => 'oG2WP4hV5QIReNoK-hij-WYyb_yc',
  'bj' => '中搬',
  'coin' => '280',
)
[ info ] [ LANG ] /www/wwwroot/www.58hongtu.com/htmove/public/../application/api/lang/zh-cn.php
[ info ] [ BEHAVIOR ] Run app\common\behavior\Common @module_init [ RunTime:0.001119s ]
[ info ] [ RUN ] app\api\controller\Index->addcarinfo[ /www/wwwroot/www.58hongtu.com/htmove/application/api/controller/Index.php ]
[ info ] [ LOG ] INIT File
---------------------------------------------------------------
[ 2020-10-16T15:16:31+08:00 ] 123.149.2.235 GET www.58hongtu.com/api/index/addcarinfo?openid=oG2WP4hV5QIReNoK-hij-WYyb_yc&bj=%E5%A4%A7%E6%90%AC&coin=458
[运行时间：0.024470s] [吞吐率：40.87req/s] [内存消耗：2,608.67kb] [文件加载：120]
[ info ] [ BEHAVIOR ] Run Closure @app_init [ RunTime:0.000022s ]
[ info ] [ CACHE ] INIT File
[ info ] [ BEHAVIOR ] Run \addons\epay\Epay @app_init [ RunTime:0.001959s ]
[ info ] [ BEHAVIOR ] Run Closure @app_init [ RunTime:0.001979s ]
[ info ] [ LANG ] /www/wwwroot/www.58hongtu.com/htmove/thinkphp/lang/zh-cn.php
[ info ] [ BEHAVIOR ] Run app\common\behavior\Common @app_dispatch [ RunTime:0.000182s ]
[ info ] [ ROUTE ] array (
  'type' => 'module',
  'module' => 
  array (
    0 => 'api',
    1 => 'index',
    2 => 'addcarinfo',
  ),
)
[ info ] [ HEADER ] array (
  'accept-language' => 'zh-CN,zh;q=0.9,en-US;q=0.8,en;q=0.7',
  'accept-encoding' => 'gzip, deflate',
  'referer' => 'https://www.58hongtu.com/index/index/home?openid=oG2WP4hV5QIReNoK-hij-WYyb_yc',
  'sec-fetch-mode' => 'cors',
  'sec-fetch-site' => 'same-origin',
  'user-agent' => 'Mozilla/5.0 (Linux; Android 10; vivo NEX A Build/QP1A.190711.020; wv) AppleWebKit/537.36 (KHTML, like Gecko) Version/4.0 Chrome/78.0.3904.62 XWEB/2691 MMWEBSDK/200801 Mobile Safari/537.36 MMWEBID/2998 MicroMessenger/7.0.18.1740(0x2700123B) Process/appbrand0 WeChat/arm64 NetType/WIFI Language/zh_CN ABI/arm64 miniProgram',
  'x-requested-with' => 'XMLHttpRequest',
  'accept' => 'application/json, text/javascript, */*; q=0.01',
  'host' => 'www.58hongtu.com',
  'content-length' => '',
  'content-type' => '',
)
[ info ] [ PARAM ] array (
  'openid' => 'oG2WP4hV5QIReNoK-hij-WYyb_yc',
  'bj' => '大搬',
  'coin' => '458',
)
[ info ] [ LANG ] /www/wwwroot/www.58hongtu.com/htmove/public/../application/api/lang/zh-cn.php
[ info ] [ BEHAVIOR ] Run app\common\behavior\Common @module_init [ RunTime:0.001187s ]
[ info ] [ RUN ] app\api\controller\Index->addcarinfo[ /www/wwwroot/www.58hongtu.com/htmove/application/api/controller/Index.php ]
[ info ] [ LOG ] INIT File
---------------------------------------------------------------
[ 2020-10-16T16:12:11+08:00 ] 121.36.246.97 GET www.58hongtu.com/
[运行时间：0.027657s] [吞吐率：36.16req/s] [内存消耗：2,994.17kb] [文件加载：126]
[ info ] [ BEHAVIOR ] Run Closure @app_init [ RunTime:0.000023s ]
[ info ] [ CACHE ] INIT File
[ info ] [ BEHAVIOR ] Run \addons\epay\Epay @app_init [ RunTime:0.001929s ]
[ info ] [ BEHAVIOR ] Run Closure @app_init [ RunTime:0.001946s ]
[ info ] [ LANG ] /www/wwwroot/www.58hongtu.com/htmove/thinkphp/lang/zh-cn.php
[ info ] [ BEHAVIOR ] Run app\common\behavior\Common @app_dispatch [ RunTime:0.000175s ]
[ info ] [ ROUTE ] array (
  'type' => 'module',
  'module' => 
  array (
    0 => '',
    1 => NULL,
    2 => NULL,
  ),
)
[ info ] [ HEADER ] array (
  'connection' => 'close',
  'accept-language' => 'zh-CN,zh;q=0.9',
  'accept-encoding' => 'gzip, deflate',
  'accept' => 'text/html,application/xhtml+xml,application/xml;q=0.9,image/webp,image/apng,*/*;q=0.8,application/signed-exchange;v=b3',
  'host' => 'www.58hongtu.com',
  'user-agent' => 'Mozilla/5.0 (Macintosh; Intel Mac OS X 10_14_6) AppleWebKit/537.36 (KHTML, like Gecko) Chrome/76.0.3809.132 Safari/537.36',
  'content-length' => '',
  'content-type' => '',
)
[ info ] [ PARAM ] array (
)
[ info ] [ LANG ] /www/wwwroot/www.58hongtu.com/htmove/public/../application/index/lang/zh-cn.php
[ info ] [ BEHAVIOR ] Run app\common\behavior\Common @module_init [ RunTime:0.001142s ]
[ info ] [ LANG ] /www/wwwroot/www.58hongtu.com/htmove/public/../application/index/lang/zh-cn/index.php
[ info ] [ RUN ] app\index\controller\Index->index[ /www/wwwroot/www.58hongtu.com/htmove/application/index/controller/Index.php ]
[ info ] [ VIEW ] /www/wwwroot/www.58hongtu.com/htmove/public/../application/index/view/index/index.html [ array (
  0 => 'user',
  1 => 'site',
  2 => 'config',
) ]
[ info ] [ LOG ] INIT File
---------------------------------------------------------------
[ 2020-10-16T17:33:36+08:00 ] 118.31.35.5 GET www.58hongtu.com/
[运行时间：0.027472s] [吞吐率：36.40req/s] [内存消耗：2,995.48kb] [文件加载：126]
[ info ] [ BEHAVIOR ] Run Closure @app_init [ RunTime:0.000022s ]
[ info ] [ CACHE ] INIT File
[ info ] [ BEHAVIOR ] Run \addons\epay\Epay @app_init [ RunTime:0.001947s ]
[ info ] [ BEHAVIOR ] Run Closure @app_init [ RunTime:0.001966s ]
[ info ] [ LANG ] /www/wwwroot/www.58hongtu.com/htmove/thinkphp/lang/zh-cn.php
[ info ] [ BEHAVIOR ] Run app\common\behavior\Common @app_dispatch [ RunTime:0.000176s ]
[ info ] [ ROUTE ] array (
  'type' => 'module',
  'module' => 
  array (
    0 => '',
    1 => NULL,
    2 => NULL,
  ),
)
[ info ] [ HEADER ] array (
  'connection' => 'close',
  'accept-language' => 'zh-CN,zh;q=0.9',
  'accept-encoding' => 'gzip, deflate',
  'accept' => 'text/html,application/xhtml+xml,application/xml;q=0.9,image/webp,image/apng,*/*;q=0.8,application/signed-exchange;v=b3',
  'host' => 'www.58hongtu.com',
  'user-agent' => 'Mozilla/5.0 (Macintosh; Intel Mac OS X 10_14_6) AppleWebKit/537.36 (KHTML, like Gecko) Chrome/76.0.3809.132 Safari/537.36',
  'content-length' => '',
  'content-type' => '',
)
[ info ] [ PARAM ] array (
)
[ info ] [ LANG ] /www/wwwroot/www.58hongtu.com/htmove/public/../application/index/lang/zh-cn.php
[ info ] [ BEHAVIOR ] Run app\common\behavior\Common @module_init [ RunTime:0.001182s ]
[ info ] [ LANG ] /www/wwwroot/www.58hongtu.com/htmove/public/../application/index/lang/zh-cn/index.php
[ info ] [ RUN ] app\index\controller\Index->index[ /www/wwwroot/www.58hongtu.com/htmove/application/index/controller/Index.php ]
[ info ] [ VIEW ] /www/wwwroot/www.58hongtu.com/htmove/public/../application/index/view/index/index.html [ array (
  0 => 'user',
  1 => 'site',
  2 => 'config',
) ]
[ info ] [ LOG ] INIT File
---------------------------------------------------------------
[ 2020-10-16T18:16:22+08:00 ] 180.76.170.52 GET www.58hongtu.com/
[运行时间：0.037546s] [吞吐率：26.63req/s] [内存消耗：2,992.49kb] [文件加载：126]
[ info ] [ BEHAVIOR ] Run Closure @app_init [ RunTime:0.000021s ]
[ info ] [ CACHE ] INIT File
[ info ] [ BEHAVIOR ] Run \addons\epay\Epay @app_init [ RunTime:0.001948s ]
[ info ] [ BEHAVIOR ] Run Closure @app_init [ RunTime:0.001966s ]
[ info ] [ LANG ] /www/wwwroot/www.58hongtu.com/htmove/thinkphp/lang/zh-cn.php
[ info ] [ BEHAVIOR ] Run app\common\behavior\Common @app_dispatch [ RunTime:0.000176s ]
[ info ] [ ROUTE ] array (
  'type' => 'module',
  'module' => 
  array (
    0 => '',
    1 => NULL,
    2 => NULL,
  ),
)
[ info ] [ HEADER ] array (
  'accept-encoding' => 'gzip,deflate',
  'connection' => 'Keep-Alive',
  'host' => 'www.58hongtu.com',
  'user-agent' => 'Mozilla/5.0 (Windows NT 6.1; WOW64; rv:37.0) Gecko/20100101 Firefox/37.0',
  'content-length' => '',
  'content-type' => '',
)
[ info ] [ PARAM ] array (
)
[ info ] [ LANG ] /www/wwwroot/www.58hongtu.com/htmove/public/../application/index/lang/zh-cn.php
[ info ] [ BEHAVIOR ] Run app\common\behavior\Common @module_init [ RunTime:0.001151s ]
[ info ] [ LANG ] /www/wwwroot/www.58hongtu.com/htmove/public/../application/index/lang/zh-cn/index.php
[ info ] [ RUN ] app\index\controller\Index->index[ /www/wwwroot/www.58hongtu.com/htmove/application/index/controller/Index.php ]
[ info ] [ VIEW ] /www/wwwroot/www.58hongtu.com/htmove/public/../application/index/view/index/index.html [ array (
  0 => 'user',
  1 => 'site',
  2 => 'config',
) ]
[ info ] [ LOG ] INIT File
---------------------------------------------------------------
[ 2020-10-16T21:24:50+08:00 ] 116.179.32.174 GET www.58hongtu.com/pjsONbXFua.php/order?ref=addtabs
[运行时间：0.027036s] [吞吐率：36.99req/s] [内存消耗：2,925.97kb] [文件加载：127]
[ info ] [ BEHAVIOR ] Run Closure @app_init [ RunTime:0.000021s ]
[ info ] [ CACHE ] INIT File
[ info ] [ BEHAVIOR ] Run \addons\epay\Epay @app_init [ RunTime:0.001944s ]
[ info ] [ BEHAVIOR ] Run Closure @app_init [ RunTime:0.001960s ]
[ info ] [ LANG ] /www/wwwroot/www.58hongtu.com/htmove/thinkphp/lang/zh-cn.php
[ info ] [ BEHAVIOR ] Run app\common\behavior\Common @app_dispatch [ RunTime:0.000188s ]
[ info ] [ ROUTE ] array (
  'type' => 'module',
  'module' => 
  array (
    0 => 'admin',
    1 => 'order',
    2 => NULL,
  ),
)
[ info ] [ HEADER ] array (
  'accept' => '*/*',
  'accept-language' => 'zh-cn,zh-tw',
  'accept-encoding' => 'gzip',
  'user-agent' => 'Mozilla/5.0 (compatible; Baiduspider/2.0; +http://www.baidu.com/search/spider.html)',
  'connection' => 'close',
  'host' => 'www.58hongtu.com',
  'content-length' => '',
  'content-type' => '',
)
[ info ] [ PARAM ] array (
  'ref' => 'addtabs',
)
[ info ] [ LANG ] /www/wwwroot/www.58hongtu.com/htmove/public/../application/admin/lang/zh-cn.php
[ info ] [ BEHAVIOR ] Run app\common\behavior\Common @module_init [ RunTime:0.001291s ]
[ info ] [ SESSION ] INIT array (
  'id' => '',
  'var_session_id' => '',
  'prefix' => 'think',
  'type' => '',
  'auto_start' => true,
)
[ info ] [ VIEW ] /www/wwwroot/www.58hongtu.com/htmove/public/../application/common/view/tpl/dispatch_jump.tpl [ array (
  0 => 'code',
  1 => 'msg',
  2 => 'data',
  3 => 'url',
  4 => 'wait',
) ]
[ info ] [ BEHAVIOR ] Run app\admin\behavior\AdminLog @app_end [ RunTime:0.000085s ]
[ info ] [ LOG ] INIT File
---------------------------------------------------------------
[ 2020-10-16T21:35:42+08:00 ] 61.52.78.100 GET www.58hongtu.com/
[运行时间：0.028175s] [吞吐率：35.49req/s] [内存消耗：2,996.21kb] [文件加载：126]
[ info ] [ BEHAVIOR ] Run Closure @app_init [ RunTime:0.000022s ]
[ info ] [ CACHE ] INIT File
[ info ] [ BEHAVIOR ] Run \addons\epay\Epay @app_init [ RunTime:0.001936s ]
[ info ] [ BEHAVIOR ] Run Closure @app_init [ RunTime:0.001953s ]
[ info ] [ LANG ] /www/wwwroot/www.58hongtu.com/htmove/thinkphp/lang/zh-cn.php
[ info ] [ BEHAVIOR ] Run app\common\behavior\Common @app_dispatch [ RunTime:0.000174s ]
[ info ] [ ROUTE ] array (
  'type' => 'module',
  'module' => 
  array (
    0 => '',
    1 => NULL,
    2 => NULL,
  ),
)
[ info ] [ HEADER ] array (
  'connection' => 'keep-alive',
  'host' => 'www.58hongtu.com',
  'upgrade-insecure-requests' => '1',
  'pragma' => 'no-cache',
  'cache-control' => 'no-cache',
  'accept-language' => 'zh-CN,zh;q=0.8,en-US;q=0.6,en;q=0.4',
  'accept-encoding' => 'gzip, deflate, sdch',
  'accept' => 'text/html,application/xhtml+xml,application/xml;q=0.9,image/webp,*/*;q=0.8',
  'user-agent' => 'Mozilla/5.0 (X11; Linux x86_64) AppleWebKit/535.21 (KHTML, like Gecko) Chrome/19.0.1042.0 Safari/535.21',
  'content-length' => '',
  'content-type' => '',
)
[ info ] [ PARAM ] array (
)
[ info ] [ LANG ] /www/wwwroot/www.58hongtu.com/htmove/public/../application/index/lang/zh-cn.php
[ info ] [ BEHAVIOR ] Run app\common\behavior\Common @module_init [ RunTime:0.001163s ]
[ info ] [ LANG ] /www/wwwroot/www.58hongtu.com/htmove/public/../application/index/lang/zh-cn/index.php
[ info ] [ RUN ] app\index\controller\Index->index[ /www/wwwroot/www.58hongtu.com/htmove/application/index/controller/Index.php ]
[ info ] [ VIEW ] /www/wwwroot/www.58hongtu.com/htmove/public/../application/index/view/index/index.html [ array (
  0 => 'user',
  1 => 'site',
  2 => 'config',
) ]
[ info ] [ LOG ] INIT File
---------------------------------------------------------------
[ 2020-10-16T22:09:57+08:00 ] 220.181.108.183 GET www.58hongtu.com/pjsONbXFua.php/order?ref=addtabs
[运行时间：0.026985s] [吞吐率：37.06req/s] [内存消耗：2,927.80kb] [文件加载：127]
[ info ] [ BEHAVIOR ] Run Closure @app_init [ RunTime:0.000057s ]
[ info ] [ CACHE ] INIT File
[ info ] [ BEHAVIOR ] Run \addons\epay\Epay @app_init [ RunTime:0.001929s ]
[ info ] [ BEHAVIOR ] Run Closure @app_init [ RunTime:0.001947s ]
[ info ] [ LANG ] /www/wwwroot/www.58hongtu.com/htmove/thinkphp/lang/zh-cn.php
[ info ] [ BEHAVIOR ] Run app\common\behavior\Common @app_dispatch [ RunTime:0.000175s ]
[ info ] [ ROUTE ] array (
  'type' => 'module',
  'module' => 
  array (
    0 => 'admin',
    1 => 'order',
    2 => NULL,
  ),
)
[ info ] [ HEADER ] array (
  'accept' => '*/*',
  'accept-encoding' => 'gzip',
  'if-none-match' => '"@NULL@"',
  'accept-language' => 'zh-cn,zh-tw',
  'user-agent' => 'Mozilla/5.0 (compatible; Baiduspider/2.0; +http://www.baidu.com/search/spider.html)',
  'connection' => 'close',
  'host' => 'www.58hongtu.com',
  'content-length' => '',
  'content-type' => '',
)
[ info ] [ PARAM ] array (
  'ref' => 'addtabs',
)
[ info ] [ LANG ] /www/wwwroot/www.58hongtu.com/htmove/public/../application/admin/lang/zh-cn.php
[ info ] [ BEHAVIOR ] Run app\common\behavior\Common @module_init [ RunTime:0.001177s ]
[ info ] [ SESSION ] INIT array (
  'id' => '',
  'var_session_id' => '',
  'prefix' => 'think',
  'type' => '',
  'auto_start' => true,
)
[ info ] [ VIEW ] /www/wwwroot/www.58hongtu.com/htmove/public/../application/common/view/tpl/dispatch_jump.tpl [ array (
  0 => 'code',
  1 => 'msg',
  2 => 'data',
  3 => 'url',
  4 => 'wait',
) ]
[ info ] [ BEHAVIOR ] Run app\admin\behavior\AdminLog @app_end [ RunTime:0.000080s ]
[ info ] [ LOG ] INIT File
---------------------------------------------------------------
[ 2020-10-16T23:10:03+08:00 ] 116.179.32.195 GET www.58hongtu.com/pjsONbXFua.php/order?ref=addtabs
[运行时间：0.027204s] [吞吐率：36.76req/s] [内存消耗：2,927.80kb] [文件加载：127]
[ info ] [ BEHAVIOR ] Run Closure @app_init [ RunTime:0.000023s ]
[ info ] [ CACHE ] INIT File
[ info ] [ BEHAVIOR ] Run \addons\epay\Epay @app_init [ RunTime:0.001982s ]
[ info ] [ BEHAVIOR ] Run Closure @app_init [ RunTime:0.001999s ]
[ info ] [ LANG ] /www/wwwroot/www.58hongtu.com/htmove/thinkphp/lang/zh-cn.php
[ info ] [ BEHAVIOR ] Run app\common\behavior\Common @app_dispatch [ RunTime:0.000191s ]
[ info ] [ ROUTE ] array (
  'type' => 'module',
  'module' => 
  array (
    0 => 'admin',
    1 => 'order',
    2 => NULL,
  ),
)
[ info ] [ HEADER ] array (
  'accept' => '*/*',
  'accept-encoding' => 'gzip',
  'if-none-match' => '"@NULL@"',
  'accept-language' => 'zh-cn,zh-tw',
  'user-agent' => 'Mozilla/5.0 (compatible; Baiduspider/2.0; +http://www.baidu.com/search/spider.html)',
  'connection' => 'close',
  'host' => 'www.58hongtu.com',
  'content-length' => '',
  'content-type' => '',
)
[ info ] [ PARAM ] array (
  'ref' => 'addtabs',
)
[ info ] [ LANG ] /www/wwwroot/www.58hongtu.com/htmove/public/../application/admin/lang/zh-cn.php
[ info ] [ BEHAVIOR ] Run app\common\behavior\Common @module_init [ RunTime:0.001249s ]
[ info ] [ SESSION ] INIT array (
  'id' => '',
  'var_session_id' => '',
  'prefix' => 'think',
  'type' => '',
  'auto_start' => true,
)
[ info ] [ VIEW ] /www/wwwroot/www.58hongtu.com/htmove/public/../application/common/view/tpl/dispatch_jump.tpl [ array (
  0 => 'code',
  1 => 'msg',
  2 => 'data',
  3 => 'url',
  4 => 'wait',
) ]
[ info ] [ BEHAVIOR ] Run app\admin\behavior\AdminLog @app_end [ RunTime:0.000107s ]
[ info ] [ LOG ] INIT File
