---------------------------------------------------------------
[ 2020-07-15T02:30:57+08:00 ] 111.30.33.149 GET www.58hongtu.com/
[运行时间：0.030817s] [吞吐率：32.45req/s] [内存消耗：2,956.49kb] [文件加载：123]
[ info ] [ BEHAVIOR ] Run Closure @app_init [ RunTime:0.000038s ]
[ info ] [ CACHE ] INIT File
[ info ] [ BEHAVIOR ] Run \addons\epay\Epay @app_init [ RunTime:0.001976s ]
[ info ] [ BEHAVIOR ] Run Closure @app_init [ RunTime:0.001997s ]
[ info ] [ BEHAVIOR ] Run app\common\behavior\Common @app_dispatch [ RunTime:0.000197s ]
[ info ] [ ROUTE ] array (
  'type' => 'module',
  'module' => 
  array (
    0 => '',
    1 => NULL,
    2 => NULL,
  ),
)
[ info ] [ HEADER ] array (
  'accept-language' => 'en-US',
  'accept-encoding' => 'gzip, deflate, br',
  'accept' => 'text/html,application/xhtml+xml,application/xml;q=0.9,image/webp,image/apng,*/*;q=0.8,application/signed-exchange;v=b3',
  'user-agent' => 'Mozilla/5.0 (Windows NT 6.1; Win64; x64) AppleWebKit/537.36 (KHTML, like Gecko) Chrome/76.0.3809.100 Safari/537.36',
  'upgrade-insecure-requests' => '1',
  'connection' => 'Keep-Alive',
  'host' => 'www.58hongtu.com',
  'content-length' => '',
  'content-type' => '',
)
[ info ] [ PARAM ] array (
)
[ info ] [ BEHAVIOR ] Run app\common\behavior\Common @module_init [ RunTime:0.001682s ]
[ info ] [ RUN ] app\index\controller\Index->index[ /www/wwwroot/www.58hongtu.com/htmove/application/index/controller/Index.php ]
[ info ] [ VIEW ] /www/wwwroot/www.58hongtu.com/htmove/public/../application/index/view/index/index.html [ array (
  0 => 'user',
  1 => 'site',
  2 => 'config',
) ]
[ info ] [ LOG ] INIT File
---------------------------------------------------------------
[ 2020-07-15T08:46:55+08:00 ] 113.116.91.83 GET www.58hongtu.com/
[运行时间：0.028121s] [吞吐率：35.56req/s] [内存消耗：2,991.55kb] [文件加载：126]
[ info ] [ BEHAVIOR ] Run Closure @app_init [ RunTime:0.000023s ]
[ info ] [ CACHE ] INIT File
[ info ] [ BEHAVIOR ] Run \addons\epay\Epay @app_init [ RunTime:0.001941s ]
[ info ] [ BEHAVIOR ] Run Closure @app_init [ RunTime:0.001964s ]
[ info ] [ LANG ] /www/wwwroot/www.58hongtu.com/htmove/thinkphp/lang/zh-cn.php
[ info ] [ BEHAVIOR ] Run app\common\behavior\Common @app_dispatch [ RunTime:0.000191s ]
[ info ] [ ROUTE ] array (
  'type' => 'module',
  'module' => 
  array (
    0 => '',
    1 => NULL,
    2 => NULL,
  ),
)
[ info ] [ HEADER ] array (
  'accept-language' => 'zh-CN,zh;q=0.9,en-US;q=0.8,en;q=0.7',
  'accept-encoding' => 'gzip, deflate',
  'accept' => 'text/html,application/xhtml+xml,application/xml;q=0.9,image/webp,image/apng,*/*;q=0.8,application/signed-exchange;v=b3;q=0.9',
  'user-agent' => 'Mozilla/5.0 (Macintosh; Intel Mac OS X 10_15_5) AppleWebKit/537.36 (KHTML, like Gecko) Chrome/83.0.4103.116 Safari/537.36',
  'upgrade-insecure-requests' => '1',
  'dnt' => '1',
  'connection' => 'keep-alive',
  'host' => 'www.58hongtu.com',
  'content-length' => '',
  'content-type' => '',
)
[ info ] [ PARAM ] array (
)
[ info ] [ LANG ] /www/wwwroot/www.58hongtu.com/htmove/public/../application/index/lang/zh-cn.php
[ info ] [ BEHAVIOR ] Run app\common\behavior\Common @module_init [ RunTime:0.001165s ]
[ info ] [ LANG ] /www/wwwroot/www.58hongtu.com/htmove/public/../application/index/lang/zh-cn/index.php
[ info ] [ RUN ] app\index\controller\Index->index[ /www/wwwroot/www.58hongtu.com/htmove/application/index/controller/Index.php ]
[ info ] [ VIEW ] /www/wwwroot/www.58hongtu.com/htmove/public/../application/index/view/index/index.html [ array (
  0 => 'user',
  1 => 'site',
  2 => 'config',
) ]
[ info ] [ LOG ] INIT File
---------------------------------------------------------------
[ 2020-07-15T08:47:01+08:00 ] 113.116.91.83 GET www.58hongtu.com/
[运行时间：0.027582s] [吞吐率：36.26req/s] [内存消耗：2,992.00kb] [文件加载：126]
[ info ] [ BEHAVIOR ] Run Closure @app_init [ RunTime:0.000022s ]
[ info ] [ CACHE ] INIT File
[ info ] [ BEHAVIOR ] Run \addons\epay\Epay @app_init [ RunTime:0.002008s ]
[ info ] [ BEHAVIOR ] Run Closure @app_init [ RunTime:0.002028s ]
[ info ] [ LANG ] /www/wwwroot/www.58hongtu.com/htmove/thinkphp/lang/zh-cn.php
[ info ] [ BEHAVIOR ] Run app\common\behavior\Common @app_dispatch [ RunTime:0.000189s ]
[ info ] [ ROUTE ] array (
  'type' => 'module',
  'module' => 
  array (
    0 => '',
    1 => NULL,
    2 => NULL,
  ),
)
[ info ] [ HEADER ] array (
  'accept-language' => 'zh-CN,zh;q=0.9,en-US;q=0.8,en;q=0.7',
  'accept-encoding' => 'gzip, deflate',
  'referer' => 'http://www.58hongtu.com/',
  'accept' => 'text/html,application/xhtml+xml,application/xml;q=0.9,image/webp,image/apng,*/*;q=0.8,application/signed-exchange;v=b3;q=0.9',
  'user-agent' => 'Mozilla/5.0 (Macintosh; Intel Mac OS X 10_15_5) AppleWebKit/537.36 (KHTML, like Gecko) Chrome/83.0.4103.116 Safari/537.36',
  'dnt' => '1',
  'upgrade-insecure-requests' => '1',
  'connection' => 'keep-alive',
  'host' => 'www.58hongtu.com',
  'content-length' => '',
  'content-type' => '',
)
[ info ] [ PARAM ] array (
)
[ info ] [ LANG ] /www/wwwroot/www.58hongtu.com/htmove/public/../application/index/lang/zh-cn.php
[ info ] [ BEHAVIOR ] Run app\common\behavior\Common @module_init [ RunTime:0.001221s ]
[ info ] [ LANG ] /www/wwwroot/www.58hongtu.com/htmove/public/../application/index/lang/zh-cn/index.php
[ info ] [ RUN ] app\index\controller\Index->index[ /www/wwwroot/www.58hongtu.com/htmove/application/index/controller/Index.php ]
[ info ] [ VIEW ] /www/wwwroot/www.58hongtu.com/htmove/public/../application/index/view/index/index.html [ array (
  0 => 'user',
  1 => 'site',
  2 => 'config',
) ]
[ info ] [ LOG ] INIT File
---------------------------------------------------------------
[ 2020-07-15T08:47:12+08:00 ] 113.116.91.83 GET www.58hongtu.com/index/user/index.html
[运行时间：0.048706s] [吞吐率：20.53req/s] [内存消耗：3,733.02kb] [文件加载：132]
[ info ] [ BEHAVIOR ] Run Closure @app_init [ RunTime:0.000023s ]
[ info ] [ CACHE ] INIT File
[ info ] [ BEHAVIOR ] Run \addons\epay\Epay @app_init [ RunTime:0.001980s ]
[ info ] [ BEHAVIOR ] Run Closure @app_init [ RunTime:0.002000s ]
[ info ] [ LANG ] /www/wwwroot/www.58hongtu.com/htmove/thinkphp/lang/zh-cn.php
[ info ] [ BEHAVIOR ] Run app\common\behavior\Common @app_dispatch [ RunTime:0.000199s ]
[ info ] [ ROUTE ] array (
  'type' => 'module',
  'module' => 
  array (
    0 => 'index',
    1 => 'user',
    2 => 'index',
  ),
)
[ info ] [ HEADER ] array (
  'accept-language' => 'zh-CN,zh;q=0.9,en-US;q=0.8,en;q=0.7',
  'accept-encoding' => 'gzip, deflate',
  'referer' => 'http://www.58hongtu.com/',
  'accept' => 'text/html,application/xhtml+xml,application/xml;q=0.9,image/webp,image/apng,*/*;q=0.8,application/signed-exchange;v=b3;q=0.9',
  'user-agent' => 'Mozilla/5.0 (Macintosh; Intel Mac OS X 10_15_5) AppleWebKit/537.36 (KHTML, like Gecko) Chrome/83.0.4103.116 Safari/537.36',
  'dnt' => '1',
  'upgrade-insecure-requests' => '1',
  'connection' => 'keep-alive',
  'host' => 'www.58hongtu.com',
  'content-length' => '',
  'content-type' => '',
)
[ info ] [ PARAM ] array (
)
[ info ] [ LANG ] /www/wwwroot/www.58hongtu.com/htmove/public/../application/index/lang/zh-cn.php
[ info ] [ BEHAVIOR ] Run app\common\behavior\Common @module_init [ RunTime:0.001155s ]
[ info ] [ TOKEN ] INIT Mysql
[ info ] [ DB ] INIT mysql
[ info ] [ VIEW ] /www/wwwroot/www.58hongtu.com/htmove/public/../application/common/view/tpl/dispatch_jump.tpl [ array (
  0 => 'code',
  1 => 'msg',
  2 => 'data',
  3 => 'url',
  4 => 'wait',
) ]
[ info ] [ LOG ] INIT File
---------------------------------------------------------------
[ 2020-07-15T08:47:15+08:00 ] 113.116.91.83 GET www.58hongtu.com/index/user/login.html
[运行时间：0.045420s] [吞吐率：22.02req/s] [内存消耗：3,058.95kb] [文件加载：125]
[ info ] [ BEHAVIOR ] Run Closure @app_init [ RunTime:0.000021s ]
[ info ] [ CACHE ] INIT File
[ info ] [ BEHAVIOR ] Run \addons\epay\Epay @app_init [ RunTime:0.001969s ]
[ info ] [ BEHAVIOR ] Run Closure @app_init [ RunTime:0.001988s ]
[ info ] [ LANG ] /www/wwwroot/www.58hongtu.com/htmove/thinkphp/lang/zh-cn.php
[ info ] [ BEHAVIOR ] Run app\common\behavior\Common @app_dispatch [ RunTime:0.000192s ]
[ info ] [ ROUTE ] array (
  'type' => 'module',
  'module' => 
  array (
    0 => 'index',
    1 => 'user',
    2 => 'login',
  ),
)
[ info ] [ HEADER ] array (
  'accept-language' => 'zh-CN,zh;q=0.9,en-US;q=0.8,en;q=0.7',
  'accept-encoding' => 'gzip, deflate',
  'referer' => 'http://www.58hongtu.com/index/user/index.html',
  'accept' => 'text/html,application/xhtml+xml,application/xml;q=0.9,image/webp,image/apng,*/*;q=0.8,application/signed-exchange;v=b3;q=0.9',
  'user-agent' => 'Mozilla/5.0 (Macintosh; Intel Mac OS X 10_15_5) AppleWebKit/537.36 (KHTML, like Gecko) Chrome/83.0.4103.116 Safari/537.36',
  'dnt' => '1',
  'upgrade-insecure-requests' => '1',
  'connection' => 'keep-alive',
  'host' => 'www.58hongtu.com',
  'content-length' => '',
  'content-type' => '',
)
[ info ] [ PARAM ] array (
)
[ info ] [ LANG ] /www/wwwroot/www.58hongtu.com/htmove/public/../application/index/lang/zh-cn.php
[ info ] [ BEHAVIOR ] Run app\common\behavior\Common @module_init [ RunTime:0.001166s ]
[ info ] [ LANG ] /www/wwwroot/www.58hongtu.com/htmove/public/../application/index/lang/zh-cn/user.php
[ info ] [ RUN ] app\index\controller\User->login[ /www/wwwroot/www.58hongtu.com/htmove/application/index/controller/User.php ]
[ info ] [ VIEW ] /www/wwwroot/www.58hongtu.com/htmove/public/../application/index/view/user/login.html [ array (
  0 => 'user',
  1 => 'site',
  2 => 'config',
  3 => 'url',
  4 => 'title',
) ]
[ info ] [ SESSION ] INIT array (
  'id' => '',
  'var_session_id' => '',
  'prefix' => 'think',
  'type' => '',
  'auto_start' => true,
)
[ info ] [ LOG ] INIT File
---------------------------------------------------------------
[ 2020-07-15T08:47:16+08:00 ] 113.116.91.83 GET www.58hongtu.com/index/ajax/lang?callback=define&controllername=user&v=1594774035
[运行时间：0.067902s] [吞吐率：14.73req/s] [内存消耗：3,002.23kb] [文件加载：126]
[ info ] [ BEHAVIOR ] Run Closure @app_init [ RunTime:0.000021s ]
[ info ] [ CACHE ] INIT File
[ info ] [ BEHAVIOR ] Run \addons\epay\Epay @app_init [ RunTime:0.001975s ]
[ info ] [ BEHAVIOR ] Run Closure @app_init [ RunTime:0.001992s ]
[ info ] [ LANG ] /www/wwwroot/www.58hongtu.com/htmove/thinkphp/lang/zh-cn.php
[ info ] [ BEHAVIOR ] Run app\common\behavior\Common @app_dispatch [ RunTime:0.000181s ]
[ info ] [ ROUTE ] array (
  'type' => 'module',
  'module' => 
  array (
    0 => 'index',
    1 => 'ajax',
    2 => 'lang',
  ),
)
[ info ] [ HEADER ] array (
  'cookie' => 'PHPSESSID=98huc6smgbckvb0pilkd09qk2o',
  'accept-language' => 'zh-CN,zh;q=0.9,en-US;q=0.8,en;q=0.7',
  'accept-encoding' => 'gzip, deflate',
  'referer' => 'http://www.58hongtu.com/index/user/login.html',
  'accept' => '*/*',
  'dnt' => '1',
  'user-agent' => 'Mozilla/5.0 (Macintosh; Intel Mac OS X 10_15_5) AppleWebKit/537.36 (KHTML, like Gecko) Chrome/83.0.4103.116 Safari/537.36',
  'connection' => 'keep-alive',
  'host' => 'www.58hongtu.com',
  'content-length' => '',
  'content-type' => '',
)
[ info ] [ PARAM ] array (
  'callback' => 'define',
  'controllername' => 'user',
  'v' => '1594774035',
)
[ info ] [ LANG ] /www/wwwroot/www.58hongtu.com/htmove/public/../application/index/lang/zh-cn.php
[ info ] [ BEHAVIOR ] Run app\common\behavior\Common @module_init [ RunTime:0.001143s ]
[ info ] [ LANG ] /www/wwwroot/www.58hongtu.com/htmove/public/../application/index/lang/zh-cn/ajax.php
[ info ] [ RUN ] app\index\controller\Ajax->lang[ /www/wwwroot/www.58hongtu.com/htmove/application/index/controller/Ajax.php ]
[ info ] [ LANG ] /www/wwwroot/www.58hongtu.com/htmove/public/../application/index/lang/zh-cn/user.php
[ info ] [ LOG ] INIT File
---------------------------------------------------------------
[ 2020-07-15T08:47:18+08:00 ] 113.116.91.83 GET www.58hongtu.com/index/user/register.html?url=http%3A%2F%2Fwww.58hongtu.com%2Findex%2Fuser%2Findex.html
[运行时间：0.030783s] [吞吐率：32.49req/s] [内存消耗：3,058.48kb] [文件加载：125]
[ info ] [ BEHAVIOR ] Run Closure @app_init [ RunTime:0.000021s ]
[ info ] [ CACHE ] INIT File
[ info ] [ BEHAVIOR ] Run \addons\epay\Epay @app_init [ RunTime:0.001963s ]
[ info ] [ BEHAVIOR ] Run Closure @app_init [ RunTime:0.001982s ]
[ info ] [ LANG ] /www/wwwroot/www.58hongtu.com/htmove/thinkphp/lang/zh-cn.php
[ info ] [ BEHAVIOR ] Run app\common\behavior\Common @app_dispatch [ RunTime:0.000179s ]
[ info ] [ ROUTE ] array (
  'type' => 'module',
  'module' => 
  array (
    0 => 'index',
    1 => 'user',
    2 => 'register',
  ),
)
[ info ] [ HEADER ] array (
  'cookie' => 'PHPSESSID=98huc6smgbckvb0pilkd09qk2o',
  'accept-language' => 'zh-CN,zh;q=0.9,en-US;q=0.8,en;q=0.7',
  'accept-encoding' => 'gzip, deflate',
  'referer' => 'http://www.58hongtu.com/index/user/login.html',
  'accept' => 'text/html,application/xhtml+xml,application/xml;q=0.9,image/webp,image/apng,*/*;q=0.8,application/signed-exchange;v=b3;q=0.9',
  'user-agent' => 'Mozilla/5.0 (Macintosh; Intel Mac OS X 10_15_5) AppleWebKit/537.36 (KHTML, like Gecko) Chrome/83.0.4103.116 Safari/537.36',
  'dnt' => '1',
  'upgrade-insecure-requests' => '1',
  'connection' => 'keep-alive',
  'host' => 'www.58hongtu.com',
  'content-length' => '',
  'content-type' => '',
)
[ info ] [ PARAM ] array (
  'url' => 'http://www.58hongtu.com/index/user/index.html',
)
[ info ] [ LANG ] /www/wwwroot/www.58hongtu.com/htmove/public/../application/index/lang/zh-cn.php
[ info ] [ BEHAVIOR ] Run app\common\behavior\Common @module_init [ RunTime:0.003067s ]
[ info ] [ LANG ] /www/wwwroot/www.58hongtu.com/htmove/public/../application/index/lang/zh-cn/user.php
[ info ] [ RUN ] app\index\controller\User->register[ /www/wwwroot/www.58hongtu.com/htmove/application/index/controller/User.php ]
[ info ] [ VIEW ] /www/wwwroot/www.58hongtu.com/htmove/public/../application/index/view/user/register.html [ array (
  0 => 'user',
  1 => 'site',
  2 => 'config',
  3 => 'captchaType',
  4 => 'url',
  5 => 'title',
) ]
[ info ] [ SESSION ] INIT array (
  'id' => '',
  'var_session_id' => '',
  'prefix' => 'think',
  'type' => '',
  'auto_start' => true,
)
[ info ] [ LOG ] INIT File
---------------------------------------------------------------
[ 2020-07-15T08:47:18+08:00 ] 113.116.91.83 GET www.58hongtu.com/captcha.html
[运行时间：0.046356s] [吞吐率：21.57req/s] [内存消耗：2,359.29kb] [文件加载：115]
[ info ] [ BEHAVIOR ] Run Closure @app_init [ RunTime:0.000021s ]
[ info ] [ CACHE ] INIT File
[ info ] [ BEHAVIOR ] Run \addons\epay\Epay @app_init [ RunTime:0.001915s ]
[ info ] [ BEHAVIOR ] Run Closure @app_init [ RunTime:0.001931s ]
[ info ] [ LANG ] /www/wwwroot/www.58hongtu.com/htmove/thinkphp/lang/zh-cn.php
[ info ] [ BEHAVIOR ] Run app\common\behavior\Common @app_dispatch [ RunTime:0.000173s ]
[ info ] [ ROUTE ] array (
  'type' => 'method',
  'method' => 
  array (
    0 => '\\think\\captcha\\CaptchaController',
    1 => 'index',
  ),
  'var' => 
  array (
  ),
)
[ info ] [ HEADER ] array (
  'cookie' => 'PHPSESSID=98huc6smgbckvb0pilkd09qk2o',
  'accept-language' => 'zh-CN,zh;q=0.9,en-US;q=0.8,en;q=0.7',
  'accept-encoding' => 'gzip, deflate',
  'referer' => 'http://www.58hongtu.com/index/user/register.html?url=http%3A%2F%2Fwww.58hongtu.com%2Findex%2Fuser%2Findex.html',
  'accept' => 'image/webp,image/apng,image/*,*/*;q=0.8',
  'dnt' => '1',
  'user-agent' => 'Mozilla/5.0 (Macintosh; Intel Mac OS X 10_15_5) AppleWebKit/537.36 (KHTML, like Gecko) Chrome/83.0.4103.116 Safari/537.36',
  'connection' => 'keep-alive',
  'host' => 'www.58hongtu.com',
  'content-length' => '',
  'content-type' => '',
)
[ info ] [ PARAM ] array (
  'id' => NULL,
)
[ info ] [ RUN ] think\captcha\CaptchaController->index[ /www/wwwroot/www.58hongtu.com/htmove/vendor/topthink/think-captcha/src/CaptchaController.php ]
[ info ] [ SESSION ] INIT array (
  'id' => '',
  'var_session_id' => '',
  'prefix' => 'think',
  'type' => '',
  'auto_start' => true,
)
[ info ] [ LOG ] INIT File
---------------------------------------------------------------
[ 2020-07-15T08:47:19+08:00 ] 113.116.91.83 GET www.58hongtu.com/index/ajax/lang?callback=define&controllername=user&v=1594774038
[运行时间：0.028356s] [吞吐率：35.27req/s] [内存消耗：3,002.71kb] [文件加载：126]
[ info ] [ BEHAVIOR ] Run Closure @app_init [ RunTime:0.000021s ]
[ info ] [ CACHE ] INIT File
[ info ] [ BEHAVIOR ] Run \addons\epay\Epay @app_init [ RunTime:0.001997s ]
[ info ] [ BEHAVIOR ] Run Closure @app_init [ RunTime:0.002016s ]
[ info ] [ LANG ] /www/wwwroot/www.58hongtu.com/htmove/thinkphp/lang/zh-cn.php
[ info ] [ BEHAVIOR ] Run app\common\behavior\Common @app_dispatch [ RunTime:0.000252s ]
[ info ] [ ROUTE ] array (
  'type' => 'module',
  'module' => 
  array (
    0 => 'index',
    1 => 'ajax',
    2 => 'lang',
  ),
)
[ info ] [ HEADER ] array (
  'cookie' => 'PHPSESSID=98huc6smgbckvb0pilkd09qk2o',
  'accept-language' => 'zh-CN,zh;q=0.9,en-US;q=0.8,en;q=0.7',
  'accept-encoding' => 'gzip, deflate',
  'referer' => 'http://www.58hongtu.com/index/user/register.html?url=http%3A%2F%2Fwww.58hongtu.com%2Findex%2Fuser%2Findex.html',
  'accept' => '*/*',
  'dnt' => '1',
  'user-agent' => 'Mozilla/5.0 (Macintosh; Intel Mac OS X 10_15_5) AppleWebKit/537.36 (KHTML, like Gecko) Chrome/83.0.4103.116 Safari/537.36',
  'connection' => 'keep-alive',
  'host' => 'www.58hongtu.com',
  'content-length' => '',
  'content-type' => '',
)
[ info ] [ PARAM ] array (
  'callback' => 'define',
  'controllername' => 'user',
  'v' => '1594774038',
)
[ info ] [ LANG ] /www/wwwroot/www.58hongtu.com/htmove/public/../application/index/lang/zh-cn.php
[ info ] [ BEHAVIOR ] Run app\common\behavior\Common @module_init [ RunTime:0.001220s ]
[ info ] [ LANG ] /www/wwwroot/www.58hongtu.com/htmove/public/../application/index/lang/zh-cn/ajax.php
[ info ] [ RUN ] app\index\controller\Ajax->lang[ /www/wwwroot/www.58hongtu.com/htmove/application/index/controller/Ajax.php ]
[ info ] [ LANG ] /www/wwwroot/www.58hongtu.com/htmove/public/../application/index/lang/zh-cn/user.php
[ info ] [ LOG ] INIT File
---------------------------------------------------------------
[ 2020-07-15T08:47:20+08:00 ] 113.116.91.83 GET www.58hongtu.com/index/user/login.html?url=http%3A%2F%2Fwww.58hongtu.com%2Findex%2Fuser%2Findex.html
[运行时间：0.028053s] [吞吐率：35.65req/s] [内存消耗：3,061.25kb] [文件加载：125]
[ info ] [ BEHAVIOR ] Run Closure @app_init [ RunTime:0.000021s ]
[ info ] [ CACHE ] INIT File
[ info ] [ BEHAVIOR ] Run \addons\epay\Epay @app_init [ RunTime:0.001925s ]
[ info ] [ BEHAVIOR ] Run Closure @app_init [ RunTime:0.001943s ]
[ info ] [ LANG ] /www/wwwroot/www.58hongtu.com/htmove/thinkphp/lang/zh-cn.php
[ info ] [ BEHAVIOR ] Run app\common\behavior\Common @app_dispatch [ RunTime:0.000176s ]
[ info ] [ ROUTE ] array (
  'type' => 'module',
  'module' => 
  array (
    0 => 'index',
    1 => 'user',
    2 => 'login',
  ),
)
[ info ] [ HEADER ] array (
  'cookie' => 'PHPSESSID=98huc6smgbckvb0pilkd09qk2o',
  'accept-language' => 'zh-CN,zh;q=0.9,en-US;q=0.8,en;q=0.7',
  'accept-encoding' => 'gzip, deflate',
  'referer' => 'http://www.58hongtu.com/index/user/register.html?url=http%3A%2F%2Fwww.58hongtu.com%2Findex%2Fuser%2Findex.html',
  'accept' => 'text/html,application/xhtml+xml,application/xml;q=0.9,image/webp,image/apng,*/*;q=0.8,application/signed-exchange;v=b3;q=0.9',
  'user-agent' => 'Mozilla/5.0 (Macintosh; Intel Mac OS X 10_15_5) AppleWebKit/537.36 (KHTML, like Gecko) Chrome/83.0.4103.116 Safari/537.36',
  'dnt' => '1',
  'upgrade-insecure-requests' => '1',
  'connection' => 'keep-alive',
  'host' => 'www.58hongtu.com',
  'content-length' => '',
  'content-type' => '',
)
[ info ] [ PARAM ] array (
  'url' => 'http://www.58hongtu.com/index/user/index.html',
)
[ info ] [ LANG ] /www/wwwroot/www.58hongtu.com/htmove/public/../application/index/lang/zh-cn.php
[ info ] [ BEHAVIOR ] Run app\common\behavior\Common @module_init [ RunTime:0.001126s ]
[ info ] [ LANG ] /www/wwwroot/www.58hongtu.com/htmove/public/../application/index/lang/zh-cn/user.php
[ info ] [ RUN ] app\index\controller\User->login[ /www/wwwroot/www.58hongtu.com/htmove/application/index/controller/User.php ]
[ info ] [ VIEW ] /www/wwwroot/www.58hongtu.com/htmove/public/../application/index/view/user/login.html [ array (
  0 => 'user',
  1 => 'site',
  2 => 'config',
  3 => 'url',
  4 => 'title',
) ]
[ info ] [ SESSION ] INIT array (
  'id' => '',
  'var_session_id' => '',
  'prefix' => 'think',
  'type' => '',
  'auto_start' => true,
)
[ info ] [ LOG ] INIT File
---------------------------------------------------------------
[ 2020-07-15T08:47:20+08:00 ] 113.116.91.83 GET www.58hongtu.com/index/ajax/lang?callback=define&controllername=user&v=1594774040
[运行时间：0.027730s] [吞吐率：36.06req/s] [内存消耗：3,002.71kb] [文件加载：126]
[ info ] [ BEHAVIOR ] Run Closure @app_init [ RunTime:0.000023s ]
[ info ] [ CACHE ] INIT File
[ info ] [ BEHAVIOR ] Run \addons\epay\Epay @app_init [ RunTime:0.001955s ]
[ info ] [ BEHAVIOR ] Run Closure @app_init [ RunTime:0.001976s ]
[ info ] [ LANG ] /www/wwwroot/www.58hongtu.com/htmove/thinkphp/lang/zh-cn.php
[ info ] [ BEHAVIOR ] Run app\common\behavior\Common @app_dispatch [ RunTime:0.000177s ]
[ info ] [ ROUTE ] array (
  'type' => 'module',
  'module' => 
  array (
    0 => 'index',
    1 => 'ajax',
    2 => 'lang',
  ),
)
[ info ] [ HEADER ] array (
  'cookie' => 'PHPSESSID=98huc6smgbckvb0pilkd09qk2o',
  'accept-language' => 'zh-CN,zh;q=0.9,en-US;q=0.8,en;q=0.7',
  'accept-encoding' => 'gzip, deflate',
  'referer' => 'http://www.58hongtu.com/index/user/login.html?url=http%3A%2F%2Fwww.58hongtu.com%2Findex%2Fuser%2Findex.html',
  'accept' => '*/*',
  'dnt' => '1',
  'user-agent' => 'Mozilla/5.0 (Macintosh; Intel Mac OS X 10_15_5) AppleWebKit/537.36 (KHTML, like Gecko) Chrome/83.0.4103.116 Safari/537.36',
  'connection' => 'keep-alive',
  'host' => 'www.58hongtu.com',
  'content-length' => '',
  'content-type' => '',
)
[ info ] [ PARAM ] array (
  'callback' => 'define',
  'controllername' => 'user',
  'v' => '1594774040',
)
[ info ] [ LANG ] /www/wwwroot/www.58hongtu.com/htmove/public/../application/index/lang/zh-cn.php
[ info ] [ BEHAVIOR ] Run app\common\behavior\Common @module_init [ RunTime:0.001154s ]
[ info ] [ LANG ] /www/wwwroot/www.58hongtu.com/htmove/public/../application/index/lang/zh-cn/ajax.php
[ info ] [ RUN ] app\index\controller\Ajax->lang[ /www/wwwroot/www.58hongtu.com/htmove/application/index/controller/Ajax.php ]
[ info ] [ LANG ] /www/wwwroot/www.58hongtu.com/htmove/public/../application/index/lang/zh-cn/user.php
[ info ] [ LOG ] INIT File
---------------------------------------------------------------
[ 2020-07-15T08:47:25+08:00 ] 113.116.91.83 GET www.58hongtu.com/
[运行时间：0.028933s] [吞吐率：34.56req/s] [内存消耗：2,992.81kb] [文件加载：126]
[ info ] [ BEHAVIOR ] Run Closure @app_init [ RunTime:0.000023s ]
[ info ] [ CACHE ] INIT File
[ info ] [ BEHAVIOR ] Run \addons\epay\Epay @app_init [ RunTime:0.001962s ]
[ info ] [ BEHAVIOR ] Run Closure @app_init [ RunTime:0.001978s ]
[ info ] [ LANG ] /www/wwwroot/www.58hongtu.com/htmove/thinkphp/lang/zh-cn.php
[ info ] [ BEHAVIOR ] Run app\common\behavior\Common @app_dispatch [ RunTime:0.000178s ]
[ info ] [ ROUTE ] array (
  'type' => 'module',
  'module' => 
  array (
    0 => '',
    1 => NULL,
    2 => NULL,
  ),
)
[ info ] [ HEADER ] array (
  'cookie' => 'PHPSESSID=98huc6smgbckvb0pilkd09qk2o',
  'accept-language' => 'zh-CN,zh;q=0.9,en-US;q=0.8,en;q=0.7',
  'accept-encoding' => 'gzip, deflate',
  'referer' => 'http://www.58hongtu.com/index/user/login.html?url=http%3A%2F%2Fwww.58hongtu.com%2Findex%2Fuser%2Findex.html',
  'accept' => 'text/html,application/xhtml+xml,application/xml;q=0.9,image/webp,image/apng,*/*;q=0.8,application/signed-exchange;v=b3;q=0.9',
  'user-agent' => 'Mozilla/5.0 (Macintosh; Intel Mac OS X 10_15_5) AppleWebKit/537.36 (KHTML, like Gecko) Chrome/83.0.4103.116 Safari/537.36',
  'dnt' => '1',
  'upgrade-insecure-requests' => '1',
  'connection' => 'keep-alive',
  'host' => 'www.58hongtu.com',
  'content-length' => '',
  'content-type' => '',
)
[ info ] [ PARAM ] array (
)
[ info ] [ LANG ] /www/wwwroot/www.58hongtu.com/htmove/public/../application/index/lang/zh-cn.php
[ info ] [ BEHAVIOR ] Run app\common\behavior\Common @module_init [ RunTime:0.001339s ]
[ info ] [ LANG ] /www/wwwroot/www.58hongtu.com/htmove/public/../application/index/lang/zh-cn/index.php
[ info ] [ RUN ] app\index\controller\Index->index[ /www/wwwroot/www.58hongtu.com/htmove/application/index/controller/Index.php ]
[ info ] [ VIEW ] /www/wwwroot/www.58hongtu.com/htmove/public/../application/index/view/index/index.html [ array (
  0 => 'user',
  1 => 'site',
  2 => 'config',
) ]
[ info ] [ LOG ] INIT File
---------------------------------------------------------------
[ 2020-07-15T08:47:27+08:00 ] 113.116.91.83 GET www.58hongtu.com/index/user/index.html
[运行时间：0.034100s] [吞吐率：29.33req/s] [内存消耗：3,733.27kb] [文件加载：132]
[ info ] [ BEHAVIOR ] Run Closure @app_init [ RunTime:0.000022s ]
[ info ] [ CACHE ] INIT File
[ info ] [ BEHAVIOR ] Run \addons\epay\Epay @app_init [ RunTime:0.001957s ]
[ info ] [ BEHAVIOR ] Run Closure @app_init [ RunTime:0.001981s ]
[ info ] [ LANG ] /www/wwwroot/www.58hongtu.com/htmove/thinkphp/lang/zh-cn.php
[ info ] [ BEHAVIOR ] Run app\common\behavior\Common @app_dispatch [ RunTime:0.000218s ]
[ info ] [ ROUTE ] array (
  'type' => 'module',
  'module' => 
  array (
    0 => 'index',
    1 => 'user',
    2 => 'index',
  ),
)
[ info ] [ HEADER ] array (
  'cookie' => 'PHPSESSID=98huc6smgbckvb0pilkd09qk2o',
  'accept-language' => 'zh-CN,zh;q=0.9,en-US;q=0.8,en;q=0.7',
  'accept-encoding' => 'gzip, deflate',
  'referer' => 'http://www.58hongtu.com/',
  'accept' => 'text/html,application/xhtml+xml,application/xml;q=0.9,image/webp,image/apng,*/*;q=0.8,application/signed-exchange;v=b3;q=0.9',
  'user-agent' => 'Mozilla/5.0 (Macintosh; Intel Mac OS X 10_15_5) AppleWebKit/537.36 (KHTML, like Gecko) Chrome/83.0.4103.116 Safari/537.36',
  'dnt' => '1',
  'upgrade-insecure-requests' => '1',
  'connection' => 'keep-alive',
  'host' => 'www.58hongtu.com',
  'content-length' => '',
  'content-type' => '',
)
[ info ] [ PARAM ] array (
)
[ info ] [ LANG ] /www/wwwroot/www.58hongtu.com/htmove/public/../application/index/lang/zh-cn.php
[ info ] [ BEHAVIOR ] Run app\common\behavior\Common @module_init [ RunTime:0.001299s ]
[ info ] [ TOKEN ] INIT Mysql
[ info ] [ DB ] INIT mysql
[ info ] [ VIEW ] /www/wwwroot/www.58hongtu.com/htmove/public/../application/common/view/tpl/dispatch_jump.tpl [ array (
  0 => 'code',
  1 => 'msg',
  2 => 'data',
  3 => 'url',
  4 => 'wait',
) ]
[ info ] [ LOG ] INIT File
---------------------------------------------------------------
[ 2020-07-15T08:47:30+08:00 ] 113.116.91.83 GET www.58hongtu.com/index/user/login.html
[运行时间：0.031878s] [吞吐率：31.37req/s] [内存消耗：3,060.43kb] [文件加载：125]
[ info ] [ BEHAVIOR ] Run Closure @app_init [ RunTime:0.000024s ]
[ info ] [ CACHE ] INIT File
[ info ] [ BEHAVIOR ] Run \addons\epay\Epay @app_init [ RunTime:0.001941s ]
[ info ] [ BEHAVIOR ] Run Closure @app_init [ RunTime:0.001962s ]
[ info ] [ LANG ] /www/wwwroot/www.58hongtu.com/htmove/thinkphp/lang/zh-cn.php
[ info ] [ BEHAVIOR ] Run app\common\behavior\Common @app_dispatch [ RunTime:0.000170s ]
[ info ] [ ROUTE ] array (
  'type' => 'module',
  'module' => 
  array (
    0 => 'index',
    1 => 'user',
    2 => 'login',
  ),
)
[ info ] [ HEADER ] array (
  'cookie' => 'PHPSESSID=98huc6smgbckvb0pilkd09qk2o',
  'accept-language' => 'zh-CN,zh;q=0.9,en-US;q=0.8,en;q=0.7',
  'accept-encoding' => 'gzip, deflate',
  'referer' => 'http://www.58hongtu.com/index/user/index.html',
  'accept' => 'text/html,application/xhtml+xml,application/xml;q=0.9,image/webp,image/apng,*/*;q=0.8,application/signed-exchange;v=b3;q=0.9',
  'user-agent' => 'Mozilla/5.0 (Macintosh; Intel Mac OS X 10_15_5) AppleWebKit/537.36 (KHTML, like Gecko) Chrome/83.0.4103.116 Safari/537.36',
  'dnt' => '1',
  'upgrade-insecure-requests' => '1',
  'connection' => 'keep-alive',
  'host' => 'www.58hongtu.com',
  'content-length' => '',
  'content-type' => '',
)
[ info ] [ PARAM ] array (
)
[ info ] [ LANG ] /www/wwwroot/www.58hongtu.com/htmove/public/../application/index/lang/zh-cn.php
[ info ] [ BEHAVIOR ] Run app\common\behavior\Common @module_init [ RunTime:0.001164s ]
[ info ] [ LANG ] /www/wwwroot/www.58hongtu.com/htmove/public/../application/index/lang/zh-cn/user.php
[ info ] [ RUN ] app\index\controller\User->login[ /www/wwwroot/www.58hongtu.com/htmove/application/index/controller/User.php ]
[ info ] [ VIEW ] /www/wwwroot/www.58hongtu.com/htmove/public/../application/index/view/user/login.html [ array (
  0 => 'user',
  1 => 'site',
  2 => 'config',
  3 => 'url',
  4 => 'title',
) ]
[ info ] [ SESSION ] INIT array (
  'id' => '',
  'var_session_id' => '',
  'prefix' => 'think',
  'type' => '',
  'auto_start' => true,
)
[ info ] [ LOG ] INIT File
---------------------------------------------------------------
[ 2020-07-15T08:47:34+08:00 ] 113.116.91.83 GET www.58hongtu.com/index/ajax/lang?callback=define&controllername=user&v=1594774050
[运行时间：0.027171s] [吞吐率：36.80req/s] [内存消耗：3,002.23kb] [文件加载：126]
[ info ] [ BEHAVIOR ] Run Closure @app_init [ RunTime:0.000023s ]
[ info ] [ CACHE ] INIT File
[ info ] [ BEHAVIOR ] Run \addons\epay\Epay @app_init [ RunTime:0.001921s ]
[ info ] [ BEHAVIOR ] Run Closure @app_init [ RunTime:0.001941s ]
[ info ] [ LANG ] /www/wwwroot/www.58hongtu.com/htmove/thinkphp/lang/zh-cn.php
[ info ] [ BEHAVIOR ] Run app\common\behavior\Common @app_dispatch [ RunTime:0.000184s ]
[ info ] [ ROUTE ] array (
  'type' => 'module',
  'module' => 
  array (
    0 => 'index',
    1 => 'ajax',
    2 => 'lang',
  ),
)
[ info ] [ HEADER ] array (
  'cookie' => 'PHPSESSID=98huc6smgbckvb0pilkd09qk2o',
  'accept-language' => 'zh-CN,zh;q=0.9,en-US;q=0.8,en;q=0.7',
  'accept-encoding' => 'gzip, deflate',
  'referer' => 'http://www.58hongtu.com/index/user/login.html',
  'accept' => '*/*',
  'dnt' => '1',
  'user-agent' => 'Mozilla/5.0 (Macintosh; Intel Mac OS X 10_15_5) AppleWebKit/537.36 (KHTML, like Gecko) Chrome/83.0.4103.116 Safari/537.36',
  'connection' => 'keep-alive',
  'host' => 'www.58hongtu.com',
  'content-length' => '',
  'content-type' => '',
)
[ info ] [ PARAM ] array (
  'callback' => 'define',
  'controllername' => 'user',
  'v' => '1594774050',
)
[ info ] [ LANG ] /www/wwwroot/www.58hongtu.com/htmove/public/../application/index/lang/zh-cn.php
[ info ] [ BEHAVIOR ] Run app\common\behavior\Common @module_init [ RunTime:0.001204s ]
[ info ] [ LANG ] /www/wwwroot/www.58hongtu.com/htmove/public/../application/index/lang/zh-cn/ajax.php
[ info ] [ RUN ] app\index\controller\Ajax->lang[ /www/wwwroot/www.58hongtu.com/htmove/application/index/controller/Ajax.php ]
[ info ] [ LANG ] /www/wwwroot/www.58hongtu.com/htmove/public/../application/index/lang/zh-cn/user.php
[ info ] [ LOG ] INIT File
---------------------------------------------------------------
[ 2020-07-15T09:10:45+08:00 ] 116.179.32.212 GET www.58hongtu.com/
[运行时间：0.030397s] [吞吐率：32.90req/s] [内存消耗：2,990.14kb] [文件加载：126]
[ info ] [ BEHAVIOR ] Run Closure @app_init [ RunTime:0.000029s ]
[ info ] [ CACHE ] INIT File
[ info ] [ BEHAVIOR ] Run \addons\epay\Epay @app_init [ RunTime:0.001989s ]
[ info ] [ BEHAVIOR ] Run Closure @app_init [ RunTime:0.002007s ]
[ info ] [ LANG ] /www/wwwroot/www.58hongtu.com/htmove/thinkphp/lang/zh-cn.php
[ info ] [ BEHAVIOR ] Run app\common\behavior\Common @app_dispatch [ RunTime:0.000174s ]
[ info ] [ ROUTE ] array (
  'type' => 'module',
  'module' => 
  array (
    0 => '',
    1 => NULL,
    2 => NULL,
  ),
)
[ info ] [ HEADER ] array (
  'accept' => '*/*',
  'accept-encoding' => 'gzip',
  'if-modified-since' => 'Thu, 18 Jun 2020 07:32:42 GMT',
  'accept-language' => 'zh-cn,zh-tw',
  'user-agent' => 'Mozilla/5.0 (compatible; Baiduspider/2.0; +http://www.baidu.com/search/spider.html)',
  'connection' => 'close',
  'host' => 'www.58hongtu.com',
  'content-length' => '',
  'content-type' => '',
)
[ info ] [ PARAM ] array (
)
[ info ] [ LANG ] /www/wwwroot/www.58hongtu.com/htmove/public/../application/index/lang/zh-cn.php
[ info ] [ BEHAVIOR ] Run app\common\behavior\Common @module_init [ RunTime:0.002996s ]
[ info ] [ LANG ] /www/wwwroot/www.58hongtu.com/htmove/public/../application/index/lang/zh-cn/index.php
[ info ] [ RUN ] app\index\controller\Index->index[ /www/wwwroot/www.58hongtu.com/htmove/application/index/controller/Index.php ]
[ info ] [ VIEW ] /www/wwwroot/www.58hongtu.com/htmove/public/../application/index/view/index/index.html [ array (
  0 => 'user',
  1 => 'site',
  2 => 'config',
) ]
[ info ] [ LOG ] INIT File
---------------------------------------------------------------
[ 2020-07-15T09:36:53+08:00 ] 163.177.13.2 HEAD www.58hongtu.com/
[运行时间：0.029583s] [吞吐率：33.80req/s] [内存消耗：2,986.92kb] [文件加载：126]
[ info ] [ BEHAVIOR ] Run Closure @app_init [ RunTime:0.000027s ]
[ info ] [ CACHE ] INIT File
[ info ] [ BEHAVIOR ] Run \addons\epay\Epay @app_init [ RunTime:0.002171s ]
[ info ] [ BEHAVIOR ] Run Closure @app_init [ RunTime:0.002192s ]
[ info ] [ LANG ] /www/wwwroot/www.58hongtu.com/htmove/thinkphp/lang/zh-cn.php
[ info ] [ BEHAVIOR ] Run app\common\behavior\Common @app_dispatch [ RunTime:0.000182s ]
[ info ] [ ROUTE ] array (
  'type' => 'module',
  'module' => 
  array (
    0 => '',
    1 => NULL,
    2 => NULL,
  ),
)
[ info ] [ HEADER ] array (
  'host' => 'www.58hongtu.com',
  'accept' => '*/*',
  'user-agent' => 'libcurl-agent/7.19.0',
  'content-length' => '',
  'content-type' => '',
)
[ info ] [ PARAM ] array (
)
[ info ] [ LANG ] /www/wwwroot/www.58hongtu.com/htmove/public/../application/index/lang/zh-cn.php
[ info ] [ BEHAVIOR ] Run app\common\behavior\Common @module_init [ RunTime:0.001258s ]
[ info ] [ LANG ] /www/wwwroot/www.58hongtu.com/htmove/public/../application/index/lang/zh-cn/index.php
[ info ] [ RUN ] app\index\controller\Index->index[ /www/wwwroot/www.58hongtu.com/htmove/application/index/controller/Index.php ]
[ info ] [ VIEW ] /www/wwwroot/www.58hongtu.com/htmove/public/../application/index/view/index/index.html [ array (
  0 => 'user',
  1 => 'site',
  2 => 'config',
) ]
[ info ] [ LOG ] INIT File
---------------------------------------------------------------
[ 2020-07-15T16:36:47+08:00 ] 209.17.96.122 GET www.58hongtu.com/
[运行时间：0.029390s] [吞吐率：34.03req/s] [内存消耗：2,987.14kb] [文件加载：126]
[ info ] [ BEHAVIOR ] Run Closure @app_init [ RunTime:0.000047s ]
[ info ] [ CACHE ] INIT File
[ info ] [ BEHAVIOR ] Run \addons\epay\Epay @app_init [ RunTime:0.002075s ]
[ info ] [ BEHAVIOR ] Run Closure @app_init [ RunTime:0.002096s ]
[ info ] [ LANG ] /www/wwwroot/www.58hongtu.com/htmove/thinkphp/lang/zh-cn.php
[ info ] [ BEHAVIOR ] Run app\common\behavior\Common @app_dispatch [ RunTime:0.000183s ]
[ info ] [ ROUTE ] array (
  'type' => 'module',
  'module' => 
  array (
    0 => '',
    1 => NULL,
    2 => NULL,
  ),
)
[ info ] [ HEADER ] array (
  'user-agent' => 'Mozilla/5.0 (compatible; Nimbostratus-Bot/v1.3.2; http://cloudsystemnetworks.com)',
  'host' => 'www.58hongtu.com',
  'content-length' => '',
  'content-type' => '',
)
[ info ] [ PARAM ] array (
)
[ info ] [ LANG ] /www/wwwroot/www.58hongtu.com/htmove/public/../application/index/lang/zh-cn.php
[ info ] [ BEHAVIOR ] Run app\common\behavior\Common @module_init [ RunTime:0.001168s ]
[ info ] [ LANG ] /www/wwwroot/www.58hongtu.com/htmove/public/../application/index/lang/zh-cn/index.php
[ info ] [ RUN ] app\index\controller\Index->index[ /www/wwwroot/www.58hongtu.com/htmove/application/index/controller/Index.php ]
[ info ] [ VIEW ] /www/wwwroot/www.58hongtu.com/htmove/public/../application/index/view/index/index.html [ array (
  0 => 'user',
  1 => 'site',
  2 => 'config',
) ]
[ info ] [ LOG ] INIT File
---------------------------------------------------------------
[ 2020-07-15T18:28:37+08:00 ] 42.83.147.202 GET www.58hongtu.com/
[运行时间：0.028559s] [吞吐率：35.01req/s] [内存消耗：2,988.12kb] [文件加载：126]
[ info ] [ BEHAVIOR ] Run Closure @app_init [ RunTime:0.000027s ]
[ info ] [ CACHE ] INIT File
[ info ] [ BEHAVIOR ] Run \addons\epay\Epay @app_init [ RunTime:0.002034s ]
[ info ] [ BEHAVIOR ] Run Closure @app_init [ RunTime:0.002053s ]
[ info ] [ LANG ] /www/wwwroot/www.58hongtu.com/htmove/thinkphp/lang/zh-cn.php
[ info ] [ BEHAVIOR ] Run app\common\behavior\Common @app_dispatch [ RunTime:0.000200s ]
[ info ] [ ROUTE ] array (
  'type' => 'module',
  'module' => 
  array (
    0 => '',
    1 => NULL,
    2 => NULL,
  ),
)
[ info ] [ HEADER ] array (
  'user-agent' => 'Mozilla/5.0 (Linux; U; Android 2.2; en-us; Nexus One Build/FRF91) AppleWebKit/533.1 (KHTML, like Gecko) Version/4.0 Mobile Safari/533.1',
  'host' => 'www.58hongtu.com',
  'connection' => 'TE, close',
  'te' => 'deflate,gzip;q=0.3',
  'content-length' => '',
  'content-type' => '',
)
[ info ] [ PARAM ] array (
)
[ info ] [ LANG ] /www/wwwroot/www.58hongtu.com/htmove/public/../application/index/lang/zh-cn.php
[ info ] [ BEHAVIOR ] Run app\common\behavior\Common @module_init [ RunTime:0.001352s ]
[ info ] [ LANG ] /www/wwwroot/www.58hongtu.com/htmove/public/../application/index/lang/zh-cn/index.php
[ info ] [ RUN ] app\index\controller\Index->index[ /www/wwwroot/www.58hongtu.com/htmove/application/index/controller/Index.php ]
[ info ] [ VIEW ] /www/wwwroot/www.58hongtu.com/htmove/public/../application/index/view/index/index.html [ array (
  0 => 'user',
  1 => 'site',
  2 => 'config',
) ]
[ info ] [ LOG ] INIT File
---------------------------------------------------------------
[ 2020-07-15T19:18:33+08:00 ] 220.181.51.113 GET www.58hongtu.com/
[运行时间：0.029877s] [吞吐率：33.47req/s] [内存消耗：2,988.38kb] [文件加载：126]
[ info ] [ BEHAVIOR ] Run Closure @app_init [ RunTime:0.000027s ]
[ info ] [ CACHE ] INIT File
[ info ] [ BEHAVIOR ] Run \addons\epay\Epay @app_init [ RunTime:0.002103s ]
[ info ] [ BEHAVIOR ] Run Closure @app_init [ RunTime:0.002127s ]
[ info ] [ LANG ] /www/wwwroot/www.58hongtu.com/htmove/thinkphp/lang/zh-cn.php
[ info ] [ BEHAVIOR ] Run app\common\behavior\Common @app_dispatch [ RunTime:0.000187s ]
[ info ] [ ROUTE ] array (
  'type' => 'module',
  'module' => 
  array (
    0 => '',
    1 => NULL,
    2 => NULL,
  ),
)
[ info ] [ HEADER ] array (
  'accept' => '*/*',
  'accept-language' => 'zh-cn,zh-tw',
  'accept-encoding' => 'gzip',
  'user-agent' => 'Mozilla/5.0 (X11; Linux x86_64) AppleWebKit/537.36 (KHTML, like Gecko) Chrome/51.0.2704.103 Safari/537.36',
  'connection' => 'close',
  'host' => 'www.58hongtu.com',
  'content-length' => '',
  'content-type' => '',
)
[ info ] [ PARAM ] array (
)
[ info ] [ LANG ] /www/wwwroot/www.58hongtu.com/htmove/public/../application/index/lang/zh-cn.php
[ info ] [ BEHAVIOR ] Run app\common\behavior\Common @module_init [ RunTime:0.001733s ]
[ info ] [ LANG ] /www/wwwroot/www.58hongtu.com/htmove/public/../application/index/lang/zh-cn/index.php
[ info ] [ RUN ] app\index\controller\Index->index[ /www/wwwroot/www.58hongtu.com/htmove/application/index/controller/Index.php ]
[ info ] [ VIEW ] /www/wwwroot/www.58hongtu.com/htmove/public/../application/index/view/index/index.html [ array (
  0 => 'user',
  1 => 'site',
  2 => 'config',
) ]
[ info ] [ LOG ] INIT File
