---------------------------------------------------------------
[ 2020-07-20T06:16:48+08:00 ] 209.17.96.130 GET www.58hongtu.com/
[运行时间：0.040292s] [吞吐率：24.82req/s] [内存消耗：2,987.13kb] [文件加载：126]
[ info ] [ BEHAVIOR ] Run Closure @app_init [ RunTime:0.000052s ]
[ info ] [ CACHE ] INIT File
[ info ] [ BEHAVIOR ] Run \addons\epay\Epay @app_init [ RunTime:0.003239s ]
[ info ] [ BEHAVIOR ] Run Closure @app_init [ RunTime:0.003258s ]
[ info ] [ LANG ] /www/wwwroot/www.58hongtu.com/htmove/thinkphp/lang/zh-cn.php
[ info ] [ BEHAVIOR ] Run app\common\behavior\Common @app_dispatch [ RunTime:0.000794s ]
[ info ] [ ROUTE ] array (
  'type' => 'module',
  'module' => 
  array (
    0 => '',
    1 => NULL,
    2 => NULL,
  ),
)
[ info ] [ HEADER ] array (
  'user-agent' => 'Mozilla/5.0 (compatible; Nimbostratus-Bot/v1.3.2; http://cloudsystemnetworks.com)',
  'host' => 'www.58hongtu.com',
  'content-length' => '',
  'content-type' => '',
)
[ info ] [ PARAM ] array (
)
[ info ] [ LANG ] /www/wwwroot/www.58hongtu.com/htmove/public/../application/index/lang/zh-cn.php
[ info ] [ BEHAVIOR ] Run app\common\behavior\Common @module_init [ RunTime:0.001746s ]
[ info ] [ LANG ] /www/wwwroot/www.58hongtu.com/htmove/public/../application/index/lang/zh-cn/index.php
[ info ] [ RUN ] app\index\controller\Index->index[ /www/wwwroot/www.58hongtu.com/htmove/application/index/controller/Index.php ]
[ info ] [ VIEW ] /www/wwwroot/www.58hongtu.com/htmove/public/../application/index/view/index/index.html [ array (
  0 => 'user',
  1 => 'site',
  2 => 'config',
) ]
[ info ] [ LOG ] INIT File
---------------------------------------------------------------
[ 2020-07-20T08:43:29+08:00 ] 116.179.32.13 GET www.58hongtu.com/
[运行时间：0.027939s] [吞吐率：35.79req/s] [内存消耗：2,988.24kb] [文件加载：126]
[ info ] [ BEHAVIOR ] Run Closure @app_init [ RunTime:0.000038s ]
[ info ] [ CACHE ] INIT File
[ info ] [ BEHAVIOR ] Run \addons\epay\Epay @app_init [ RunTime:0.001980s ]
[ info ] [ BEHAVIOR ] Run Closure @app_init [ RunTime:0.001998s ]
[ info ] [ LANG ] /www/wwwroot/www.58hongtu.com/htmove/thinkphp/lang/zh-cn.php
[ info ] [ BEHAVIOR ] Run app\common\behavior\Common @app_dispatch [ RunTime:0.000211s ]
[ info ] [ ROUTE ] array (
  'type' => 'module',
  'module' => 
  array (
    0 => '',
    1 => NULL,
    2 => NULL,
  ),
)
[ info ] [ HEADER ] array (
  'accept' => '*/*',
  'accept-encoding' => 'gzip',
  'accept-language' => 'zh-cn,zh-tw',
  'user-agent' => 'Mozilla/5.0 (compatible; Baiduspider/2.0; +http://www.baidu.com/search/spider.html)',
  'connection' => 'close',
  'host' => 'www.58hongtu.com',
  'content-length' => '',
  'content-type' => '',
)
[ info ] [ PARAM ] array (
)
[ info ] [ LANG ] /www/wwwroot/www.58hongtu.com/htmove/public/../application/index/lang/zh-cn.php
[ info ] [ BEHAVIOR ] Run app\common\behavior\Common @module_init [ RunTime:0.001205s ]
[ info ] [ LANG ] /www/wwwroot/www.58hongtu.com/htmove/public/../application/index/lang/zh-cn/index.php
[ info ] [ RUN ] app\index\controller\Index->index[ /www/wwwroot/www.58hongtu.com/htmove/application/index/controller/Index.php ]
[ info ] [ VIEW ] /www/wwwroot/www.58hongtu.com/htmove/public/../application/index/view/index/index.html [ array (
  0 => 'user',
  1 => 'site',
  2 => 'config',
) ]
[ info ] [ LOG ] INIT File
---------------------------------------------------------------
[ 2020-07-20T10:41:47+08:00 ] 119.123.207.191 GET www.58hongtu.com/index/index/home?openid=oG2WP4gFAWbJdm1hIDkxPP-MbNlo
[运行时间：0.099157s] [吞吐率：10.09req/s] [内存消耗：3,057.88kb] [文件加载：125]
[ info ] [ BEHAVIOR ] Run Closure @app_init [ RunTime:0.000037s ]
[ info ] [ CACHE ] INIT File
[ info ] [ BEHAVIOR ] Run \addons\epay\Epay @app_init [ RunTime:0.003003s ]
[ info ] [ BEHAVIOR ] Run Closure @app_init [ RunTime:0.003025s ]
[ info ] [ LANG ] /www/wwwroot/www.58hongtu.com/htmove/thinkphp/lang/zh-cn.php
[ info ] [ BEHAVIOR ] Run app\common\behavior\Common @app_dispatch [ RunTime:0.015156s ]
[ info ] [ ROUTE ] array (
  'type' => 'module',
  'module' => 
  array (
    0 => 'index',
    1 => 'index',
    2 => 'home',
  ),
)
[ info ] [ HEADER ] array (
  'accept-language' => 'zh-CN,zh;q=0.9',
  'accept-encoding' => 'gzip, deflate, br',
  'accept' => 'text/html,application/xhtml+xml,application/xml;q=0.9,image/webp,image/apng,*/*;q=0.8',
  'sec-origin-policy' => '0',
  'sec-fetch-user' => '?1',
  'sec-fetch-site' => 'none',
  'sec-fetch-mode' => 'navigate',
  'sec-fetch-dest' => 'document',
  'user-agent' => 'Mozilla/5.0 (Linux; Android 7.1.1; Nexus 6 Build/N6F26U) AppleWebKit/537.36 (KHTML, like Gecko) Chrome/75.0.3770.142 Mobile Safari/537.36 wechatdevtools/1.03.2006090 MicroMessenger/7.0.4 webview/27641_2 webdebugger miniprogramhtmlwebview miniProgram port/59805',
  'upgrade-insecure-requests' => '1',
  'sec-ch-ua' => 'nwjs 75',
  'connection' => 'keep-alive',
  'host' => 'www.58hongtu.com',
  'content-length' => '',
  'content-type' => '',
)
[ info ] [ PARAM ] array (
  'openid' => 'oG2WP4gFAWbJdm1hIDkxPP-MbNlo',
)
[ info ] [ LANG ] /www/wwwroot/www.58hongtu.com/htmove/public/../application/index/lang/zh-cn.php
[ info ] [ BEHAVIOR ] Run app\common\behavior\Common @module_init [ RunTime:0.001429s ]
[ info ] [ LANG ] /www/wwwroot/www.58hongtu.com/htmove/public/../application/index/lang/zh-cn/index.php
[ info ] [ RUN ] app\index\controller\Index->home[ /www/wwwroot/www.58hongtu.com/htmove/application/index/controller/Index.php ]
[ info ] [ VIEW ] /www/wwwroot/www.58hongtu.com/htmove/public/../application/index/view/index/home.html [ array (
  0 => 'user',
  1 => 'site',
  2 => 'config',
) ]
[ info ] [ LOG ] INIT File
---------------------------------------------------------------
[ 2020-07-20T10:41:48+08:00 ] 119.123.207.191 GET www.58hongtu.com/api/index/openid?code=061UBgqa023iUz1K2Poa07Wdqa0UBgqJ
[运行时间：0.346078s] [吞吐率：2.89req/s] [内存消耗：2,511.28kb] [文件加载：118]
[ info ] [ BEHAVIOR ] Run Closure @app_init [ RunTime:0.000041s ]
[ info ] [ CACHE ] INIT File
[ info ] [ BEHAVIOR ] Run \addons\epay\Epay @app_init [ RunTime:0.002041s ]
[ info ] [ BEHAVIOR ] Run Closure @app_init [ RunTime:0.002060s ]
[ info ] [ LANG ] /www/wwwroot/www.58hongtu.com/htmove/thinkphp/lang/zh-cn.php
[ info ] [ BEHAVIOR ] Run app\common\behavior\Common @app_dispatch [ RunTime:0.028976s ]
[ info ] [ ROUTE ] array (
  'type' => 'module',
  'module' => 
  array (
    0 => 'api',
    1 => 'index',
    2 => 'openid',
  ),
)
[ info ] [ HEADER ] array (
  'accept-encoding' => 'gzip, deflate, br',
  'referer' => 'https://servicewechat.com/wx3dd58f4332fd09ed/devtools/page-frame.html',
  'accept' => '*/*',
  'content-type' => 'application/json',
  'user-agent' => 'Mozilla/5.0 (Linux; Android 7.1.1; Nexus 6 Build/N6F26U) AppleWebKit/537.36 (KHTML, like Gecko) Chrome/75.0.3770.142 Mobile Safari/537.36 wechatdevtools/1.03.2006090 MicroMessenger/7.0.4 webview/',
  'sec-fetch-site' => 'cross-site',
  'sec-fetch-dest' => 'empty',
  'sec-fetch-mode' => 'cors',
  'sec-ch-ua' => 'nwjs 75',
  'cache-control' => 'no-cache',
  'pragma' => 'no-cache',
  'connection' => 'keep-alive',
  'host' => 'www.58hongtu.com',
  'content-length' => '',
)
[ info ] [ PARAM ] array (
  'code' => '061UBgqa023iUz1K2Poa07Wdqa0UBgqJ',
)
[ info ] [ LANG ] /www/wwwroot/www.58hongtu.com/htmove/public/../application/api/lang/zh-cn.php
[ info ] [ BEHAVIOR ] Run app\common\behavior\Common @module_init [ RunTime:0.001302s ]
[ info ] [ RUN ] app\api\controller\Index->openid[ /www/wwwroot/www.58hongtu.com/htmove/application/api/controller/Index.php ]
[ info ] [ LOG ] INIT File
---------------------------------------------------------------
[ 2020-07-20T10:41:48+08:00 ] 119.123.207.191 GET www.58hongtu.com/api/index/getlocation?openid=oG2WP4gFAWbJdm1hIDkxPP-MbNlo
[运行时间：0.033428s] [吞吐率：29.92req/s] [内存消耗：2,518.27kb] [文件加载：120]
[ info ] [ BEHAVIOR ] Run Closure @app_init [ RunTime:0.000038s ]
[ info ] [ CACHE ] INIT File
[ info ] [ BEHAVIOR ] Run \addons\epay\Epay @app_init [ RunTime:0.001946s ]
[ info ] [ BEHAVIOR ] Run Closure @app_init [ RunTime:0.001965s ]
[ info ] [ LANG ] /www/wwwroot/www.58hongtu.com/htmove/thinkphp/lang/zh-cn.php
[ info ] [ BEHAVIOR ] Run app\common\behavior\Common @app_dispatch [ RunTime:0.000182s ]
[ info ] [ ROUTE ] array (
  'type' => 'module',
  'module' => 
  array (
    0 => 'api',
    1 => 'index',
    2 => 'getlocation',
  ),
)
[ info ] [ HEADER ] array (
  'accept-language' => 'zh-CN,zh;q=0.9',
  'accept-encoding' => 'gzip, deflate, br',
  'referer' => 'https://www.58hongtu.com/index/index/home?openid=oG2WP4gFAWbJdm1hIDkxPP-MbNlo',
  'sec-fetch-site' => 'same-origin',
  'x-requested-with' => 'XMLHttpRequest',
  'sec-fetch-dest' => 'empty',
  'accept' => 'application/json, text/javascript, */*; q=0.01',
  'user-agent' => 'Mozilla/5.0 (Linux; Android 7.1.1; Nexus 6 Build/N6F26U) AppleWebKit/537.36 (KHTML, like Gecko) Chrome/75.0.3770.142 Mobile Safari/537.36 wechatdevtools/1.03.2006090 MicroMessenger/7.0.4 webview/27641_2 webdebugger miniprogramhtmlwebview miniProgram port/59805',
  'sec-fetch-mode' => 'cors',
  'sec-ch-ua' => 'nwjs 75',
  'connection' => 'keep-alive',
  'host' => 'www.58hongtu.com',
  'content-length' => '',
  'content-type' => '',
)
[ info ] [ PARAM ] array (
  'openid' => 'oG2WP4gFAWbJdm1hIDkxPP-MbNlo',
)
[ info ] [ LANG ] /www/wwwroot/www.58hongtu.com/htmove/public/../application/api/lang/zh-cn.php
[ info ] [ BEHAVIOR ] Run app\common\behavior\Common @module_init [ RunTime:0.001157s ]
[ info ] [ RUN ] app\api\controller\Index->getlocation[ /www/wwwroot/www.58hongtu.com/htmove/application/api/controller/Index.php ]
[ info ] [ LOG ] INIT File
---------------------------------------------------------------
[ 2020-07-20T10:42:21+08:00 ] 119.123.207.191 GET www.58hongtu.com/api/index/getphone?code=061ehDRt0jTEJg18ouRt0VrHRt0ehDR9&se_key=Tm0opT2aYVhTvf8fSRzVvQ%3D%3D&encryptedData=eWXofW9bjUgOV9L6Q200A8xpWokBK2EMVkCM71MqmW212bopPEzY7mpoA%2BOoHYbSNgEDhb9WguP3XAEDmiaMdIMuTesehNFmpbEt9gqsv%2BRPEsep6ZfIBq2XCBpKH53DNQM4huqGnCvISfwULJKGnEH6RfQJJzYErTRRo1skdY39xYzqOArHwYDYFkOGaFQLRrG%2BSVxLHtlRhbAUV8CUgA%3D%3D&iv=mHap%2BKEot3BPvxjlxfRniw%3D%3D
[运行时间：0.032589s] [吞吐率：30.69req/s] [内存消耗：2,513.52kb] [文件加载：118]
[ info ] [ BEHAVIOR ] Run Closure @app_init [ RunTime:0.000047s ]
[ info ] [ CACHE ] INIT File
[ info ] [ BEHAVIOR ] Run \addons\epay\Epay @app_init [ RunTime:0.002817s ]
[ info ] [ BEHAVIOR ] Run Closure @app_init [ RunTime:0.002846s ]
[ info ] [ LANG ] /www/wwwroot/www.58hongtu.com/htmove/thinkphp/lang/zh-cn.php
[ info ] [ BEHAVIOR ] Run app\common\behavior\Common @app_dispatch [ RunTime:0.000285s ]
[ info ] [ ROUTE ] array (
  'type' => 'module',
  'module' => 
  array (
    0 => 'api',
    1 => 'index',
    2 => 'getphone',
  ),
)
[ info ] [ HEADER ] array (
  'accept-encoding' => 'gzip, deflate, br',
  'referer' => 'https://servicewechat.com/wx3dd58f4332fd09ed/devtools/page-frame.html',
  'accept' => '*/*',
  'content-type' => 'application/json',
  'user-agent' => 'Mozilla/5.0 (Linux; Android 7.1.1; Nexus 6 Build/N6F26U) AppleWebKit/537.36 (KHTML, like Gecko) Chrome/75.0.3770.142 Mobile Safari/537.36 wechatdevtools/1.03.2006090 MicroMessenger/7.0.4 webview/',
  'sec-fetch-site' => 'cross-site',
  'sec-fetch-dest' => 'empty',
  'sec-fetch-mode' => 'cors',
  'sec-ch-ua' => 'nwjs 75',
  'cache-control' => 'no-cache',
  'pragma' => 'no-cache',
  'connection' => 'keep-alive',
  'host' => 'www.58hongtu.com',
  'content-length' => '',
)
[ info ] [ PARAM ] array (
  'code' => '061ehDRt0jTEJg18ouRt0VrHRt0ehDR9',
  'se_key' => 'Tm0opT2aYVhTvf8fSRzVvQ==',
  'encryptedData' => 'eWXofW9bjUgOV9L6Q200A8xpWokBK2EMVkCM71MqmW212bopPEzY7mpoA+OoHYbSNgEDhb9WguP3XAEDmiaMdIMuTesehNFmpbEt9gqsv+RPEsep6ZfIBq2XCBpKH53DNQM4huqGnCvISfwULJKGnEH6RfQJJzYErTRRo1skdY39xYzqOArHwYDYFkOGaFQLRrG+SVxLHtlRhbAUV8CUgA==',
  'iv' => 'mHap+KEot3BPvxjlxfRniw==',
)
[ info ] [ LANG ] /www/wwwroot/www.58hongtu.com/htmove/public/../application/api/lang/zh-cn.php
[ info ] [ BEHAVIOR ] Run app\common\behavior\Common @module_init [ RunTime:0.001951s ]
[ info ] [ RUN ] app\api\controller\Index->getphone[ /www/wwwroot/www.58hongtu.com/htmove/application/api/controller/Index.php ]
[ info ] [ LOG ] INIT File
---------------------------------------------------------------
[ 2020-07-20T10:44:38+08:00 ] 119.123.207.191 GET www.58hongtu.com/index/index/goods
[运行时间：0.034405s] [吞吐率：29.07req/s] [内存消耗：3,278.29kb] [文件加载：125]
[ info ] [ BEHAVIOR ] Run Closure @app_init [ RunTime:0.000038s ]
[ info ] [ CACHE ] INIT File
[ info ] [ BEHAVIOR ] Run \addons\epay\Epay @app_init [ RunTime:0.002096s ]
[ info ] [ BEHAVIOR ] Run Closure @app_init [ RunTime:0.002120s ]
[ info ] [ LANG ] /www/wwwroot/www.58hongtu.com/htmove/thinkphp/lang/zh-cn.php
[ info ] [ BEHAVIOR ] Run app\common\behavior\Common @app_dispatch [ RunTime:0.000210s ]
[ info ] [ ROUTE ] array (
  'type' => 'module',
  'module' => 
  array (
    0 => 'index',
    1 => 'index',
    2 => 'goods',
  ),
)
[ info ] [ HEADER ] array (
  'accept-language' => 'zh-CN,zh;q=0.9',
  'accept-encoding' => 'gzip, deflate, br',
  'referer' => 'https://www.58hongtu.com/index/index/home?openid=oG2WP4gFAWbJdm1hIDkxPP-MbNlo',
  'accept' => 'text/html,application/xhtml+xml,application/xml;q=0.9,image/webp,image/apng,*/*;q=0.8',
  'sec-origin-policy' => '0',
  'sec-fetch-user' => '?1',
  'sec-fetch-site' => 'same-origin',
  'sec-fetch-mode' => 'navigate',
  'sec-fetch-dest' => 'document',
  'user-agent' => 'Mozilla/5.0 (Linux; Android 7.1.1; Nexus 6 Build/N6F26U) AppleWebKit/537.36 (KHTML, like Gecko) Chrome/75.0.3770.142 Mobile Safari/537.36 wechatdevtools/1.03.2006090 MicroMessenger/7.0.4 webview/27641_2 webdebugger miniprogramhtmlwebview miniProgram port/59805',
  'upgrade-insecure-requests' => '1',
  'sec-ch-ua' => 'nwjs 75',
  'connection' => 'keep-alive',
  'host' => 'www.58hongtu.com',
  'content-length' => '',
  'content-type' => '',
)
[ info ] [ PARAM ] array (
)
[ info ] [ LANG ] /www/wwwroot/www.58hongtu.com/htmove/public/../application/index/lang/zh-cn.php
[ info ] [ BEHAVIOR ] Run app\common\behavior\Common @module_init [ RunTime:0.001256s ]
[ info ] [ LANG ] /www/wwwroot/www.58hongtu.com/htmove/public/../application/index/lang/zh-cn/index.php
[ info ] [ RUN ] app\index\controller\Index->goods[ /www/wwwroot/www.58hongtu.com/htmove/application/index/controller/Index.php ]
[ info ] [ VIEW ] /www/wwwroot/www.58hongtu.com/htmove/public/../application/index/view/index/goods.html [ array (
  0 => 'user',
  1 => 'site',
  2 => 'config',
) ]
[ info ] [ LOG ] INIT File
---------------------------------------------------------------
[ 2020-07-20T10:44:38+08:00 ] 119.123.207.191 GET www.58hongtu.com/assets/move/raven.min.js.map
[运行时间：0.078523s] [吞吐率：12.74req/s] [内存消耗：2,336.38kb] [文件加载：116]
[ info ] [ BEHAVIOR ] Run Closure @app_init [ RunTime:0.000043s ]
[ info ] [ CACHE ] INIT File
[ info ] [ BEHAVIOR ] Run \addons\epay\Epay @app_init [ RunTime:0.002137s ]
[ info ] [ BEHAVIOR ] Run Closure @app_init [ RunTime:0.002160s ]
[ info ] [ LANG ] /www/wwwroot/www.58hongtu.com/htmove/thinkphp/lang/zh-cn.php
[ info ] [ BEHAVIOR ] Run app\common\behavior\Common @app_dispatch [ RunTime:0.000218s ]
[ info ] [ ROUTE ] array (
  'type' => 'module',
  'module' => 
  array (
    0 => 'assets',
    1 => 'move',
    2 => 'raven.min.js.map',
  ),
)
[ info ] [ HEADER ] array (
  'accept-language' => 'zh-CN,zh;q=0.9',
  'accept-encoding' => 'gzip, deflate, br',
  'user-agent' => 'Mozilla/5.0 (Windows NT 10.0; Win64; x64) AppleWebKit/537.36 (KHTML, like Gecko) Chrome/75.0.3770.142 Safari/537.36',
  'connection' => 'keep-alive',
  'host' => 'www.58hongtu.com',
  'content-length' => '',
  'content-type' => '',
)
[ info ] [ PARAM ] array (
)
[ info ] [ LOG ] INIT File
---------------------------------------------------------------
[ 2020-07-20T10:45:18+08:00 ] 119.123.207.191 GET www.58hongtu.com/api/index/openid?code=011XgfPY0VCbXW1cwxRY0k6jPY0XgfPI
[运行时间：0.273892s] [吞吐率：3.65req/s] [内存消耗：2,511.28kb] [文件加载：118]
[ info ] [ BEHAVIOR ] Run Closure @app_init [ RunTime:0.000030s ]
[ info ] [ CACHE ] INIT File
[ info ] [ BEHAVIOR ] Run \addons\epay\Epay @app_init [ RunTime:0.002164s ]
[ info ] [ BEHAVIOR ] Run Closure @app_init [ RunTime:0.002186s ]
[ info ] [ LANG ] /www/wwwroot/www.58hongtu.com/htmove/thinkphp/lang/zh-cn.php
[ info ] [ BEHAVIOR ] Run app\common\behavior\Common @app_dispatch [ RunTime:0.000206s ]
[ info ] [ ROUTE ] array (
  'type' => 'module',
  'module' => 
  array (
    0 => 'api',
    1 => 'index',
    2 => 'openid',
  ),
)
[ info ] [ HEADER ] array (
  'accept-encoding' => 'gzip, deflate, br',
  'referer' => 'https://servicewechat.com/wx3dd58f4332fd09ed/devtools/page-frame.html',
  'accept' => '*/*',
  'content-type' => 'application/json',
  'user-agent' => 'Mozilla/5.0 (Linux; Android 7.1.1; Nexus 6 Build/N6F26U) AppleWebKit/537.36 (KHTML, like Gecko) Chrome/75.0.3770.142 Mobile Safari/537.36 wechatdevtools/1.03.2006090 MicroMessenger/7.0.4 webview/',
  'sec-fetch-site' => 'cross-site',
  'sec-fetch-dest' => 'empty',
  'sec-fetch-mode' => 'cors',
  'sec-ch-ua' => 'nwjs 75',
  'cache-control' => 'no-cache',
  'pragma' => 'no-cache',
  'connection' => 'keep-alive',
  'host' => 'www.58hongtu.com',
  'content-length' => '',
)
[ info ] [ PARAM ] array (
  'code' => '011XgfPY0VCbXW1cwxRY0k6jPY0XgfPI',
)
[ info ] [ LANG ] /www/wwwroot/www.58hongtu.com/htmove/public/../application/api/lang/zh-cn.php
[ info ] [ BEHAVIOR ] Run app\common\behavior\Common @module_init [ RunTime:0.001323s ]
[ info ] [ RUN ] app\api\controller\Index->openid[ /www/wwwroot/www.58hongtu.com/htmove/application/api/controller/Index.php ]
[ info ] [ LOG ] INIT File
---------------------------------------------------------------
[ 2020-07-20T10:45:19+08:00 ] 119.123.207.191 GET www.58hongtu.com/index/index/home?openid=oG2WP4gFAWbJdm1hIDkxPP-MbNlo
[运行时间：0.030126s] [吞吐率：33.19req/s] [内存消耗：3,057.88kb] [文件加载：125]
[ info ] [ BEHAVIOR ] Run Closure @app_init [ RunTime:0.000027s ]
[ info ] [ CACHE ] INIT File
[ info ] [ BEHAVIOR ] Run \addons\epay\Epay @app_init [ RunTime:0.002063s ]
[ info ] [ BEHAVIOR ] Run Closure @app_init [ RunTime:0.002083s ]
[ info ] [ LANG ] /www/wwwroot/www.58hongtu.com/htmove/thinkphp/lang/zh-cn.php
[ info ] [ BEHAVIOR ] Run app\common\behavior\Common @app_dispatch [ RunTime:0.000184s ]
[ info ] [ ROUTE ] array (
  'type' => 'module',
  'module' => 
  array (
    0 => 'index',
    1 => 'index',
    2 => 'home',
  ),
)
[ info ] [ HEADER ] array (
  'accept-language' => 'zh-CN,zh;q=0.9',
  'accept-encoding' => 'gzip, deflate, br',
  'accept' => 'text/html,application/xhtml+xml,application/xml;q=0.9,image/webp,image/apng,*/*;q=0.8',
  'sec-origin-policy' => '0',
  'sec-fetch-user' => '?1',
  'sec-fetch-site' => 'none',
  'sec-fetch-mode' => 'navigate',
  'sec-fetch-dest' => 'document',
  'user-agent' => 'Mozilla/5.0 (Linux; Android 7.1.1; Nexus 6 Build/N6F26U) AppleWebKit/537.36 (KHTML, like Gecko) Chrome/75.0.3770.142 Mobile Safari/537.36 wechatdevtools/1.03.2006090 MicroMessenger/7.0.4 webview/16844_9 webdebugger miniprogramhtmlwebview miniProgram port/59805',
  'upgrade-insecure-requests' => '1',
  'sec-ch-ua' => 'nwjs 75',
  'connection' => 'keep-alive',
  'host' => 'www.58hongtu.com',
  'content-length' => '',
  'content-type' => '',
)
[ info ] [ PARAM ] array (
  'openid' => 'oG2WP4gFAWbJdm1hIDkxPP-MbNlo',
)
[ info ] [ LANG ] /www/wwwroot/www.58hongtu.com/htmove/public/../application/index/lang/zh-cn.php
[ info ] [ BEHAVIOR ] Run app\common\behavior\Common @module_init [ RunTime:0.001366s ]
[ info ] [ LANG ] /www/wwwroot/www.58hongtu.com/htmove/public/../application/index/lang/zh-cn/index.php
[ info ] [ RUN ] app\index\controller\Index->home[ /www/wwwroot/www.58hongtu.com/htmove/application/index/controller/Index.php ]
[ info ] [ VIEW ] /www/wwwroot/www.58hongtu.com/htmove/public/../application/index/view/index/home.html [ array (
  0 => 'user',
  1 => 'site',
  2 => 'config',
) ]
[ info ] [ LOG ] INIT File
---------------------------------------------------------------
[ 2020-07-20T10:45:19+08:00 ] 119.123.207.191 GET www.58hongtu.com/api/index/getlocation?openid=oG2WP4gFAWbJdm1hIDkxPP-MbNlo
[运行时间：0.024627s] [吞吐率：40.61req/s] [内存消耗：2,518.27kb] [文件加载：120]
[ info ] [ BEHAVIOR ] Run Closure @app_init [ RunTime:0.000023s ]
[ info ] [ CACHE ] INIT File
[ info ] [ BEHAVIOR ] Run \addons\epay\Epay @app_init [ RunTime:0.001990s ]
[ info ] [ BEHAVIOR ] Run Closure @app_init [ RunTime:0.002010s ]
[ info ] [ LANG ] /www/wwwroot/www.58hongtu.com/htmove/thinkphp/lang/zh-cn.php
[ info ] [ BEHAVIOR ] Run app\common\behavior\Common @app_dispatch [ RunTime:0.000217s ]
[ info ] [ ROUTE ] array (
  'type' => 'module',
  'module' => 
  array (
    0 => 'api',
    1 => 'index',
    2 => 'getlocation',
  ),
)
[ info ] [ HEADER ] array (
  'accept-language' => 'zh-CN,zh;q=0.9',
  'accept-encoding' => 'gzip, deflate, br',
  'referer' => 'https://www.58hongtu.com/index/index/home?openid=oG2WP4gFAWbJdm1hIDkxPP-MbNlo',
  'sec-fetch-site' => 'same-origin',
  'x-requested-with' => 'XMLHttpRequest',
  'sec-fetch-dest' => 'empty',
  'accept' => 'application/json, text/javascript, */*; q=0.01',
  'user-agent' => 'Mozilla/5.0 (Linux; Android 7.1.1; Nexus 6 Build/N6F26U) AppleWebKit/537.36 (KHTML, like Gecko) Chrome/75.0.3770.142 Mobile Safari/537.36 wechatdevtools/1.03.2006090 MicroMessenger/7.0.4 webview/16844_9 webdebugger miniprogramhtmlwebview miniProgram port/59805',
  'sec-fetch-mode' => 'cors',
  'sec-ch-ua' => 'nwjs 75',
  'connection' => 'keep-alive',
  'host' => 'www.58hongtu.com',
  'content-length' => '',
  'content-type' => '',
)
[ info ] [ PARAM ] array (
  'openid' => 'oG2WP4gFAWbJdm1hIDkxPP-MbNlo',
)
[ info ] [ LANG ] /www/wwwroot/www.58hongtu.com/htmove/public/../application/api/lang/zh-cn.php
[ info ] [ BEHAVIOR ] Run app\common\behavior\Common @module_init [ RunTime:0.001382s ]
[ info ] [ RUN ] app\api\controller\Index->getlocation[ /www/wwwroot/www.58hongtu.com/htmove/application/api/controller/Index.php ]
[ info ] [ LOG ] INIT File
---------------------------------------------------------------
[ 2020-07-20T10:47:07+08:00 ] 119.123.207.191 GET www.58hongtu.com/index/index/home?openid=oG2WP4gFAWbJdm1hIDkxPP-MbNlo
[运行时间：0.029205s] [吞吐率：34.24req/s] [内存消耗：3,058.01kb] [文件加载：125]
[ info ] [ BEHAVIOR ] Run Closure @app_init [ RunTime:0.000022s ]
[ info ] [ CACHE ] INIT File
[ info ] [ BEHAVIOR ] Run \addons\epay\Epay @app_init [ RunTime:0.001945s ]
[ info ] [ BEHAVIOR ] Run Closure @app_init [ RunTime:0.001963s ]
[ info ] [ LANG ] /www/wwwroot/www.58hongtu.com/htmove/thinkphp/lang/zh-cn.php
[ info ] [ BEHAVIOR ] Run app\common\behavior\Common @app_dispatch [ RunTime:0.000173s ]
[ info ] [ ROUTE ] array (
  'type' => 'module',
  'module' => 
  array (
    0 => 'index',
    1 => 'index',
    2 => 'home',
  ),
)
[ info ] [ HEADER ] array (
  'accept-language' => 'zh-CN,zh;q=0.9,en-US;q=0.8,en;q=0.7',
  'accept-encoding' => 'gzip, deflate',
  'sec-fetch-mode' => 'navigate',
  'sec-fetch-site' => 'none',
  'x-requested-with' => 'com.tencent.mm',
  'accept' => 'text/html,application/xhtml+xml,application/xml;q=0.9,image/webp,image/wxpic,image/tpg,image/apng,*/*;q=0.8,application/signed-exchange;v=b3',
  'sec-fetch-user' => '?1',
  'user-agent' => 'Mozilla/5.0 (Linux; Android 10; EVR-AL00 Build/HUAWEIEVR-AL00; wv) AppleWebKit/537.36 (KHTML, like Gecko) Version/4.0 Chrome/78.0.3904.62 XWEB/2571 MMWEBSDK/200601 Mobile Safari/537.36 MMWEBID/4768 MicroMessenger/7.0.16.1700(0x2700103F) Process/appbrand2 WeChat/arm64 NetType/WIFI Language/zh_CN ABI/arm64 miniProgram',
  'upgrade-insecure-requests' => '1',
  'host' => 'www.58hongtu.com',
  'content-length' => '',
  'content-type' => '',
)
[ info ] [ PARAM ] array (
  'openid' => 'oG2WP4gFAWbJdm1hIDkxPP-MbNlo',
)
[ info ] [ LANG ] /www/wwwroot/www.58hongtu.com/htmove/public/../application/index/lang/zh-cn.php
[ info ] [ BEHAVIOR ] Run app\common\behavior\Common @module_init [ RunTime:0.001151s ]
[ info ] [ LANG ] /www/wwwroot/www.58hongtu.com/htmove/public/../application/index/lang/zh-cn/index.php
[ info ] [ RUN ] app\index\controller\Index->home[ /www/wwwroot/www.58hongtu.com/htmove/application/index/controller/Index.php ]
[ info ] [ VIEW ] /www/wwwroot/www.58hongtu.com/htmove/public/../application/index/view/index/home.html [ array (
  0 => 'user',
  1 => 'site',
  2 => 'config',
) ]
[ info ] [ LOG ] INIT File
---------------------------------------------------------------
[ 2020-07-20T10:47:07+08:00 ] 119.123.207.191 GET www.58hongtu.com/api/index/openid?code=071tkzEw0lTL1f1E01Fw08ECEw0tkzEc
[运行时间：0.217296s] [吞吐率：4.60req/s] [内存消耗：2,509.13kb] [文件加载：118]
[ info ] [ BEHAVIOR ] Run Closure @app_init [ RunTime:0.000026s ]
[ info ] [ CACHE ] INIT File
[ info ] [ BEHAVIOR ] Run \addons\epay\Epay @app_init [ RunTime:0.002046s ]
[ info ] [ BEHAVIOR ] Run Closure @app_init [ RunTime:0.002071s ]
[ info ] [ LANG ] /www/wwwroot/www.58hongtu.com/htmove/thinkphp/lang/zh-cn.php
[ info ] [ BEHAVIOR ] Run app\common\behavior\Common @app_dispatch [ RunTime:0.000193s ]
[ info ] [ ROUTE ] array (
  'type' => 'module',
  'module' => 
  array (
    0 => 'api',
    1 => 'index',
    2 => 'openid',
  ),
)
[ info ] [ HEADER ] array (
  'referer' => 'https://servicewechat.com/wx3dd58f4332fd09ed/14/page-frame.html',
  'accept-encoding' => 'gzip,compress,br,deflate',
  'content-type' => 'application/json',
  'user-agent' => 'Mozilla/5.0 (Linux; Android 10; EVR-AL00 Build/HUAWEIEVR-AL00; wv) AppleWebKit/537.36 (KHTML, like Gecko) Version/4.0 Chrome/78.0.3904.62 XWEB/2571 MMWEBSDK/200601 Mobile Safari/537.36 MMWEBID/4768 MicroMessenger/7.0.16.1700(0x2700103F) Process/appbrand2 WeChat/arm64 NetType/WIFI Language/zh_CN ABI/arm64',
  'charset' => 'utf-8',
  'connection' => 'keep-alive',
  'host' => 'www.58hongtu.com',
  'content-length' => '',
)
[ info ] [ PARAM ] array (
  'code' => '071tkzEw0lTL1f1E01Fw08ECEw0tkzEc',
)
[ info ] [ LANG ] /www/wwwroot/www.58hongtu.com/htmove/public/../application/api/lang/zh-cn.php
[ info ] [ BEHAVIOR ] Run app\common\behavior\Common @module_init [ RunTime:0.001187s ]
[ info ] [ RUN ] app\api\controller\Index->openid[ /www/wwwroot/www.58hongtu.com/htmove/application/api/controller/Index.php ]
[ info ] [ LOG ] INIT File
---------------------------------------------------------------
[ 2020-07-20T10:47:07+08:00 ] 119.123.207.191 GET www.58hongtu.com/api/index/getlocation?openid=oG2WP4gFAWbJdm1hIDkxPP-MbNlo
[运行时间：0.025870s] [吞吐率：38.66req/s] [内存消耗：2,516.70kb] [文件加载：120]
[ info ] [ BEHAVIOR ] Run Closure @app_init [ RunTime:0.000027s ]
[ info ] [ CACHE ] INIT File
[ info ] [ BEHAVIOR ] Run \addons\epay\Epay @app_init [ RunTime:0.002097s ]
[ info ] [ BEHAVIOR ] Run Closure @app_init [ RunTime:0.002120s ]
[ info ] [ LANG ] /www/wwwroot/www.58hongtu.com/htmove/thinkphp/lang/zh-cn.php
[ info ] [ BEHAVIOR ] Run app\common\behavior\Common @app_dispatch [ RunTime:0.000185s ]
[ info ] [ ROUTE ] array (
  'type' => 'module',
  'module' => 
  array (
    0 => 'api',
    1 => 'index',
    2 => 'getlocation',
  ),
)
[ info ] [ HEADER ] array (
  'accept-language' => 'zh-CN,zh;q=0.9,en-US;q=0.8,en;q=0.7',
  'accept-encoding' => 'gzip, deflate',
  'referer' => 'https://www.58hongtu.com/index/index/home?openid=oG2WP4gFAWbJdm1hIDkxPP-MbNlo',
  'sec-fetch-mode' => 'cors',
  'sec-fetch-site' => 'same-origin',
  'user-agent' => 'Mozilla/5.0 (Linux; Android 10; EVR-AL00 Build/HUAWEIEVR-AL00; wv) AppleWebKit/537.36 (KHTML, like Gecko) Version/4.0 Chrome/78.0.3904.62 XWEB/2571 MMWEBSDK/200601 Mobile Safari/537.36 MMWEBID/4768 MicroMessenger/7.0.16.1700(0x2700103F) Process/appbrand2 WeChat/arm64 NetType/WIFI Language/zh_CN ABI/arm64 miniProgram',
  'x-requested-with' => 'XMLHttpRequest',
  'accept' => 'application/json, text/javascript, */*; q=0.01',
  'host' => 'www.58hongtu.com',
  'content-length' => '',
  'content-type' => '',
)
[ info ] [ PARAM ] array (
  'openid' => 'oG2WP4gFAWbJdm1hIDkxPP-MbNlo',
)
[ info ] [ LANG ] /www/wwwroot/www.58hongtu.com/htmove/public/../application/api/lang/zh-cn.php
[ info ] [ BEHAVIOR ] Run app\common\behavior\Common @module_init [ RunTime:0.001433s ]
[ info ] [ RUN ] app\api\controller\Index->getlocation[ /www/wwwroot/www.58hongtu.com/htmove/application/api/controller/Index.php ]
[ info ] [ LOG ] INIT File
---------------------------------------------------------------
[ 2020-07-20T10:47:46+08:00 ] 119.123.207.191 GET www.58hongtu.com/?i=8&t=0&v=1.0&from=wxapp&c=entry&a=wxapp&do=add_formid&sign=7a924553120e6d05f569dc2ff56e4dc2&form_id=3f5e2bd8209749fcba56733e9898dcb4&m=make_freight
[运行时间：0.027601s] [吞吐率：36.23req/s] [内存消耗：2,994.52kb] [文件加载：126]
[ info ] [ BEHAVIOR ] Run Closure @app_init [ RunTime:0.000021s ]
[ info ] [ CACHE ] INIT File
[ info ] [ BEHAVIOR ] Run \addons\epay\Epay @app_init [ RunTime:0.001958s ]
[ info ] [ BEHAVIOR ] Run Closure @app_init [ RunTime:0.001977s ]
[ info ] [ LANG ] /www/wwwroot/www.58hongtu.com/htmove/thinkphp/lang/zh-cn.php
[ info ] [ BEHAVIOR ] Run app\common\behavior\Common @app_dispatch [ RunTime:0.000173s ]
[ info ] [ ROUTE ] array (
  'type' => 'module',
  'module' => 
  array (
    0 => '',
    1 => NULL,
    2 => NULL,
  ),
)
[ info ] [ HEADER ] array (
  'referer' => 'https://servicewechat.com/wx3dd58f4332fd09ed/14/page-frame.html',
  'accept-encoding' => 'gzip,compress,br,deflate',
  'content-type' => 'application/x-www-form-urlencoded',
  'user-agent' => 'Mozilla/5.0 (Linux; Android 10; EVR-AL00 Build/HUAWEIEVR-AL00; wv) AppleWebKit/537.36 (KHTML, like Gecko) Version/4.0 Chrome/78.0.3904.62 XWEB/2571 MMWEBSDK/200601 Mobile Safari/537.36 MMWEBID/4768 MicroMessenger/7.0.16.1700(0x2700103F) Process/appbrand2 WeChat/arm64 NetType/WIFI Language/zh_CN ABI/arm64',
  'charset' => 'utf-8',
  'connection' => 'keep-alive',
  'host' => 'www.58hongtu.com',
  'content-length' => '',
)
[ info ] [ PARAM ] array (
  'i' => '8',
  't' => '0',
  'v' => '1.0',
  'from' => 'wxapp',
  'c' => 'entry',
  'a' => 'wxapp',
  'do' => 'add_formid',
  'sign' => '7a924553120e6d05f569dc2ff56e4dc2',
  'form_id' => '3f5e2bd8209749fcba56733e9898dcb4',
  'm' => 'make_freight',
)
[ info ] [ LANG ] /www/wwwroot/www.58hongtu.com/htmove/public/../application/index/lang/zh-cn.php
[ info ] [ BEHAVIOR ] Run app\common\behavior\Common @module_init [ RunTime:0.001149s ]
[ info ] [ LANG ] /www/wwwroot/www.58hongtu.com/htmove/public/../application/index/lang/zh-cn/index.php
[ info ] [ RUN ] app\index\controller\Index->index[ /www/wwwroot/www.58hongtu.com/htmove/application/index/controller/Index.php ]
[ info ] [ VIEW ] /www/wwwroot/www.58hongtu.com/htmove/public/../application/index/view/index/index.html [ array (
  0 => 'user',
  1 => 'site',
  2 => 'config',
) ]
[ info ] [ LOG ] INIT File
---------------------------------------------------------------
[ 2020-07-20T10:47:46+08:00 ] 119.123.207.191 GET www.58hongtu.com/?i=8&t=0&v=1.0&from=wxapp&c=entry&a=wxapp&do=robbed_order_list&sign=417c63a4f301340bbc1331a0902ca0b2&page=1&m=make_freight
[运行时间：0.030812s] [吞吐率：32.45req/s] [内存消耗：2,994.40kb] [文件加载：126]
[ info ] [ BEHAVIOR ] Run Closure @app_init [ RunTime:0.000023s ]
[ info ] [ CACHE ] INIT File
[ info ] [ BEHAVIOR ] Run \addons\epay\Epay @app_init [ RunTime:0.002314s ]
[ info ] [ BEHAVIOR ] Run Closure @app_init [ RunTime:0.002337s ]
[ info ] [ LANG ] /www/wwwroot/www.58hongtu.com/htmove/thinkphp/lang/zh-cn.php
[ info ] [ BEHAVIOR ] Run app\common\behavior\Common @app_dispatch [ RunTime:0.000258s ]
[ info ] [ ROUTE ] array (
  'type' => 'module',
  'module' => 
  array (
    0 => '',
    1 => NULL,
    2 => NULL,
  ),
)
[ info ] [ HEADER ] array (
  'referer' => 'https://servicewechat.com/wx3dd58f4332fd09ed/14/page-frame.html',
  'accept-encoding' => 'gzip,compress,br,deflate',
  'content-type' => 'application/x-www-form-urlencoded',
  'user-agent' => 'Mozilla/5.0 (Linux; Android 10; EVR-AL00 Build/HUAWEIEVR-AL00; wv) AppleWebKit/537.36 (KHTML, like Gecko) Version/4.0 Chrome/78.0.3904.62 XWEB/2571 MMWEBSDK/200601 Mobile Safari/537.36 MMWEBID/4768 MicroMessenger/7.0.16.1700(0x2700103F) Process/appbrand2 WeChat/arm64 NetType/WIFI Language/zh_CN ABI/arm64',
  'charset' => 'utf-8',
  'connection' => 'keep-alive',
  'host' => 'www.58hongtu.com',
  'content-length' => '',
)
[ info ] [ PARAM ] array (
  'i' => '8',
  't' => '0',
  'v' => '1.0',
  'from' => 'wxapp',
  'c' => 'entry',
  'a' => 'wxapp',
  'do' => 'robbed_order_list',
  'sign' => '417c63a4f301340bbc1331a0902ca0b2',
  'page' => '1',
  'm' => 'make_freight',
)
[ info ] [ LANG ] /www/wwwroot/www.58hongtu.com/htmove/public/../application/index/lang/zh-cn.php
[ info ] [ BEHAVIOR ] Run app\common\behavior\Common @module_init [ RunTime:0.001176s ]
[ info ] [ LANG ] /www/wwwroot/www.58hongtu.com/htmove/public/../application/index/lang/zh-cn/index.php
[ info ] [ RUN ] app\index\controller\Index->index[ /www/wwwroot/www.58hongtu.com/htmove/application/index/controller/Index.php ]
[ info ] [ VIEW ] /www/wwwroot/www.58hongtu.com/htmove/public/../application/index/view/index/index.html [ array (
  0 => 'user',
  1 => 'site',
  2 => 'config',
) ]
[ info ] [ LOG ] INIT File
---------------------------------------------------------------
[ 2020-07-20T10:47:46+08:00 ] 119.123.207.191 GET www.58hongtu.com/?i=8&t=0&v=1.0&from=wxapp&c=entry&a=wxapp&do=driver_info&sign=ddcb5c350f1eaf1a922d543e1dca7671&m=make_freight
[运行时间：0.028479s] [吞吐率：35.11req/s] [内存消耗：2,994.27kb] [文件加载：126]
[ info ] [ BEHAVIOR ] Run Closure @app_init [ RunTime:0.000022s ]
[ info ] [ CACHE ] INIT File
[ info ] [ BEHAVIOR ] Run \addons\epay\Epay @app_init [ RunTime:0.002069s ]
[ info ] [ BEHAVIOR ] Run Closure @app_init [ RunTime:0.002088s ]
[ info ] [ LANG ] /www/wwwroot/www.58hongtu.com/htmove/thinkphp/lang/zh-cn.php
[ info ] [ BEHAVIOR ] Run app\common\behavior\Common @app_dispatch [ RunTime:0.000176s ]
[ info ] [ ROUTE ] array (
  'type' => 'module',
  'module' => 
  array (
    0 => '',
    1 => NULL,
    2 => NULL,
  ),
)
[ info ] [ HEADER ] array (
  'referer' => 'https://servicewechat.com/wx3dd58f4332fd09ed/14/page-frame.html',
  'accept-encoding' => 'gzip,compress,br,deflate',
  'content-type' => 'application/x-www-form-urlencoded',
  'user-agent' => 'Mozilla/5.0 (Linux; Android 10; EVR-AL00 Build/HUAWEIEVR-AL00; wv) AppleWebKit/537.36 (KHTML, like Gecko) Version/4.0 Chrome/78.0.3904.62 XWEB/2571 MMWEBSDK/200601 Mobile Safari/537.36 MMWEBID/4768 MicroMessenger/7.0.16.1700(0x2700103F) Process/appbrand2 WeChat/arm64 NetType/WIFI Language/zh_CN ABI/arm64',
  'charset' => 'utf-8',
  'connection' => 'keep-alive',
  'host' => 'www.58hongtu.com',
  'content-length' => '',
)
[ info ] [ PARAM ] array (
  'i' => '8',
  't' => '0',
  'v' => '1.0',
  'from' => 'wxapp',
  'c' => 'entry',
  'a' => 'wxapp',
  'do' => 'driver_info',
  'sign' => 'ddcb5c350f1eaf1a922d543e1dca7671',
  'm' => 'make_freight',
)
[ info ] [ LANG ] /www/wwwroot/www.58hongtu.com/htmove/public/../application/index/lang/zh-cn.php
[ info ] [ BEHAVIOR ] Run app\common\behavior\Common @module_init [ RunTime:0.001379s ]
[ info ] [ LANG ] /www/wwwroot/www.58hongtu.com/htmove/public/../application/index/lang/zh-cn/index.php
[ info ] [ RUN ] app\index\controller\Index->index[ /www/wwwroot/www.58hongtu.com/htmove/application/index/controller/Index.php ]
[ info ] [ VIEW ] /www/wwwroot/www.58hongtu.com/htmove/public/../application/index/view/index/index.html [ array (
  0 => 'user',
  1 => 'site',
  2 => 'config',
) ]
[ info ] [ LOG ] INIT File
---------------------------------------------------------------
[ 2020-07-20T10:47:47+08:00 ] 119.123.207.191 GET www.58hongtu.com/?i=8&t=0&v=1.0&from=wxapp&c=entry&a=wxapp&do=update_driver_address&sign=0a125df1d6410d3548e801873a0cfa78&lat=22.579498&lng=113.861099&name=%E5%8D%8E%E7%9B%9B%E8%BE%89%E7%BB%BC%E5%90%88%E6%A5%BC&address=%E5%B9%BF%E4%B8%9C%E7%9C%81%E6%B7%B1%E5%9C%B3%E5%B8%82%E5%AE%9D%E5%AE%89%E5%8C%BA%E9%87%91%E6%B5%B7%E8%B7%AF15%E5%8F%B7&m=make_freight
[运行时间：0.029994s] [吞吐率：33.34req/s] [内存消耗：2,995.52kb] [文件加载：126]
[ info ] [ BEHAVIOR ] Run Closure @app_init [ RunTime:0.000023s ]
[ info ] [ CACHE ] INIT File
[ info ] [ BEHAVIOR ] Run \addons\epay\Epay @app_init [ RunTime:0.002084s ]
[ info ] [ BEHAVIOR ] Run Closure @app_init [ RunTime:0.002106s ]
[ info ] [ LANG ] /www/wwwroot/www.58hongtu.com/htmove/thinkphp/lang/zh-cn.php
[ info ] [ BEHAVIOR ] Run app\common\behavior\Common @app_dispatch [ RunTime:0.000192s ]
[ info ] [ ROUTE ] array (
  'type' => 'module',
  'module' => 
  array (
    0 => '',
    1 => NULL,
    2 => NULL,
  ),
)
[ info ] [ HEADER ] array (
  'referer' => 'https://servicewechat.com/wx3dd58f4332fd09ed/14/page-frame.html',
  'accept-encoding' => 'gzip,compress,br,deflate',
  'content-type' => 'application/x-www-form-urlencoded',
  'user-agent' => 'Mozilla/5.0 (Linux; Android 10; EVR-AL00 Build/HUAWEIEVR-AL00; wv) AppleWebKit/537.36 (KHTML, like Gecko) Version/4.0 Chrome/78.0.3904.62 XWEB/2571 MMWEBSDK/200601 Mobile Safari/537.36 MMWEBID/4768 MicroMessenger/7.0.16.1700(0x2700103F) Process/appbrand2 WeChat/arm64 NetType/WIFI Language/zh_CN ABI/arm64',
  'charset' => 'utf-8',
  'connection' => 'keep-alive',
  'host' => 'www.58hongtu.com',
  'content-length' => '',
)
[ info ] [ PARAM ] array (
  'i' => '8',
  't' => '0',
  'v' => '1.0',
  'from' => 'wxapp',
  'c' => 'entry',
  'a' => 'wxapp',
  'do' => 'update_driver_address',
  'sign' => '0a125df1d6410d3548e801873a0cfa78',
  'lat' => '22.579498',
  'lng' => '113.861099',
  'name' => '华盛辉综合楼',
  'address' => '广东省深圳市宝安区金海路15号',
  'm' => 'make_freight',
)
[ info ] [ LANG ] /www/wwwroot/www.58hongtu.com/htmove/public/../application/index/lang/zh-cn.php
[ info ] [ BEHAVIOR ] Run app\common\behavior\Common @module_init [ RunTime:0.001209s ]
[ info ] [ LANG ] /www/wwwroot/www.58hongtu.com/htmove/public/../application/index/lang/zh-cn/index.php
[ info ] [ RUN ] app\index\controller\Index->index[ /www/wwwroot/www.58hongtu.com/htmove/application/index/controller/Index.php ]
[ info ] [ VIEW ] /www/wwwroot/www.58hongtu.com/htmove/public/../application/index/view/index/index.html [ array (
  0 => 'user',
  1 => 'site',
  2 => 'config',
) ]
[ info ] [ LOG ] INIT File
---------------------------------------------------------------
[ 2020-07-20T10:47:56+08:00 ] 119.123.207.191 GET www.58hongtu.com/api/index/getphone?code=021n3F0g0tuA1u1mbUYf0unD0g0n3F0x&se_key=0OtDp41hK8A2Ze6Blbj1Jg%3D%3D&encryptedData=sZfkdaSpDw0sFHVdcqE%2FakLtk3bI4p0uQlYFpnJIPp8JCgRogoV2mzhb2q7g4f93gKJ7V7isa1b5Rug%2Fva6xRWZ%2Bbyxhihvhc7KVbPZcfcXhyYxwiRWzVS7Eq%2F8XuEeNRABu2MYXBDRUd6hOMuyMF7tr7E%2BNzFbGGqKDEyEbMkBWk8rJnUlgTl1vfoRSBjPFBIDjU9rqfV5d8jk7FR5oBg%3D%3D&iv=dCcMqIZDr6niOAHkfFVFtw%3D%3D
[运行时间：0.026520s] [吞吐率：37.71req/s] [内存消耗：2,511.36kb] [文件加载：118]
[ info ] [ BEHAVIOR ] Run Closure @app_init [ RunTime:0.000022s ]
[ info ] [ CACHE ] INIT File
[ info ] [ BEHAVIOR ] Run \addons\epay\Epay @app_init [ RunTime:0.001949s ]
[ info ] [ BEHAVIOR ] Run Closure @app_init [ RunTime:0.001970s ]
[ info ] [ LANG ] /www/wwwroot/www.58hongtu.com/htmove/thinkphp/lang/zh-cn.php
[ info ] [ BEHAVIOR ] Run app\common\behavior\Common @app_dispatch [ RunTime:0.000241s ]
[ info ] [ ROUTE ] array (
  'type' => 'module',
  'module' => 
  array (
    0 => 'api',
    1 => 'index',
    2 => 'getphone',
  ),
)
[ info ] [ HEADER ] array (
  'referer' => 'https://servicewechat.com/wx3dd58f4332fd09ed/14/page-frame.html',
  'accept-encoding' => 'gzip,compress,br,deflate',
  'content-type' => 'application/json',
  'user-agent' => 'Mozilla/5.0 (Linux; Android 10; EVR-AL00 Build/HUAWEIEVR-AL00; wv) AppleWebKit/537.36 (KHTML, like Gecko) Version/4.0 Chrome/78.0.3904.62 XWEB/2571 MMWEBSDK/200601 Mobile Safari/537.36 MMWEBID/4768 MicroMessenger/7.0.16.1700(0x2700103F) Process/appbrand2 WeChat/arm64 NetType/WIFI Language/zh_CN ABI/arm64',
  'charset' => 'utf-8',
  'connection' => 'keep-alive',
  'host' => 'www.58hongtu.com',
  'content-length' => '',
)
[ info ] [ PARAM ] array (
  'code' => '021n3F0g0tuA1u1mbUYf0unD0g0n3F0x',
  'se_key' => '0OtDp41hK8A2Ze6Blbj1Jg==',
  'encryptedData' => 'sZfkdaSpDw0sFHVdcqE/akLtk3bI4p0uQlYFpnJIPp8JCgRogoV2mzhb2q7g4f93gKJ7V7isa1b5Rug/va6xRWZ+byxhihvhc7KVbPZcfcXhyYxwiRWzVS7Eq/8XuEeNRABu2MYXBDRUd6hOMuyMF7tr7E+NzFbGGqKDEyEbMkBWk8rJnUlgTl1vfoRSBjPFBIDjU9rqfV5d8jk7FR5oBg==',
  'iv' => 'dCcMqIZDr6niOAHkfFVFtw==',
)
[ info ] [ LANG ] /www/wwwroot/www.58hongtu.com/htmove/public/../application/api/lang/zh-cn.php
[ info ] [ BEHAVIOR ] Run app\common\behavior\Common @module_init [ RunTime:0.004240s ]
[ info ] [ RUN ] app\api\controller\Index->getphone[ /www/wwwroot/www.58hongtu.com/htmove/application/api/controller/Index.php ]
[ info ] [ LOG ] INIT File
---------------------------------------------------------------
[ 2020-07-20T10:48:42+08:00 ] 119.123.207.191 GET www.58hongtu.com/api/index/getphone?code=061BkCCW1HqqmY00S0CW1R6GCW1BkCCC&se_key=0OtDp41hK8A2Ze6Blbj1Jg%3D%3D&encryptedData=mh1Wj96Drs8IjQiq1PDLGB1U7j1SW4lfziGfnucYKLmD9RniIHbR9aL%2FOIwtM19JndciE5tXM9rP2CYt%2FCO2iT3IAIwXLSz1Sixo3EQCCTDUrakGgtcjxAkGB67PNWzs9pr%2FCZ4is6TzZu8csJktXUqNmTSiU9HZDWZMMK3LwOxcRmITCJNbuihrhki4xNPYzooOQIVIGW3YMH2GGEFaoQ%3D%3D&iv=yFaR4NGUS462o1WtfXg7%2BQ%3D%3D
[运行时间：0.023477s] [吞吐率：42.59req/s] [内存消耗：2,511.36kb] [文件加载：118]
[ info ] [ BEHAVIOR ] Run Closure @app_init [ RunTime:0.000037s ]
[ info ] [ CACHE ] INIT File
[ info ] [ BEHAVIOR ] Run \addons\epay\Epay @app_init [ RunTime:0.001963s ]
[ info ] [ BEHAVIOR ] Run Closure @app_init [ RunTime:0.001984s ]
[ info ] [ LANG ] /www/wwwroot/www.58hongtu.com/htmove/thinkphp/lang/zh-cn.php
[ info ] [ BEHAVIOR ] Run app\common\behavior\Common @app_dispatch [ RunTime:0.000195s ]
[ info ] [ ROUTE ] array (
  'type' => 'module',
  'module' => 
  array (
    0 => 'api',
    1 => 'index',
    2 => 'getphone',
  ),
)
[ info ] [ HEADER ] array (
  'referer' => 'https://servicewechat.com/wx3dd58f4332fd09ed/14/page-frame.html',
  'accept-encoding' => 'gzip,compress,br,deflate',
  'content-type' => 'application/json',
  'user-agent' => 'Mozilla/5.0 (Linux; Android 10; EVR-AL00 Build/HUAWEIEVR-AL00; wv) AppleWebKit/537.36 (KHTML, like Gecko) Version/4.0 Chrome/78.0.3904.62 XWEB/2571 MMWEBSDK/200601 Mobile Safari/537.36 MMWEBID/4768 MicroMessenger/7.0.16.1700(0x2700103F) Process/appbrand2 WeChat/arm64 NetType/WIFI Language/zh_CN ABI/arm64',
  'charset' => 'utf-8',
  'connection' => 'keep-alive',
  'host' => 'www.58hongtu.com',
  'content-length' => '',
)
[ info ] [ PARAM ] array (
  'code' => '061BkCCW1HqqmY00S0CW1R6GCW1BkCCC',
  'se_key' => '0OtDp41hK8A2Ze6Blbj1Jg==',
  'encryptedData' => 'mh1Wj96Drs8IjQiq1PDLGB1U7j1SW4lfziGfnucYKLmD9RniIHbR9aL/OIwtM19JndciE5tXM9rP2CYt/CO2iT3IAIwXLSz1Sixo3EQCCTDUrakGgtcjxAkGB67PNWzs9pr/CZ4is6TzZu8csJktXUqNmTSiU9HZDWZMMK3LwOxcRmITCJNbuihrhki4xNPYzooOQIVIGW3YMH2GGEFaoQ==',
  'iv' => 'yFaR4NGUS462o1WtfXg7+Q==',
)
[ info ] [ LANG ] /www/wwwroot/www.58hongtu.com/htmove/public/../application/api/lang/zh-cn.php
[ info ] [ BEHAVIOR ] Run app\common\behavior\Common @module_init [ RunTime:0.001151s ]
[ info ] [ RUN ] app\api\controller\Index->getphone[ /www/wwwroot/www.58hongtu.com/htmove/application/api/controller/Index.php ]
[ info ] [ LOG ] INIT File
---------------------------------------------------------------
[ 2020-07-20T10:55:40+08:00 ] 119.123.207.191 GET www.58hongtu.com/api/index/getphone?code=081D6wY70bM70C1EUoY70w5xY70D6wY2&se_key=0OtDp41hK8A2Ze6Blbj1Jg%3D%3D&encryptedData=HZFFWbTdJHOjwiTe5qAYIkCrB33n0SgqIqJ9yG7TR1yxrrhmunlHk2cVjVPNwF0M8GtZ0NXhAYtS%2BVZMq61UF5jnhAGytUa07Fq0xZD60bW0KyXKLIPBI7fC0CD%2FI9eE0VeTvoTY7r3r8bLzaMRi7nA3griynGPsMreqz3hXetrSxMLUgesH%2FvC%2BwItIuNWfLvWn%2Bv5tBLi4GZsOemQAvg%3D%3D&iv=TJYTeTH%2FtEoaIvi5REcNuw%3D%3D
[运行时间：0.024881s] [吞吐率：40.19req/s] [内存消耗：2,511.36kb] [文件加载：118]
[ info ] [ BEHAVIOR ] Run Closure @app_init [ RunTime:0.000024s ]
[ info ] [ CACHE ] INIT File
[ info ] [ BEHAVIOR ] Run \addons\epay\Epay @app_init [ RunTime:0.002075s ]
[ info ] [ BEHAVIOR ] Run Closure @app_init [ RunTime:0.002106s ]
[ info ] [ LANG ] /www/wwwroot/www.58hongtu.com/htmove/thinkphp/lang/zh-cn.php
[ info ] [ BEHAVIOR ] Run app\common\behavior\Common @app_dispatch [ RunTime:0.000200s ]
[ info ] [ ROUTE ] array (
  'type' => 'module',
  'module' => 
  array (
    0 => 'api',
    1 => 'index',
    2 => 'getphone',
  ),
)
[ info ] [ HEADER ] array (
  'referer' => 'https://servicewechat.com/wx3dd58f4332fd09ed/14/page-frame.html',
  'accept-encoding' => 'gzip,compress,br,deflate',
  'content-type' => 'application/json',
  'user-agent' => 'Mozilla/5.0 (Linux; Android 10; EVR-AL00 Build/HUAWEIEVR-AL00; wv) AppleWebKit/537.36 (KHTML, like Gecko) Version/4.0 Chrome/78.0.3904.62 XWEB/2571 MMWEBSDK/200601 Mobile Safari/537.36 MMWEBID/4768 MicroMessenger/7.0.16.1700(0x2700103F) Process/appbrand2 WeChat/arm64 NetType/WIFI Language/zh_CN ABI/arm64',
  'charset' => 'utf-8',
  'connection' => 'keep-alive',
  'host' => 'www.58hongtu.com',
  'content-length' => '',
)
[ info ] [ PARAM ] array (
  'code' => '081D6wY70bM70C1EUoY70w5xY70D6wY2',
  'se_key' => '0OtDp41hK8A2Ze6Blbj1Jg==',
  'encryptedData' => 'HZFFWbTdJHOjwiTe5qAYIkCrB33n0SgqIqJ9yG7TR1yxrrhmunlHk2cVjVPNwF0M8GtZ0NXhAYtS+VZMq61UF5jnhAGytUa07Fq0xZD60bW0KyXKLIPBI7fC0CD/I9eE0VeTvoTY7r3r8bLzaMRi7nA3griynGPsMreqz3hXetrSxMLUgesH/vC+wItIuNWfLvWn+v5tBLi4GZsOemQAvg==',
  'iv' => 'TJYTeTH/tEoaIvi5REcNuw==',
)
[ info ] [ LANG ] /www/wwwroot/www.58hongtu.com/htmove/public/../application/api/lang/zh-cn.php
[ info ] [ BEHAVIOR ] Run app\common\behavior\Common @module_init [ RunTime:0.001225s ]
[ info ] [ RUN ] app\api\controller\Index->getphone[ /www/wwwroot/www.58hongtu.com/htmove/application/api/controller/Index.php ]
[ info ] [ LOG ] INIT File
---------------------------------------------------------------
[ 2020-07-20T11:10:37+08:00 ] 119.123.207.191 GET www.58hongtu.com/api/index/getphone?code=0016NqIZ0zp2zV1xuqFZ0QrvIZ06NqI2&se_key=0OtDp41hK8A2Ze6Blbj1Jg%3D%3D&encryptedData=6MV5D4Owjeu6W38kBIwkdEuHcj3f1UOvnUE5uLfQzcGB1CbCtPHUom6dfv762073bZXqS8IxoqSaDUifXvHkIKTziTjbVumfmzw2hdmFdUn4D%2FcXwHisHgHlfxDhrcSQMgn8ObVy4EJl%2BEUzoJ7GEsUKtgv28QkIdwkpcuX23vnuRDBqLbGVdlAMqvoh5oeoLSM9ujl4bnDyzpgxGYpWsQ%3D%3D&iv=%2BzIwO1kbPJhNMW5ArPPfvA%3D%3D
[运行时间：0.024652s] [吞吐率：40.56req/s] [内存消耗：2,511.36kb] [文件加载：118]
[ info ] [ BEHAVIOR ] Run Closure @app_init [ RunTime:0.000022s ]
[ info ] [ CACHE ] INIT File
[ info ] [ BEHAVIOR ] Run \addons\epay\Epay @app_init [ RunTime:0.001972s ]
[ info ] [ BEHAVIOR ] Run Closure @app_init [ RunTime:0.001989s ]
[ info ] [ LANG ] /www/wwwroot/www.58hongtu.com/htmove/thinkphp/lang/zh-cn.php
[ info ] [ BEHAVIOR ] Run app\common\behavior\Common @app_dispatch [ RunTime:0.000175s ]
[ info ] [ ROUTE ] array (
  'type' => 'module',
  'module' => 
  array (
    0 => 'api',
    1 => 'index',
    2 => 'getphone',
  ),
)
[ info ] [ HEADER ] array (
  'referer' => 'https://servicewechat.com/wx3dd58f4332fd09ed/14/page-frame.html',
  'accept-encoding' => 'gzip,compress,br,deflate',
  'content-type' => 'application/json',
  'user-agent' => 'Mozilla/5.0 (Linux; Android 10; EVR-AL00 Build/HUAWEIEVR-AL00; wv) AppleWebKit/537.36 (KHTML, like Gecko) Version/4.0 Chrome/78.0.3904.62 XWEB/2571 MMWEBSDK/200601 Mobile Safari/537.36 MMWEBID/4768 MicroMessenger/7.0.16.1700(0x2700103F) Process/appbrand2 WeChat/arm64 NetType/WIFI Language/zh_CN ABI/arm64',
  'charset' => 'utf-8',
  'connection' => 'keep-alive',
  'host' => 'www.58hongtu.com',
  'content-length' => '',
)
[ info ] [ PARAM ] array (
  'code' => '0016NqIZ0zp2zV1xuqFZ0QrvIZ06NqI2',
  'se_key' => '0OtDp41hK8A2Ze6Blbj1Jg==',
  'encryptedData' => '6MV5D4Owjeu6W38kBIwkdEuHcj3f1UOvnUE5uLfQzcGB1CbCtPHUom6dfv762073bZXqS8IxoqSaDUifXvHkIKTziTjbVumfmzw2hdmFdUn4D/cXwHisHgHlfxDhrcSQMgn8ObVy4EJl+EUzoJ7GEsUKtgv28QkIdwkpcuX23vnuRDBqLbGVdlAMqvoh5oeoLSM9ujl4bnDyzpgxGYpWsQ==',
  'iv' => '+zIwO1kbPJhNMW5ArPPfvA==',
)
[ info ] [ LANG ] /www/wwwroot/www.58hongtu.com/htmove/public/../application/api/lang/zh-cn.php
[ info ] [ BEHAVIOR ] Run app\common\behavior\Common @module_init [ RunTime:0.001329s ]
[ info ] [ RUN ] app\api\controller\Index->getphone[ /www/wwwroot/www.58hongtu.com/htmove/application/api/controller/Index.php ]
[ info ] [ LOG ] INIT File
---------------------------------------------------------------
[ 2020-07-20T14:08:59+08:00 ] 122.238.66.204 GET www.58hongtu.com/
[运行时间：0.028382s] [吞吐率：35.23req/s] [内存消耗：2,991.07kb] [文件加载：126]
[ info ] [ BEHAVIOR ] Run Closure @app_init [ RunTime:0.000022s ]
[ info ] [ CACHE ] INIT File
[ info ] [ BEHAVIOR ] Run \addons\epay\Epay @app_init [ RunTime:0.002010s ]
[ info ] [ BEHAVIOR ] Run Closure @app_init [ RunTime:0.002029s ]
[ info ] [ LANG ] /www/wwwroot/www.58hongtu.com/htmove/thinkphp/lang/zh-cn.php
[ info ] [ BEHAVIOR ] Run app\common\behavior\Common @app_dispatch [ RunTime:0.000195s ]
[ info ] [ ROUTE ] array (
  'type' => 'module',
  'module' => 
  array (
    0 => '',
    1 => NULL,
    2 => NULL,
  ),
)
[ info ] [ HEADER ] array (
  'accept-language' => 'zh-CN,zh;q=0.9',
  'accept-encoding' => 'gzip, deflate',
  'accept' => 'text/html,application/xhtml+xml,application/xml;q=0.9,image/webp,image/apng,*/*;q=0.8,application/signed-exchange;v=b3;q=0.9',
  'user-agent' => 'Mozilla/5.0 (Windows NT 10.0; Win64; x64) AppleWebKit/537.36 (KHTML, like Gecko) Chrome/83.0.4103.116 Safari/537.36',
  'upgrade-insecure-requests' => '1',
  'connection' => 'keep-alive',
  'host' => 'www.58hongtu.com',
  'content-length' => '',
  'content-type' => '',
)
[ info ] [ PARAM ] array (
)
[ info ] [ LANG ] /www/wwwroot/www.58hongtu.com/htmove/public/../application/index/lang/zh-cn.php
[ info ] [ BEHAVIOR ] Run app\common\behavior\Common @module_init [ RunTime:0.001179s ]
[ info ] [ LANG ] /www/wwwroot/www.58hongtu.com/htmove/public/../application/index/lang/zh-cn/index.php
[ info ] [ RUN ] app\index\controller\Index->index[ /www/wwwroot/www.58hongtu.com/htmove/application/index/controller/Index.php ]
[ info ] [ VIEW ] /www/wwwroot/www.58hongtu.com/htmove/public/../application/index/view/index/index.html [ array (
  0 => 'user',
  1 => 'site',
  2 => 'config',
) ]
[ info ] [ LOG ] INIT File
---------------------------------------------------------------
[ 2020-07-20T14:09:01+08:00 ] 122.238.66.204 GET www.58hongtu.com/index/user/index.html
[运行时间：0.222418s] [吞吐率：4.50req/s] [内存消耗：3,732.53kb] [文件加载：132]
[ info ] [ BEHAVIOR ] Run Closure @app_init [ RunTime:0.000024s ]
[ info ] [ CACHE ] INIT File
[ info ] [ BEHAVIOR ] Run \addons\epay\Epay @app_init [ RunTime:0.002037s ]
[ info ] [ BEHAVIOR ] Run Closure @app_init [ RunTime:0.002078s ]
[ info ] [ LANG ] /www/wwwroot/www.58hongtu.com/htmove/thinkphp/lang/zh-cn.php
[ info ] [ BEHAVIOR ] Run app\common\behavior\Common @app_dispatch [ RunTime:0.000179s ]
[ info ] [ ROUTE ] array (
  'type' => 'module',
  'module' => 
  array (
    0 => 'index',
    1 => 'user',
    2 => 'index',
  ),
)
[ info ] [ HEADER ] array (
  'accept-language' => 'zh-CN,zh;q=0.9',
  'accept-encoding' => 'gzip, deflate',
  'referer' => 'http://www.58hongtu.com/',
  'accept' => 'text/html,application/xhtml+xml,application/xml;q=0.9,image/webp,image/apng,*/*;q=0.8,application/signed-exchange;v=b3;q=0.9',
  'user-agent' => 'Mozilla/5.0 (Windows NT 10.0; Win64; x64) AppleWebKit/537.36 (KHTML, like Gecko) Chrome/83.0.4103.116 Safari/537.36',
  'upgrade-insecure-requests' => '1',
  'connection' => 'keep-alive',
  'host' => 'www.58hongtu.com',
  'content-length' => '',
  'content-type' => '',
)
[ info ] [ PARAM ] array (
)
[ info ] [ LANG ] /www/wwwroot/www.58hongtu.com/htmove/public/../application/index/lang/zh-cn.php
[ info ] [ BEHAVIOR ] Run app\common\behavior\Common @module_init [ RunTime:0.001232s ]
[ info ] [ TOKEN ] INIT Mysql
[ info ] [ DB ] INIT mysql
[ info ] [ VIEW ] /www/wwwroot/www.58hongtu.com/htmove/public/../application/common/view/tpl/dispatch_jump.tpl [ array (
  0 => 'code',
  1 => 'msg',
  2 => 'data',
  3 => 'url',
  4 => 'wait',
) ]
[ info ] [ LOG ] INIT File
---------------------------------------------------------------
[ 2020-07-20T20:26:41+08:00 ] 112.97.61.22 GET www.58hongtu.com/index/index/home?openid=oG2WP4gFAWbJdm1hIDkxPP-MbNlo
[运行时间：0.046122s] [吞吐率：21.68req/s] [内存消耗：3,057.88kb] [文件加载：125]
[ info ] [ BEHAVIOR ] Run Closure @app_init [ RunTime:0.000030s ]
[ info ] [ CACHE ] INIT File
[ info ] [ BEHAVIOR ] Run \addons\epay\Epay @app_init [ RunTime:0.002133s ]
[ info ] [ BEHAVIOR ] Run Closure @app_init [ RunTime:0.002162s ]
[ info ] [ LANG ] /www/wwwroot/www.58hongtu.com/htmove/thinkphp/lang/zh-cn.php
[ info ] [ BEHAVIOR ] Run app\common\behavior\Common @app_dispatch [ RunTime:0.000195s ]
[ info ] [ ROUTE ] array (
  'type' => 'module',
  'module' => 
  array (
    0 => 'index',
    1 => 'index',
    2 => 'home',
  ),
)
[ info ] [ HEADER ] array (
  'accept-language' => 'zh-CN,zh;q=0.9,en-US;q=0.8,en;q=0.7',
  'accept-encoding' => 'gzip, deflate',
  'sec-fetch-mode' => 'navigate',
  'sec-fetch-site' => 'none',
  'x-requested-with' => 'com.tencent.mm',
  'accept' => 'text/html,application/xhtml+xml,application/xml;q=0.9,image/webp,image/wxpic,image/tpg,image/apng,*/*;q=0.8,application/signed-exchange;v=b3',
  'sec-fetch-user' => '?1',
  'user-agent' => 'Mozilla/5.0 (Linux; Android 10; EVR-AL00 Build/HUAWEIEVR-AL00; wv) AppleWebKit/537.36 (KHTML, like Gecko) Version/4.0 Chrome/78.0.3904.62 XWEB/2571 MMWEBSDK/200601 Mobile Safari/537.36 MMWEBID/4768 MicroMessenger/7.0.16.1700(0x2700103F) Process/appbrand4 WeChat/arm64 NetType/4G Language/zh_CN ABI/arm64 miniProgram',
  'upgrade-insecure-requests' => '1',
  'host' => 'www.58hongtu.com',
  'content-length' => '',
  'content-type' => '',
)
[ info ] [ PARAM ] array (
  'openid' => 'oG2WP4gFAWbJdm1hIDkxPP-MbNlo',
)
[ info ] [ LANG ] /www/wwwroot/www.58hongtu.com/htmove/public/../application/index/lang/zh-cn.php
[ info ] [ BEHAVIOR ] Run app\common\behavior\Common @module_init [ RunTime:0.004672s ]
[ info ] [ LANG ] /www/wwwroot/www.58hongtu.com/htmove/public/../application/index/lang/zh-cn/index.php
[ info ] [ RUN ] app\index\controller\Index->home[ /www/wwwroot/www.58hongtu.com/htmove/application/index/controller/Index.php ]
[ info ] [ VIEW ] /www/wwwroot/www.58hongtu.com/htmove/public/../application/index/view/index/home.html [ array (
  0 => 'user',
  1 => 'site',
  2 => 'config',
) ]
[ info ] [ LOG ] INIT File
---------------------------------------------------------------
[ 2020-07-20T20:26:42+08:00 ] 112.97.61.22 GET www.58hongtu.com/api/index/openid?code=0613njWg1cOKau0a6oWg19djWg13njWX
[运行时间：0.253456s] [吞吐率：3.95req/s] [内存消耗：2,509.13kb] [文件加载：118]
[ info ] [ BEHAVIOR ] Run Closure @app_init [ RunTime:0.000030s ]
[ info ] [ CACHE ] INIT File
[ info ] [ BEHAVIOR ] Run \addons\epay\Epay @app_init [ RunTime:0.002141s ]
[ info ] [ BEHAVIOR ] Run Closure @app_init [ RunTime:0.002167s ]
[ info ] [ LANG ] /www/wwwroot/www.58hongtu.com/htmove/thinkphp/lang/zh-cn.php
[ info ] [ BEHAVIOR ] Run app\common\behavior\Common @app_dispatch [ RunTime:0.000221s ]
[ info ] [ ROUTE ] array (
  'type' => 'module',
  'module' => 
  array (
    0 => 'api',
    1 => 'index',
    2 => 'openid',
  ),
)
[ info ] [ HEADER ] array (
  'referer' => 'https://servicewechat.com/wx3dd58f4332fd09ed/0/page-frame.html',
  'accept-encoding' => 'gzip,compress,br,deflate',
  'content-type' => 'application/json',
  'user-agent' => 'Mozilla/5.0 (Linux; Android 10; EVR-AL00 Build/HUAWEIEVR-AL00; wv) AppleWebKit/537.36 (KHTML, like Gecko) Version/4.0 Chrome/78.0.3904.62 XWEB/2571 MMWEBSDK/200601 Mobile Safari/537.36 MMWEBID/4768 MicroMessenger/7.0.16.1700(0x2700103F) Process/appbrand4 WeChat/arm64 NetType/4G Language/zh_CN ABI/arm64',
  'charset' => 'utf-8',
  'connection' => 'keep-alive',
  'host' => 'www.58hongtu.com',
  'content-length' => '',
)
[ info ] [ PARAM ] array (
  'code' => '0613njWg1cOKau0a6oWg19djWg13njWX',
)
[ info ] [ LANG ] /www/wwwroot/www.58hongtu.com/htmove/public/../application/api/lang/zh-cn.php
[ info ] [ BEHAVIOR ] Run app\common\behavior\Common @module_init [ RunTime:0.001303s ]
[ info ] [ RUN ] app\api\controller\Index->openid[ /www/wwwroot/www.58hongtu.com/htmove/application/api/controller/Index.php ]
[ info ] [ LOG ] INIT File
---------------------------------------------------------------
[ 2020-07-20T20:26:42+08:00 ] 112.97.61.22 GET www.58hongtu.com/api/index/getlocation?openid=oG2WP4gFAWbJdm1hIDkxPP-MbNlo
[运行时间：0.030410s] [吞吐率：32.88req/s] [内存消耗：2,516.70kb] [文件加载：120]
[ info ] [ BEHAVIOR ] Run Closure @app_init [ RunTime:0.000033s ]
[ info ] [ CACHE ] INIT File
[ info ] [ BEHAVIOR ] Run \addons\epay\Epay @app_init [ RunTime:0.002587s ]
[ info ] [ BEHAVIOR ] Run Closure @app_init [ RunTime:0.002611s ]
[ info ] [ LANG ] /www/wwwroot/www.58hongtu.com/htmove/thinkphp/lang/zh-cn.php
[ info ] [ BEHAVIOR ] Run app\common\behavior\Common @app_dispatch [ RunTime:0.000274s ]
[ info ] [ ROUTE ] array (
  'type' => 'module',
  'module' => 
  array (
    0 => 'api',
    1 => 'index',
    2 => 'getlocation',
  ),
)
[ info ] [ HEADER ] array (
  'accept-language' => 'zh-CN,zh;q=0.9,en-US;q=0.8,en;q=0.7',
  'accept-encoding' => 'gzip, deflate',
  'referer' => 'https://www.58hongtu.com/index/index/home?openid=oG2WP4gFAWbJdm1hIDkxPP-MbNlo',
  'sec-fetch-mode' => 'cors',
  'sec-fetch-site' => 'same-origin',
  'user-agent' => 'Mozilla/5.0 (Linux; Android 10; EVR-AL00 Build/HUAWEIEVR-AL00; wv) AppleWebKit/537.36 (KHTML, like Gecko) Version/4.0 Chrome/78.0.3904.62 XWEB/2571 MMWEBSDK/200601 Mobile Safari/537.36 MMWEBID/4768 MicroMessenger/7.0.16.1700(0x2700103F) Process/appbrand4 WeChat/arm64 NetType/4G Language/zh_CN ABI/arm64 miniProgram',
  'x-requested-with' => 'XMLHttpRequest',
  'accept' => 'application/json, text/javascript, */*; q=0.01',
  'host' => 'www.58hongtu.com',
  'content-length' => '',
  'content-type' => '',
)
[ info ] [ PARAM ] array (
  'openid' => 'oG2WP4gFAWbJdm1hIDkxPP-MbNlo',
)
[ info ] [ LANG ] /www/wwwroot/www.58hongtu.com/htmove/public/../application/api/lang/zh-cn.php
[ info ] [ BEHAVIOR ] Run app\common\behavior\Common @module_init [ RunTime:0.001564s ]
[ info ] [ RUN ] app\api\controller\Index->getlocation[ /www/wwwroot/www.58hongtu.com/htmove/application/api/controller/Index.php ]
[ info ] [ LOG ] INIT File
---------------------------------------------------------------
[ 2020-07-20T20:43:30+08:00 ] 220.181.108.146 GET www.58hongtu.com/
[运行时间：0.039981s] [吞吐率：25.01req/s] [内存消耗：2,988.24kb] [文件加载：126]
[ info ] [ BEHAVIOR ] Run Closure @app_init [ RunTime:0.000035s ]
[ info ] [ CACHE ] INIT File
[ info ] [ BEHAVIOR ] Run \addons\epay\Epay @app_init [ RunTime:0.002502s ]
[ info ] [ BEHAVIOR ] Run Closure @app_init [ RunTime:0.002528s ]
[ info ] [ LANG ] /www/wwwroot/www.58hongtu.com/htmove/thinkphp/lang/zh-cn.php
[ info ] [ BEHAVIOR ] Run app\common\behavior\Common @app_dispatch [ RunTime:0.000256s ]
[ info ] [ ROUTE ] array (
  'type' => 'module',
  'module' => 
  array (
    0 => '',
    1 => NULL,
    2 => NULL,
  ),
)
[ info ] [ HEADER ] array (
  'accept' => '*/*',
  'accept-encoding' => 'gzip',
  'accept-language' => 'zh-cn,zh-tw',
  'user-agent' => 'Mozilla/5.0 (compatible; Baiduspider/2.0; +http://www.baidu.com/search/spider.html)',
  'connection' => 'close',
  'host' => 'www.58hongtu.com',
  'content-length' => '',
  'content-type' => '',
)
[ info ] [ PARAM ] array (
)
[ info ] [ LANG ] /www/wwwroot/www.58hongtu.com/htmove/public/../application/index/lang/zh-cn.php
[ info ] [ BEHAVIOR ] Run app\common\behavior\Common @module_init [ RunTime:0.001690s ]
[ info ] [ LANG ] /www/wwwroot/www.58hongtu.com/htmove/public/../application/index/lang/zh-cn/index.php
[ info ] [ RUN ] app\index\controller\Index->index[ /www/wwwroot/www.58hongtu.com/htmove/application/index/controller/Index.php ]
[ info ] [ VIEW ] /www/wwwroot/www.58hongtu.com/htmove/public/../application/index/view/index/index.html [ array (
  0 => 'user',
  1 => 'site',
  2 => 'config',
) ]
[ info ] [ LOG ] INIT File
---------------------------------------------------------------
[ 2020-07-20T21:19:13+08:00 ] 108.171.216.162 GET www.58hongtu.com/
[运行时间：0.027908s] [吞吐率：35.83req/s] [内存消耗：2,953.95kb] [文件加载：123]
[ info ] [ BEHAVIOR ] Run Closure @app_init [ RunTime:0.000026s ]
[ info ] [ CACHE ] INIT File
[ info ] [ BEHAVIOR ] Run \addons\epay\Epay @app_init [ RunTime:0.001996s ]
[ info ] [ BEHAVIOR ] Run Closure @app_init [ RunTime:0.002021s ]
[ info ] [ BEHAVIOR ] Run app\common\behavior\Common @app_dispatch [ RunTime:0.000221s ]
[ info ] [ ROUTE ] array (
  'type' => 'module',
  'module' => 
  array (
    0 => '',
    1 => NULL,
    2 => NULL,
  ),
)
[ info ] [ HEADER ] array (
  'host' => 'www.58hongtu.com',
  'accept-encoding' => 'gzip, deflate',
  'accept' => 'text/html,application/xhtml+xml;q=0.9,*/*;q=0.8',
  'accept-language' => 'en-US;q=0.6,en;q=0.4',
  'user-agent' => 'Mozilla/5.0 (Windows NT 6.1; WOW64) AppleWebKit/537.36 (KHTML, like Gecko) Chrome/47.0.2526.111 Safari/537.36',
  'content-length' => '',
  'content-type' => '',
)
[ info ] [ PARAM ] array (
)
[ info ] [ BEHAVIOR ] Run app\common\behavior\Common @module_init [ RunTime:0.001171s ]
[ info ] [ RUN ] app\index\controller\Index->index[ /www/wwwroot/www.58hongtu.com/htmove/application/index/controller/Index.php ]
[ info ] [ VIEW ] /www/wwwroot/www.58hongtu.com/htmove/public/../application/index/view/index/index.html [ array (
  0 => 'user',
  1 => 'site',
  2 => 'config',
) ]
[ info ] [ LOG ] INIT File
