---------------------------------------------------------------
[ 2020-09-03T01:15:20+08:00 ] 183.234.187.222 GET www.58hongtu.com/
[运行时间：0.032109s] [吞吐率：31.14req/s] [内存消耗：2,993.08kb] [文件加载：126]
[ info ] [ BEHAVIOR ] Run Closure @app_init [ RunTime:0.000036s ]
[ info ] [ CACHE ] INIT File
[ info ] [ BEHAVIOR ] Run \addons\epay\Epay @app_init [ RunTime:0.001972s ]
[ info ] [ BEHAVIOR ] Run Closure @app_init [ RunTime:0.001990s ]
[ info ] [ LANG ] /www/wwwroot/www.58hongtu.com/htmove/thinkphp/lang/zh-cn.php
[ info ] [ BEHAVIOR ] Run app\common\behavior\Common @app_dispatch [ RunTime:0.000193s ]
[ info ] [ ROUTE ] array (
  'type' => 'module',
  'module' => 
  array (
    0 => '',
    1 => NULL,
    2 => NULL,
  ),
)
[ info ] [ HEADER ] array (
  'connection' => 'keep-alive',
  'accept' => 'text/html, image/gif, image/jpeg, *; q=.2, */*; q=.2',
  'host' => 'www.58hongtu.com',
  'user-agent' => 'Mozilla/5.0 (Windows NT 6.1; WOW64) AppleWebKit/537.36 (KHTML, like Gecko) Chrome/48.0.2564.116 UBrowser/5.6.12150.8 Safari/537.36',
  'accept-encoding' => 'gzip',
  'content-length' => '',
  'content-type' => '',
)
[ info ] [ PARAM ] array (
)
[ info ] [ LANG ] /www/wwwroot/www.58hongtu.com/htmove/public/../application/index/lang/zh-cn.php
[ info ] [ BEHAVIOR ] Run app\common\behavior\Common @module_init [ RunTime:0.001192s ]
[ info ] [ LANG ] /www/wwwroot/www.58hongtu.com/htmove/public/../application/index/lang/zh-cn/index.php
[ info ] [ RUN ] app\index\controller\Index->index[ /www/wwwroot/www.58hongtu.com/htmove/application/index/controller/Index.php ]
[ info ] [ VIEW ] /www/wwwroot/www.58hongtu.com/htmove/public/../application/index/view/index/index.html [ array (
  0 => 'user',
  1 => 'site',
  2 => 'config',
) ]
[ info ] [ LOG ] INIT File
---------------------------------------------------------------
[ 2020-09-03T02:02:08+08:00 ] 104.248.2.232 GET www.58hongtu.com/
[运行时间：0.028324s] [吞吐率：35.31req/s] [内存消耗：2,960.59kb] [文件加载：123]
[ info ] [ BEHAVIOR ] Run Closure @app_init [ RunTime:0.000036s ]
[ info ] [ CACHE ] INIT File
[ info ] [ BEHAVIOR ] Run \addons\epay\Epay @app_init [ RunTime:0.002039s ]
[ info ] [ BEHAVIOR ] Run Closure @app_init [ RunTime:0.002060s ]
[ info ] [ BEHAVIOR ] Run app\common\behavior\Common @app_dispatch [ RunTime:0.000181s ]
[ info ] [ ROUTE ] array (
  'type' => 'module',
  'module' => 
  array (
    0 => '',
    1 => NULL,
    2 => NULL,
  ),
)
[ info ] [ HEADER ] array (
  'connection' => 'close',
  'accept-language' => 'en-gb,en;q=0.5',
  'accept' => 'text/xml,application/xml,application/xhtml+xml,text/html;q=0.9,text/plain;q=0.8,image/png,*/*;q=0.5',
  'accept-encoding' => 'identity',
  'user-agent' => 'Mozilla/5.0 (compatible; NetcraftSurveyAgent/1.0; +info@netcraft.com)',
  'accept-charset' => 'ISO-8859-1,utf-8;q=0.7,*;q=0.7',
  'host' => 'www.58hongtu.com',
  'content-length' => '',
  'content-type' => '',
)
[ info ] [ PARAM ] array (
)
[ info ] [ BEHAVIOR ] Run app\common\behavior\Common @module_init [ RunTime:0.001199s ]
[ info ] [ RUN ] app\index\controller\Index->index[ /www/wwwroot/www.58hongtu.com/htmove/application/index/controller/Index.php ]
[ info ] [ VIEW ] /www/wwwroot/www.58hongtu.com/htmove/public/../application/index/view/index/index.html [ array (
  0 => 'user',
  1 => 'site',
  2 => 'config',
) ]
[ info ] [ LOG ] INIT File
---------------------------------------------------------------
[ 2020-09-03T08:22:39+08:00 ] 180.76.170.52 GET www.58hongtu.com/
[运行时间：0.070287s] [吞吐率：14.23req/s] [内存消耗：2,992.20kb] [文件加载：126]
[ info ] [ BEHAVIOR ] Run Closure @app_init [ RunTime:0.000026s ]
[ info ] [ CACHE ] INIT File
[ info ] [ BEHAVIOR ] Run \addons\epay\Epay @app_init [ RunTime:0.004010s ]
[ info ] [ BEHAVIOR ] Run Closure @app_init [ RunTime:0.004040s ]
[ info ] [ LANG ] /www/wwwroot/www.58hongtu.com/htmove/thinkphp/lang/zh-cn.php
[ info ] [ BEHAVIOR ] Run app\common\behavior\Common @app_dispatch [ RunTime:0.000686s ]
[ info ] [ ROUTE ] array (
  'type' => 'module',
  'module' => 
  array (
    0 => '',
    1 => NULL,
    2 => NULL,
  ),
)
[ info ] [ HEADER ] array (
  'accept-encoding' => 'gzip,deflate',
  'connection' => 'Keep-Alive',
  'host' => 'www.58hongtu.com',
  'user-agent' => 'Mozilla/5.0 (Windows NT 6.1; WOW64; rv:37.0) Gecko/20100101 Firefox/37.0',
  'content-length' => '',
  'content-type' => '',
)
[ info ] [ PARAM ] array (
)
[ info ] [ LANG ] /www/wwwroot/www.58hongtu.com/htmove/public/../application/index/lang/zh-cn.php
[ info ] [ BEHAVIOR ] Run app\common\behavior\Common @module_init [ RunTime:0.001772s ]
[ info ] [ LANG ] /www/wwwroot/www.58hongtu.com/htmove/public/../application/index/lang/zh-cn/index.php
[ info ] [ RUN ] app\index\controller\Index->index[ /www/wwwroot/www.58hongtu.com/htmove/application/index/controller/Index.php ]
[ info ] [ VIEW ] /www/wwwroot/www.58hongtu.com/htmove/public/../application/index/view/index/index.html [ array (
  0 => 'user',
  1 => 'site',
  2 => 'config',
) ]
[ info ] [ LOG ] INIT File
---------------------------------------------------------------
[ 2020-09-03T11:11:22+08:00 ] 144.217.99.66 GET www.58hongtu.com/
[运行时间：0.028423s] [吞吐率：35.18req/s] [内存消耗：2,958.88kb] [文件加载：123]
[ info ] [ BEHAVIOR ] Run Closure @app_init [ RunTime:0.000025s ]
[ info ] [ CACHE ] INIT File
[ info ] [ BEHAVIOR ] Run \addons\epay\Epay @app_init [ RunTime:0.002002s ]
[ info ] [ BEHAVIOR ] Run Closure @app_init [ RunTime:0.002021s ]
[ info ] [ BEHAVIOR ] Run app\common\behavior\Common @app_dispatch [ RunTime:0.000182s ]
[ info ] [ ROUTE ] array (
  'type' => 'module',
  'module' => 
  array (
    0 => '',
    1 => NULL,
    2 => NULL,
  ),
)
[ info ] [ HEADER ] array (
  'host' => 'www.58hongtu.com',
  'accept-encoding' => 'gzip, deflate',
  'connection' => 'Keep-Alive',
  'accept-language' => 'en-US',
  'user-agent' => 'Mozilla/5.0 (Windows NT 10.0; Win64; x64) AppleWebKit/537.36 (KHTML, like Gecko) Chrome/70.0.3538.102 Safari/537.36',
  'accept' => 'text/html,application/xhtml+xml,application/xml;q=0.9,*/*;q=0.8',
  'content-length' => '',
  'content-type' => '',
)
[ info ] [ PARAM ] array (
)
[ info ] [ BEHAVIOR ] Run app\common\behavior\Common @module_init [ RunTime:0.001178s ]
[ info ] [ RUN ] app\index\controller\Index->index[ /www/wwwroot/www.58hongtu.com/htmove/application/index/controller/Index.php ]
[ info ] [ VIEW ] /www/wwwroot/www.58hongtu.com/htmove/public/../application/index/view/index/index.html [ array (
  0 => 'user',
  1 => 'site',
  2 => 'config',
) ]
[ info ] [ LOG ] INIT File
---------------------------------------------------------------
[ 2020-09-03T11:11:52+08:00 ] 144.217.99.66 GET www.58hongtu.com/
[运行时间：0.028596s] [吞吐率：34.97req/s] [内存消耗：2,958.88kb] [文件加载：123]
[ info ] [ BEHAVIOR ] Run Closure @app_init [ RunTime:0.000026s ]
[ info ] [ CACHE ] INIT File
[ info ] [ BEHAVIOR ] Run \addons\epay\Epay @app_init [ RunTime:0.002059s ]
[ info ] [ BEHAVIOR ] Run Closure @app_init [ RunTime:0.002082s ]
[ info ] [ BEHAVIOR ] Run app\common\behavior\Common @app_dispatch [ RunTime:0.000186s ]
[ info ] [ ROUTE ] array (
  'type' => 'module',
  'module' => 
  array (
    0 => '',
    1 => NULL,
    2 => NULL,
  ),
)
[ info ] [ HEADER ] array (
  'host' => 'www.58hongtu.com',
  'accept-encoding' => 'gzip, deflate',
  'connection' => 'Keep-Alive',
  'accept-language' => 'en-US',
  'user-agent' => 'Mozilla/5.0 (Windows NT 10.0; Win64; x64) AppleWebKit/537.36 (KHTML, like Gecko) Chrome/64.0.3282.140 Safari/537.36 Edge/17.17134',
  'accept' => 'text/html,application/xhtml+xml,application/xml;q=0.9,*/*;q=0.8',
  'content-length' => '',
  'content-type' => '',
)
[ info ] [ PARAM ] array (
)
[ info ] [ BEHAVIOR ] Run app\common\behavior\Common @module_init [ RunTime:0.001202s ]
[ info ] [ RUN ] app\index\controller\Index->index[ /www/wwwroot/www.58hongtu.com/htmove/application/index/controller/Index.php ]
[ info ] [ VIEW ] /www/wwwroot/www.58hongtu.com/htmove/public/../application/index/view/index/index.html [ array (
  0 => 'user',
  1 => 'site',
  2 => 'config',
) ]
[ info ] [ LOG ] INIT File
---------------------------------------------------------------
[ 2020-09-03T11:12:24+08:00 ] 144.217.99.66 GET www.58hongtu.com/index/user/index.html
[运行时间：0.110937s] [吞吐率：9.01req/s] [内存消耗：3,694.76kb] [文件加载：130]
[ info ] [ BEHAVIOR ] Run Closure @app_init [ RunTime:0.000031s ]
[ info ] [ CACHE ] INIT File
[ info ] [ BEHAVIOR ] Run \addons\epay\Epay @app_init [ RunTime:0.002895s ]
[ info ] [ BEHAVIOR ] Run Closure @app_init [ RunTime:0.002926s ]
[ info ] [ BEHAVIOR ] Run app\common\behavior\Common @app_dispatch [ RunTime:0.000234s ]
[ info ] [ ROUTE ] array (
  'type' => 'module',
  'module' => 
  array (
    0 => 'index',
    1 => 'user',
    2 => 'index',
  ),
)
[ info ] [ HEADER ] array (
  'host' => 'www.58hongtu.com',
  'accept-encoding' => 'gzip, deflate',
  'connection' => 'Keep-Alive',
  'accept-language' => 'en-US',
  'user-agent' => 'Mozilla/5.0 (Windows NT 10.0; Win64; x64) AppleWebKit/537.36 (KHTML, like Gecko) Chrome/70.0.3538.102 Safari/537.36',
  'accept' => 'text/html,application/xhtml+xml,application/xml;q=0.9,*/*;q=0.8',
  'content-length' => '',
  'content-type' => '',
)
[ info ] [ PARAM ] array (
)
[ info ] [ BEHAVIOR ] Run app\common\behavior\Common @module_init [ RunTime:0.001632s ]
[ info ] [ TOKEN ] INIT Mysql
[ info ] [ DB ] INIT mysql
[ info ] [ VIEW ] /www/wwwroot/www.58hongtu.com/htmove/public/../application/common/view/tpl/dispatch_jump.tpl [ array (
  0 => 'code',
  1 => 'msg',
  2 => 'data',
  3 => 'url',
  4 => 'wait',
) ]
[ info ] [ LOG ] INIT File
---------------------------------------------------------------
[ 2020-09-03T11:12:27+08:00 ] 144.217.99.66 GET www.58hongtu.com/
[运行时间：0.047356s] [吞吐率：21.12req/s] [内存消耗：2,960.95kb] [文件加载：123]
[ info ] [ BEHAVIOR ] Run Closure @app_init [ RunTime:0.000028s ]
[ info ] [ CACHE ] INIT File
[ info ] [ BEHAVIOR ] Run \addons\epay\Epay @app_init [ RunTime:0.002154s ]
[ info ] [ BEHAVIOR ] Run Closure @app_init [ RunTime:0.002174s ]
[ info ] [ BEHAVIOR ] Run app\common\behavior\Common @app_dispatch [ RunTime:0.000175s ]
[ info ] [ ROUTE ] array (
  'type' => 'module',
  'module' => 
  array (
    0 => '',
    1 => NULL,
    2 => NULL,
  ),
)
[ info ] [ HEADER ] array (
  'host' => 'www.58hongtu.com',
  'accept-encoding' => 'gzip, deflate',
  'connection' => 'Keep-Alive',
  'accept-language' => 'en-US',
  'user-agent' => 'Mozilla/5.0 (Windows NT 10.0; Win64; x64) AppleWebKit/537.36 (KHTML, like Gecko) Chrome/70.0.3538.102 Safari/537.36',
  'referer' => 'http://www.58hongtu.com/index/user/index.html',
  'accept' => 'text/html,application/xhtml+xml,application/xml;q=0.9,*/*;q=0.8',
  'content-length' => '',
  'content-type' => '',
)
[ info ] [ PARAM ] array (
)
[ info ] [ BEHAVIOR ] Run app\common\behavior\Common @module_init [ RunTime:0.001362s ]
[ info ] [ RUN ] app\index\controller\Index->index[ /www/wwwroot/www.58hongtu.com/htmove/application/index/controller/Index.php ]
[ info ] [ VIEW ] /www/wwwroot/www.58hongtu.com/htmove/public/../application/index/view/index/index.html [ array (
  0 => 'user',
  1 => 'site',
  2 => 'config',
) ]
[ info ] [ LOG ] INIT File
---------------------------------------------------------------
[ 2020-09-03T11:12:54+08:00 ] 144.217.99.66 GET www.58hongtu.com/index/user/index.html
[运行时间：0.046716s] [吞吐率：21.41req/s] [内存消耗：3,694.49kb] [文件加载：130]
[ info ] [ BEHAVIOR ] Run Closure @app_init [ RunTime:0.000031s ]
[ info ] [ CACHE ] INIT File
[ info ] [ BEHAVIOR ] Run \addons\epay\Epay @app_init [ RunTime:0.002891s ]
[ info ] [ BEHAVIOR ] Run Closure @app_init [ RunTime:0.002920s ]
[ info ] [ BEHAVIOR ] Run app\common\behavior\Common @app_dispatch [ RunTime:0.000246s ]
[ info ] [ ROUTE ] array (
  'type' => 'module',
  'module' => 
  array (
    0 => 'index',
    1 => 'user',
    2 => 'index',
  ),
)
[ info ] [ HEADER ] array (
  'host' => 'www.58hongtu.com',
  'accept-encoding' => 'gzip, deflate',
  'connection' => 'Keep-Alive',
  'accept-language' => 'en-US',
  'user-agent' => 'Mozilla/5.0 (Windows NT 10.0; Win64; x64; rv:63.0) Gecko/20100101 Firefox/63.0',
  'accept' => 'text/html,application/xhtml+xml,application/xml;q=0.9,*/*;q=0.8',
  'content-length' => '',
  'content-type' => '',
)
[ info ] [ PARAM ] array (
)
[ info ] [ BEHAVIOR ] Run app\common\behavior\Common @module_init [ RunTime:0.001696s ]
[ info ] [ TOKEN ] INIT Mysql
[ info ] [ DB ] INIT mysql
[ info ] [ VIEW ] /www/wwwroot/www.58hongtu.com/htmove/public/../application/common/view/tpl/dispatch_jump.tpl [ array (
  0 => 'code',
  1 => 'msg',
  2 => 'data',
  3 => 'url',
  4 => 'wait',
) ]
[ info ] [ LOG ] INIT File
---------------------------------------------------------------
[ 2020-09-03T11:12:57+08:00 ] 144.217.99.66 GET www.58hongtu.com/
[运行时间：0.031940s] [吞吐率：31.31req/s] [内存消耗：2,960.56kb] [文件加载：123]
[ info ] [ BEHAVIOR ] Run Closure @app_init [ RunTime:0.000029s ]
[ info ] [ CACHE ] INIT File
[ info ] [ BEHAVIOR ] Run \addons\epay\Epay @app_init [ RunTime:0.002528s ]
[ info ] [ BEHAVIOR ] Run Closure @app_init [ RunTime:0.002552s ]
[ info ] [ BEHAVIOR ] Run app\common\behavior\Common @app_dispatch [ RunTime:0.000198s ]
[ info ] [ ROUTE ] array (
  'type' => 'module',
  'module' => 
  array (
    0 => '',
    1 => NULL,
    2 => NULL,
  ),
)
[ info ] [ HEADER ] array (
  'host' => 'www.58hongtu.com',
  'accept-encoding' => 'gzip, deflate',
  'connection' => 'Keep-Alive',
  'accept-language' => 'en-US',
  'user-agent' => 'Mozilla/5.0 (Windows NT 10.0; Win64; x64; rv:63.0) Gecko/20100101 Firefox/63.0',
  'referer' => 'http://www.58hongtu.com/index/user/index.html',
  'accept' => 'text/html,application/xhtml+xml,application/xml;q=0.9,*/*;q=0.8',
  'content-length' => '',
  'content-type' => '',
)
[ info ] [ PARAM ] array (
)
[ info ] [ BEHAVIOR ] Run app\common\behavior\Common @module_init [ RunTime:0.001268s ]
[ info ] [ RUN ] app\index\controller\Index->index[ /www/wwwroot/www.58hongtu.com/htmove/application/index/controller/Index.php ]
[ info ] [ VIEW ] /www/wwwroot/www.58hongtu.com/htmove/public/../application/index/view/index/index.html [ array (
  0 => 'user',
  1 => 'site',
  2 => 'config',
) ]
[ info ] [ LOG ] INIT File
---------------------------------------------------------------
[ 2020-09-03T14:30:42+08:00 ] 117.136.79.156 GET www.58hongtu.com/index/index/home
[运行时间：0.061037s] [吞吐率：16.38req/s] [内存消耗：3,058.82kb] [文件加载：125]
[ info ] [ BEHAVIOR ] Run Closure @app_init [ RunTime:0.000035s ]
[ info ] [ CACHE ] INIT File
[ info ] [ BEHAVIOR ] Run \addons\epay\Epay @app_init [ RunTime:0.002095s ]
[ info ] [ BEHAVIOR ] Run Closure @app_init [ RunTime:0.002114s ]
[ info ] [ LANG ] /www/wwwroot/www.58hongtu.com/htmove/thinkphp/lang/zh-cn.php
[ info ] [ BEHAVIOR ] Run app\common\behavior\Common @app_dispatch [ RunTime:0.000185s ]
[ info ] [ ROUTE ] array (
  'type' => 'module',
  'module' => 
  array (
    0 => 'index',
    1 => 'index',
    2 => 'home',
  ),
)
[ info ] [ HEADER ] array (
  'accept-encoding' => 'gzip, deflate, br',
  'accept-language' => 'zh-cn',
  'accept' => 'text/html,application/xhtml+xml,application/xml;q=0.9,*/*;q=0.8',
  'user-agent' => 'Mozilla/5.0 (iPhone; CPU iPhone OS 13_6_1 like Mac OS X) AppleWebKit/605.1.15 (KHTML, like Gecko) Mobile/15E148 MicroMessenger/7.0.14(0x17000e2e) NetType/4G Language/zh_CN miniProgram',
  'host' => 'www.58hongtu.com',
  'content-length' => '',
  'content-type' => '',
)
[ info ] [ PARAM ] array (
)
[ info ] [ LANG ] /www/wwwroot/www.58hongtu.com/htmove/public/../application/index/lang/zh-cn.php
[ info ] [ BEHAVIOR ] Run app\common\behavior\Common @module_init [ RunTime:0.007604s ]
[ info ] [ LANG ] /www/wwwroot/www.58hongtu.com/htmove/public/../application/index/lang/zh-cn/index.php
[ info ] [ RUN ] app\index\controller\Index->home[ /www/wwwroot/www.58hongtu.com/htmove/application/index/controller/Index.php ]
[ info ] [ VIEW ] /www/wwwroot/www.58hongtu.com/htmove/public/../application/index/view/index/home.html [ array (
  0 => 'user',
  1 => 'site',
  2 => 'config',
) ]
[ info ] [ LOG ] INIT File
---------------------------------------------------------------
[ 2020-09-03T14:30:42+08:00 ] 117.136.79.156 GET www.58hongtu.com/api/index/openid?code=031Gpdll213Vy54PYHnl2hJXWV0Gpdlw
[运行时间：0.302324s] [吞吐率：3.31req/s] [内存消耗：3,855.23kb] [文件加载：127]
[ info ] [ BEHAVIOR ] Run Closure @app_init [ RunTime:0.000020s ]
[ info ] [ CACHE ] INIT File
[ info ] [ BEHAVIOR ] Run \addons\epay\Epay @app_init [ RunTime:0.002053s ]
[ info ] [ BEHAVIOR ] Run Closure @app_init [ RunTime:0.002069s ]
[ info ] [ LANG ] /www/wwwroot/www.58hongtu.com/htmove/thinkphp/lang/zh-cn.php
[ info ] [ BEHAVIOR ] Run app\common\behavior\Common @app_dispatch [ RunTime:0.000195s ]
[ info ] [ ROUTE ] array (
  'type' => 'module',
  'module' => 
  array (
    0 => 'api',
    1 => 'index',
    2 => 'openid',
  ),
)
[ info ] [ HEADER ] array (
  'accept-language' => 'zh-cn',
  'referer' => 'https://servicewechat.com/wx3dd58f4332fd09ed/17/page-frame.html',
  'user-agent' => 'Mozilla/5.0 (iPhone; CPU iPhone OS 13_6_1 like Mac OS X) AppleWebKit/605.1.15 (KHTML, like Gecko) Mobile/15E148 MicroMessenger/7.0.14(0x17000e2e) NetType/4G Language/zh_CN',
  'accept-encoding' => 'gzip, deflate, br',
  'content-type' => 'application/json',
  'accept' => '*/*',
  'host' => 'www.58hongtu.com',
  'content-length' => '',
)
[ info ] [ PARAM ] array (
  'code' => '031Gpdll213Vy54PYHnl2hJXWV0Gpdlw',
)
[ info ] [ LANG ] /www/wwwroot/www.58hongtu.com/htmove/public/../application/api/lang/zh-cn.php
[ info ] [ BEHAVIOR ] Run app\common\behavior\Common @module_init [ RunTime:0.001242s ]
[ info ] [ RUN ] app\api\controller\Index->openid[ /www/wwwroot/www.58hongtu.com/htmove/application/api/controller/Index.php ]
[ info ] [ DB ] INIT mysql
[ info ] [ LOG ] INIT File
---------------------------------------------------------------
[ 2020-09-03T14:30:45+08:00 ] 117.136.79.156 GET www.58hongtu.com/index/index/home?openid=oG2WP4luYTnTQZJV3hfk9RlNimlU
[运行时间：0.033594s] [吞吐率：29.77req/s] [内存消耗：3,059.02kb] [文件加载：125]
[ info ] [ BEHAVIOR ] Run Closure @app_init [ RunTime:0.000025s ]
[ info ] [ CACHE ] INIT File
[ info ] [ BEHAVIOR ] Run \addons\epay\Epay @app_init [ RunTime:0.002232s ]
[ info ] [ BEHAVIOR ] Run Closure @app_init [ RunTime:0.002254s ]
[ info ] [ LANG ] /www/wwwroot/www.58hongtu.com/htmove/thinkphp/lang/zh-cn.php
[ info ] [ BEHAVIOR ] Run app\common\behavior\Common @app_dispatch [ RunTime:0.000183s ]
[ info ] [ ROUTE ] array (
  'type' => 'module',
  'module' => 
  array (
    0 => 'index',
    1 => 'index',
    2 => 'home',
  ),
)
[ info ] [ HEADER ] array (
  'accept-encoding' => 'gzip, deflate, br',
  'accept-language' => 'zh-cn',
  'accept' => 'text/html,application/xhtml+xml,application/xml;q=0.9,*/*;q=0.8',
  'user-agent' => 'Mozilla/5.0 (iPhone; CPU iPhone OS 13_6_1 like Mac OS X) AppleWebKit/605.1.15 (KHTML, like Gecko) Mobile/15E148 MicroMessenger/7.0.14(0x17000e2e) NetType/4G Language/zh_CN miniProgram',
  'host' => 'www.58hongtu.com',
  'content-length' => '',
  'content-type' => '',
)
[ info ] [ PARAM ] array (
  'openid' => 'oG2WP4luYTnTQZJV3hfk9RlNimlU',
)
[ info ] [ LANG ] /www/wwwroot/www.58hongtu.com/htmove/public/../application/index/lang/zh-cn.php
[ info ] [ BEHAVIOR ] Run app\common\behavior\Common @module_init [ RunTime:0.001348s ]
[ info ] [ LANG ] /www/wwwroot/www.58hongtu.com/htmove/public/../application/index/lang/zh-cn/index.php
[ info ] [ RUN ] app\index\controller\Index->home[ /www/wwwroot/www.58hongtu.com/htmove/application/index/controller/Index.php ]
[ info ] [ VIEW ] /www/wwwroot/www.58hongtu.com/htmove/public/../application/index/view/index/home.html [ array (
  0 => 'user',
  1 => 'site',
  2 => 'config',
) ]
[ info ] [ LOG ] INIT File
---------------------------------------------------------------
[ 2020-09-03T14:30:49+08:00 ] 117.136.79.156 GET www.58hongtu.com/api/index/getlocation?openid=oG2WP4luYTnTQZJV3hfk9RlNimlU
[运行时间：0.026511s] [吞吐率：37.72req/s] [内存消耗：2,606.83kb] [文件加载：120]
[ info ] [ BEHAVIOR ] Run Closure @app_init [ RunTime:0.000025s ]
[ info ] [ CACHE ] INIT File
[ info ] [ BEHAVIOR ] Run \addons\epay\Epay @app_init [ RunTime:0.001983s ]
[ info ] [ BEHAVIOR ] Run Closure @app_init [ RunTime:0.002003s ]
[ info ] [ LANG ] /www/wwwroot/www.58hongtu.com/htmove/thinkphp/lang/zh-cn.php
[ info ] [ BEHAVIOR ] Run app\common\behavior\Common @app_dispatch [ RunTime:0.000181s ]
[ info ] [ ROUTE ] array (
  'type' => 'module',
  'module' => 
  array (
    0 => 'api',
    1 => 'index',
    2 => 'getlocation',
  ),
)
[ info ] [ HEADER ] array (
  'accept-encoding' => 'gzip, deflate, br',
  'referer' => 'https://www.58hongtu.com/index/index/home?openid=oG2WP4luYTnTQZJV3hfk9RlNimlU',
  'user-agent' => 'Mozilla/5.0 (iPhone; CPU iPhone OS 13_6_1 like Mac OS X) AppleWebKit/605.1.15 (KHTML, like Gecko) Mobile/15E148 MicroMessenger/7.0.14(0x17000e2e) NetType/4G Language/zh_CN miniProgram',
  'x-requested-with' => 'XMLHttpRequest',
  'accept-language' => 'zh-cn',
  'accept' => 'application/json, text/javascript, */*; q=0.01',
  'host' => 'www.58hongtu.com',
  'content-length' => '',
  'content-type' => '',
)
[ info ] [ PARAM ] array (
  'openid' => 'oG2WP4luYTnTQZJV3hfk9RlNimlU',
)
[ info ] [ LANG ] /www/wwwroot/www.58hongtu.com/htmove/public/../application/api/lang/zh-cn.php
[ info ] [ BEHAVIOR ] Run app\common\behavior\Common @module_init [ RunTime:0.001275s ]
[ info ] [ RUN ] app\api\controller\Index->getlocation[ /www/wwwroot/www.58hongtu.com/htmove/application/api/controller/Index.php ]
[ info ] [ LOG ] INIT File
---------------------------------------------------------------
[ 2020-09-03T14:30:49+08:00 ] 117.136.79.156 GET www.58hongtu.com/api/index/addcarinfo?openid=oG2WP4luYTnTQZJV3hfk9RlNimlU&bj=%E5%B0%8F%E6%90%AC&coin=150
[运行时间：0.027609s] [吞吐率：36.22req/s] [内存消耗：2,607.00kb] [文件加载：120]
[ info ] [ BEHAVIOR ] Run Closure @app_init [ RunTime:0.000033s ]
[ info ] [ CACHE ] INIT File
[ info ] [ BEHAVIOR ] Run \addons\epay\Epay @app_init [ RunTime:0.002008s ]
[ info ] [ BEHAVIOR ] Run Closure @app_init [ RunTime:0.002028s ]
[ info ] [ LANG ] /www/wwwroot/www.58hongtu.com/htmove/thinkphp/lang/zh-cn.php
[ info ] [ BEHAVIOR ] Run app\common\behavior\Common @app_dispatch [ RunTime:0.000182s ]
[ info ] [ ROUTE ] array (
  'type' => 'module',
  'module' => 
  array (
    0 => 'api',
    1 => 'index',
    2 => 'addcarinfo',
  ),
)
[ info ] [ HEADER ] array (
  'accept-encoding' => 'gzip, deflate, br',
  'referer' => 'https://www.58hongtu.com/index/index/home?openid=oG2WP4luYTnTQZJV3hfk9RlNimlU',
  'user-agent' => 'Mozilla/5.0 (iPhone; CPU iPhone OS 13_6_1 like Mac OS X) AppleWebKit/605.1.15 (KHTML, like Gecko) Mobile/15E148 MicroMessenger/7.0.14(0x17000e2e) NetType/4G Language/zh_CN miniProgram',
  'x-requested-with' => 'XMLHttpRequest',
  'accept-language' => 'zh-cn',
  'accept' => 'application/json, text/javascript, */*; q=0.01',
  'host' => 'www.58hongtu.com',
  'content-length' => '',
  'content-type' => '',
)
[ info ] [ PARAM ] array (
  'openid' => 'oG2WP4luYTnTQZJV3hfk9RlNimlU',
  'bj' => '小搬',
  'coin' => '150',
)
[ info ] [ LANG ] /www/wwwroot/www.58hongtu.com/htmove/public/../application/api/lang/zh-cn.php
[ info ] [ BEHAVIOR ] Run app\common\behavior\Common @module_init [ RunTime:0.001191s ]
[ info ] [ RUN ] app\api\controller\Index->addcarinfo[ /www/wwwroot/www.58hongtu.com/htmove/application/api/controller/Index.php ]
[ info ] [ LOG ] INIT File
---------------------------------------------------------------
[ 2020-09-03T14:49:56+08:00 ] 117.136.33.182 GET www.58hongtu.com/api/index/getlocation?openid=oG2WP4luYTnTQZJV3hfk9RlNimlU
[运行时间：0.025333s] [吞吐率：39.47req/s] [内存消耗：2,606.83kb] [文件加载：120]
[ info ] [ BEHAVIOR ] Run Closure @app_init [ RunTime:0.000025s ]
[ info ] [ CACHE ] INIT File
[ info ] [ BEHAVIOR ] Run \addons\epay\Epay @app_init [ RunTime:0.002050s ]
[ info ] [ BEHAVIOR ] Run Closure @app_init [ RunTime:0.002072s ]
[ info ] [ LANG ] /www/wwwroot/www.58hongtu.com/htmove/thinkphp/lang/zh-cn.php
[ info ] [ BEHAVIOR ] Run app\common\behavior\Common @app_dispatch [ RunTime:0.000181s ]
[ info ] [ ROUTE ] array (
  'type' => 'module',
  'module' => 
  array (
    0 => 'api',
    1 => 'index',
    2 => 'getlocation',
  ),
)
[ info ] [ HEADER ] array (
  'accept-encoding' => 'gzip, deflate, br',
  'referer' => 'https://www.58hongtu.com/index/index/home?openid=oG2WP4luYTnTQZJV3hfk9RlNimlU',
  'user-agent' => 'Mozilla/5.0 (iPhone; CPU iPhone OS 13_6_1 like Mac OS X) AppleWebKit/605.1.15 (KHTML, like Gecko) Mobile/15E148 MicroMessenger/7.0.14(0x17000e2e) NetType/4G Language/zh_CN miniProgram',
  'x-requested-with' => 'XMLHttpRequest',
  'accept-language' => 'zh-cn',
  'accept' => 'application/json, text/javascript, */*; q=0.01',
  'host' => 'www.58hongtu.com',
  'content-length' => '',
  'content-type' => '',
)
[ info ] [ PARAM ] array (
  'openid' => 'oG2WP4luYTnTQZJV3hfk9RlNimlU',
)
[ info ] [ LANG ] /www/wwwroot/www.58hongtu.com/htmove/public/../application/api/lang/zh-cn.php
[ info ] [ BEHAVIOR ] Run app\common\behavior\Common @module_init [ RunTime:0.001224s ]
[ info ] [ RUN ] app\api\controller\Index->getlocation[ /www/wwwroot/www.58hongtu.com/htmove/application/api/controller/Index.php ]
[ info ] [ LOG ] INIT File
---------------------------------------------------------------
[ 2020-09-03T14:49:56+08:00 ] 117.136.33.182 GET www.58hongtu.com/api/index/addcarinfo?openid=oG2WP4luYTnTQZJV3hfk9RlNimlU&bj=%E5%B0%8F%E6%90%AC&coin=150
[运行时间：0.030866s] [吞吐率：32.40req/s] [内存消耗：2,607.00kb] [文件加载：120]
[ info ] [ BEHAVIOR ] Run Closure @app_init [ RunTime:0.000031s ]
[ info ] [ CACHE ] INIT File
[ info ] [ BEHAVIOR ] Run \addons\epay\Epay @app_init [ RunTime:0.003208s ]
[ info ] [ BEHAVIOR ] Run Closure @app_init [ RunTime:0.003241s ]
[ info ] [ LANG ] /www/wwwroot/www.58hongtu.com/htmove/thinkphp/lang/zh-cn.php
[ info ] [ BEHAVIOR ] Run app\common\behavior\Common @app_dispatch [ RunTime:0.000288s ]
[ info ] [ ROUTE ] array (
  'type' => 'module',
  'module' => 
  array (
    0 => 'api',
    1 => 'index',
    2 => 'addcarinfo',
  ),
)
[ info ] [ HEADER ] array (
  'accept-encoding' => 'gzip, deflate, br',
  'referer' => 'https://www.58hongtu.com/index/index/home?openid=oG2WP4luYTnTQZJV3hfk9RlNimlU',
  'user-agent' => 'Mozilla/5.0 (iPhone; CPU iPhone OS 13_6_1 like Mac OS X) AppleWebKit/605.1.15 (KHTML, like Gecko) Mobile/15E148 MicroMessenger/7.0.14(0x17000e2e) NetType/4G Language/zh_CN miniProgram',
  'x-requested-with' => 'XMLHttpRequest',
  'accept-language' => 'zh-cn',
  'accept' => 'application/json, text/javascript, */*; q=0.01',
  'host' => 'www.58hongtu.com',
  'content-length' => '',
  'content-type' => '',
)
[ info ] [ PARAM ] array (
  'openid' => 'oG2WP4luYTnTQZJV3hfk9RlNimlU',
  'bj' => '小搬',
  'coin' => '150',
)
[ info ] [ LANG ] /www/wwwroot/www.58hongtu.com/htmove/public/../application/api/lang/zh-cn.php
[ info ] [ BEHAVIOR ] Run app\common\behavior\Common @module_init [ RunTime:0.001905s ]
[ info ] [ RUN ] app\api\controller\Index->addcarinfo[ /www/wwwroot/www.58hongtu.com/htmove/application/api/controller/Index.php ]
[ info ] [ LOG ] INIT File
---------------------------------------------------------------
[ 2020-09-03T14:52:20+08:00 ] 117.136.33.182 GET www.58hongtu.com/index/index/home?openid=oG2WP4luYTnTQZJV3hfk9RlNimlU
[运行时间：0.028861s] [吞吐率：34.65req/s] [内存消耗：3,059.02kb] [文件加载：125]
[ info ] [ BEHAVIOR ] Run Closure @app_init [ RunTime:0.000022s ]
[ info ] [ CACHE ] INIT File
[ info ] [ BEHAVIOR ] Run \addons\epay\Epay @app_init [ RunTime:0.002021s ]
[ info ] [ BEHAVIOR ] Run Closure @app_init [ RunTime:0.002038s ]
[ info ] [ LANG ] /www/wwwroot/www.58hongtu.com/htmove/thinkphp/lang/zh-cn.php
[ info ] [ BEHAVIOR ] Run app\common\behavior\Common @app_dispatch [ RunTime:0.000186s ]
[ info ] [ ROUTE ] array (
  'type' => 'module',
  'module' => 
  array (
    0 => 'index',
    1 => 'index',
    2 => 'home',
  ),
)
[ info ] [ HEADER ] array (
  'accept-encoding' => 'gzip, deflate, br',
  'accept-language' => 'zh-cn',
  'accept' => 'text/html,application/xhtml+xml,application/xml;q=0.9,*/*;q=0.8',
  'user-agent' => 'Mozilla/5.0 (iPhone; CPU iPhone OS 13_6_1 like Mac OS X) AppleWebKit/605.1.15 (KHTML, like Gecko) Mobile/15E148 MicroMessenger/7.0.14(0x17000e2e) NetType/4G Language/zh_CN miniProgram',
  'host' => 'www.58hongtu.com',
  'content-length' => '',
  'content-type' => '',
)
[ info ] [ PARAM ] array (
  'openid' => 'oG2WP4luYTnTQZJV3hfk9RlNimlU',
)
[ info ] [ LANG ] /www/wwwroot/www.58hongtu.com/htmove/public/../application/index/lang/zh-cn.php
[ info ] [ BEHAVIOR ] Run app\common\behavior\Common @module_init [ RunTime:0.001112s ]
[ info ] [ LANG ] /www/wwwroot/www.58hongtu.com/htmove/public/../application/index/lang/zh-cn/index.php
[ info ] [ RUN ] app\index\controller\Index->home[ /www/wwwroot/www.58hongtu.com/htmove/application/index/controller/Index.php ]
[ info ] [ VIEW ] /www/wwwroot/www.58hongtu.com/htmove/public/../application/index/view/index/home.html [ array (
  0 => 'user',
  1 => 'site',
  2 => 'config',
) ]
[ info ] [ LOG ] INIT File
---------------------------------------------------------------
[ 2020-09-03T14:52:24+08:00 ] 117.136.33.182 GET www.58hongtu.com/api/index/getlocation?openid=oG2WP4luYTnTQZJV3hfk9RlNimlU
[运行时间：0.024205s] [吞吐率：41.31req/s] [内存消耗：2,606.83kb] [文件加载：120]
[ info ] [ BEHAVIOR ] Run Closure @app_init [ RunTime:0.000022s ]
[ info ] [ CACHE ] INIT File
[ info ] [ BEHAVIOR ] Run \addons\epay\Epay @app_init [ RunTime:0.001966s ]
[ info ] [ BEHAVIOR ] Run Closure @app_init [ RunTime:0.001983s ]
[ info ] [ LANG ] /www/wwwroot/www.58hongtu.com/htmove/thinkphp/lang/zh-cn.php
[ info ] [ BEHAVIOR ] Run app\common\behavior\Common @app_dispatch [ RunTime:0.000178s ]
[ info ] [ ROUTE ] array (
  'type' => 'module',
  'module' => 
  array (
    0 => 'api',
    1 => 'index',
    2 => 'getlocation',
  ),
)
[ info ] [ HEADER ] array (
  'accept-encoding' => 'gzip, deflate, br',
  'referer' => 'https://www.58hongtu.com/index/index/home?openid=oG2WP4luYTnTQZJV3hfk9RlNimlU',
  'user-agent' => 'Mozilla/5.0 (iPhone; CPU iPhone OS 13_6_1 like Mac OS X) AppleWebKit/605.1.15 (KHTML, like Gecko) Mobile/15E148 MicroMessenger/7.0.14(0x17000e2e) NetType/4G Language/zh_CN miniProgram',
  'x-requested-with' => 'XMLHttpRequest',
  'accept-language' => 'zh-cn',
  'accept' => 'application/json, text/javascript, */*; q=0.01',
  'host' => 'www.58hongtu.com',
  'content-length' => '',
  'content-type' => '',
)
[ info ] [ PARAM ] array (
  'openid' => 'oG2WP4luYTnTQZJV3hfk9RlNimlU',
)
[ info ] [ LANG ] /www/wwwroot/www.58hongtu.com/htmove/public/../application/api/lang/zh-cn.php
[ info ] [ BEHAVIOR ] Run app\common\behavior\Common @module_init [ RunTime:0.001203s ]
[ info ] [ RUN ] app\api\controller\Index->getlocation[ /www/wwwroot/www.58hongtu.com/htmove/application/api/controller/Index.php ]
[ info ] [ LOG ] INIT File
---------------------------------------------------------------
[ 2020-09-03T14:52:24+08:00 ] 117.136.33.182 GET www.58hongtu.com/api/index/addcarinfo?openid=oG2WP4luYTnTQZJV3hfk9RlNimlU&bj=%E5%B0%8F%E6%90%AC&coin=150
[运行时间：0.023978s] [吞吐率：41.70req/s] [内存消耗：2,607.00kb] [文件加载：120]
[ info ] [ BEHAVIOR ] Run Closure @app_init [ RunTime:0.000023s ]
[ info ] [ CACHE ] INIT File
[ info ] [ BEHAVIOR ] Run \addons\epay\Epay @app_init [ RunTime:0.002013s ]
[ info ] [ BEHAVIOR ] Run Closure @app_init [ RunTime:0.002031s ]
[ info ] [ LANG ] /www/wwwroot/www.58hongtu.com/htmove/thinkphp/lang/zh-cn.php
[ info ] [ BEHAVIOR ] Run app\common\behavior\Common @app_dispatch [ RunTime:0.000173s ]
[ info ] [ ROUTE ] array (
  'type' => 'module',
  'module' => 
  array (
    0 => 'api',
    1 => 'index',
    2 => 'addcarinfo',
  ),
)
[ info ] [ HEADER ] array (
  'accept-encoding' => 'gzip, deflate, br',
  'referer' => 'https://www.58hongtu.com/index/index/home?openid=oG2WP4luYTnTQZJV3hfk9RlNimlU',
  'user-agent' => 'Mozilla/5.0 (iPhone; CPU iPhone OS 13_6_1 like Mac OS X) AppleWebKit/605.1.15 (KHTML, like Gecko) Mobile/15E148 MicroMessenger/7.0.14(0x17000e2e) NetType/4G Language/zh_CN miniProgram',
  'x-requested-with' => 'XMLHttpRequest',
  'accept-language' => 'zh-cn',
  'accept' => 'application/json, text/javascript, */*; q=0.01',
  'host' => 'www.58hongtu.com',
  'content-length' => '',
  'content-type' => '',
)
[ info ] [ PARAM ] array (
  'openid' => 'oG2WP4luYTnTQZJV3hfk9RlNimlU',
  'bj' => '小搬',
  'coin' => '150',
)
[ info ] [ LANG ] /www/wwwroot/www.58hongtu.com/htmove/public/../application/api/lang/zh-cn.php
[ info ] [ BEHAVIOR ] Run app\common\behavior\Common @module_init [ RunTime:0.001155s ]
[ info ] [ RUN ] app\api\controller\Index->addcarinfo[ /www/wwwroot/www.58hongtu.com/htmove/application/api/controller/Index.php ]
[ info ] [ LOG ] INIT File
---------------------------------------------------------------
[ 2020-09-03T14:54:33+08:00 ] 117.136.33.182 GET www.58hongtu.com/api/index/getlocation?openid=oG2WP4luYTnTQZJV3hfk9RlNimlU
[运行时间：0.024929s] [吞吐率：40.11req/s] [内存消耗：2,606.83kb] [文件加载：120]
[ info ] [ BEHAVIOR ] Run Closure @app_init [ RunTime:0.000025s ]
[ info ] [ CACHE ] INIT File
[ info ] [ BEHAVIOR ] Run \addons\epay\Epay @app_init [ RunTime:0.002074s ]
[ info ] [ BEHAVIOR ] Run Closure @app_init [ RunTime:0.002096s ]
[ info ] [ LANG ] /www/wwwroot/www.58hongtu.com/htmove/thinkphp/lang/zh-cn.php
[ info ] [ BEHAVIOR ] Run app\common\behavior\Common @app_dispatch [ RunTime:0.000182s ]
[ info ] [ ROUTE ] array (
  'type' => 'module',
  'module' => 
  array (
    0 => 'api',
    1 => 'index',
    2 => 'getlocation',
  ),
)
[ info ] [ HEADER ] array (
  'accept-encoding' => 'gzip, deflate, br',
  'referer' => 'https://www.58hongtu.com/index/index/home?openid=oG2WP4luYTnTQZJV3hfk9RlNimlU',
  'user-agent' => 'Mozilla/5.0 (iPhone; CPU iPhone OS 13_6_1 like Mac OS X) AppleWebKit/605.1.15 (KHTML, like Gecko) Mobile/15E148 MicroMessenger/7.0.14(0x17000e2e) NetType/4G Language/zh_CN miniProgram',
  'x-requested-with' => 'XMLHttpRequest',
  'accept-language' => 'zh-cn',
  'accept' => 'application/json, text/javascript, */*; q=0.01',
  'host' => 'www.58hongtu.com',
  'content-length' => '',
  'content-type' => '',
)
[ info ] [ PARAM ] array (
  'openid' => 'oG2WP4luYTnTQZJV3hfk9RlNimlU',
)
[ info ] [ LANG ] /www/wwwroot/www.58hongtu.com/htmove/public/../application/api/lang/zh-cn.php
[ info ] [ BEHAVIOR ] Run app\common\behavior\Common @module_init [ RunTime:0.001157s ]
[ info ] [ RUN ] app\api\controller\Index->getlocation[ /www/wwwroot/www.58hongtu.com/htmove/application/api/controller/Index.php ]
[ info ] [ LOG ] INIT File
---------------------------------------------------------------
[ 2020-09-03T14:54:33+08:00 ] 117.136.33.182 GET www.58hongtu.com/api/index/addcarinfo?openid=oG2WP4luYTnTQZJV3hfk9RlNimlU&bj=%E5%B0%8F%E6%90%AC&coin=150
[运行时间：0.024429s] [吞吐率：40.94req/s] [内存消耗：2,607.00kb] [文件加载：120]
[ info ] [ BEHAVIOR ] Run Closure @app_init [ RunTime:0.000023s ]
[ info ] [ CACHE ] INIT File
[ info ] [ BEHAVIOR ] Run \addons\epay\Epay @app_init [ RunTime:0.002046s ]
[ info ] [ BEHAVIOR ] Run Closure @app_init [ RunTime:0.002066s ]
[ info ] [ LANG ] /www/wwwroot/www.58hongtu.com/htmove/thinkphp/lang/zh-cn.php
[ info ] [ BEHAVIOR ] Run app\common\behavior\Common @app_dispatch [ RunTime:0.000197s ]
[ info ] [ ROUTE ] array (
  'type' => 'module',
  'module' => 
  array (
    0 => 'api',
    1 => 'index',
    2 => 'addcarinfo',
  ),
)
[ info ] [ HEADER ] array (
  'accept-encoding' => 'gzip, deflate, br',
  'referer' => 'https://www.58hongtu.com/index/index/home?openid=oG2WP4luYTnTQZJV3hfk9RlNimlU',
  'user-agent' => 'Mozilla/5.0 (iPhone; CPU iPhone OS 13_6_1 like Mac OS X) AppleWebKit/605.1.15 (KHTML, like Gecko) Mobile/15E148 MicroMessenger/7.0.14(0x17000e2e) NetType/4G Language/zh_CN miniProgram',
  'x-requested-with' => 'XMLHttpRequest',
  'accept-language' => 'zh-cn',
  'accept' => 'application/json, text/javascript, */*; q=0.01',
  'host' => 'www.58hongtu.com',
  'content-length' => '',
  'content-type' => '',
)
[ info ] [ PARAM ] array (
  'openid' => 'oG2WP4luYTnTQZJV3hfk9RlNimlU',
  'bj' => '小搬',
  'coin' => '150',
)
[ info ] [ LANG ] /www/wwwroot/www.58hongtu.com/htmove/public/../application/api/lang/zh-cn.php
[ info ] [ BEHAVIOR ] Run app\common\behavior\Common @module_init [ RunTime:0.001215s ]
[ info ] [ RUN ] app\api\controller\Index->addcarinfo[ /www/wwwroot/www.58hongtu.com/htmove/application/api/controller/Index.php ]
[ info ] [ LOG ] INIT File
---------------------------------------------------------------
[ 2020-09-03T16:07:52+08:00 ] 117.136.40.185 GET www.58hongtu.com/index/index/home
[运行时间：0.037119s] [吞吐率：26.94req/s] [内存消耗：3,066.38kb] [文件加载：125]
[ info ] [ BEHAVIOR ] Run Closure @app_init [ RunTime:0.000028s ]
[ info ] [ CACHE ] INIT File
[ info ] [ BEHAVIOR ] Run \addons\epay\Epay @app_init [ RunTime:0.003159s ]
[ info ] [ BEHAVIOR ] Run Closure @app_init [ RunTime:0.003183s ]
[ info ] [ LANG ] /www/wwwroot/www.58hongtu.com/htmove/thinkphp/lang/zh-cn.php
[ info ] [ BEHAVIOR ] Run app\common\behavior\Common @app_dispatch [ RunTime:0.000271s ]
[ info ] [ ROUTE ] array (
  'type' => 'module',
  'module' => 
  array (
    0 => 'index',
    1 => 'index',
    2 => 'home',
  ),
)
[ info ] [ HEADER ] array (
  'accept-language' => 'zh-CN,zh;q=0.9,en-US;q=0.8,en;q=0.7',
  'accept-encoding' => 'gzip, deflate',
  'sec-fetch-mode' => 'navigate',
  'sec-fetch-site' => 'none',
  'x-requested-with' => 'com.tencent.mm',
  'accept' => 'text/html,application/xhtml+xml,application/xml;q=0.9,image/webp,image/wxpic,image/tpg,image/apng,*/*;q=0.8,application/signed-exchange;v=b3',
  'sec-fetch-user' => '?1',
  'user-agent' => 'Mozilla/5.0 (Linux; Android 8.1.0; Redmi 5 Build/OPM1.171019.026; wv) AppleWebKit/537.36 (KHTML, like Gecko) Version/4.0 Chrome/78.0.3904.62 XWEB/2581 MMWEBSDK/200801 Mobile Safari/537.36 MMWEBID/1137 MicroMessenger/7.0.18.1740(0x27001235) Process/appbrand2 WeChat/arm64 NetType/4G Language/zh_CN ABI/arm64 miniProgram',
  'upgrade-insecure-requests' => '1',
  'host' => 'www.58hongtu.com',
  'content-length' => '',
  'content-type' => '',
)
[ info ] [ PARAM ] array (
)
[ info ] [ LANG ] /www/wwwroot/www.58hongtu.com/htmove/public/../application/index/lang/zh-cn.php
[ info ] [ BEHAVIOR ] Run app\common\behavior\Common @module_init [ RunTime:0.001653s ]
[ info ] [ LANG ] /www/wwwroot/www.58hongtu.com/htmove/public/../application/index/lang/zh-cn/index.php
[ info ] [ RUN ] app\index\controller\Index->home[ /www/wwwroot/www.58hongtu.com/htmove/application/index/controller/Index.php ]
[ info ] [ VIEW ] /www/wwwroot/www.58hongtu.com/htmove/public/../application/index/view/index/home.html [ array (
  0 => 'user',
  1 => 'site',
  2 => 'config',
) ]
[ info ] [ LOG ] INIT File
---------------------------------------------------------------
[ 2020-09-03T16:07:52+08:00 ] 117.136.40.185 GET www.58hongtu.com/api/index/openid?code=0839fLkl21rey54WCAol2IimWL39fLkX
[运行时间：0.360904s] [吞吐率：2.77req/s] [内存消耗：3,856.29kb] [文件加载：127]
[ info ] [ BEHAVIOR ] Run Closure @app_init [ RunTime:0.000025s ]
[ info ] [ CACHE ] INIT File
[ info ] [ BEHAVIOR ] Run \addons\epay\Epay @app_init [ RunTime:0.002105s ]
[ info ] [ BEHAVIOR ] Run Closure @app_init [ RunTime:0.002128s ]
[ info ] [ LANG ] /www/wwwroot/www.58hongtu.com/htmove/thinkphp/lang/zh-cn.php
[ info ] [ BEHAVIOR ] Run app\common\behavior\Common @app_dispatch [ RunTime:0.000204s ]
[ info ] [ ROUTE ] array (
  'type' => 'module',
  'module' => 
  array (
    0 => 'api',
    1 => 'index',
    2 => 'openid',
  ),
)
[ info ] [ HEADER ] array (
  'referer' => 'https://servicewechat.com/wx3dd58f4332fd09ed/17/page-frame.html',
  'accept-encoding' => 'gzip,compress,br,deflate',
  'content-type' => 'application/json',
  'user-agent' => 'Mozilla/5.0 (Linux; Android 8.1.0; Redmi 5 Build/OPM1.171019.026; wv) AppleWebKit/537.36 (KHTML, like Gecko) Version/4.0 Chrome/78.0.3904.62 XWEB/2581 MMWEBSDK/200801 Mobile Safari/537.36 MMWEBID/1137 MicroMessenger/7.0.18.1740(0x27001235) Process/appbrand2 WeChat/arm64 NetType/4G Language/zh_CN ABI/arm64',
  'charset' => 'utf-8',
  'connection' => 'keep-alive',
  'host' => 'www.58hongtu.com',
  'content-length' => '',
)
[ info ] [ PARAM ] array (
  'code' => '0839fLkl21rey54WCAol2IimWL39fLkX',
)
[ info ] [ LANG ] /www/wwwroot/www.58hongtu.com/htmove/public/../application/api/lang/zh-cn.php
[ info ] [ BEHAVIOR ] Run app\common\behavior\Common @module_init [ RunTime:0.001227s ]
[ info ] [ RUN ] app\api\controller\Index->openid[ /www/wwwroot/www.58hongtu.com/htmove/application/api/controller/Index.php ]
[ info ] [ DB ] INIT mysql
[ info ] [ LOG ] INIT File
---------------------------------------------------------------
[ 2020-09-03T16:07:53+08:00 ] 117.136.40.185 GET www.58hongtu.com/index/index/home?openid=oG2WP4lMP4eGiToSC8rUD4EXY2Do
[运行时间：0.030658s] [吞吐率：32.62req/s] [内存消耗：3,066.58kb] [文件加载：125]
[ info ] [ BEHAVIOR ] Run Closure @app_init [ RunTime:0.000029s ]
[ info ] [ CACHE ] INIT File
[ info ] [ BEHAVIOR ] Run \addons\epay\Epay @app_init [ RunTime:0.002039s ]
[ info ] [ BEHAVIOR ] Run Closure @app_init [ RunTime:0.002075s ]
[ info ] [ LANG ] /www/wwwroot/www.58hongtu.com/htmove/thinkphp/lang/zh-cn.php
[ info ] [ BEHAVIOR ] Run app\common\behavior\Common @app_dispatch [ RunTime:0.000184s ]
[ info ] [ ROUTE ] array (
  'type' => 'module',
  'module' => 
  array (
    0 => 'index',
    1 => 'index',
    2 => 'home',
  ),
)
[ info ] [ HEADER ] array (
  'accept-language' => 'zh-CN,zh;q=0.9,en-US;q=0.8,en;q=0.7',
  'accept-encoding' => 'gzip, deflate',
  'sec-fetch-mode' => 'navigate',
  'sec-fetch-site' => 'none',
  'x-requested-with' => 'com.tencent.mm',
  'accept' => 'text/html,application/xhtml+xml,application/xml;q=0.9,image/webp,image/wxpic,image/tpg,image/apng,*/*;q=0.8,application/signed-exchange;v=b3',
  'sec-fetch-user' => '?1',
  'user-agent' => 'Mozilla/5.0 (Linux; Android 8.1.0; Redmi 5 Build/OPM1.171019.026; wv) AppleWebKit/537.36 (KHTML, like Gecko) Version/4.0 Chrome/78.0.3904.62 XWEB/2581 MMWEBSDK/200801 Mobile Safari/537.36 MMWEBID/1137 MicroMessenger/7.0.18.1740(0x27001235) Process/appbrand2 WeChat/arm64 NetType/4G Language/zh_CN ABI/arm64 miniProgram',
  'upgrade-insecure-requests' => '1',
  'host' => 'www.58hongtu.com',
  'content-length' => '',
  'content-type' => '',
)
[ info ] [ PARAM ] array (
  'openid' => 'oG2WP4lMP4eGiToSC8rUD4EXY2Do',
)
[ info ] [ LANG ] /www/wwwroot/www.58hongtu.com/htmove/public/../application/index/lang/zh-cn.php
[ info ] [ BEHAVIOR ] Run app\common\behavior\Common @module_init [ RunTime:0.001203s ]
[ info ] [ LANG ] /www/wwwroot/www.58hongtu.com/htmove/public/../application/index/lang/zh-cn/index.php
[ info ] [ RUN ] app\index\controller\Index->home[ /www/wwwroot/www.58hongtu.com/htmove/application/index/controller/Index.php ]
[ info ] [ VIEW ] /www/wwwroot/www.58hongtu.com/htmove/public/../application/index/view/index/home.html [ array (
  0 => 'user',
  1 => 'site',
  2 => 'config',
) ]
[ info ] [ LOG ] INIT File
---------------------------------------------------------------
[ 2020-09-03T16:07:54+08:00 ] 117.136.40.185 GET www.58hongtu.com/api/index/getlocation?openid=null
[运行时间：0.025910s] [吞吐率：38.60req/s] [内存消耗：2,607.98kb] [文件加载：120]
[ info ] [ BEHAVIOR ] Run Closure @app_init [ RunTime:0.000023s ]
[ info ] [ CACHE ] INIT File
[ info ] [ BEHAVIOR ] Run \addons\epay\Epay @app_init [ RunTime:0.002027s ]
[ info ] [ BEHAVIOR ] Run Closure @app_init [ RunTime:0.002050s ]
[ info ] [ LANG ] /www/wwwroot/www.58hongtu.com/htmove/thinkphp/lang/zh-cn.php
[ info ] [ BEHAVIOR ] Run app\common\behavior\Common @app_dispatch [ RunTime:0.000181s ]
[ info ] [ ROUTE ] array (
  'type' => 'module',
  'module' => 
  array (
    0 => 'api',
    1 => 'index',
    2 => 'getlocation',
  ),
)
[ info ] [ HEADER ] array (
  'accept-language' => 'zh-CN,zh;q=0.9,en-US;q=0.8,en;q=0.7',
  'accept-encoding' => 'gzip, deflate',
  'referer' => 'https://www.58hongtu.com/index/index/home',
  'sec-fetch-mode' => 'cors',
  'sec-fetch-site' => 'same-origin',
  'user-agent' => 'Mozilla/5.0 (Linux; Android 8.1.0; Redmi 5 Build/OPM1.171019.026; wv) AppleWebKit/537.36 (KHTML, like Gecko) Version/4.0 Chrome/78.0.3904.62 XWEB/2581 MMWEBSDK/200801 Mobile Safari/537.36 MMWEBID/1137 MicroMessenger/7.0.18.1740(0x27001235) Process/appbrand2 WeChat/arm64 NetType/4G Language/zh_CN ABI/arm64 miniProgram',
  'x-requested-with' => 'XMLHttpRequest',
  'accept' => 'application/json, text/javascript, */*; q=0.01',
  'host' => 'www.58hongtu.com',
  'content-length' => '',
  'content-type' => '',
)
[ info ] [ PARAM ] array (
  'openid' => 'null ',
)
[ info ] [ LANG ] /www/wwwroot/www.58hongtu.com/htmove/public/../application/api/lang/zh-cn.php
[ info ] [ BEHAVIOR ] Run app\common\behavior\Common @module_init [ RunTime:0.001166s ]
[ info ] [ RUN ] app\api\controller\Index->getlocation[ /www/wwwroot/www.58hongtu.com/htmove/application/api/controller/Index.php ]
[ info ] [ LOG ] INIT File
---------------------------------------------------------------
[ 2020-09-03T16:07:55+08:00 ] 117.136.40.185 GET www.58hongtu.com/api/index/getlocation?openid=oG2WP4lMP4eGiToSC8rUD4EXY2Do
[运行时间：0.026643s] [吞吐率：37.53req/s] [内存消耗：2,608.50kb] [文件加载：120]
[ info ] [ BEHAVIOR ] Run Closure @app_init [ RunTime:0.000023s ]
[ info ] [ CACHE ] INIT File
[ info ] [ BEHAVIOR ] Run \addons\epay\Epay @app_init [ RunTime:0.001975s ]
[ info ] [ BEHAVIOR ] Run Closure @app_init [ RunTime:0.001994s ]
[ info ] [ LANG ] /www/wwwroot/www.58hongtu.com/htmove/thinkphp/lang/zh-cn.php
[ info ] [ BEHAVIOR ] Run app\common\behavior\Common @app_dispatch [ RunTime:0.000201s ]
[ info ] [ ROUTE ] array (
  'type' => 'module',
  'module' => 
  array (
    0 => 'api',
    1 => 'index',
    2 => 'getlocation',
  ),
)
[ info ] [ HEADER ] array (
  'accept-language' => 'zh-CN,zh;q=0.9,en-US;q=0.8,en;q=0.7',
  'accept-encoding' => 'gzip, deflate',
  'referer' => 'https://www.58hongtu.com/index/index/home?openid=oG2WP4lMP4eGiToSC8rUD4EXY2Do',
  'sec-fetch-mode' => 'cors',
  'sec-fetch-site' => 'same-origin',
  'user-agent' => 'Mozilla/5.0 (Linux; Android 8.1.0; Redmi 5 Build/OPM1.171019.026; wv) AppleWebKit/537.36 (KHTML, like Gecko) Version/4.0 Chrome/78.0.3904.62 XWEB/2581 MMWEBSDK/200801 Mobile Safari/537.36 MMWEBID/1137 MicroMessenger/7.0.18.1740(0x27001235) Process/appbrand2 WeChat/arm64 NetType/4G Language/zh_CN ABI/arm64 miniProgram',
  'x-requested-with' => 'XMLHttpRequest',
  'accept' => 'application/json, text/javascript, */*; q=0.01',
  'host' => 'www.58hongtu.com',
  'content-length' => '',
  'content-type' => '',
)
[ info ] [ PARAM ] array (
  'openid' => 'oG2WP4lMP4eGiToSC8rUD4EXY2Do',
)
[ info ] [ LANG ] /www/wwwroot/www.58hongtu.com/htmove/public/../application/api/lang/zh-cn.php
[ info ] [ BEHAVIOR ] Run app\common\behavior\Common @module_init [ RunTime:0.001149s ]
[ info ] [ RUN ] app\api\controller\Index->getlocation[ /www/wwwroot/www.58hongtu.com/htmove/application/api/controller/Index.php ]
[ info ] [ LOG ] INIT File
---------------------------------------------------------------
[ 2020-09-03T16:07:55+08:00 ] 117.136.40.185 GET www.58hongtu.com/api/index/addcarinfo?openid=oG2WP4lMP4eGiToSC8rUD4EXY2Do&bj=%E5%B0%8F%E6%90%AC&coin=150
[运行时间：0.031997s] [吞吐率：31.25req/s] [内存消耗：2,608.67kb] [文件加载：120]
[ info ] [ BEHAVIOR ] Run Closure @app_init [ RunTime:0.000033s ]
[ info ] [ CACHE ] INIT File
[ info ] [ BEHAVIOR ] Run \addons\epay\Epay @app_init [ RunTime:0.002454s ]
[ info ] [ BEHAVIOR ] Run Closure @app_init [ RunTime:0.002478s ]
[ info ] [ LANG ] /www/wwwroot/www.58hongtu.com/htmove/thinkphp/lang/zh-cn.php
[ info ] [ BEHAVIOR ] Run app\common\behavior\Common @app_dispatch [ RunTime:0.000211s ]
[ info ] [ ROUTE ] array (
  'type' => 'module',
  'module' => 
  array (
    0 => 'api',
    1 => 'index',
    2 => 'addcarinfo',
  ),
)
[ info ] [ HEADER ] array (
  'accept-language' => 'zh-CN,zh;q=0.9,en-US;q=0.8,en;q=0.7',
  'accept-encoding' => 'gzip, deflate',
  'referer' => 'https://www.58hongtu.com/index/index/home?openid=oG2WP4lMP4eGiToSC8rUD4EXY2Do',
  'sec-fetch-mode' => 'cors',
  'sec-fetch-site' => 'same-origin',
  'user-agent' => 'Mozilla/5.0 (Linux; Android 8.1.0; Redmi 5 Build/OPM1.171019.026; wv) AppleWebKit/537.36 (KHTML, like Gecko) Version/4.0 Chrome/78.0.3904.62 XWEB/2581 MMWEBSDK/200801 Mobile Safari/537.36 MMWEBID/1137 MicroMessenger/7.0.18.1740(0x27001235) Process/appbrand2 WeChat/arm64 NetType/4G Language/zh_CN ABI/arm64 miniProgram',
  'x-requested-with' => 'XMLHttpRequest',
  'accept' => 'application/json, text/javascript, */*; q=0.01',
  'host' => 'www.58hongtu.com',
  'content-length' => '',
  'content-type' => '',
)
[ info ] [ PARAM ] array (
  'openid' => 'oG2WP4lMP4eGiToSC8rUD4EXY2Do',
  'bj' => '小搬',
  'coin' => '150',
)
[ info ] [ LANG ] /www/wwwroot/www.58hongtu.com/htmove/public/../application/api/lang/zh-cn.php
[ info ] [ BEHAVIOR ] Run app\common\behavior\Common @module_init [ RunTime:0.001328s ]
[ info ] [ RUN ] app\api\controller\Index->addcarinfo[ /www/wwwroot/www.58hongtu.com/htmove/application/api/controller/Index.php ]
[ info ] [ LOG ] INIT File
---------------------------------------------------------------
[ 2020-09-03T16:08:19+08:00 ] 117.136.40.185 GET www.58hongtu.com/api/index/getlocation?openid=null
[运行时间：0.024216s] [吞吐率：41.29req/s] [内存消耗：2,607.98kb] [文件加载：120]
[ info ] [ BEHAVIOR ] Run Closure @app_init [ RunTime:0.000024s ]
[ info ] [ CACHE ] INIT File
[ info ] [ BEHAVIOR ] Run \addons\epay\Epay @app_init [ RunTime:0.002015s ]
[ info ] [ BEHAVIOR ] Run Closure @app_init [ RunTime:0.002051s ]
[ info ] [ LANG ] /www/wwwroot/www.58hongtu.com/htmove/thinkphp/lang/zh-cn.php
[ info ] [ BEHAVIOR ] Run app\common\behavior\Common @app_dispatch [ RunTime:0.000184s ]
[ info ] [ ROUTE ] array (
  'type' => 'module',
  'module' => 
  array (
    0 => 'api',
    1 => 'index',
    2 => 'getlocation',
  ),
)
[ info ] [ HEADER ] array (
  'accept-language' => 'zh-CN,zh;q=0.9,en-US;q=0.8,en;q=0.7',
  'accept-encoding' => 'gzip, deflate',
  'referer' => 'https://www.58hongtu.com/index/index/home',
  'sec-fetch-mode' => 'cors',
  'sec-fetch-site' => 'same-origin',
  'user-agent' => 'Mozilla/5.0 (Linux; Android 8.1.0; Redmi 5 Build/OPM1.171019.026; wv) AppleWebKit/537.36 (KHTML, like Gecko) Version/4.0 Chrome/78.0.3904.62 XWEB/2581 MMWEBSDK/200801 Mobile Safari/537.36 MMWEBID/1137 MicroMessenger/7.0.18.1740(0x27001235) Process/appbrand2 WeChat/arm64 NetType/4G Language/zh_CN ABI/arm64 miniProgram',
  'x-requested-with' => 'XMLHttpRequest',
  'accept' => 'application/json, text/javascript, */*; q=0.01',
  'host' => 'www.58hongtu.com',
  'content-length' => '',
  'content-type' => '',
)
[ info ] [ PARAM ] array (
  'openid' => 'null ',
)
[ info ] [ LANG ] /www/wwwroot/www.58hongtu.com/htmove/public/../application/api/lang/zh-cn.php
[ info ] [ BEHAVIOR ] Run app\common\behavior\Common @module_init [ RunTime:0.001173s ]
[ info ] [ RUN ] app\api\controller\Index->getlocation[ /www/wwwroot/www.58hongtu.com/htmove/application/api/controller/Index.php ]
[ info ] [ LOG ] INIT File
---------------------------------------------------------------
[ 2020-09-03T16:08:19+08:00 ] 117.136.40.185 GET www.58hongtu.com/api/index/addcarinfo?openid=null&bj=%E5%B0%8F%E6%90%AC&coin=150
[运行时间：0.028742s] [吞吐率：34.79req/s] [内存消耗：2,608.38kb] [文件加载：120]
[ info ] [ BEHAVIOR ] Run Closure @app_init [ RunTime:0.000023s ]
[ info ] [ CACHE ] INIT File
[ info ] [ BEHAVIOR ] Run \addons\epay\Epay @app_init [ RunTime:0.001985s ]
[ info ] [ BEHAVIOR ] Run Closure @app_init [ RunTime:0.002005s ]
[ info ] [ LANG ] /www/wwwroot/www.58hongtu.com/htmove/thinkphp/lang/zh-cn.php
[ info ] [ BEHAVIOR ] Run app\common\behavior\Common @app_dispatch [ RunTime:0.000182s ]
[ info ] [ ROUTE ] array (
  'type' => 'module',
  'module' => 
  array (
    0 => 'api',
    1 => 'index',
    2 => 'addcarinfo',
  ),
)
[ info ] [ HEADER ] array (
  'accept-language' => 'zh-CN,zh;q=0.9,en-US;q=0.8,en;q=0.7',
  'accept-encoding' => 'gzip, deflate',
  'referer' => 'https://www.58hongtu.com/index/index/home',
  'sec-fetch-mode' => 'cors',
  'sec-fetch-site' => 'same-origin',
  'user-agent' => 'Mozilla/5.0 (Linux; Android 8.1.0; Redmi 5 Build/OPM1.171019.026; wv) AppleWebKit/537.36 (KHTML, like Gecko) Version/4.0 Chrome/78.0.3904.62 XWEB/2581 MMWEBSDK/200801 Mobile Safari/537.36 MMWEBID/1137 MicroMessenger/7.0.18.1740(0x27001235) Process/appbrand2 WeChat/arm64 NetType/4G Language/zh_CN ABI/arm64 miniProgram',
  'x-requested-with' => 'XMLHttpRequest',
  'accept' => 'application/json, text/javascript, */*; q=0.01',
  'host' => 'www.58hongtu.com',
  'content-length' => '',
  'content-type' => '',
)
[ info ] [ PARAM ] array (
  'openid' => 'null ',
  'bj' => '小搬',
  'coin' => '150',
)
[ info ] [ LANG ] /www/wwwroot/www.58hongtu.com/htmove/public/../application/api/lang/zh-cn.php
[ info ] [ BEHAVIOR ] Run app\common\behavior\Common @module_init [ RunTime:0.001150s ]
[ info ] [ RUN ] app\api\controller\Index->addcarinfo[ /www/wwwroot/www.58hongtu.com/htmove/application/api/controller/Index.php ]
[ info ] [ LOG ] INIT File
---------------------------------------------------------------
[ 2020-09-03T16:21:01+08:00 ] 183.17.61.63 GET www.58hongtu.com/api/index/addcarinfo?openid=null&bj=%E4%B8%AD%E6%90%AC&coin=280
[运行时间：0.030955s] [吞吐率：32.30req/s] [内存消耗：2,608.38kb] [文件加载：120]
[ info ] [ BEHAVIOR ] Run Closure @app_init [ RunTime:0.000022s ]
[ info ] [ CACHE ] INIT File
[ info ] [ BEHAVIOR ] Run \addons\epay\Epay @app_init [ RunTime:0.002611s ]
[ info ] [ BEHAVIOR ] Run Closure @app_init [ RunTime:0.002635s ]
[ info ] [ LANG ] /www/wwwroot/www.58hongtu.com/htmove/thinkphp/lang/zh-cn.php
[ info ] [ BEHAVIOR ] Run app\common\behavior\Common @app_dispatch [ RunTime:0.000235s ]
[ info ] [ ROUTE ] array (
  'type' => 'module',
  'module' => 
  array (
    0 => 'api',
    1 => 'index',
    2 => 'addcarinfo',
  ),
)
[ info ] [ HEADER ] array (
  'accept-language' => 'zh-CN,zh;q=0.9,en-US;q=0.8,en;q=0.7',
  'accept-encoding' => 'gzip, deflate',
  'referer' => 'https://www.58hongtu.com/index/index/home',
  'sec-fetch-mode' => 'cors',
  'sec-fetch-site' => 'same-origin',
  'user-agent' => 'Mozilla/5.0 (Linux; Android 8.1.0; Redmi 5 Build/OPM1.171019.026; wv) AppleWebKit/537.36 (KHTML, like Gecko) Version/4.0 Chrome/78.0.3904.62 XWEB/2581 MMWEBSDK/200801 Mobile Safari/537.36 MMWEBID/1137 MicroMessenger/7.0.18.1740(0x27001235) Process/appbrand2 WeChat/arm64 NetType/4G Language/zh_CN ABI/arm64 miniProgram',
  'x-requested-with' => 'XMLHttpRequest',
  'accept' => 'application/json, text/javascript, */*; q=0.01',
  'host' => 'www.58hongtu.com',
  'content-length' => '',
  'content-type' => '',
)
[ info ] [ PARAM ] array (
  'openid' => 'null ',
  'bj' => '中搬',
  'coin' => '280',
)
[ info ] [ LANG ] /www/wwwroot/www.58hongtu.com/htmove/public/../application/api/lang/zh-cn.php
[ info ] [ BEHAVIOR ] Run app\common\behavior\Common @module_init [ RunTime:0.001503s ]
[ info ] [ RUN ] app\api\controller\Index->addcarinfo[ /www/wwwroot/www.58hongtu.com/htmove/application/api/controller/Index.php ]
[ info ] [ LOG ] INIT File
---------------------------------------------------------------
[ 2020-09-03T16:21:13+08:00 ] 183.17.61.63 GET www.58hongtu.com/api/index/addcarinfo?openid=null&bj=%E5%A4%A7%E6%90%AC&coin=458
[运行时间：0.024622s] [吞吐率：40.61req/s] [内存消耗：2,608.38kb] [文件加载：120]
[ info ] [ BEHAVIOR ] Run Closure @app_init [ RunTime:0.000022s ]
[ info ] [ CACHE ] INIT File
[ info ] [ BEHAVIOR ] Run \addons\epay\Epay @app_init [ RunTime:0.002140s ]
[ info ] [ BEHAVIOR ] Run Closure @app_init [ RunTime:0.002157s ]
[ info ] [ LANG ] /www/wwwroot/www.58hongtu.com/htmove/thinkphp/lang/zh-cn.php
[ info ] [ BEHAVIOR ] Run app\common\behavior\Common @app_dispatch [ RunTime:0.000189s ]
[ info ] [ ROUTE ] array (
  'type' => 'module',
  'module' => 
  array (
    0 => 'api',
    1 => 'index',
    2 => 'addcarinfo',
  ),
)
[ info ] [ HEADER ] array (
  'accept-language' => 'zh-CN,zh;q=0.9,en-US;q=0.8,en;q=0.7',
  'accept-encoding' => 'gzip, deflate',
  'referer' => 'https://www.58hongtu.com/index/index/home',
  'sec-fetch-mode' => 'cors',
  'sec-fetch-site' => 'same-origin',
  'user-agent' => 'Mozilla/5.0 (Linux; Android 8.1.0; Redmi 5 Build/OPM1.171019.026; wv) AppleWebKit/537.36 (KHTML, like Gecko) Version/4.0 Chrome/78.0.3904.62 XWEB/2581 MMWEBSDK/200801 Mobile Safari/537.36 MMWEBID/1137 MicroMessenger/7.0.18.1740(0x27001235) Process/appbrand2 WeChat/arm64 NetType/4G Language/zh_CN ABI/arm64 miniProgram',
  'x-requested-with' => 'XMLHttpRequest',
  'accept' => 'application/json, text/javascript, */*; q=0.01',
  'host' => 'www.58hongtu.com',
  'content-length' => '',
  'content-type' => '',
)
[ info ] [ PARAM ] array (
  'openid' => 'null ',
  'bj' => '大搬',
  'coin' => '458',
)
[ info ] [ LANG ] /www/wwwroot/www.58hongtu.com/htmove/public/../application/api/lang/zh-cn.php
[ info ] [ BEHAVIOR ] Run app\common\behavior\Common @module_init [ RunTime:0.001309s ]
[ info ] [ RUN ] app\api\controller\Index->addcarinfo[ /www/wwwroot/www.58hongtu.com/htmove/application/api/controller/Index.php ]
[ info ] [ LOG ] INIT File
---------------------------------------------------------------
[ 2020-09-03T17:52:13+08:00 ] 51.15.172.43 GET www.58hongtu.com/
[运行时间：0.027491s] [吞吐率：36.38req/s] [内存消耗：2,961.36kb] [文件加载：123]
[ info ] [ BEHAVIOR ] Run Closure @app_init [ RunTime:0.000024s ]
[ info ] [ CACHE ] INIT File
[ info ] [ BEHAVIOR ] Run \addons\epay\Epay @app_init [ RunTime:0.001980s ]
[ info ] [ BEHAVIOR ] Run Closure @app_init [ RunTime:0.001999s ]
[ info ] [ BEHAVIOR ] Run app\common\behavior\Common @app_dispatch [ RunTime:0.000178s ]
[ info ] [ ROUTE ] array (
  'type' => 'module',
  'module' => 
  array (
    0 => '',
    1 => NULL,
    2 => NULL,
  ),
)
[ info ] [ HEADER ] array (
  'connection' => 'keep-alive',
  'cache-control' => 'no-cache',
  'host' => 'www.58hongtu.com',
  'user-agent' => 'Mozilla/5.0 (Windows NT 10.0; Win64; x64) AppleWebKit/537.36 (KHTML, like Gecko) Chrome/84.0.4147.89 Safari/537.36',
  'accept-language' => 'tr-TR,tr;q=0.9,en-US;q=0.8,en;q=0.7',
  'accept-encoding' => 'gzip,deflate',
  'pragma' => 'no-cache',
  'accept' => 'text/html,application/xhtml+xml,application/xml;q=0.9,image/webp,image/apng,*/*;q=0.8,application/signed-exchange;v=b3;q=0.9',
  'content-length' => '',
  'content-type' => '',
)
[ info ] [ PARAM ] array (
)
[ info ] [ BEHAVIOR ] Run app\common\behavior\Common @module_init [ RunTime:0.001154s ]
[ info ] [ RUN ] app\index\controller\Index->index[ /www/wwwroot/www.58hongtu.com/htmove/application/index/controller/Index.php ]
[ info ] [ VIEW ] /www/wwwroot/www.58hongtu.com/htmove/public/../application/index/view/index/index.html [ array (
  0 => 'user',
  1 => 'site',
  2 => 'config',
) ]
[ info ] [ LOG ] INIT File
---------------------------------------------------------------
[ 2020-09-03T20:59:16+08:00 ] 113.87.45.167 GET www.58hongtu.com/api/index/openid?code=093ovs1w3JxmUU2CZv3w3iWRfE1ovs1n
[运行时间：0.303938s] [吞吐率：3.29req/s] [内存消耗：3,854.91kb] [文件加载：127]
[ info ] [ BEHAVIOR ] Run Closure @app_init [ RunTime:0.000082s ]
[ info ] [ CACHE ] INIT File
[ info ] [ BEHAVIOR ] Run \addons\epay\Epay @app_init [ RunTime:0.001977s ]
[ info ] [ BEHAVIOR ] Run Closure @app_init [ RunTime:0.001996s ]
[ info ] [ LANG ] /www/wwwroot/www.58hongtu.com/htmove/thinkphp/lang/zh-cn.php
[ info ] [ BEHAVIOR ] Run app\common\behavior\Common @app_dispatch [ RunTime:0.000180s ]
[ info ] [ ROUTE ] array (
  'type' => 'module',
  'module' => 
  array (
    0 => 'api',
    1 => 'index',
    2 => 'openid',
  ),
)
[ info ] [ HEADER ] array (
  'referer' => 'https://servicewechat.com/wx3dd58f4332fd09ed/17/page-frame.html',
  'user-agent' => 'Mozilla/5.0 (iPhone; CPU iPhone OS 13_3_1 like Mac OS X) AppleWebKit/605.1.15 (KHTML, like Gecko) Mobile/15E148 MicroMessenger/7.0.15(0x17000f2a) NetType/WIFI Language/zh_CN',
  'accept-encoding' => 'gzip,compress,br,deflate',
  'content-type' => 'application/json',
  'connection' => 'keep-alive',
  'host' => 'www.58hongtu.com',
  'content-length' => '',
)
[ info ] [ PARAM ] array (
  'code' => '093ovs1w3JxmUU2CZv3w3iWRfE1ovs1n',
)
[ info ] [ LANG ] /www/wwwroot/www.58hongtu.com/htmove/public/../application/api/lang/zh-cn.php
[ info ] [ BEHAVIOR ] Run app\common\behavior\Common @module_init [ RunTime:0.001361s ]
[ info ] [ RUN ] app\api\controller\Index->openid[ /www/wwwroot/www.58hongtu.com/htmove/application/api/controller/Index.php ]
[ info ] [ DB ] INIT mysql
[ info ] [ LOG ] INIT File
---------------------------------------------------------------
[ 2020-09-03T20:59:23+08:00 ] 113.87.45.167 GET www.58hongtu.com/index/index/home?openid=oG2WP4mq-U3QYMDUQPZsoEVyF3Ms
[运行时间：0.031878s] [吞吐率：31.37req/s] [内存消耗：3,059.02kb] [文件加载：125]
[ info ] [ BEHAVIOR ] Run Closure @app_init [ RunTime:0.000088s ]
[ info ] [ CACHE ] INIT File
[ info ] [ BEHAVIOR ] Run \addons\epay\Epay @app_init [ RunTime:0.002089s ]
[ info ] [ BEHAVIOR ] Run Closure @app_init [ RunTime:0.002121s ]
[ info ] [ LANG ] /www/wwwroot/www.58hongtu.com/htmove/thinkphp/lang/zh-cn.php
[ info ] [ BEHAVIOR ] Run app\common\behavior\Common @app_dispatch [ RunTime:0.000191s ]
[ info ] [ ROUTE ] array (
  'type' => 'module',
  'module' => 
  array (
    0 => 'index',
    1 => 'index',
    2 => 'home',
  ),
)
[ info ] [ HEADER ] array (
  'accept-encoding' => 'gzip, deflate, br',
  'accept-language' => 'zh-cn',
  'accept' => 'text/html,application/xhtml+xml,application/xml;q=0.9,*/*;q=0.8',
  'user-agent' => 'Mozilla/5.0 (iPhone; CPU iPhone OS 13_3_1 like Mac OS X) AppleWebKit/605.1.15 (KHTML, like Gecko) Mobile/15E148 MicroMessenger/7.0.15(0x17000f2a) NetType/WIFI Language/zh_CN miniProgram',
  'host' => 'www.58hongtu.com',
  'content-length' => '',
  'content-type' => '',
)
[ info ] [ PARAM ] array (
  'openid' => 'oG2WP4mq-U3QYMDUQPZsoEVyF3Ms',
)
[ info ] [ LANG ] /www/wwwroot/www.58hongtu.com/htmove/public/../application/index/lang/zh-cn.php
[ info ] [ BEHAVIOR ] Run app\common\behavior\Common @module_init [ RunTime:0.001291s ]
[ info ] [ LANG ] /www/wwwroot/www.58hongtu.com/htmove/public/../application/index/lang/zh-cn/index.php
[ info ] [ RUN ] app\index\controller\Index->home[ /www/wwwroot/www.58hongtu.com/htmove/application/index/controller/Index.php ]
[ info ] [ VIEW ] /www/wwwroot/www.58hongtu.com/htmove/public/../application/index/view/index/home.html [ array (
  0 => 'user',
  1 => 'site',
  2 => 'config',
) ]
[ info ] [ LOG ] INIT File
---------------------------------------------------------------
[ 2020-09-03T20:59:30+08:00 ] 113.87.45.167 GET www.58hongtu.com/api/index/getlocation?openid=oG2WP4mq-U3QYMDUQPZsoEVyF3Ms
[运行时间：0.026494s] [吞吐率：37.74req/s] [内存消耗：2,606.83kb] [文件加载：120]
[ info ] [ BEHAVIOR ] Run Closure @app_init [ RunTime:0.000080s ]
[ info ] [ CACHE ] INIT File
[ info ] [ BEHAVIOR ] Run \addons\epay\Epay @app_init [ RunTime:0.001981s ]
[ info ] [ BEHAVIOR ] Run Closure @app_init [ RunTime:0.002001s ]
[ info ] [ LANG ] /www/wwwroot/www.58hongtu.com/htmove/thinkphp/lang/zh-cn.php
[ info ] [ BEHAVIOR ] Run app\common\behavior\Common @app_dispatch [ RunTime:0.000187s ]
[ info ] [ ROUTE ] array (
  'type' => 'module',
  'module' => 
  array (
    0 => 'api',
    1 => 'index',
    2 => 'getlocation',
  ),
)
[ info ] [ HEADER ] array (
  'accept-encoding' => 'gzip, deflate, br',
  'referer' => 'https://www.58hongtu.com/index/index/home?openid=oG2WP4mq-U3QYMDUQPZsoEVyF3Ms',
  'user-agent' => 'Mozilla/5.0 (iPhone; CPU iPhone OS 13_3_1 like Mac OS X) AppleWebKit/605.1.15 (KHTML, like Gecko) Mobile/15E148 MicroMessenger/7.0.15(0x17000f2a) NetType/WIFI Language/zh_CN miniProgram',
  'x-requested-with' => 'XMLHttpRequest',
  'accept-language' => 'zh-cn',
  'accept' => 'application/json, text/javascript, */*; q=0.01',
  'host' => 'www.58hongtu.com',
  'content-length' => '',
  'content-type' => '',
)
[ info ] [ PARAM ] array (
  'openid' => 'oG2WP4mq-U3QYMDUQPZsoEVyF3Ms',
)
[ info ] [ LANG ] /www/wwwroot/www.58hongtu.com/htmove/public/../application/api/lang/zh-cn.php
[ info ] [ BEHAVIOR ] Run app\common\behavior\Common @module_init [ RunTime:0.001253s ]
[ info ] [ RUN ] app\api\controller\Index->getlocation[ /www/wwwroot/www.58hongtu.com/htmove/application/api/controller/Index.php ]
[ info ] [ LOG ] INIT File
---------------------------------------------------------------
[ 2020-09-03T20:59:30+08:00 ] 113.87.45.167 GET www.58hongtu.com/api/index/addcarinfo?openid=oG2WP4mq-U3QYMDUQPZsoEVyF3Ms&bj=%E5%B0%8F%E6%90%AC&coin=150
[运行时间：0.025280s] [吞吐率：39.56req/s] [内存消耗：2,607.00kb] [文件加载：120]
[ info ] [ BEHAVIOR ] Run Closure @app_init [ RunTime:0.000089s ]
[ info ] [ CACHE ] INIT File
[ info ] [ BEHAVIOR ] Run \addons\epay\Epay @app_init [ RunTime:0.001964s ]
[ info ] [ BEHAVIOR ] Run Closure @app_init [ RunTime:0.001984s ]
[ info ] [ LANG ] /www/wwwroot/www.58hongtu.com/htmove/thinkphp/lang/zh-cn.php
[ info ] [ BEHAVIOR ] Run app\common\behavior\Common @app_dispatch [ RunTime:0.000185s ]
[ info ] [ ROUTE ] array (
  'type' => 'module',
  'module' => 
  array (
    0 => 'api',
    1 => 'index',
    2 => 'addcarinfo',
  ),
)
[ info ] [ HEADER ] array (
  'accept-encoding' => 'gzip, deflate, br',
  'referer' => 'https://www.58hongtu.com/index/index/home?openid=oG2WP4mq-U3QYMDUQPZsoEVyF3Ms',
  'user-agent' => 'Mozilla/5.0 (iPhone; CPU iPhone OS 13_3_1 like Mac OS X) AppleWebKit/605.1.15 (KHTML, like Gecko) Mobile/15E148 MicroMessenger/7.0.15(0x17000f2a) NetType/WIFI Language/zh_CN miniProgram',
  'x-requested-with' => 'XMLHttpRequest',
  'accept-language' => 'zh-cn',
  'accept' => 'application/json, text/javascript, */*; q=0.01',
  'host' => 'www.58hongtu.com',
  'content-length' => '',
  'content-type' => '',
)
[ info ] [ PARAM ] array (
  'openid' => 'oG2WP4mq-U3QYMDUQPZsoEVyF3Ms',
  'bj' => '小搬',
  'coin' => '150',
)
[ info ] [ LANG ] /www/wwwroot/www.58hongtu.com/htmove/public/../application/api/lang/zh-cn.php
[ info ] [ BEHAVIOR ] Run app\common\behavior\Common @module_init [ RunTime:0.001198s ]
[ info ] [ RUN ] app\api\controller\Index->addcarinfo[ /www/wwwroot/www.58hongtu.com/htmove/application/api/controller/Index.php ]
[ info ] [ LOG ] INIT File
---------------------------------------------------------------
[ 2020-09-03T21:00:24+08:00 ] 113.87.45.167 GET www.58hongtu.com/index/index/home?openid=oG2WP4mq-U3QYMDUQPZsoEVyF3Ms
[运行时间：0.030071s] [吞吐率：33.25req/s] [内存消耗：3,059.02kb] [文件加载：125]
[ info ] [ BEHAVIOR ] Run Closure @app_init [ RunTime:0.000083s ]
[ info ] [ CACHE ] INIT File
[ info ] [ BEHAVIOR ] Run \addons\epay\Epay @app_init [ RunTime:0.001943s ]
[ info ] [ BEHAVIOR ] Run Closure @app_init [ RunTime:0.001964s ]
[ info ] [ LANG ] /www/wwwroot/www.58hongtu.com/htmove/thinkphp/lang/zh-cn.php
[ info ] [ BEHAVIOR ] Run app\common\behavior\Common @app_dispatch [ RunTime:0.000180s ]
[ info ] [ ROUTE ] array (
  'type' => 'module',
  'module' => 
  array (
    0 => 'index',
    1 => 'index',
    2 => 'home',
  ),
)
[ info ] [ HEADER ] array (
  'accept-encoding' => 'gzip, deflate, br',
  'accept-language' => 'zh-cn',
  'accept' => 'text/html,application/xhtml+xml,application/xml;q=0.9,*/*;q=0.8',
  'user-agent' => 'Mozilla/5.0 (iPhone; CPU iPhone OS 13_3_1 like Mac OS X) AppleWebKit/605.1.15 (KHTML, like Gecko) Mobile/15E148 MicroMessenger/7.0.15(0x17000f2a) NetType/WIFI Language/zh_CN miniProgram',
  'host' => 'www.58hongtu.com',
  'content-length' => '',
  'content-type' => '',
)
[ info ] [ PARAM ] array (
  'openid' => 'oG2WP4mq-U3QYMDUQPZsoEVyF3Ms',
)
[ info ] [ LANG ] /www/wwwroot/www.58hongtu.com/htmove/public/../application/index/lang/zh-cn.php
[ info ] [ BEHAVIOR ] Run app\common\behavior\Common @module_init [ RunTime:0.001315s ]
[ info ] [ LANG ] /www/wwwroot/www.58hongtu.com/htmove/public/../application/index/lang/zh-cn/index.php
[ info ] [ RUN ] app\index\controller\Index->home[ /www/wwwroot/www.58hongtu.com/htmove/application/index/controller/Index.php ]
[ info ] [ VIEW ] /www/wwwroot/www.58hongtu.com/htmove/public/../application/index/view/index/home.html [ array (
  0 => 'user',
  1 => 'site',
  2 => 'config',
) ]
[ info ] [ LOG ] INIT File
---------------------------------------------------------------
[ 2020-09-03T21:00:28+08:00 ] 113.87.45.167 GET www.58hongtu.com/api/index/getlocation?openid=oG2WP4mq-U3QYMDUQPZsoEVyF3Ms
[运行时间：0.023563s] [吞吐率：42.44req/s] [内存消耗：2,606.83kb] [文件加载：120]
[ info ] [ BEHAVIOR ] Run Closure @app_init [ RunTime:0.000022s ]
[ info ] [ CACHE ] INIT File
[ info ] [ BEHAVIOR ] Run \addons\epay\Epay @app_init [ RunTime:0.001950s ]
[ info ] [ BEHAVIOR ] Run Closure @app_init [ RunTime:0.001967s ]
[ info ] [ LANG ] /www/wwwroot/www.58hongtu.com/htmove/thinkphp/lang/zh-cn.php
[ info ] [ BEHAVIOR ] Run app\common\behavior\Common @app_dispatch [ RunTime:0.000169s ]
[ info ] [ ROUTE ] array (
  'type' => 'module',
  'module' => 
  array (
    0 => 'api',
    1 => 'index',
    2 => 'getlocation',
  ),
)
[ info ] [ HEADER ] array (
  'accept-encoding' => 'gzip, deflate, br',
  'referer' => 'https://www.58hongtu.com/index/index/home?openid=oG2WP4mq-U3QYMDUQPZsoEVyF3Ms',
  'user-agent' => 'Mozilla/5.0 (iPhone; CPU iPhone OS 13_3_1 like Mac OS X) AppleWebKit/605.1.15 (KHTML, like Gecko) Mobile/15E148 MicroMessenger/7.0.15(0x17000f2a) NetType/WIFI Language/zh_CN miniProgram',
  'x-requested-with' => 'XMLHttpRequest',
  'accept-language' => 'zh-cn',
  'accept' => 'application/json, text/javascript, */*; q=0.01',
  'host' => 'www.58hongtu.com',
  'content-length' => '',
  'content-type' => '',
)
[ info ] [ PARAM ] array (
  'openid' => 'oG2WP4mq-U3QYMDUQPZsoEVyF3Ms',
)
[ info ] [ LANG ] /www/wwwroot/www.58hongtu.com/htmove/public/../application/api/lang/zh-cn.php
[ info ] [ BEHAVIOR ] Run app\common\behavior\Common @module_init [ RunTime:0.001119s ]
[ info ] [ RUN ] app\api\controller\Index->getlocation[ /www/wwwroot/www.58hongtu.com/htmove/application/api/controller/Index.php ]
[ info ] [ LOG ] INIT File
---------------------------------------------------------------
[ 2020-09-03T21:00:28+08:00 ] 113.87.45.167 GET www.58hongtu.com/api/index/addcarinfo?openid=oG2WP4mq-U3QYMDUQPZsoEVyF3Ms&bj=%E5%B0%8F%E6%90%AC&coin=150
[运行时间：0.023458s] [吞吐率：42.63req/s] [内存消耗：2,607.00kb] [文件加载：120]
[ info ] [ BEHAVIOR ] Run Closure @app_init [ RunTime:0.000021s ]
[ info ] [ CACHE ] INIT File
[ info ] [ BEHAVIOR ] Run \addons\epay\Epay @app_init [ RunTime:0.001983s ]
[ info ] [ BEHAVIOR ] Run Closure @app_init [ RunTime:0.002002s ]
[ info ] [ LANG ] /www/wwwroot/www.58hongtu.com/htmove/thinkphp/lang/zh-cn.php
[ info ] [ BEHAVIOR ] Run app\common\behavior\Common @app_dispatch [ RunTime:0.000170s ]
[ info ] [ ROUTE ] array (
  'type' => 'module',
  'module' => 
  array (
    0 => 'api',
    1 => 'index',
    2 => 'addcarinfo',
  ),
)
[ info ] [ HEADER ] array (
  'accept-encoding' => 'gzip, deflate, br',
  'referer' => 'https://www.58hongtu.com/index/index/home?openid=oG2WP4mq-U3QYMDUQPZsoEVyF3Ms',
  'user-agent' => 'Mozilla/5.0 (iPhone; CPU iPhone OS 13_3_1 like Mac OS X) AppleWebKit/605.1.15 (KHTML, like Gecko) Mobile/15E148 MicroMessenger/7.0.15(0x17000f2a) NetType/WIFI Language/zh_CN miniProgram',
  'x-requested-with' => 'XMLHttpRequest',
  'accept-language' => 'zh-cn',
  'accept' => 'application/json, text/javascript, */*; q=0.01',
  'host' => 'www.58hongtu.com',
  'content-length' => '',
  'content-type' => '',
)
[ info ] [ PARAM ] array (
  'openid' => 'oG2WP4mq-U3QYMDUQPZsoEVyF3Ms',
  'bj' => '小搬',
  'coin' => '150',
)
[ info ] [ LANG ] /www/wwwroot/www.58hongtu.com/htmove/public/../application/api/lang/zh-cn.php
[ info ] [ BEHAVIOR ] Run app\common\behavior\Common @module_init [ RunTime:0.001125s ]
[ info ] [ RUN ] app\api\controller\Index->addcarinfo[ /www/wwwroot/www.58hongtu.com/htmove/application/api/controller/Index.php ]
[ info ] [ LOG ] INIT File
---------------------------------------------------------------
[ 2020-09-03T21:01:54+08:00 ] 113.88.4.200 GET www.58hongtu.com/api/index/setslocation?openid=oG2WP4mq-U3QYMDUQPZsoEVyF3Ms&slocation=%7B%22id%22%3A%222890471685997661449%22%2C%22title%22%3A%22%E4%B8%8B%E6%B2%99%E5%8D%97%E6%9D%91-%E5%85%AD%E5%B7%B71%E5%8F%B7%E6%A5%BC%22%2C%22address%22%3A%22%E5%B9%BF%E4%B8%9C%E7%9C%81%E6%B7%B1%E5%9C%B3%E5%B8%82%E5%AE%9D%E5%AE%89%E5%8C%BA%22%2C%22category%22%3A%22%E6%88%BF%E4%BA%A7%E5%B0%8F%E5%8C%BA%3A%E6%88%BF%E4%BA%A7%E5%B0%8F%E5%8C%BA%E9%99%84%E5%B1%9E%22%2C%22location%22%3A%7B%22lat%22%3A22.64739%2C%22lng%22%3A113.827103%7D%2C%22ad_info%22%3A%7B%22adcode%22%3A%22440306%22%2C%22province%22%3A%22%E5%B9%BF%E4%B8%9C%E7%9C%81%22%2C%22city%22%3A%22%E6%B7%B1%E5%9C%B3%E5%B8%82%22%2C%22district%22%3A%22%E5%AE%9D%E5%AE%89%E5%8C%BA%22%7D%2C%22_distance%22%3A0%2C%22_dir_desc%22%3A%22%E5%86%85%22%7D&lt=0&des=%E7%A6%8F%E5%9B%B4%E7%A4%BE%E5%8C%BA%E4%B8%8B%E6%B2%99%E5%8D%97%E5%85%AD%E5%B7%B7%E4%B8%80%E5%8F%B7
[运行时间：0.024067s] [吞吐率：41.55req/s] [内存消耗：2,610.63kb] [文件加载：120]
[ info ] [ BEHAVIOR ] Run Closure @app_init [ RunTime:0.000022s ]
[ info ] [ CACHE ] INIT File
[ info ] [ BEHAVIOR ] Run \addons\epay\Epay @app_init [ RunTime:0.001919s ]
[ info ] [ BEHAVIOR ] Run Closure @app_init [ RunTime:0.001935s ]
[ info ] [ LANG ] /www/wwwroot/www.58hongtu.com/htmove/thinkphp/lang/zh-cn.php
[ info ] [ BEHAVIOR ] Run app\common\behavior\Common @app_dispatch [ RunTime:0.000171s ]
[ info ] [ ROUTE ] array (
  'type' => 'module',
  'module' => 
  array (
    0 => 'api',
    1 => 'index',
    2 => 'setslocation',
  ),
)
[ info ] [ HEADER ] array (
  'referer' => 'https://servicewechat.com/wx3dd58f4332fd09ed/17/page-frame.html',
  'user-agent' => 'Mozilla/5.0 (iPhone; CPU iPhone OS 13_3_1 like Mac OS X) AppleWebKit/605.1.15 (KHTML, like Gecko) Mobile/15E148 MicroMessenger/7.0.15(0x17000f2a) NetType/WIFI Language/zh_CN',
  'accept-encoding' => 'gzip,compress,br,deflate',
  'content-type' => 'application/json',
  'connection' => 'keep-alive',
  'host' => 'www.58hongtu.com',
  'content-length' => '',
)
[ info ] [ PARAM ] array (
  'openid' => 'oG2WP4mq-U3QYMDUQPZsoEVyF3Ms',
  'slocation' => '{"id":"2890471685997661449","title":"下沙南村-六巷1号楼","address":"广东省深圳市宝安区","category":"房产小区:房产小区附属","location":{"lat":22.64739,"lng":113.827103},"ad_info":{"adcode":"440306","province":"广东省","city":"深圳市","district":"宝安区"},"_distance":0,"_dir_desc":"内"}',
  'lt' => '0',
  'des' => '福围社区下沙南六巷一号',
)
[ info ] [ LANG ] /www/wwwroot/www.58hongtu.com/htmove/public/../application/api/lang/zh-cn.php
[ info ] [ BEHAVIOR ] Run app\common\behavior\Common @module_init [ RunTime:0.001154s ]
[ info ] [ RUN ] app\api\controller\Index->setslocation[ /www/wwwroot/www.58hongtu.com/htmove/application/api/controller/Index.php ]
[ info ] [ LOG ] INIT File
---------------------------------------------------------------
[ 2020-09-03T21:01:55+08:00 ] 113.88.4.200 GET www.58hongtu.com/index/index/home?openid=oG2WP4mq-U3QYMDUQPZsoEVyF3Ms
[运行时间：0.032274s] [吞吐率：30.98req/s] [内存消耗：3,059.02kb] [文件加载：125]
[ info ] [ BEHAVIOR ] Run Closure @app_init [ RunTime:0.000081s ]
[ info ] [ CACHE ] INIT File
[ info ] [ BEHAVIOR ] Run \addons\epay\Epay @app_init [ RunTime:0.001961s ]
[ info ] [ BEHAVIOR ] Run Closure @app_init [ RunTime:0.001980s ]
[ info ] [ LANG ] /www/wwwroot/www.58hongtu.com/htmove/thinkphp/lang/zh-cn.php
[ info ] [ BEHAVIOR ] Run app\common\behavior\Common @app_dispatch [ RunTime:0.000195s ]
[ info ] [ ROUTE ] array (
  'type' => 'module',
  'module' => 
  array (
    0 => 'index',
    1 => 'index',
    2 => 'home',
  ),
)
[ info ] [ HEADER ] array (
  'accept-encoding' => 'gzip, deflate, br',
  'accept-language' => 'zh-cn',
  'accept' => 'text/html,application/xhtml+xml,application/xml;q=0.9,*/*;q=0.8',
  'user-agent' => 'Mozilla/5.0 (iPhone; CPU iPhone OS 13_3_1 like Mac OS X) AppleWebKit/605.1.15 (KHTML, like Gecko) Mobile/15E148 MicroMessenger/7.0.15(0x17000f2a) NetType/WIFI Language/zh_CN miniProgram',
  'host' => 'www.58hongtu.com',
  'content-length' => '',
  'content-type' => '',
)
[ info ] [ PARAM ] array (
  'openid' => 'oG2WP4mq-U3QYMDUQPZsoEVyF3Ms',
)
[ info ] [ LANG ] /www/wwwroot/www.58hongtu.com/htmove/public/../application/index/lang/zh-cn.php
[ info ] [ BEHAVIOR ] Run app\common\behavior\Common @module_init [ RunTime:0.003565s ]
[ info ] [ LANG ] /www/wwwroot/www.58hongtu.com/htmove/public/../application/index/lang/zh-cn/index.php
[ info ] [ RUN ] app\index\controller\Index->home[ /www/wwwroot/www.58hongtu.com/htmove/application/index/controller/Index.php ]
[ info ] [ VIEW ] /www/wwwroot/www.58hongtu.com/htmove/public/../application/index/view/index/home.html [ array (
  0 => 'user',
  1 => 'site',
  2 => 'config',
) ]
[ info ] [ LOG ] INIT File
---------------------------------------------------------------
[ 2020-09-03T21:01:55+08:00 ] 113.88.4.200 GET www.58hongtu.com/api/index/openid?code=093mq50w38sZSU2D1P1w3w5AHu0mq50I
[运行时间：0.332998s] [吞吐率：3.00req/s] [内存消耗：3,752.38kb] [文件加载：127]
[ info ] [ BEHAVIOR ] Run Closure @app_init [ RunTime:0.000022s ]
[ info ] [ CACHE ] INIT File
[ info ] [ BEHAVIOR ] Run \addons\epay\Epay @app_init [ RunTime:0.001954s ]
[ info ] [ BEHAVIOR ] Run Closure @app_init [ RunTime:0.001971s ]
[ info ] [ LANG ] /www/wwwroot/www.58hongtu.com/htmove/thinkphp/lang/zh-cn.php
[ info ] [ BEHAVIOR ] Run app\common\behavior\Common @app_dispatch [ RunTime:0.000192s ]
[ info ] [ ROUTE ] array (
  'type' => 'module',
  'module' => 
  array (
    0 => 'api',
    1 => 'index',
    2 => 'openid',
  ),
)
[ info ] [ HEADER ] array (
  'referer' => 'https://servicewechat.com/wx3dd58f4332fd09ed/17/page-frame.html',
  'user-agent' => 'Mozilla/5.0 (iPhone; CPU iPhone OS 13_3_1 like Mac OS X) AppleWebKit/605.1.15 (KHTML, like Gecko) Mobile/15E148 MicroMessenger/7.0.15(0x17000f2a) NetType/WIFI Language/zh_CN',
  'accept-encoding' => 'gzip,compress,br,deflate',
  'content-type' => 'application/json',
  'connection' => 'keep-alive',
  'host' => 'www.58hongtu.com',
  'content-length' => '',
)
[ info ] [ PARAM ] array (
  'code' => '093mq50w38sZSU2D1P1w3w5AHu0mq50I',
)
[ info ] [ LANG ] /www/wwwroot/www.58hongtu.com/htmove/public/../application/api/lang/zh-cn.php
[ info ] [ BEHAVIOR ] Run app\common\behavior\Common @module_init [ RunTime:0.001459s ]
[ info ] [ RUN ] app\api\controller\Index->openid[ /www/wwwroot/www.58hongtu.com/htmove/application/api/controller/Index.php ]
[ info ] [ DB ] INIT mysql
[ info ] [ LOG ] INIT File
---------------------------------------------------------------
[ 2020-09-03T21:01:59+08:00 ] 113.88.4.200 GET www.58hongtu.com/api/index/getlocation?openid=oG2WP4mq-U3QYMDUQPZsoEVyF3Ms
[运行时间：0.023749s] [吞吐率：42.11req/s] [内存消耗：2,606.83kb] [文件加载：120]
[ info ] [ BEHAVIOR ] Run Closure @app_init [ RunTime:0.000023s ]
[ info ] [ CACHE ] INIT File
[ info ] [ BEHAVIOR ] Run \addons\epay\Epay @app_init [ RunTime:0.001954s ]
[ info ] [ BEHAVIOR ] Run Closure @app_init [ RunTime:0.001973s ]
[ info ] [ LANG ] /www/wwwroot/www.58hongtu.com/htmove/thinkphp/lang/zh-cn.php
[ info ] [ BEHAVIOR ] Run app\common\behavior\Common @app_dispatch [ RunTime:0.000186s ]
[ info ] [ ROUTE ] array (
  'type' => 'module',
  'module' => 
  array (
    0 => 'api',
    1 => 'index',
    2 => 'getlocation',
  ),
)
[ info ] [ HEADER ] array (
  'accept-encoding' => 'gzip, deflate, br',
  'referer' => 'https://www.58hongtu.com/index/index/home?openid=oG2WP4mq-U3QYMDUQPZsoEVyF3Ms',
  'user-agent' => 'Mozilla/5.0 (iPhone; CPU iPhone OS 13_3_1 like Mac OS X) AppleWebKit/605.1.15 (KHTML, like Gecko) Mobile/15E148 MicroMessenger/7.0.15(0x17000f2a) NetType/WIFI Language/zh_CN miniProgram',
  'x-requested-with' => 'XMLHttpRequest',
  'accept-language' => 'zh-cn',
  'accept' => 'application/json, text/javascript, */*; q=0.01',
  'host' => 'www.58hongtu.com',
  'content-length' => '',
  'content-type' => '',
)
[ info ] [ PARAM ] array (
  'openid' => 'oG2WP4mq-U3QYMDUQPZsoEVyF3Ms',
)
[ info ] [ LANG ] /www/wwwroot/www.58hongtu.com/htmove/public/../application/api/lang/zh-cn.php
[ info ] [ BEHAVIOR ] Run app\common\behavior\Common @module_init [ RunTime:0.001133s ]
[ info ] [ RUN ] app\api\controller\Index->getlocation[ /www/wwwroot/www.58hongtu.com/htmove/application/api/controller/Index.php ]
[ info ] [ LOG ] INIT File
---------------------------------------------------------------
[ 2020-09-03T21:01:59+08:00 ] 113.88.4.200 GET www.58hongtu.com/api/index/addcarinfo?openid=oG2WP4mq-U3QYMDUQPZsoEVyF3Ms&bj=%E5%B0%8F%E6%90%AC&coin=150
[运行时间：0.024446s] [吞吐率：40.91req/s] [内存消耗：2,607.00kb] [文件加载：120]
[ info ] [ BEHAVIOR ] Run Closure @app_init [ RunTime:0.000023s ]
[ info ] [ CACHE ] INIT File
[ info ] [ BEHAVIOR ] Run \addons\epay\Epay @app_init [ RunTime:0.001998s ]
[ info ] [ BEHAVIOR ] Run Closure @app_init [ RunTime:0.002015s ]
[ info ] [ LANG ] /www/wwwroot/www.58hongtu.com/htmove/thinkphp/lang/zh-cn.php
[ info ] [ BEHAVIOR ] Run app\common\behavior\Common @app_dispatch [ RunTime:0.000173s ]
[ info ] [ ROUTE ] array (
  'type' => 'module',
  'module' => 
  array (
    0 => 'api',
    1 => 'index',
    2 => 'addcarinfo',
  ),
)
[ info ] [ HEADER ] array (
  'accept-encoding' => 'gzip, deflate, br',
  'referer' => 'https://www.58hongtu.com/index/index/home?openid=oG2WP4mq-U3QYMDUQPZsoEVyF3Ms',
  'user-agent' => 'Mozilla/5.0 (iPhone; CPU iPhone OS 13_3_1 like Mac OS X) AppleWebKit/605.1.15 (KHTML, like Gecko) Mobile/15E148 MicroMessenger/7.0.15(0x17000f2a) NetType/WIFI Language/zh_CN miniProgram',
  'x-requested-with' => 'XMLHttpRequest',
  'accept-language' => 'zh-cn',
  'accept' => 'application/json, text/javascript, */*; q=0.01',
  'host' => 'www.58hongtu.com',
  'content-length' => '',
  'content-type' => '',
)
[ info ] [ PARAM ] array (
  'openid' => 'oG2WP4mq-U3QYMDUQPZsoEVyF3Ms',
  'bj' => '小搬',
  'coin' => '150',
)
[ info ] [ LANG ] /www/wwwroot/www.58hongtu.com/htmove/public/../application/api/lang/zh-cn.php
[ info ] [ BEHAVIOR ] Run app\common\behavior\Common @module_init [ RunTime:0.001181s ]
[ info ] [ RUN ] app\api\controller\Index->addcarinfo[ /www/wwwroot/www.58hongtu.com/htmove/application/api/controller/Index.php ]
[ info ] [ LOG ] INIT File
---------------------------------------------------------------
[ 2020-09-03T21:03:16+08:00 ] 113.87.45.167 GET www.58hongtu.com/api/index/setelocation?openid=oG2WP4mq-U3QYMDUQPZsoEVyF3Ms&slocation=%7B%22id%22%3A%2218347565128999788036%22%2C%22title%22%3A%22%E4%B8%8B%E6%B2%99%E6%9D%91%E5%9B%9B%E5%B7%B71%E5%8F%B7%E6%A5%BC%22%2C%22address%22%3A%22%E5%B9%BF%E4%B8%9C%E7%9C%81%E6%B7%B1%E5%9C%B3%E5%B8%82%E5%AE%9D%E5%AE%89%E5%8C%BA%22%2C%22category%22%3A%22%E6%88%BF%E4%BA%A7%E5%B0%8F%E5%8C%BA%3A%E4%BD%8F%E5%AE%85%E5%8C%BA%3A%E4%BD%8F%E5%AE%85%E5%B0%8F%E5%8C%BA%22%2C%22location%22%3A%7B%22lat%22%3A22.652822%2C%22lng%22%3A113.823189%7D%2C%22ad_info%22%3A%7B%22adcode%22%3A%22440306%22%2C%22province%22%3A%22%E5%B9%BF%E4%B8%9C%E7%9C%81%22%2C%22city%22%3A%22%E6%B7%B1%E5%9C%B3%E5%B8%82%22%2C%22district%22%3A%22%E5%AE%9D%E5%AE%89%E5%8C%BA%22%7D%2C%22_distance%22%3A0%2C%22_dir_desc%22%3A%22%22%7D&lt=0&des=%E7%A6%8F%E5%9B%B4%E7%A4%BE%E5%8C%BA%E4%B8%8B%E6%B2%99%E5%8D%97%E5%9B%9B%E5%B7%B71%E5%8F%B7
[运行时间：0.025910s] [吞吐率：38.59req/s] [内存消耗：2,603.90kb] [文件加载：118]
[ info ] [ BEHAVIOR ] Run Closure @app_init [ RunTime:0.000023s ]
[ info ] [ CACHE ] INIT File
[ info ] [ BEHAVIOR ] Run \addons\epay\Epay @app_init [ RunTime:0.002045s ]
[ info ] [ BEHAVIOR ] Run Closure @app_init [ RunTime:0.002066s ]
[ info ] [ LANG ] /www/wwwroot/www.58hongtu.com/htmove/thinkphp/lang/zh-cn.php
[ info ] [ BEHAVIOR ] Run app\common\behavior\Common @app_dispatch [ RunTime:0.000183s ]
[ info ] [ ROUTE ] array (
  'type' => 'module',
  'module' => 
  array (
    0 => 'api',
    1 => 'index',
    2 => 'setelocation',
  ),
)
[ info ] [ HEADER ] array (
  'referer' => 'https://servicewechat.com/wx3dd58f4332fd09ed/17/page-frame.html',
  'user-agent' => 'Mozilla/5.0 (iPhone; CPU iPhone OS 13_3_1 like Mac OS X) AppleWebKit/605.1.15 (KHTML, like Gecko) Mobile/15E148 MicroMessenger/7.0.15(0x17000f2a) NetType/WIFI Language/zh_CN',
  'accept-encoding' => 'gzip,compress,br,deflate',
  'content-type' => 'application/json',
  'connection' => 'keep-alive',
  'host' => 'www.58hongtu.com',
  'content-length' => '',
)
[ info ] [ PARAM ] array (
  'openid' => 'oG2WP4mq-U3QYMDUQPZsoEVyF3Ms',
  'slocation' => '{"id":"18347565128999788036","title":"下沙村四巷1号楼","address":"广东省深圳市宝安区","category":"房产小区:住宅区:住宅小区","location":{"lat":22.652822,"lng":113.823189},"ad_info":{"adcode":"440306","province":"广东省","city":"深圳市","district":"宝安区"},"_distance":0,"_dir_desc":""}',
  'lt' => '0',
  'des' => '福围社区下沙南四巷1号',
)
[ info ] [ LANG ] /www/wwwroot/www.58hongtu.com/htmove/public/../application/api/lang/zh-cn.php
[ info ] [ BEHAVIOR ] Run app\common\behavior\Common @module_init [ RunTime:0.001163s ]
[ info ] [ RUN ] app\api\controller\Index->setelocation[ /www/wwwroot/www.58hongtu.com/htmove/application/api/controller/Index.php ]
[ info ] [ LOG ] INIT File
---------------------------------------------------------------
[ 2020-09-03T21:03:16+08:00 ] 113.87.45.167 GET www.58hongtu.com/index/index/home?openid=oG2WP4mq-U3QYMDUQPZsoEVyF3Ms
[运行时间：0.031017s] [吞吐率：32.24req/s] [内存消耗：3,059.02kb] [文件加载：125]
[ info ] [ BEHAVIOR ] Run Closure @app_init [ RunTime:0.000022s ]
[ info ] [ CACHE ] INIT File
[ info ] [ BEHAVIOR ] Run \addons\epay\Epay @app_init [ RunTime:0.002635s ]
[ info ] [ BEHAVIOR ] Run Closure @app_init [ RunTime:0.002661s ]
[ info ] [ LANG ] /www/wwwroot/www.58hongtu.com/htmove/thinkphp/lang/zh-cn.php
[ info ] [ BEHAVIOR ] Run app\common\behavior\Common @app_dispatch [ RunTime:0.000426s ]
[ info ] [ ROUTE ] array (
  'type' => 'module',
  'module' => 
  array (
    0 => 'index',
    1 => 'index',
    2 => 'home',
  ),
)
[ info ] [ HEADER ] array (
  'accept-encoding' => 'gzip, deflate, br',
  'accept-language' => 'zh-cn',
  'accept' => 'text/html,application/xhtml+xml,application/xml;q=0.9,*/*;q=0.8',
  'user-agent' => 'Mozilla/5.0 (iPhone; CPU iPhone OS 13_3_1 like Mac OS X) AppleWebKit/605.1.15 (KHTML, like Gecko) Mobile/15E148 MicroMessenger/7.0.15(0x17000f2a) NetType/WIFI Language/zh_CN miniProgram',
  'host' => 'www.58hongtu.com',
  'content-length' => '',
  'content-type' => '',
)
[ info ] [ PARAM ] array (
  'openid' => 'oG2WP4mq-U3QYMDUQPZsoEVyF3Ms',
)
[ info ] [ LANG ] /www/wwwroot/www.58hongtu.com/htmove/public/../application/index/lang/zh-cn.php
[ info ] [ BEHAVIOR ] Run app\common\behavior\Common @module_init [ RunTime:0.001153s ]
[ info ] [ LANG ] /www/wwwroot/www.58hongtu.com/htmove/public/../application/index/lang/zh-cn/index.php
[ info ] [ RUN ] app\index\controller\Index->home[ /www/wwwroot/www.58hongtu.com/htmove/application/index/controller/Index.php ]
[ info ] [ VIEW ] /www/wwwroot/www.58hongtu.com/htmove/public/../application/index/view/index/home.html [ array (
  0 => 'user',
  1 => 'site',
  2 => 'config',
) ]
[ info ] [ LOG ] INIT File
---------------------------------------------------------------
[ 2020-09-03T21:03:16+08:00 ] 113.87.45.167 GET www.58hongtu.com/api/index/openid?code=013as9ml22iHz54IGNkl2oV01T1as9md
[运行时间：0.295633s] [吞吐率：3.38req/s] [内存消耗：3,752.38kb] [文件加载：127]
[ info ] [ BEHAVIOR ] Run Closure @app_init [ RunTime:0.000023s ]
[ info ] [ CACHE ] INIT File
[ info ] [ BEHAVIOR ] Run \addons\epay\Epay @app_init [ RunTime:0.002272s ]
[ info ] [ BEHAVIOR ] Run Closure @app_init [ RunTime:0.002295s ]
[ info ] [ LANG ] /www/wwwroot/www.58hongtu.com/htmove/thinkphp/lang/zh-cn.php
[ info ] [ BEHAVIOR ] Run app\common\behavior\Common @app_dispatch [ RunTime:0.000191s ]
[ info ] [ ROUTE ] array (
  'type' => 'module',
  'module' => 
  array (
    0 => 'api',
    1 => 'index',
    2 => 'openid',
  ),
)
[ info ] [ HEADER ] array (
  'referer' => 'https://servicewechat.com/wx3dd58f4332fd09ed/17/page-frame.html',
  'user-agent' => 'Mozilla/5.0 (iPhone; CPU iPhone OS 13_3_1 like Mac OS X) AppleWebKit/605.1.15 (KHTML, like Gecko) Mobile/15E148 MicroMessenger/7.0.15(0x17000f2a) NetType/WIFI Language/zh_CN',
  'accept-encoding' => 'gzip,compress,br,deflate',
  'content-type' => 'application/json',
  'connection' => 'keep-alive',
  'host' => 'www.58hongtu.com',
  'content-length' => '',
)
[ info ] [ PARAM ] array (
  'code' => '013as9ml22iHz54IGNkl2oV01T1as9md',
)
[ info ] [ LANG ] /www/wwwroot/www.58hongtu.com/htmove/public/../application/api/lang/zh-cn.php
[ info ] [ BEHAVIOR ] Run app\common\behavior\Common @module_init [ RunTime:0.001176s ]
[ info ] [ RUN ] app\api\controller\Index->openid[ /www/wwwroot/www.58hongtu.com/htmove/application/api/controller/Index.php ]
[ info ] [ DB ] INIT mysql
[ info ] [ LOG ] INIT File
---------------------------------------------------------------
[ 2020-09-03T21:03:20+08:00 ] 113.87.45.167 GET www.58hongtu.com/api/index/getlocation?openid=oG2WP4mq-U3QYMDUQPZsoEVyF3Ms
[运行时间：0.027815s] [吞吐率：35.95req/s] [内存消耗：2,606.83kb] [文件加载：120]
[ info ] [ BEHAVIOR ] Run Closure @app_init [ RunTime:0.000040s ]
[ info ] [ CACHE ] INIT File
[ info ] [ BEHAVIOR ] Run \addons\epay\Epay @app_init [ RunTime:0.002133s ]
[ info ] [ BEHAVIOR ] Run Closure @app_init [ RunTime:0.002154s ]
[ info ] [ LANG ] /www/wwwroot/www.58hongtu.com/htmove/thinkphp/lang/zh-cn.php
[ info ] [ BEHAVIOR ] Run app\common\behavior\Common @app_dispatch [ RunTime:0.000174s ]
[ info ] [ ROUTE ] array (
  'type' => 'module',
  'module' => 
  array (
    0 => 'api',
    1 => 'index',
    2 => 'getlocation',
  ),
)
[ info ] [ HEADER ] array (
  'accept-encoding' => 'gzip, deflate, br',
  'referer' => 'https://www.58hongtu.com/index/index/home?openid=oG2WP4mq-U3QYMDUQPZsoEVyF3Ms',
  'user-agent' => 'Mozilla/5.0 (iPhone; CPU iPhone OS 13_3_1 like Mac OS X) AppleWebKit/605.1.15 (KHTML, like Gecko) Mobile/15E148 MicroMessenger/7.0.15(0x17000f2a) NetType/WIFI Language/zh_CN miniProgram',
  'x-requested-with' => 'XMLHttpRequest',
  'accept-language' => 'zh-cn',
  'accept' => 'application/json, text/javascript, */*; q=0.01',
  'host' => 'www.58hongtu.com',
  'content-length' => '',
  'content-type' => '',
)
[ info ] [ PARAM ] array (
  'openid' => 'oG2WP4mq-U3QYMDUQPZsoEVyF3Ms',
)
[ info ] [ LANG ] /www/wwwroot/www.58hongtu.com/htmove/public/../application/api/lang/zh-cn.php
[ info ] [ BEHAVIOR ] Run app\common\behavior\Common @module_init [ RunTime:0.001221s ]
[ info ] [ RUN ] app\api\controller\Index->getlocation[ /www/wwwroot/www.58hongtu.com/htmove/application/api/controller/Index.php ]
[ info ] [ LOG ] INIT File
---------------------------------------------------------------
[ 2020-09-03T21:03:20+08:00 ] 113.87.45.167 GET www.58hongtu.com/api/index/addcarinfo?openid=oG2WP4mq-U3QYMDUQPZsoEVyF3Ms&bj=%E5%B0%8F%E6%90%AC&coin=150
[运行时间：0.028197s] [吞吐率：35.47req/s] [内存消耗：2,607.00kb] [文件加载：120]
[ info ] [ BEHAVIOR ] Run Closure @app_init [ RunTime:0.000029s ]
[ info ] [ CACHE ] INIT File
[ info ] [ BEHAVIOR ] Run \addons\epay\Epay @app_init [ RunTime:0.002661s ]
[ info ] [ BEHAVIOR ] Run Closure @app_init [ RunTime:0.002688s ]
[ info ] [ LANG ] /www/wwwroot/www.58hongtu.com/htmove/thinkphp/lang/zh-cn.php
[ info ] [ BEHAVIOR ] Run app\common\behavior\Common @app_dispatch [ RunTime:0.000223s ]
[ info ] [ ROUTE ] array (
  'type' => 'module',
  'module' => 
  array (
    0 => 'api',
    1 => 'index',
    2 => 'addcarinfo',
  ),
)
[ info ] [ HEADER ] array (
  'accept-encoding' => 'gzip, deflate, br',
  'referer' => 'https://www.58hongtu.com/index/index/home?openid=oG2WP4mq-U3QYMDUQPZsoEVyF3Ms',
  'user-agent' => 'Mozilla/5.0 (iPhone; CPU iPhone OS 13_3_1 like Mac OS X) AppleWebKit/605.1.15 (KHTML, like Gecko) Mobile/15E148 MicroMessenger/7.0.15(0x17000f2a) NetType/WIFI Language/zh_CN miniProgram',
  'x-requested-with' => 'XMLHttpRequest',
  'accept-language' => 'zh-cn',
  'accept' => 'application/json, text/javascript, */*; q=0.01',
  'host' => 'www.58hongtu.com',
  'content-length' => '',
  'content-type' => '',
)
[ info ] [ PARAM ] array (
  'openid' => 'oG2WP4mq-U3QYMDUQPZsoEVyF3Ms',
  'bj' => '小搬',
  'coin' => '150',
)
[ info ] [ LANG ] /www/wwwroot/www.58hongtu.com/htmove/public/../application/api/lang/zh-cn.php
[ info ] [ BEHAVIOR ] Run app\common\behavior\Common @module_init [ RunTime:0.001491s ]
[ info ] [ RUN ] app\api\controller\Index->addcarinfo[ /www/wwwroot/www.58hongtu.com/htmove/application/api/controller/Index.php ]
[ info ] [ LOG ] INIT File
---------------------------------------------------------------
[ 2020-09-03T21:03:48+08:00 ] 113.87.45.167 GET www.58hongtu.com/api/index/addcarinfo?openid=oG2WP4mq-U3QYMDUQPZsoEVyF3Ms&bj=%E4%B8%AD%E6%90%AC&coin=280
[运行时间：0.024224s] [吞吐率：41.28req/s] [内存消耗：2,607.00kb] [文件加载：120]
[ info ] [ BEHAVIOR ] Run Closure @app_init [ RunTime:0.000023s ]
[ info ] [ CACHE ] INIT File
[ info ] [ BEHAVIOR ] Run \addons\epay\Epay @app_init [ RunTime:0.001983s ]
[ info ] [ BEHAVIOR ] Run Closure @app_init [ RunTime:0.002003s ]
[ info ] [ LANG ] /www/wwwroot/www.58hongtu.com/htmove/thinkphp/lang/zh-cn.php
[ info ] [ BEHAVIOR ] Run app\common\behavior\Common @app_dispatch [ RunTime:0.000174s ]
[ info ] [ ROUTE ] array (
  'type' => 'module',
  'module' => 
  array (
    0 => 'api',
    1 => 'index',
    2 => 'addcarinfo',
  ),
)
[ info ] [ HEADER ] array (
  'accept-encoding' => 'gzip, deflate, br',
  'referer' => 'https://www.58hongtu.com/index/index/home?openid=oG2WP4mq-U3QYMDUQPZsoEVyF3Ms',
  'user-agent' => 'Mozilla/5.0 (iPhone; CPU iPhone OS 13_3_1 like Mac OS X) AppleWebKit/605.1.15 (KHTML, like Gecko) Mobile/15E148 MicroMessenger/7.0.15(0x17000f2a) NetType/WIFI Language/zh_CN miniProgram',
  'x-requested-with' => 'XMLHttpRequest',
  'accept-language' => 'zh-cn',
  'accept' => 'application/json, text/javascript, */*; q=0.01',
  'host' => 'www.58hongtu.com',
  'content-length' => '',
  'content-type' => '',
)
[ info ] [ PARAM ] array (
  'openid' => 'oG2WP4mq-U3QYMDUQPZsoEVyF3Ms',
  'bj' => '中搬',
  'coin' => '280',
)
[ info ] [ LANG ] /www/wwwroot/www.58hongtu.com/htmove/public/../application/api/lang/zh-cn.php
[ info ] [ BEHAVIOR ] Run app\common\behavior\Common @module_init [ RunTime:0.001382s ]
[ info ] [ RUN ] app\api\controller\Index->addcarinfo[ /www/wwwroot/www.58hongtu.com/htmove/application/api/controller/Index.php ]
[ info ] [ LOG ] INIT File
---------------------------------------------------------------
[ 2020-09-03T21:03:57+08:00 ] 113.87.45.167 GET www.58hongtu.com/api/index/addcarinfo?openid=oG2WP4mq-U3QYMDUQPZsoEVyF3Ms&bj=%E5%A4%A7%E6%90%AC&coin=458
[运行时间：0.024157s] [吞吐率：41.40req/s] [内存消耗：2,607.00kb] [文件加载：120]
[ info ] [ BEHAVIOR ] Run Closure @app_init [ RunTime:0.000023s ]
[ info ] [ CACHE ] INIT File
[ info ] [ BEHAVIOR ] Run \addons\epay\Epay @app_init [ RunTime:0.001979s ]
[ info ] [ BEHAVIOR ] Run Closure @app_init [ RunTime:0.001999s ]
[ info ] [ LANG ] /www/wwwroot/www.58hongtu.com/htmove/thinkphp/lang/zh-cn.php
[ info ] [ BEHAVIOR ] Run app\common\behavior\Common @app_dispatch [ RunTime:0.000229s ]
[ info ] [ ROUTE ] array (
  'type' => 'module',
  'module' => 
  array (
    0 => 'api',
    1 => 'index',
    2 => 'addcarinfo',
  ),
)
[ info ] [ HEADER ] array (
  'accept-encoding' => 'gzip, deflate, br',
  'referer' => 'https://www.58hongtu.com/index/index/home?openid=oG2WP4mq-U3QYMDUQPZsoEVyF3Ms',
  'user-agent' => 'Mozilla/5.0 (iPhone; CPU iPhone OS 13_3_1 like Mac OS X) AppleWebKit/605.1.15 (KHTML, like Gecko) Mobile/15E148 MicroMessenger/7.0.15(0x17000f2a) NetType/WIFI Language/zh_CN miniProgram',
  'x-requested-with' => 'XMLHttpRequest',
  'accept-language' => 'zh-cn',
  'accept' => 'application/json, text/javascript, */*; q=0.01',
  'host' => 'www.58hongtu.com',
  'content-length' => '',
  'content-type' => '',
)
[ info ] [ PARAM ] array (
  'openid' => 'oG2WP4mq-U3QYMDUQPZsoEVyF3Ms',
  'bj' => '大搬',
  'coin' => '458',
)
[ info ] [ LANG ] /www/wwwroot/www.58hongtu.com/htmove/public/../application/api/lang/zh-cn.php
[ info ] [ BEHAVIOR ] Run app\common\behavior\Common @module_init [ RunTime:0.001299s ]
[ info ] [ RUN ] app\api\controller\Index->addcarinfo[ /www/wwwroot/www.58hongtu.com/htmove/application/api/controller/Index.php ]
[ info ] [ LOG ] INIT File
---------------------------------------------------------------
[ 2020-09-03T21:03:59+08:00 ] 113.87.45.167 GET www.58hongtu.com/api/index/addcarinfo?openid=oG2WP4mq-U3QYMDUQPZsoEVyF3Ms&bj=%E4%B8%AD%E6%90%AC&coin=280
[运行时间：0.023864s] [吞吐率：41.90req/s] [内存消耗：2,607.00kb] [文件加载：120]
[ info ] [ BEHAVIOR ] Run Closure @app_init [ RunTime:0.000022s ]
[ info ] [ CACHE ] INIT File
[ info ] [ BEHAVIOR ] Run \addons\epay\Epay @app_init [ RunTime:0.001971s ]
[ info ] [ BEHAVIOR ] Run Closure @app_init [ RunTime:0.001989s ]
[ info ] [ LANG ] /www/wwwroot/www.58hongtu.com/htmove/thinkphp/lang/zh-cn.php
[ info ] [ BEHAVIOR ] Run app\common\behavior\Common @app_dispatch [ RunTime:0.000195s ]
[ info ] [ ROUTE ] array (
  'type' => 'module',
  'module' => 
  array (
    0 => 'api',
    1 => 'index',
    2 => 'addcarinfo',
  ),
)
[ info ] [ HEADER ] array (
  'accept-encoding' => 'gzip, deflate, br',
  'referer' => 'https://www.58hongtu.com/index/index/home?openid=oG2WP4mq-U3QYMDUQPZsoEVyF3Ms',
  'user-agent' => 'Mozilla/5.0 (iPhone; CPU iPhone OS 13_3_1 like Mac OS X) AppleWebKit/605.1.15 (KHTML, like Gecko) Mobile/15E148 MicroMessenger/7.0.15(0x17000f2a) NetType/WIFI Language/zh_CN miniProgram',
  'x-requested-with' => 'XMLHttpRequest',
  'accept-language' => 'zh-cn',
  'accept' => 'application/json, text/javascript, */*; q=0.01',
  'host' => 'www.58hongtu.com',
  'content-length' => '',
  'content-type' => '',
)
[ info ] [ PARAM ] array (
  'openid' => 'oG2WP4mq-U3QYMDUQPZsoEVyF3Ms',
  'bj' => '中搬',
  'coin' => '280',
)
[ info ] [ LANG ] /www/wwwroot/www.58hongtu.com/htmove/public/../application/api/lang/zh-cn.php
[ info ] [ BEHAVIOR ] Run app\common\behavior\Common @module_init [ RunTime:0.001131s ]
[ info ] [ RUN ] app\api\controller\Index->addcarinfo[ /www/wwwroot/www.58hongtu.com/htmove/application/api/controller/Index.php ]
[ info ] [ LOG ] INIT File
---------------------------------------------------------------
[ 2020-09-03T23:53:06+08:00 ] 119.98.61.34 HEAD www.58hongtu.com/
[运行时间：0.027506s] [吞吐率：36.36req/s] [内存消耗：2,991.47kb] [文件加载：126]
[ info ] [ BEHAVIOR ] Run Closure @app_init [ RunTime:0.000022s ]
[ info ] [ CACHE ] INIT File
[ info ] [ BEHAVIOR ] Run \addons\epay\Epay @app_init [ RunTime:0.001968s ]
[ info ] [ BEHAVIOR ] Run Closure @app_init [ RunTime:0.001984s ]
[ info ] [ LANG ] /www/wwwroot/www.58hongtu.com/htmove/thinkphp/lang/zh-cn.php
[ info ] [ BEHAVIOR ] Run app\common\behavior\Common @app_dispatch [ RunTime:0.000170s ]
[ info ] [ ROUTE ] array (
  'type' => 'module',
  'module' => 
  array (
    0 => '',
    1 => NULL,
    2 => NULL,
  ),
)
[ info ] [ HEADER ] array (
  'accept' => '*/*',
  'host' => 'www.58hongtu.com',
  'user-agent' => 'curl/7.29.0',
  'content-length' => '',
  'content-type' => '',
)
[ info ] [ PARAM ] array (
)
[ info ] [ LANG ] /www/wwwroot/www.58hongtu.com/htmove/public/../application/index/lang/zh-cn.php
[ info ] [ BEHAVIOR ] Run app\common\behavior\Common @module_init [ RunTime:0.001415s ]
[ info ] [ LANG ] /www/wwwroot/www.58hongtu.com/htmove/public/../application/index/lang/zh-cn/index.php
[ info ] [ RUN ] app\index\controller\Index->index[ /www/wwwroot/www.58hongtu.com/htmove/application/index/controller/Index.php ]
[ info ] [ VIEW ] /www/wwwroot/www.58hongtu.com/htmove/public/../application/index/view/index/index.html [ array (
  0 => 'user',
  1 => 'site',
  2 => 'config',
) ]
[ info ] [ LOG ] INIT File
